2019-05-27 19:52:16,487 INFO org.springframework.boot.StartupInfoLogger [main] Starting RostemApplication on ROgradi04 with PID 24592 (C:\ubb\licenta\rostem\ROSTEM\out\production\classes started by gradi in C:\ubb\licenta\rostem\ROSTEM)
2019-05-27 19:52:16,494 DEBUG org.springframework.boot.StartupInfoLogger [main] Running with Spring Boot v2.1.2.RELEASE, Spring v5.1.4.RELEASE
2019-05-27 19:52:16,494 INFO org.springframework.boot.SpringApplication [main] No active profile set, falling back to default profiles: default
2019-05-27 19:52:18,361 INFO org.springframework.data.repository.config.RepositoryConfigurationDelegate [main] Bootstrapping Spring Data repositories in DEFAULT mode.
2019-05-27 19:52:18,501 INFO org.springframework.data.repository.config.RepositoryConfigurationDelegate [main] Finished Spring Data repository scanning in 128ms. Found 6 repository interfaces.
2019-05-27 19:52:19,319 INFO org.springframework.context.support.PostProcessorRegistrationDelegate$BeanPostProcessorChecker [main] Bean 'org.springframework.transaction.annotation.ProxyTransactionManagementConfiguration' of type [org.springframework.transaction.annotation.ProxyTransactionManagementConfiguration$$EnhancerBySpringCGLIB$$4d047293] is not eligible for getting processed by all BeanPostProcessors (for example: not eligible for auto-proxying)
2019-05-27 19:52:19,955 INFO org.springframework.boot.web.embedded.tomcat.TomcatWebServer [main] Tomcat initialized with port(s): 8080 (http)
2019-05-27 19:52:19,979 INFO org.apache.juli.logging.DirectJDKLog [main] Initializing ProtocolHandler ["http-nio-8080"]
2019-05-27 19:52:19,990 INFO org.apache.juli.logging.DirectJDKLog [main] Starting service [Tomcat]
2019-05-27 19:52:19,991 INFO org.apache.juli.logging.DirectJDKLog [main] Starting Servlet engine: [Apache Tomcat/9.0.14]
2019-05-27 19:52:20,001 INFO org.apache.juli.logging.DirectJDKLog [main] The APR based Apache Tomcat Native library which allows optimal performance in production environments was not found on the java.library.path: [C:\Program Files\Zulu\zulu-8\bin;C:\windows\Sun\Java\bin;C:\windows\system32;C:\windows;C:\Program Files\Microsoft MPI\Bin\;C:\Program Files\Microsoft HPC Pack 2012\Bin\;C:\Python27\;C:\Python27\Scripts;c:\program files (x86)\common files\oracle\java\javapath;c:\programdata\oracle\java\javapath;C:\windows\system32;C:\windows;C:\windows\system32\wbem;C:\windows\system32\windowspowershell\v1.0\;c:\windows\system32;c:\windows\system32;c:\windows\system32;c:\windows\system32;c:\windows\system32;c:\windows\system32;c:\windows\system32;c:\windows\system32;c:\windows\system32;c:\windows\system32;c:\windows\system32;c:\windows\system32;c:\windows\system32;c:\windows\system32;c:\windows\system32;c:\windows\system32;c:\windows\system32;c:\windows\system32;c:\windows\system32;c:\windows\system32;c:\windows\system32;c:\windows\system32;c:\windows\system32;c:\windows\system32;c:\windows\system32;c:\windows\system32;c:\windows\system32;c:\windows\system32;c:\windows\system32;c:\windows\system32;c:\windows\system32;c:\windows\system32;c:\windows\system32;c:\windows\system32;c:\windows\system32;c:\windows\system32;c:\windows\system32;c:\windows\system32;c:\windows\system32;c:\windows\system32;c:\windows\system32;c:\windows\system32;c:\windows\system32;c:\windows\system32;c:\windows\system32;c:\windows\system32;c:\windows\system32;c:\windows\system32;c:\windows\system32;c:\windows\system32;c:\windows\system32;c:\windows\system32;c:\windows\system32;c:\windows\system32;c:\windows\system32;c:\windows\system32;c:\windows\system32;c:\windows\system32;c:\windows\system32;c:\windows\system32;c:\windows\system32;c:\windows\system32;c:\windows\system32;c:\windows\system32;c:\windows\system32;c:\windows\system32;C:\Program Files\dotnet\;%M2_HOME%\bin;C:\Program Files\Microsoft MPI\Bin\;C:\Program Files\Microsoft HPC Pack 2012\Bin\;C:\Python27\;C:\Python27\Scripts;c:\program files (x86)\common files\oracle\java\javapath;c:\programdata\oracle\java\javapath;C:\windows\system32;C:\windows;C:\windows\system32\wbem;C:\windows\system32\windowspowershell\v1.0\;c:\windows\system32;c:\windows\system32;c:\windows\system32;c:\windows\system32;c:\windows\system32;c:\windows\system32;c:\windows\system32;c:\windows\system32;c:\windows\system32;c:\windows\system32;c:\windows\system32;c:\windows\system32;c:\windows\system32;c:\windows\system32;c:\windows\system32;c:\windows\system32;c:\windows\system32;c:\windows\system32;c:\windows\system32;c:\windows\system32;c:\windows\system32;c:\windows\system32;c:\windows\system32;c:\windows\system32;c:\windows\system32;c:\windows\system32;c:\windows\system32;c:\windows\system32;c:\windows\system32;c:\windows\system32;c:\windows\system32;c:\windows\system32;c:\windows\system32;c:\windows\system32;c:\windows\system32;c:\windows\system32;c:\windows\system32;c:\windows\system32;c:\windows\system32;c:\windows\system32;c:\windows\system32;c:\windows\system32;c:\windows\system32;c:\windows\system32;c:\windows\system32;c:\windows\system32;c:\windows\system32;c:\windows\system32;c:\windows\system32;c:\windows\system32;c:\windows\system32;c:\windows\system32;c:\windows\system32;c:\windows\system32;c:\windows\system32;c:\windows\system32;c:\windows\system32;c:\windows\system32;c:\windows\system32;c:\windows\system32;c:\windows\system32;c:\windows\system32;c:\windows\system32;c:\windows\system32;c:\windows\system32;c:\windows\system32;C:\Program Files\dotnet\;%M2_HOME%\bin;C:\Program Files\Microsoft MPI\Bin\;C:\Program Files\Microsoft HPC Pack 2012\Bin\;C:\Python27\;C:\Python27\Scripts;c:\program files (x86)\common files\oracle\java\javapath;c:\programdata\oracle\java\javapath;C:\windows\system32;C:\windows;C:\windows\system32\wbem;C:\windows\system32\windowspowershell\v1.0\;c:\windows\system32;c:\windows\system32;c:\windows\system32;c:\windows\system32;c:\windows\system32;c:\windows\system32;c:\windows\system32;c:\windows\system32;c:\windows\system32;c:\windows\system32;c:\windows\system32;c:\windows\system32;c:\windows\system32;c:\windows\system32;c:\windows\system32;c:\windows\system32;c:\windows\system32;c:\windows\system32;c:\windows\system32;c:\windows\system32;c:\windows\system32;c:\windows\system32;c:\windows\sy;C:\Users\gradi.CORPDOM\AppData\Local\Microsoft\WindowsApps;C:\Users\gradi.CORPDOM\AppData\Local\Programs\Microsoft VS Code\bin;C:\Program Files\Zulu\zulu-8;-Xms512m -Xmx1524m;%M2_PATH%\bin;C:\work\apache-maven-3.3.9\bin;C:\Users\gradi.CORPDOM\AppData\Local\Android\Sdk\platform-tools;C:\Program Files\JetBrains\PyCharm 2018.3.2\bin;C:\MinGW\bin;C:\GnuWin32\bin;C:\Users\gradi.CORPDOM\AppData\Roaming\npm;.]
2019-05-27 19:52:20,235 INFO org.apache.juli.logging.DirectJDKLog [main] Initializing Spring embedded WebApplicationContext
2019-05-27 19:52:20,235 INFO org.springframework.boot.web.servlet.context.ServletWebServerApplicationContext [main] Root WebApplicationContext: initialization completed in 3671 ms
2019-05-27 19:52:20,416 INFO com.zaxxer.hikari.HikariDataSource [main] HikariPool-1 - Starting...
2019-05-27 19:52:20,669 INFO com.zaxxer.hikari.HikariDataSource [main] HikariPool-1 - Start completed.
2019-05-27 19:52:20,812 INFO org.hibernate.jpa.internal.util.LogHelper [main] HHH000204: Processing PersistenceUnitInfo [
	name: default
	...]
2019-05-27 19:52:21,050 INFO org.hibernate.Version [main] HHH000412: Hibernate Core {5.3.7.Final}
2019-05-27 19:52:21,055 INFO org.hibernate.cfg.Environment [main] HHH000206: hibernate.properties not found
2019-05-27 19:52:21,422 INFO org.hibernate.annotations.common.reflection.java.JavaReflectionManager [main] HCANN000001: Hibernate Commons Annotations {5.0.4.Final}
2019-05-27 19:52:21,842 INFO org.hibernate.dialect.Dialect [main] HHH000400: Using dialect: org.hibernate.dialect.PostgreSQL95Dialect
2019-05-27 19:52:22,020 INFO org.hibernate.engine.jdbc.env.internal.LobCreatorBuilderImpl [main] HHH000424: Disabling contextual LOB creation as createClob() method threw error : java.lang.reflect.InvocationTargetException
java.lang.reflect.InvocationTargetException: null
	at sun.reflect.NativeMethodAccessorImpl.invoke0(Native Method)
	at sun.reflect.NativeMethodAccessorImpl.invoke(NativeMethodAccessorImpl.java:62)
	at sun.reflect.DelegatingMethodAccessorImpl.invoke(DelegatingMethodAccessorImpl.java:43)
	at java.lang.reflect.Method.invoke(Method.java:498)
	at org.hibernate.engine.jdbc.env.internal.LobCreatorBuilderImpl.useContextualLobCreation(LobCreatorBuilderImpl.java:113)
	at org.hibernate.engine.jdbc.env.internal.LobCreatorBuilderImpl.makeLobCreatorBuilder(LobCreatorBuilderImpl.java:54)
	at org.hibernate.engine.jdbc.env.internal.JdbcEnvironmentImpl.<init>(JdbcEnvironmentImpl.java:271)
	at org.hibernate.engine.jdbc.env.internal.JdbcEnvironmentInitiator.initiateService(JdbcEnvironmentInitiator.java:114)
	at org.hibernate.engine.jdbc.env.internal.JdbcEnvironmentInitiator.initiateService(JdbcEnvironmentInitiator.java:35)
	at org.hibernate.boot.registry.internal.StandardServiceRegistryImpl.initiateService(StandardServiceRegistryImpl.java:94)
	at org.hibernate.service.internal.AbstractServiceRegistryImpl.createService(AbstractServiceRegistryImpl.java:263)
	at org.hibernate.service.internal.AbstractServiceRegistryImpl.initializeService(AbstractServiceRegistryImpl.java:237)
	at org.hibernate.service.internal.AbstractServiceRegistryImpl.getService(AbstractServiceRegistryImpl.java:214)
	at org.hibernate.id.factory.internal.DefaultIdentifierGeneratorFactory.injectServices(DefaultIdentifierGeneratorFactory.java:152)
	at org.hibernate.service.internal.AbstractServiceRegistryImpl.injectDependencies(AbstractServiceRegistryImpl.java:286)
	at org.hibernate.service.internal.AbstractServiceRegistryImpl.initializeService(AbstractServiceRegistryImpl.java:243)
	at org.hibernate.service.internal.AbstractServiceRegistryImpl.getService(AbstractServiceRegistryImpl.java:214)
	at org.hibernate.boot.internal.InFlightMetadataCollectorImpl.<init>(InFlightMetadataCollectorImpl.java:179)
	at org.hibernate.boot.model.process.spi.MetadataBuildingProcess.complete(MetadataBuildingProcess.java:119)
	at org.hibernate.jpa.boot.internal.EntityManagerFactoryBuilderImpl.metadata(EntityManagerFactoryBuilderImpl.java:904)
	at org.hibernate.jpa.boot.internal.EntityManagerFactoryBuilderImpl.build(EntityManagerFactoryBuilderImpl.java:935)
	at org.springframework.orm.jpa.vendor.SpringHibernateJpaPersistenceProvider.createContainerEntityManagerFactory(SpringHibernateJpaPersistenceProvider.java:57)
	at org.springframework.orm.jpa.LocalContainerEntityManagerFactoryBean.createNativeEntityManagerFactory(LocalContainerEntityManagerFactoryBean.java:365)
	at org.springframework.orm.jpa.AbstractEntityManagerFactoryBean.buildNativeEntityManagerFactory(AbstractEntityManagerFactoryBean.java:390)
	at org.springframework.orm.jpa.AbstractEntityManagerFactoryBean.afterPropertiesSet(AbstractEntityManagerFactoryBean.java:377)
	at org.springframework.orm.jpa.LocalContainerEntityManagerFactoryBean.afterPropertiesSet(LocalContainerEntityManagerFactoryBean.java:341)
	at rostem.configuration.JpaConfiguration.entityManagerFactory(JpaConfiguration.java:97)
	at rostem.configuration.JpaConfiguration$$EnhancerBySpringCGLIB$$d4953db3.CGLIB$entityManagerFactory$2(<generated>)
	at rostem.configuration.JpaConfiguration$$EnhancerBySpringCGLIB$$d4953db3$$FastClassBySpringCGLIB$$dd08a40c.invoke(<generated>)
	at org.springframework.cglib.proxy.MethodProxy.invokeSuper(MethodProxy.java:244)
	at org.springframework.context.annotation.ConfigurationClassEnhancer$BeanMethodInterceptor.intercept(ConfigurationClassEnhancer.java:363)
	at rostem.configuration.JpaConfiguration$$EnhancerBySpringCGLIB$$d4953db3.entityManagerFactory(<generated>)
	at sun.reflect.NativeMethodAccessorImpl.invoke0(Native Method)
	at sun.reflect.NativeMethodAccessorImpl.invoke(NativeMethodAccessorImpl.java:62)
	at sun.reflect.DelegatingMethodAccessorImpl.invoke(DelegatingMethodAccessorImpl.java:43)
	at java.lang.reflect.Method.invoke(Method.java:498)
	at org.springframework.beans.factory.support.SimpleInstantiationStrategy.instantiate(SimpleInstantiationStrategy.java:154)
	at org.springframework.beans.factory.support.ConstructorResolver.instantiate(ConstructorResolver.java:622)
	at org.springframework.beans.factory.support.ConstructorResolver.instantiateUsingFactoryMethod(ConstructorResolver.java:456)
	at org.springframework.beans.factory.support.AbstractAutowireCapableBeanFactory.instantiateUsingFactoryMethod(AbstractAutowireCapableBeanFactory.java:1288)
	at org.springframework.beans.factory.support.AbstractAutowireCapableBeanFactory.createBeanInstance(AbstractAutowireCapableBeanFactory.java:1127)
	at org.springframework.beans.factory.support.AbstractAutowireCapableBeanFactory.doCreateBean(AbstractAutowireCapableBeanFactory.java:538)
	at org.springframework.beans.factory.support.AbstractAutowireCapableBeanFactory.createBean(AbstractAutowireCapableBeanFactory.java:498)
	at org.springframework.beans.factory.support.AbstractBeanFactory.lambda$doGetBean$0(AbstractBeanFactory.java:320)
	at org.springframework.beans.factory.support.DefaultSingletonBeanRegistry.getSingleton(DefaultSingletonBeanRegistry.java:222)
	at org.springframework.beans.factory.support.AbstractBeanFactory.doGetBean(AbstractBeanFactory.java:318)
	at org.springframework.beans.factory.support.AbstractBeanFactory.getBean(AbstractBeanFactory.java:199)
	at org.springframework.beans.factory.support.BeanDefinitionValueResolver.resolveReference(BeanDefinitionValueResolver.java:367)
	at org.springframework.beans.factory.support.BeanDefinitionValueResolver.resolveValueIfNecessary(BeanDefinitionValueResolver.java:110)
	at org.springframework.beans.factory.support.ConstructorResolver.resolveConstructorArguments(ConstructorResolver.java:662)
	at org.springframework.beans.factory.support.ConstructorResolver.instantiateUsingFactoryMethod(ConstructorResolver.java:479)
	at org.springframework.beans.factory.support.AbstractAutowireCapableBeanFactory.instantiateUsingFactoryMethod(AbstractAutowireCapableBeanFactory.java:1288)
	at org.springframework.beans.factory.support.AbstractAutowireCapableBeanFactory.createBeanInstance(AbstractAutowireCapableBeanFactory.java:1127)
	at org.springframework.beans.factory.support.AbstractAutowireCapableBeanFactory.doCreateBean(AbstractAutowireCapableBeanFactory.java:538)
	at org.springframework.beans.factory.support.AbstractAutowireCapableBeanFactory.createBean(AbstractAutowireCapableBeanFactory.java:498)
	at org.springframework.beans.factory.support.BeanDefinitionValueResolver.resolveInnerBean(BeanDefinitionValueResolver.java:312)
	at org.springframework.beans.factory.support.BeanDefinitionValueResolver.resolveValueIfNecessary(BeanDefinitionValueResolver.java:131)
	at org.springframework.beans.factory.support.AbstractAutowireCapableBeanFactory.applyPropertyValues(AbstractAutowireCapableBeanFactory.java:1648)
	at org.springframework.beans.factory.support.AbstractAutowireCapableBeanFactory.populateBean(AbstractAutowireCapableBeanFactory.java:1400)
	at org.springframework.beans.factory.support.AbstractAutowireCapableBeanFactory.doCreateBean(AbstractAutowireCapableBeanFactory.java:575)
	at org.springframework.beans.factory.support.AbstractAutowireCapableBeanFactory.createBean(AbstractAutowireCapableBeanFactory.java:498)
	at org.springframework.beans.factory.support.AbstractBeanFactory.lambda$doGetBean$0(AbstractBeanFactory.java:320)
	at org.springframework.beans.factory.support.DefaultSingletonBeanRegistry.getSingleton(DefaultSingletonBeanRegistry.java:222)
	at org.springframework.beans.factory.support.AbstractBeanFactory.doGetBean(AbstractBeanFactory.java:318)
	at org.springframework.beans.factory.support.AbstractBeanFactory.getBean(AbstractBeanFactory.java:199)
	at org.springframework.beans.factory.config.DependencyDescriptor.resolveCandidate(DependencyDescriptor.java:277)
	at org.springframework.beans.factory.support.DefaultListableBeanFactory.doResolveDependency(DefaultListableBeanFactory.java:1244)
	at org.springframework.beans.factory.support.DefaultListableBeanFactory.resolveDependency(DefaultListableBeanFactory.java:1164)
	at org.springframework.beans.factory.support.ConstructorResolver.resolveAutowiredArgument(ConstructorResolver.java:857)
	at org.springframework.beans.factory.support.ConstructorResolver.createArgumentArray(ConstructorResolver.java:760)
	at org.springframework.beans.factory.support.ConstructorResolver.autowireConstructor(ConstructorResolver.java:218)
	at org.springframework.beans.factory.support.AbstractAutowireCapableBeanFactory.autowireConstructor(AbstractAutowireCapableBeanFactory.java:1308)
	at org.springframework.beans.factory.support.AbstractAutowireCapableBeanFactory.createBeanInstance(AbstractAutowireCapableBeanFactory.java:1154)
	at org.springframework.beans.factory.support.AbstractAutowireCapableBeanFactory.doCreateBean(AbstractAutowireCapableBeanFactory.java:538)
	at org.springframework.beans.factory.support.AbstractAutowireCapableBeanFactory.createBean(AbstractAutowireCapableBeanFactory.java:498)
	at org.springframework.beans.factory.support.AbstractBeanFactory.lambda$doGetBean$0(AbstractBeanFactory.java:320)
	at org.springframework.beans.factory.support.DefaultSingletonBeanRegistry.getSingleton(DefaultSingletonBeanRegistry.java:222)
	at org.springframework.beans.factory.support.AbstractBeanFactory.doGetBean(AbstractBeanFactory.java:318)
	at org.springframework.beans.factory.support.AbstractBeanFactory.getBean(AbstractBeanFactory.java:199)
	at org.springframework.beans.factory.config.DependencyDescriptor.resolveCandidate(DependencyDescriptor.java:277)
	at org.springframework.beans.factory.support.DefaultListableBeanFactory.doResolveDependency(DefaultListableBeanFactory.java:1244)
	at org.springframework.beans.factory.support.DefaultListableBeanFactory.resolveDependency(DefaultListableBeanFactory.java:1164)
	at org.springframework.beans.factory.support.ConstructorResolver.resolveAutowiredArgument(ConstructorResolver.java:857)
	at org.springframework.beans.factory.support.ConstructorResolver.createArgumentArray(ConstructorResolver.java:760)
	at org.springframework.beans.factory.support.ConstructorResolver.autowireConstructor(ConstructorResolver.java:218)
	at org.springframework.beans.factory.support.AbstractAutowireCapableBeanFactory.autowireConstructor(AbstractAutowireCapableBeanFactory.java:1308)
	at org.springframework.beans.factory.support.AbstractAutowireCapableBeanFactory.createBeanInstance(AbstractAutowireCapableBeanFactory.java:1154)
	at org.springframework.beans.factory.support.AbstractAutowireCapableBeanFactory.doCreateBean(AbstractAutowireCapableBeanFactory.java:538)
	at org.springframework.beans.factory.support.AbstractAutowireCapableBeanFactory.createBean(AbstractAutowireCapableBeanFactory.java:498)
	at org.springframework.beans.factory.support.AbstractBeanFactory.lambda$doGetBean$0(AbstractBeanFactory.java:320)
	at org.springframework.beans.factory.support.DefaultSingletonBeanRegistry.getSingleton(DefaultSingletonBeanRegistry.java:222)
	at org.springframework.beans.factory.support.AbstractBeanFactory.doGetBean(AbstractBeanFactory.java:318)
	at org.springframework.beans.factory.support.AbstractBeanFactory.getBean(AbstractBeanFactory.java:199)
	at org.springframework.beans.factory.support.ConstructorResolver.instantiateUsingFactoryMethod(ConstructorResolver.java:392)
	at org.springframework.beans.factory.support.AbstractAutowireCapableBeanFactory.instantiateUsingFactoryMethod(AbstractAutowireCapableBeanFactory.java:1288)
	at org.springframework.beans.factory.support.AbstractAutowireCapableBeanFactory.createBeanInstance(AbstractAutowireCapableBeanFactory.java:1127)
	at org.springframework.beans.factory.support.AbstractAutowireCapableBeanFactory.doCreateBean(AbstractAutowireCapableBeanFactory.java:538)
	at org.springframework.beans.factory.support.AbstractAutowireCapableBeanFactory.createBean(AbstractAutowireCapableBeanFactory.java:498)
	at org.springframework.beans.factory.support.AbstractBeanFactory.lambda$doGetBean$0(AbstractBeanFactory.java:320)
	at org.springframework.beans.factory.support.DefaultSingletonBeanRegistry.getSingleton(DefaultSingletonBeanRegistry.java:222)
	at org.springframework.beans.factory.support.AbstractBeanFactory.doGetBean(AbstractBeanFactory.java:318)
	at org.springframework.beans.factory.support.AbstractBeanFactory.getBean(AbstractBeanFactory.java:204)
	at org.springframework.boot.web.servlet.ServletContextInitializerBeans.getOrderedBeansOfType(ServletContextInitializerBeans.java:235)
	at org.springframework.boot.web.servlet.ServletContextInitializerBeans.addAsRegistrationBean(ServletContextInitializerBeans.java:193)
	at org.springframework.boot.web.servlet.ServletContextInitializerBeans.addAsRegistrationBean(ServletContextInitializerBeans.java:188)
	at org.springframework.boot.web.servlet.ServletContextInitializerBeans.addAdaptableBeans(ServletContextInitializerBeans.java:170)
	at org.springframework.boot.web.servlet.ServletContextInitializerBeans.<init>(ServletContextInitializerBeans.java:89)
	at org.springframework.boot.web.servlet.context.ServletWebServerApplicationContext.getServletContextInitializerBeans(ServletWebServerApplicationContext.java:261)
	at org.springframework.boot.web.servlet.context.ServletWebServerApplicationContext.selfInitialize(ServletWebServerApplicationContext.java:234)
	at org.springframework.boot.web.embedded.tomcat.TomcatStarter.onStartup(TomcatStarter.java:54)
	at org.apache.catalina.core.StandardContext.startInternal(StandardContext.java:5120)
	at org.apache.catalina.util.LifecycleBase.start(LifecycleBase.java:183)
	at org.apache.catalina.core.ContainerBase$StartChild.call(ContainerBase.java:1382)
	at org.apache.catalina.core.ContainerBase$StartChild.call(ContainerBase.java:1372)
	at java.util.concurrent.FutureTask.run$$$capture(FutureTask.java:266)
	at java.util.concurrent.FutureTask.run(FutureTask.java)
	at org.apache.tomcat.util.threads.InlineExecutorService.execute(InlineExecutorService.java:75)
	at java.util.concurrent.AbstractExecutorService.submit(AbstractExecutorService.java:134)
	at org.apache.catalina.core.ContainerBase.startInternal(ContainerBase.java:907)
	at org.apache.catalina.core.StandardHost.startInternal(StandardHost.java:831)
	at org.apache.catalina.util.LifecycleBase.start(LifecycleBase.java:183)
	at org.apache.catalina.core.ContainerBase$StartChild.call(ContainerBase.java:1382)
	at org.apache.catalina.core.ContainerBase$StartChild.call(ContainerBase.java:1372)
	at java.util.concurrent.FutureTask.run$$$capture(FutureTask.java:266)
	at java.util.concurrent.FutureTask.run(FutureTask.java)
	at org.apache.tomcat.util.threads.InlineExecutorService.execute(InlineExecutorService.java:75)
	at java.util.concurrent.AbstractExecutorService.submit(AbstractExecutorService.java:134)
	at org.apache.catalina.core.ContainerBase.startInternal(ContainerBase.java:907)
	at org.apache.catalina.core.StandardEngine.startInternal(StandardEngine.java:262)
	at org.apache.catalina.util.LifecycleBase.start(LifecycleBase.java:183)
	at org.apache.catalina.core.StandardService.startInternal(StandardService.java:423)
	at org.apache.catalina.util.LifecycleBase.start(LifecycleBase.java:183)
	at org.apache.catalina.core.StandardServer.startInternal(StandardServer.java:933)
	at org.apache.catalina.util.LifecycleBase.start(LifecycleBase.java:183)
	at org.apache.catalina.startup.Tomcat.start(Tomcat.java:398)
	at org.springframework.boot.web.embedded.tomcat.TomcatWebServer.initialize(TomcatWebServer.java:106)
	at org.springframework.boot.web.embedded.tomcat.TomcatWebServer.<init>(TomcatWebServer.java:86)
	at org.springframework.boot.web.embedded.tomcat.TomcatServletWebServerFactory.getTomcatWebServer(TomcatServletWebServerFactory.java:415)
	at org.springframework.boot.web.embedded.tomcat.TomcatServletWebServerFactory.getWebServer(TomcatServletWebServerFactory.java:174)
	at org.springframework.boot.web.servlet.context.ServletWebServerApplicationContext.createWebServer(ServletWebServerApplicationContext.java:181)
	at org.springframework.boot.web.servlet.context.ServletWebServerApplicationContext.onRefresh(ServletWebServerApplicationContext.java:154)
	at org.springframework.context.support.AbstractApplicationContext.refresh(AbstractApplicationContext.java:540)
	at org.springframework.boot.web.servlet.context.ServletWebServerApplicationContext.refresh(ServletWebServerApplicationContext.java:142)
	at org.springframework.boot.SpringApplication.refresh(SpringApplication.java:775)
	at org.springframework.boot.SpringApplication.refreshContext(SpringApplication.java:397)
	at org.springframework.boot.SpringApplication.run(SpringApplication.java:316)
	at org.springframework.boot.SpringApplication.run(SpringApplication.java:1260)
	at org.springframework.boot.SpringApplication.run(SpringApplication.java:1248)
	at rostem.RostemApplication.main(RostemApplication.java:12)
Caused by: java.sql.SQLFeatureNotSupportedException: Method org.postgresql.jdbc.PgConnection.createClob() is not yet implemented.
	at org.postgresql.Driver.notImplemented(Driver.java:688)
	at org.postgresql.jdbc.PgConnection.createClob(PgConnection.java:1269)
	... 149 common frames omitted
2019-05-27 19:52:22,036 INFO org.hibernate.type.BasicTypeRegistry [main] HHH000270: Type registration [java.util.UUID] overrides previous : org.hibernate.type.UUIDBinaryType@1d7c9811
2019-05-27 19:52:23,573 WARN org.hibernate.engine.jdbc.spi.SqlExceptionHelper$StandardWarningHandler [main] SQL Warning Code: 0, SQLState: 00000
2019-05-27 19:52:23,573 WARN org.hibernate.engine.jdbc.spi.SqlExceptionHelper$StandardWarningHandler [main] constraint "uk_t8o6pivur7nn124jehx7cygw5" of relation "categories" does not exist, skipping
2019-05-27 19:52:23,582 WARN org.hibernate.engine.jdbc.spi.SqlExceptionHelper$StandardWarningHandler [main] SQL Warning Code: 0, SQLState: 00000
2019-05-27 19:52:23,583 WARN org.hibernate.engine.jdbc.spi.SqlExceptionHelper$StandardWarningHandler [main] constraint "uk_q20yoy6qrxf8ybqs4l0yrr59k" of relation "chapters" does not exist, skipping
2019-05-27 19:52:23,591 WARN org.hibernate.engine.jdbc.spi.SqlExceptionHelper$StandardWarningHandler [main] SQL Warning Code: 0, SQLState: 00000
2019-05-27 19:52:23,592 WARN org.hibernate.engine.jdbc.spi.SqlExceptionHelper$StandardWarningHandler [main] constraint "uk_aqj4wnim9s8b2w9clf3eh6a0x" of relation "tutorials" does not exist, skipping
2019-05-27 19:52:23,647 INFO org.springframework.orm.jpa.AbstractEntityManagerFactoryBean [main] Initialized JPA EntityManagerFactory for persistence unit 'default'
2019-05-27 19:52:24,468 DEBUG org.springframework.web.filter.GenericFilterBean [main] Filter 'badRequestFilter' configured for use
2019-05-27 19:52:24,935 WARN org.springframework.boot.autoconfigure.orm.jpa.JpaBaseConfiguration$JpaWebConfiguration$JpaWebMvcConfiguration [main] spring.jpa.open-in-view is enabled by default. Therefore, database queries may be performed during view rendering. Explicitly configure spring.jpa.open-in-view to disable this warning
2019-05-27 19:52:25,133 INFO springfox.documentation.spring.web.PropertySourcedRequestMappingHandlerMapping [main] Mapped URL path [/v2/api-docs] onto method [public org.springframework.http.ResponseEntity<springfox.documentation.spring.web.json.Json> springfox.documentation.swagger2.web.Swagger2Controller.getDocumentation(java.lang.String,javax.servlet.http.HttpServletRequest)]
2019-05-27 19:52:25,439 INFO org.springframework.security.web.DefaultSecurityFilterChain [main] Creating filter chain: any request, [org.springframework.security.web.context.request.async.WebAsyncManagerIntegrationFilter@5bbc033f, org.springframework.security.web.context.SecurityContextPersistenceFilter@75973f7a, org.springframework.security.web.header.HeaderWriterFilter@63614cdd, org.springframework.web.filter.CorsFilter@734a2c17, org.springframework.security.web.authentication.logout.LogoutFilter@6b8f87dc, org.springframework.security.web.authentication.UsernamePasswordAuthenticationFilter@3fe11091, org.springframework.security.web.session.ConcurrentSessionFilter@63c88994, org.springframework.security.web.authentication.www.BasicAuthenticationFilter@66b3eab0, org.springframework.security.web.savedrequest.RequestCacheAwareFilter@527d1fe1, org.springframework.security.web.servletapi.SecurityContextHolderAwareRequestFilter@47bfde21, org.springframework.security.web.authentication.AnonymousAuthenticationFilter@2d1f9ec3, org.springframework.security.web.session.SessionManagementFilter@7b9d602c, org.springframework.security.web.access.ExceptionTranslationFilter@4244e477, org.springframework.security.web.access.intercept.FilterSecurityInterceptor@641ab175]
2019-05-27 19:52:25,544 INFO org.springframework.scheduling.concurrent.ExecutorConfigurationSupport [main] Initializing ExecutorService 'applicationTaskExecutor'
2019-05-27 19:52:25,881 INFO springfox.documentation.spring.web.plugins.DocumentationPluginsBootstrapper [main] Context refreshed
2019-05-27 19:52:25,924 INFO springfox.documentation.spring.web.plugins.DocumentationPluginsBootstrapper [main] Found 1 custom documentation plugin(s)
2019-05-27 19:52:25,980 INFO springfox.documentation.spring.web.scanners.ApiListingReferenceScanner [main] Scanning for api listing references
2019-05-27 19:52:26,508 INFO org.apache.juli.logging.DirectJDKLog [main] Starting ProtocolHandler ["http-nio-8080"]
2019-05-27 19:52:26,539 INFO org.springframework.boot.web.embedded.tomcat.TomcatWebServer [main] Tomcat started on port(s): 8080 (http) with context path '/rostem'
2019-05-27 19:52:26,541 INFO org.springframework.boot.StartupInfoLogger [main] Started RostemApplication in 10.988 seconds (JVM running for 12.552)
2019-05-27 19:54:20,606 INFO org.apache.juli.logging.DirectJDKLog [http-nio-8080-exec-1] Initializing Spring DispatcherServlet 'dispatcherServlet'
2019-05-27 19:54:20,606 INFO org.springframework.web.servlet.FrameworkServlet [http-nio-8080-exec-1] Initializing Servlet 'dispatcherServlet'
2019-05-27 19:54:20,618 INFO org.springframework.web.servlet.FrameworkServlet [http-nio-8080-exec-1] Completed initialization in 11 ms
2019-05-27 19:54:20,752 INFO rostem.service.material.TutorialService [http-nio-8080-exec-1] [TUTORIAL] Trying to get all tutorials for category 22
2019-05-27 19:54:20,824 INFO org.hibernate.hql.internal.QueryTranslatorFactoryInitiator [http-nio-8080-exec-1] HHH000397: Using ASTQueryTranslatorFactory
2019-05-27 19:54:31,884 INFO rostem.service.users.RostemUserService [http-nio-8080-exec-2] [ADMIN] Get all users
2019-05-27 19:54:51,484 INFO rostem.service.users.RostemUserService [http-nio-8080-exec-3] [ADMIN] Get all users
2019-05-27 19:55:04,689 INFO rostem.service.material.CategoryService [http-nio-8080-exec-4] [CATEGORY] Get all categories
2019-05-27 19:55:37,724 INFO rostem.service.material.CategoryService [http-nio-8080-exec-9] [CATEGORY] Trying to add a new category category1
2019-05-27 19:55:37,829 INFO rostem.service.material.CategoryService [http-nio-8080-exec-9] [CATEGORY] Trying to add a new category category2
2019-05-27 19:55:37,832 INFO rostem.service.material.CategoryService [http-nio-8080-exec-9] [CATEGORY] Trying to add a new category category3
2019-05-27 19:55:37,837 INFO rostem.service.material.CategoryService [http-nio-8080-exec-9] [CATEGORY] Trying to add a new category category4
2019-05-27 19:55:37,840 INFO rostem.service.material.CategoryService [http-nio-8080-exec-9] [CATEGORY] Trying to add a new category category5
2019-05-27 19:55:37,844 INFO rostem.service.material.CategoryService [http-nio-8080-exec-9] [CATEGORY] Trying to add a new category category6
2019-05-27 19:55:37,847 INFO rostem.service.material.CategoryService [http-nio-8080-exec-9] [CATEGORY] Trying to add a new category category7
2019-05-27 19:55:37,850 INFO rostem.service.material.TutorialService [http-nio-8080-exec-9] [TUTORIAL] Trying to add a new tutorial tutorial1
2019-05-27 19:55:37,875 INFO rostem.service.material.TutorialService [http-nio-8080-exec-9] [TUTORIAL] Trying to add a new tutorial tutorial2
2019-05-27 19:55:37,880 INFO rostem.service.material.TutorialService [http-nio-8080-exec-9] [TUTORIAL] Trying to add a new tutorial tutorial3
2019-05-27 19:55:37,884 INFO rostem.service.material.TutorialService [http-nio-8080-exec-9] [TUTORIAL] Trying to add a new tutorial tutorial4
2019-05-27 19:55:37,891 INFO rostem.service.material.TutorialService [http-nio-8080-exec-9] [TUTORIAL] Trying to add a new tutorial tutorial5
2019-05-27 19:55:37,899 INFO rostem.service.material.ChapterService [http-nio-8080-exec-9] [CHAPTER] Trying to add a new chapter chapter1
2019-05-27 19:55:37,925 INFO rostem.service.material.ChapterService [http-nio-8080-exec-9] [CHAPTER] Trying to add a new chapter chapter2
2019-05-27 19:55:37,930 INFO rostem.service.material.ChapterService [http-nio-8080-exec-9] [CHAPTER] Trying to add a new chapter chapter3
2019-05-27 19:55:40,828 INFO rostem.service.authentication.EmailService [http-nio-8080-exec-9] Mail has been sent successfully
2019-05-27 19:55:42,546 INFO rostem.service.authentication.EmailService [http-nio-8080-exec-9] Mail has been sent successfully
2019-05-27 19:55:44,507 INFO rostem.service.authentication.EmailService [http-nio-8080-exec-9] Mail has been sent successfully
2019-05-27 19:55:52,728 INFO rostem.service.users.RostemUserService [http-nio-8080-exec-8] [ADMIN] Get all users
2019-05-27 19:55:56,341 INFO rostem.service.material.CategoryService [http-nio-8080-exec-3] [CATEGORY] Get all categories
2019-05-27 19:55:57,103 INFO rostem.service.material.CategoryService [http-nio-8080-exec-6] [CATEGORY] Get all categories
2019-05-27 19:55:57,107 INFO rostem.service.material.TutorialService [http-nio-8080-exec-2] [TUTORIAL] Get all tutorial
2019-05-27 19:56:15,802 INFO rostem.service.users.RostemUserService [http-nio-8080-exec-5] [ADMIN] Get all users
2019-05-27 19:56:18,462 INFO rostem.service.material.CategoryService [http-nio-8080-exec-1] [CATEGORY] Get all categories
2019-05-27 19:56:19,484 INFO rostem.service.material.TutorialService [http-nio-8080-exec-10] [TUTORIAL] Get all tutorial
2019-05-27 19:56:19,484 INFO rostem.service.material.CategoryService [http-nio-8080-exec-7] [CATEGORY] Get all categories
2019-05-27 19:56:20,120 INFO rostem.service.material.TutorialService [http-nio-8080-exec-9] [TUTORIAL] Get all tutorial
2019-05-27 19:56:20,120 INFO rostem.service.material.ChapterService [http-nio-8080-exec-4] [CHAPTER] Get all chapters.
2019-05-27 19:56:50,219 WARN org.springframework.web.servlet.handler.AbstractHandlerExceptionResolver [http-nio-8080-exec-7] Resolved [org.springframework.web.bind.MethodArgumentNotValidException: Validation failed for argument [0] in public org.springframework.http.ResponseEntity<rostem.utils.ResponseBuilder.Response> rostem.controller.AdminController.createChapter(rostem.model.dto.request.RequestChapter): [Field error in object 'requestChapter' on field 'url': rejected value [null]; codes [NotBlank.requestChapter.url,NotBlank.url,NotBlank.java.lang.String,NotBlank]; arguments [org.springframework.context.support.DefaultMessageSourceResolvable: codes [requestChapter.url,url]; arguments []; default message [url]]; default message [You must provide a source for this chapter.]] ]
2019-05-27 19:57:36,014 INFO rostem.service.users.RostemUserService [http-nio-8080-exec-9] [ADMIN] Get all users
2019-05-27 19:57:37,525 INFO rostem.service.material.TutorialService [http-nio-8080-exec-4] [TUTORIAL] Get all tutorial
2019-05-27 19:57:37,527 INFO rostem.service.material.ChapterService [http-nio-8080-exec-8] [CHAPTER] Get all chapters.
2019-05-27 19:57:45,851 INFO rostem.service.material.ChapterService [http-nio-8080-exec-6] [CHAPTER] Trying to add a new chapter sad
2019-05-27 19:57:45,919 INFO rostem.service.material.ChapterService [http-nio-8080-exec-2] [CHAPTER] Get all chapters.
2019-05-27 19:57:51,310 INFO rostem.service.material.CategoryService [http-nio-8080-exec-5] [CATEGORY] Get all categories
2019-05-27 19:57:53,350 INFO rostem.service.material.TutorialService [http-nio-8080-exec-1] [TUTORIAL] Trying to get all tutorials for category 1
2019-05-27 19:57:57,438 INFO rostem.service.material.ChapterService [http-nio-8080-exec-7] [CHAPTER] Trying to get all chapters for tutorial 1
2019-05-27 20:07:06,873 INFO rostem.service.material.TutorialService [http-nio-8080-exec-4] [TUTORIAL] Trying to get all tutorials for category 1
2019-05-27 20:07:10,068 INFO rostem.service.material.ChapterService [http-nio-8080-exec-8] [CHAPTER] Trying to get all chapters for tutorial 2
2019-05-27 20:07:12,162 INFO rostem.service.material.ChapterService [http-nio-8080-exec-3] [CHAPTER] Trying to get all chapters for tutorial 1
2019-05-27 20:08:53,785 INFO rostem.service.material.TutorialService [http-nio-8080-exec-2] [TUTORIAL] Trying to get all tutorials for category 1
2019-05-27 20:08:55,820 INFO rostem.service.material.ChapterService [http-nio-8080-exec-5] [CHAPTER] Trying to get all chapters for tutorial 1
2019-05-27 20:09:01,074 INFO rostem.service.material.ChapterService [http-nio-8080-exec-1] [CHAPTER] Trying to get all chapters for tutorial 1
2019-05-27 20:09:02,691 INFO rostem.service.material.ChapterService [http-nio-8080-exec-7] [CHAPTER] Trying to get all chapters for tutorial 1
2019-05-27 20:09:55,490 INFO rostem.service.material.TutorialService [http-nio-8080-exec-10] [TUTORIAL] Trying to get all tutorials for category 1
2019-05-27 20:09:56,769 INFO rostem.service.material.ChapterService [http-nio-8080-exec-9] [CHAPTER] Trying to get all chapters for tutorial 1
2019-05-27 20:10:11,660 INFO rostem.service.material.TutorialService [http-nio-8080-exec-4] [TUTORIAL] Trying to get all tutorials for category 1
2019-05-27 20:10:13,251 INFO rostem.service.material.ChapterService [http-nio-8080-exec-8] [CHAPTER] Trying to get all chapters for tutorial 1
2019-05-27 20:10:48,074 INFO rostem.service.material.TutorialService [http-nio-8080-exec-3] [TUTORIAL] Trying to get all tutorials for category 1
2019-05-27 20:10:48,971 INFO rostem.service.material.ChapterService [http-nio-8080-exec-6] [CHAPTER] Trying to get all chapters for tutorial 1
2019-05-27 20:10:52,718 INFO rostem.service.material.ChapterService [http-nio-8080-exec-2] [CHAPTER] Trying to get all chapters for tutorial 1
2019-05-27 20:11:21,253 INFO rostem.service.material.ChapterService [http-nio-8080-exec-5] [CHAPTER] Trying to get all chapters for tutorial 1
2019-05-27 20:12:22,460 INFO rostem.service.material.TutorialService [http-nio-8080-exec-7] [TUTORIAL] Trying to get all tutorials for category 1
2019-05-27 20:12:24,292 INFO rostem.service.material.ChapterService [http-nio-8080-exec-10] [CHAPTER] Trying to get all chapters for tutorial 1
2019-05-27 20:12:26,053 INFO rostem.service.material.ChapterService [http-nio-8080-exec-9] [CHAPTER] Trying to get all chapters for tutorial 1
2019-05-27 20:12:27,235 INFO rostem.service.material.ChapterService [http-nio-8080-exec-4] [CHAPTER] Trying to get all chapters for tutorial 1
2019-05-27 20:12:28,032 INFO rostem.service.material.ChapterService [http-nio-8080-exec-8] [CHAPTER] Trying to get all chapters for tutorial 1
2019-05-27 20:12:28,534 INFO rostem.service.material.ChapterService [http-nio-8080-exec-3] [CHAPTER] Trying to get all chapters for tutorial 1
2019-05-27 20:12:29,150 INFO rostem.service.material.ChapterService [http-nio-8080-exec-6] [CHAPTER] Trying to get all chapters for tutorial 1
2019-05-27 20:12:29,385 INFO rostem.service.material.ChapterService [http-nio-8080-exec-2] [CHAPTER] Trying to get all chapters for tutorial 1
2019-05-27 20:12:29,596 INFO rostem.service.material.ChapterService [http-nio-8080-exec-5] [CHAPTER] Trying to get all chapters for tutorial 1
2019-05-27 20:12:29,809 INFO rostem.service.material.ChapterService [http-nio-8080-exec-1] [CHAPTER] Trying to get all chapters for tutorial 1
2019-05-27 20:12:30,045 INFO rostem.service.material.ChapterService [http-nio-8080-exec-7] [CHAPTER] Trying to get all chapters for tutorial 1
2019-05-27 20:12:30,295 INFO rostem.service.material.ChapterService [http-nio-8080-exec-10] [CHAPTER] Trying to get all chapters for tutorial 1
2019-05-27 20:12:30,547 INFO rostem.service.material.ChapterService [http-nio-8080-exec-9] [CHAPTER] Trying to get all chapters for tutorial 1
2019-05-27 20:12:31,028 INFO rostem.service.material.ChapterService [http-nio-8080-exec-4] [CHAPTER] Trying to get all chapters for tutorial 1
2019-05-27 20:13:37,905 INFO rostem.service.material.ChapterService [http-nio-8080-exec-3] [CHAPTER] Trying to get all chapters for tutorial 1
2019-05-27 20:13:39,609 INFO rostem.service.material.ChapterService [http-nio-8080-exec-6] [CHAPTER] Trying to get all chapters for tutorial 1
2019-05-27 20:13:45,716 INFO rostem.service.material.ChapterService [http-nio-8080-exec-2] [CHAPTER] Trying to get all chapters for tutorial 1
2019-05-27 20:15:01,727 INFO rostem.service.material.ChapterService [http-nio-8080-exec-1] [CHAPTER] Trying to get all chapters for tutorial 2
2019-05-27 20:15:04,775 INFO rostem.service.material.ChapterService [http-nio-8080-exec-7] [CHAPTER] Trying to get all chapters for tutorial 1
2019-05-27 20:15:11,554 INFO rostem.service.material.TutorialService [http-nio-8080-exec-10] [TUTORIAL] Trying to get all tutorials for category 1
2019-05-27 20:15:45,299 INFO rostem.service.material.TutorialService [http-nio-8080-exec-9] [TUTORIAL] Trying to get all tutorials for category 1
2019-05-27 20:15:46,461 INFO rostem.service.material.ChapterService [http-nio-8080-exec-4] [CHAPTER] Trying to get all chapters for tutorial 1
2019-05-27 20:16:02,608 INFO rostem.service.material.TutorialService [http-nio-8080-exec-8] [TUTORIAL] Trying to get all tutorials for category 1
2019-05-27 20:16:17,735 INFO rostem.service.material.ChapterService [http-nio-8080-exec-3] [CHAPTER] Trying to get all chapters for tutorial 1
2019-05-27 20:17:13,237 INFO rostem.service.material.TutorialService [http-nio-8080-exec-6] [TUTORIAL] Trying to get all tutorials for category 1
2019-05-27 20:17:17,070 INFO rostem.service.material.ChapterService [http-nio-8080-exec-2] [CHAPTER] Trying to get all chapters for tutorial 1
2019-05-27 20:18:17,680 INFO rostem.service.material.TutorialService [http-nio-8080-exec-1] [TUTORIAL] Trying to get all tutorials for category 1
2019-05-27 20:18:19,609 INFO rostem.service.material.ChapterService [http-nio-8080-exec-7] [CHAPTER] Trying to get all chapters for tutorial 1
2019-05-27 20:18:57,299 INFO rostem.service.material.TutorialService [http-nio-8080-exec-10] [TUTORIAL] Trying to get all tutorials for category 1
2019-05-27 20:19:00,754 INFO rostem.service.material.ChapterService [http-nio-8080-exec-9] [CHAPTER] Trying to get all chapters for tutorial 1
2019-05-27 20:19:26,189 INFO rostem.service.material.TutorialService [http-nio-8080-exec-4] [TUTORIAL] Trying to get all tutorials for category 1
2019-05-27 20:19:29,355 INFO rostem.service.material.TutorialService [http-nio-8080-exec-8] [TUTORIAL] Trying to get all tutorials for category 1
2019-05-27 20:19:33,138 INFO rostem.service.material.TutorialService [http-nio-8080-exec-3] [TUTORIAL] Trying to get all tutorials for category 1
2019-05-27 20:19:34,983 INFO rostem.service.material.ChapterService [http-nio-8080-exec-6] [CHAPTER] Trying to get all chapters for tutorial 1
2019-05-27 20:20:34,465 INFO rostem.service.material.TutorialService [http-nio-8080-exec-2] [TUTORIAL] Trying to get all tutorials for category 1
2019-05-27 20:20:38,871 INFO rostem.service.material.ChapterService [http-nio-8080-exec-5] [CHAPTER] Trying to get all chapters for tutorial 1
2019-05-27 20:21:27,790 INFO rostem.service.material.ChapterService [http-nio-8080-exec-1] [CHAPTER] Trying to get all chapters for tutorial 2
2019-05-27 20:22:21,266 INFO rostem.service.material.TutorialService [http-nio-8080-exec-7] [TUTORIAL] Trying to get all tutorials for category 1
2019-05-27 20:22:24,445 INFO rostem.service.material.ChapterService [http-nio-8080-exec-10] [CHAPTER] Trying to get all chapters for tutorial 1
2019-05-27 20:22:47,126 INFO rostem.service.material.TutorialService [http-nio-8080-exec-9] [TUTORIAL] Trying to get all tutorials for category 1
2019-05-27 20:23:00,494 INFO rostem.service.material.TutorialService [http-nio-8080-exec-4] [TUTORIAL] Trying to get all tutorials for category 1
2019-05-27 20:23:43,259 INFO rostem.service.material.TutorialService [http-nio-8080-exec-8] [TUTORIAL] Trying to get all tutorials for category 1
2019-05-27 20:24:58,535 INFO rostem.service.material.TutorialService [http-nio-8080-exec-6] [TUTORIAL] Trying to get all tutorials for category 1
2019-05-27 20:25:01,306 INFO rostem.service.material.ChapterService [http-nio-8080-exec-2] [CHAPTER] Trying to get all chapters for tutorial 2
2019-05-27 20:25:02,321 INFO rostem.service.material.ChapterService [http-nio-8080-exec-5] [CHAPTER] Trying to get all chapters for tutorial 2
2019-05-27 20:25:03,522 INFO rostem.service.material.ChapterService [http-nio-8080-exec-1] [CHAPTER] Trying to get all chapters for tutorial 1
2019-05-27 20:25:08,957 INFO rostem.service.material.ChapterService [http-nio-8080-exec-7] [CHAPTER] Trying to get all chapters for tutorial 2
2019-05-27 20:25:10,704 INFO rostem.service.material.ChapterService [http-nio-8080-exec-10] [CHAPTER] Trying to get all chapters for tutorial 2
2019-05-27 20:25:11,473 INFO rostem.service.material.ChapterService [http-nio-8080-exec-9] [CHAPTER] Trying to get all chapters for tutorial 1
2019-05-27 20:25:12,914 INFO rostem.service.material.ChapterService [http-nio-8080-exec-4] [CHAPTER] Trying to get all chapters for tutorial 1
2019-05-27 20:25:20,378 INFO rostem.service.material.ChapterService [http-nio-8080-exec-3] [CHAPTER] Trying to get all chapters for tutorial 2
2019-05-27 20:25:21,181 INFO rostem.service.material.ChapterService [http-nio-8080-exec-6] [CHAPTER] Trying to get all chapters for tutorial 2
2019-05-27 20:25:21,967 INFO rostem.service.material.ChapterService [http-nio-8080-exec-2] [CHAPTER] Trying to get all chapters for tutorial 2
2019-05-27 20:25:22,629 INFO rostem.service.material.ChapterService [http-nio-8080-exec-5] [CHAPTER] Trying to get all chapters for tutorial 2
2019-05-27 20:25:23,223 INFO rostem.service.material.ChapterService [http-nio-8080-exec-1] [CHAPTER] Trying to get all chapters for tutorial 2
2019-05-27 20:25:23,722 INFO rostem.service.material.ChapterService [http-nio-8080-exec-7] [CHAPTER] Trying to get all chapters for tutorial 2
2019-05-27 20:26:02,683 INFO rostem.service.material.TutorialService [http-nio-8080-exec-9] [TUTORIAL] Trying to get all tutorials for category 1
2019-05-27 20:26:16,125 INFO rostem.service.material.ChapterService [http-nio-8080-exec-8] [CHAPTER] Trying to get all chapters for tutorial 1
2019-05-27 20:26:17,224 INFO rostem.service.material.TutorialService [http-nio-8080-exec-3] [TUTORIAL] Trying to get all tutorials for category 1
2019-05-27 20:26:18,207 INFO rostem.service.material.ChapterService [http-nio-8080-exec-6] [CHAPTER] Trying to get all chapters for tutorial 1
2019-05-27 20:26:23,247 INFO rostem.service.material.ChapterService [http-nio-8080-exec-2] [CHAPTER] Trying to get all chapters for tutorial 2
2019-05-27 20:26:25,486 INFO rostem.service.material.ChapterService [http-nio-8080-exec-5] [CHAPTER] Trying to get all chapters for tutorial 2
2019-05-27 20:28:36,426 INFO rostem.service.material.TutorialService [http-nio-8080-exec-7] [TUTORIAL] Trying to get all tutorials for category 1
2019-05-27 20:28:37,812 INFO rostem.service.material.ChapterService [http-nio-8080-exec-10] [CHAPTER] Trying to get all chapters for tutorial 1
2019-05-27 20:29:00,750 INFO rostem.service.material.TutorialService [http-nio-8080-exec-9] [TUTORIAL] Trying to get all tutorials for category 1
2019-05-27 20:29:42,284 INFO rostem.service.material.TutorialService [http-nio-8080-exec-8] [TUTORIAL] Trying to get all tutorials for category 1
2019-05-27 20:30:25,752 INFO rostem.service.material.TutorialService [http-nio-8080-exec-3] [TUTORIAL] Trying to get all tutorials for category 1
2019-05-27 20:30:50,918 INFO rostem.service.material.TutorialService [http-nio-8080-exec-2] [TUTORIAL] Trying to get all tutorials for category 1
2019-05-27 20:30:52,290 INFO rostem.service.material.ChapterService [http-nio-8080-exec-5] [CHAPTER] Trying to get all chapters for tutorial 2
2019-05-27 20:31:21,280 INFO rostem.service.material.TutorialService [http-nio-8080-exec-7] [TUTORIAL] Trying to get all tutorials for category 1
2019-05-27 20:31:26,056 INFO rostem.service.material.TutorialService [http-nio-8080-exec-10] [TUTORIAL] Trying to get all tutorials for category 1
2019-05-27 20:31:29,849 INFO rostem.service.material.TutorialService [http-nio-8080-exec-9] [TUTORIAL] Trying to get all tutorials for category 1
2019-05-27 20:31:30,959 INFO rostem.service.material.ChapterService [http-nio-8080-exec-4] [CHAPTER] Trying to get all chapters for tutorial 2
2019-05-27 20:31:39,619 INFO rostem.service.material.TutorialService [http-nio-8080-exec-8] [TUTORIAL] Trying to get all tutorials for category 1
2019-05-27 20:31:41,008 INFO rostem.service.material.ChapterService [http-nio-8080-exec-3] [CHAPTER] Trying to get all chapters for tutorial 1
2019-05-27 20:31:57,957 INFO rostem.service.material.TutorialService [http-nio-8080-exec-6] [TUTORIAL] Trying to get all tutorials for category 1
2019-05-27 20:32:11,679 INFO rostem.service.material.TutorialService [http-nio-8080-exec-5] [TUTORIAL] Trying to get all tutorials for category 1
2019-05-27 20:32:12,754 INFO rostem.service.material.ChapterService [http-nio-8080-exec-1] [CHAPTER] Trying to get all chapters for tutorial 1
2019-05-27 20:33:39,730 INFO rostem.service.material.TutorialService [http-nio-8080-exec-10] [TUTORIAL] Trying to get all tutorials for category 1
2019-05-27 20:33:41,197 INFO rostem.service.material.ChapterService [http-nio-8080-exec-9] [CHAPTER] Trying to get all chapters for tutorial 1
2019-05-27 20:34:13,193 INFO rostem.service.material.TutorialService [http-nio-8080-exec-4] [TUTORIAL] Trying to get all tutorials for category 1
2019-05-27 20:34:16,514 INFO rostem.service.material.ChapterService [http-nio-8080-exec-8] [CHAPTER] Trying to get all chapters for tutorial 1
2019-05-27 20:34:28,436 INFO rostem.service.material.TutorialService [http-nio-8080-exec-6] [TUTORIAL] Trying to get all tutorials for category 1
2019-05-27 20:34:31,959 INFO rostem.service.material.ChapterService [http-nio-8080-exec-2] [CHAPTER] Trying to get all chapters for tutorial 1
2019-05-27 20:36:22,563 INFO rostem.service.material.TutorialService [http-nio-8080-exec-1] [TUTORIAL] Trying to get all tutorials for category 1
2019-05-27 20:36:41,234 INFO rostem.service.material.TutorialService [http-nio-8080-exec-10] [TUTORIAL] Trying to get all tutorials for category 1
2019-05-27 20:36:42,050 INFO rostem.service.material.ChapterService [http-nio-8080-exec-9] [CHAPTER] Trying to get all chapters for tutorial 1
2019-05-27 20:36:52,552 INFO rostem.service.users.RostemUserService [http-nio-8080-exec-4] [ADMIN] Get all users
2019-05-27 20:36:54,130 INFO rostem.service.material.TutorialService [http-nio-8080-exec-8] [TUTORIAL] Get all tutorial
2019-05-27 20:36:54,134 INFO rostem.service.material.ChapterService [http-nio-8080-exec-3] [CHAPTER] Get all chapters.
2019-05-27 20:37:06,222 INFO rostem.service.material.ChapterService [http-nio-8080-exec-1] [CHAPTER] Trying to add a new chapter queen
2019-05-27 20:37:06,279 INFO rostem.service.material.ChapterService [http-nio-8080-exec-7] [CHAPTER] Get all chapters.
2019-05-27 20:37:10,345 INFO rostem.service.material.CategoryService [http-nio-8080-exec-10] [CATEGORY] Get all categories
2019-05-27 20:37:11,942 INFO rostem.service.material.TutorialService [http-nio-8080-exec-9] [TUTORIAL] Trying to get all tutorials for category 1
2019-05-27 20:37:13,397 INFO rostem.service.material.ChapterService [http-nio-8080-exec-4] [CHAPTER] Trying to get all chapters for tutorial 1
2019-05-27 20:43:12,905 INFO rostem.service.material.TutorialService [http-nio-8080-exec-3] [TUTORIAL] Trying to get all tutorials for category 1
2019-05-27 20:43:14,522 INFO rostem.service.material.ChapterService [http-nio-8080-exec-6] [CHAPTER] Trying to get all chapters for tutorial 1
2019-05-27 20:44:11,657 INFO rostem.service.users.RostemUserService [http-nio-8080-exec-5] [ADMIN] Get all users
2019-05-27 20:44:13,518 INFO rostem.service.material.TutorialService [http-nio-8080-exec-1] [TUTORIAL] Get all tutorial
2019-05-27 20:44:13,521 INFO rostem.service.material.ChapterService [http-nio-8080-exec-7] [CHAPTER] Get all chapters.
2019-05-27 20:44:21,618 INFO rostem.service.material.ChapterService [http-nio-8080-exec-9] [CHAPTER] Trying to add a new chapter queen2
2019-05-27 20:44:21,650 INFO rostem.service.material.ChapterService [http-nio-8080-exec-4] [CHAPTER] Get all chapters.
2019-05-27 20:44:24,662 INFO rostem.service.material.CategoryService [http-nio-8080-exec-8] [CATEGORY] Get all categories
2019-05-27 20:44:26,107 INFO rostem.service.material.TutorialService [http-nio-8080-exec-3] [TUTORIAL] Trying to get all tutorials for category 1
2019-05-27 20:44:27,290 INFO rostem.service.material.ChapterService [http-nio-8080-exec-6] [CHAPTER] Trying to get all chapters for tutorial 1
2019-05-27 20:44:39,598 INFO rostem.service.material.TutorialService [http-nio-8080-exec-2] [TUTORIAL] Trying to get all tutorials for category 1
2019-05-27 20:44:41,149 INFO rostem.service.material.ChapterService [http-nio-8080-exec-5] [CHAPTER] Trying to get all chapters for tutorial 1
2019-05-27 20:45:00,737 INFO rostem.service.material.ChapterService [http-nio-8080-exec-1] [CHAPTER] Trying to get all chapters for tutorial 1
2019-05-27 20:45:01,325 INFO rostem.service.material.ChapterService [http-nio-8080-exec-7] [CHAPTER] Trying to get all chapters for tutorial 1
2019-05-27 20:45:05,235 WARN org.springframework.web.servlet.handler.AbstractHandlerExceptionResolver [http-nio-8080-exec-10] Resolved [org.springframework.web.method.annotation.MethodArgumentTypeMismatchException: Failed to convert value of type 'java.lang.String' to required type 'java.lang.Long'; nested exception is java.lang.NumberFormatException: For input string: "<iframewidth="560"height="315"src="https:"]
2019-05-27 20:45:07,251 WARN org.springframework.web.servlet.handler.AbstractHandlerExceptionResolver [http-nio-8080-exec-9] Resolved [org.springframework.web.method.annotation.MethodArgumentTypeMismatchException: Failed to convert value of type 'java.lang.String' to required type 'java.lang.Long'; nested exception is java.lang.NumberFormatException: For input string: "<iframewidth="560"height="315"src="https:"]
2019-05-27 20:45:37,369 WARN org.springframework.web.servlet.handler.AbstractHandlerExceptionResolver [http-nio-8080-exec-4] Resolved [org.springframework.web.method.annotation.MethodArgumentTypeMismatchException: Failed to convert value of type 'java.lang.String' to required type 'java.lang.Long'; nested exception is java.lang.NumberFormatException: For input string: "<iframewidth="560"height="315"src="https:"]
2019-05-27 20:45:42,370 WARN org.springframework.web.servlet.handler.AbstractHandlerExceptionResolver [http-nio-8080-exec-8] Resolved [org.springframework.web.method.annotation.MethodArgumentTypeMismatchException: Failed to convert value of type 'java.lang.String' to required type 'java.lang.Long'; nested exception is java.lang.NumberFormatException: For input string: "<iframewidth="560"height="315"src="https:"]
2019-05-27 20:45:59,642 INFO rostem.service.material.TutorialService [http-nio-8080-exec-3] [TUTORIAL] Trying to get all tutorials for category 1
2019-05-27 20:46:00,649 INFO rostem.service.material.ChapterService [http-nio-8080-exec-6] [CHAPTER] Trying to get all chapters for tutorial 1
2019-05-27 20:46:37,213 INFO rostem.service.material.ChapterService [http-nio-8080-exec-5] [CHAPTER] Trying to get all chapters for tutorial 1
2019-05-27 20:46:37,981 INFO rostem.service.material.ChapterService [http-nio-8080-exec-1] [CHAPTER] Trying to get all chapters for tutorial 2
2019-05-27 20:46:39,938 INFO rostem.service.material.ChapterService [http-nio-8080-exec-7] [CHAPTER] Trying to get all chapters for tutorial 2
2019-05-27 20:46:40,507 INFO rostem.service.material.ChapterService [http-nio-8080-exec-10] [CHAPTER] Trying to get all chapters for tutorial 1
2019-05-27 20:46:42,401 WARN org.springframework.web.servlet.handler.AbstractHandlerExceptionResolver [http-nio-8080-exec-9] Resolved [org.springframework.web.method.annotation.MethodArgumentTypeMismatchException: Failed to convert value of type 'java.lang.String' to required type 'java.lang.Long'; nested exception is java.lang.NumberFormatException: For input string: "<iframewidth="560"height="315"src="https:"]
2019-05-27 20:47:12,400 INFO rostem.service.material.ChapterService [http-nio-8080-exec-4] [CHAPTER] Trying to get all chapters for tutorial 1
2019-05-27 20:47:15,863 INFO rostem.service.material.ChapterService [http-nio-8080-exec-8] [CHAPTER] Trying to get all chapters for tutorial 1
2019-05-27 20:47:23,988 INFO rostem.service.users.RostemUserService [http-nio-8080-exec-3] [ADMIN] Get all users
2019-05-27 20:48:01,798 INFO rostem.service.material.TutorialService [http-nio-8080-exec-6] [TUTORIAL] Get all tutorial
2019-05-27 20:48:01,800 INFO rostem.service.material.ChapterService [http-nio-8080-exec-2] [CHAPTER] Get all chapters.
2019-05-27 20:49:10,351 INFO rostem.service.material.ChapterService [http-nio-8080-exec-10] [CHAPTER] Trying to add a new chapter dasdadadadas
2019-05-27 20:49:10,384 INFO rostem.service.material.ChapterService [http-nio-8080-exec-9] [CHAPTER] Get all chapters.
2019-05-27 20:49:15,595 INFO rostem.service.material.CategoryService [http-nio-8080-exec-4] [CATEGORY] Get all categories
2019-05-27 20:49:19,283 INFO rostem.service.material.TutorialService [http-nio-8080-exec-8] [TUTORIAL] Trying to get all tutorials for category 1
2019-05-27 20:49:22,715 INFO rostem.service.material.ChapterService [http-nio-8080-exec-3] [CHAPTER] Trying to get all chapters for tutorial 1
2019-05-27 20:50:50,489 INFO rostem.service.users.RostemUserService [http-nio-8080-exec-2] [ADMIN] Get all users
2019-05-27 20:50:58,597 INFO rostem.service.material.ChapterService [http-nio-8080-exec-1] [CHAPTER] Get all chapters.
2019-05-27 20:50:58,597 INFO rostem.service.material.TutorialService [http-nio-8080-exec-7] [TUTORIAL] Get all tutorial
2019-05-27 20:51:15,464 INFO rostem.service.users.RostemUserService [http-nio-8080-exec-10] [ADMIN] Get all users
2019-05-27 20:51:17,480 INFO rostem.service.material.CategoryService [http-nio-8080-exec-9] [CATEGORY] Get all categories
2019-05-27 20:51:27,011 INFO rostem.service.material.ChapterService [http-nio-8080-exec-8] [CHAPTER] Get all chapters.
2019-05-27 20:51:27,011 INFO rostem.service.material.TutorialService [http-nio-8080-exec-4] [TUTORIAL] Get all tutorial
2019-05-27 20:51:42,014 INFO rostem.service.material.ChapterService [http-nio-8080-exec-6] [CHAPTER] Trying to add a new chapter scorpionsss
2019-05-27 20:51:42,146 INFO rostem.service.material.ChapterService [http-nio-8080-exec-2] [CHAPTER] Get all chapters.
2019-05-27 20:51:47,739 INFO rostem.service.material.CategoryService [http-nio-8080-exec-5] [CATEGORY] Get all categories
2019-05-27 20:51:52,890 INFO rostem.service.material.TutorialService [http-nio-8080-exec-10] [TUTORIAL] Trying to get all tutorials for category 1
2019-05-27 20:51:55,080 INFO rostem.service.material.ChapterService [http-nio-8080-exec-9] [CHAPTER] Trying to get all chapters for tutorial 1
2019-05-27 20:54:00,470 INFO org.springframework.scheduling.concurrent.ExecutorConfigurationSupport [Thread-26] Shutting down ExecutorService 'applicationTaskExecutor'
2019-05-27 20:54:00,482 INFO com.zaxxer.hikari.HikariDataSource [Thread-26] HikariPool-1 - Shutdown initiated...
2019-05-27 20:54:00,498 INFO com.zaxxer.hikari.HikariDataSource [Thread-26] HikariPool-1 - Shutdown completed.
