2019-05-27 16:15:35,566 INFO org.springframework.boot.StartupInfoLogger [main] Starting RostemApplication on ROgradi04 with PID 21932 (C:\ubb\licenta\rostem\ROSTEM\out\production\classes started by gradi in C:\ubb\licenta\rostem\ROSTEM)
2019-05-27 16:15:35,570 DEBUG org.springframework.boot.StartupInfoLogger [main] Running with Spring Boot v2.1.2.RELEASE, Spring v5.1.4.RELEASE
2019-05-27 16:15:35,571 INFO org.springframework.boot.SpringApplication [main] No active profile set, falling back to default profiles: default
2019-05-27 16:15:36,871 INFO org.springframework.data.repository.config.RepositoryConfigurationDelegate [main] Bootstrapping Spring Data repositories in DEFAULT mode.
2019-05-27 16:15:36,999 INFO org.springframework.data.repository.config.RepositoryConfigurationDelegate [main] Finished Spring Data repository scanning in 109ms. Found 6 repository interfaces.
2019-05-27 16:15:37,705 INFO org.springframework.context.support.PostProcessorRegistrationDelegate$BeanPostProcessorChecker [main] Bean 'org.springframework.transaction.annotation.ProxyTransactionManagementConfiguration' of type [org.springframework.transaction.annotation.ProxyTransactionManagementConfiguration$$EnhancerBySpringCGLIB$$158cce34] is not eligible for getting processed by all BeanPostProcessors (for example: not eligible for auto-proxying)
2019-05-27 16:15:38,221 INFO org.springframework.boot.web.embedded.tomcat.TomcatWebServer [main] Tomcat initialized with port(s): 8080 (http)
2019-05-27 16:15:38,238 INFO org.apache.juli.logging.DirectJDKLog [main] Initializing ProtocolHandler ["http-nio-8080"]
2019-05-27 16:15:38,248 INFO org.apache.juli.logging.DirectJDKLog [main] Starting service [Tomcat]
2019-05-27 16:15:38,249 INFO org.apache.juli.logging.DirectJDKLog [main] Starting Servlet engine: [Apache Tomcat/9.0.14]
2019-05-27 16:15:38,257 INFO org.apache.juli.logging.DirectJDKLog [main] The APR based Apache Tomcat Native library which allows optimal performance in production environments was not found on the java.library.path: [C:\Program Files\Zulu\zulu-8\bin;C:\windows\Sun\Java\bin;C:\windows\system32;C:\windows;C:\Program Files\Microsoft MPI\Bin\;C:\Program Files\Microsoft HPC Pack 2012\Bin\;C:\Python27\;C:\Python27\Scripts;c:\program files (x86)\common files\oracle\java\javapath;c:\programdata\oracle\java\javapath;C:\windows\system32;C:\windows;C:\windows\system32\wbem;C:\windows\system32\windowspowershell\v1.0\;c:\windows\system32;c:\windows\system32;c:\windows\system32;c:\windows\system32;c:\windows\system32;c:\windows\system32;c:\windows\system32;c:\windows\system32;c:\windows\system32;c:\windows\system32;c:\windows\system32;c:\windows\system32;c:\windows\system32;c:\windows\system32;c:\windows\system32;c:\windows\system32;c:\windows\system32;c:\windows\system32;c:\windows\system32;c:\windows\system32;c:\windows\system32;c:\windows\system32;c:\windows\system32;c:\windows\system32;c:\windows\system32;c:\windows\system32;c:\windows\system32;c:\windows\system32;c:\windows\system32;c:\windows\system32;c:\windows\system32;c:\windows\system32;c:\windows\system32;c:\windows\system32;c:\windows\system32;c:\windows\system32;c:\windows\system32;c:\windows\system32;c:\windows\system32;c:\windows\system32;c:\windows\system32;c:\windows\system32;c:\windows\system32;c:\windows\system32;c:\windows\system32;c:\windows\system32;c:\windows\system32;c:\windows\system32;c:\windows\system32;c:\windows\system32;c:\windows\system32;c:\windows\system32;c:\windows\system32;c:\windows\system32;c:\windows\system32;c:\windows\system32;c:\windows\system32;c:\windows\system32;c:\windows\system32;c:\windows\system32;c:\windows\system32;c:\windows\system32;c:\windows\system32;c:\windows\system32;c:\windows\system32;c:\windows\system32;C:\Program Files\dotnet\;%M2_HOME%\bin;C:\Program Files\Microsoft MPI\Bin\;C:\Program Files\Microsoft HPC Pack 2012\Bin\;C:\Python27\;C:\Python27\Scripts;c:\program files (x86)\common files\oracle\java\javapath;c:\programdata\oracle\java\javapath;C:\windows\system32;C:\windows;C:\windows\system32\wbem;C:\windows\system32\windowspowershell\v1.0\;c:\windows\system32;c:\windows\system32;c:\windows\system32;c:\windows\system32;c:\windows\system32;c:\windows\system32;c:\windows\system32;c:\windows\system32;c:\windows\system32;c:\windows\system32;c:\windows\system32;c:\windows\system32;c:\windows\system32;c:\windows\system32;c:\windows\system32;c:\windows\system32;c:\windows\system32;c:\windows\system32;c:\windows\system32;c:\windows\system32;c:\windows\system32;c:\windows\system32;c:\windows\system32;c:\windows\system32;c:\windows\system32;c:\windows\system32;c:\windows\system32;c:\windows\system32;c:\windows\system32;c:\windows\system32;c:\windows\system32;c:\windows\system32;c:\windows\system32;c:\windows\system32;c:\windows\system32;c:\windows\system32;c:\windows\system32;c:\windows\system32;c:\windows\system32;c:\windows\system32;c:\windows\system32;c:\windows\system32;c:\windows\system32;c:\windows\system32;c:\windows\system32;c:\windows\system32;c:\windows\system32;c:\windows\system32;c:\windows\system32;c:\windows\system32;c:\windows\system32;c:\windows\system32;c:\windows\system32;c:\windows\system32;c:\windows\system32;c:\windows\system32;c:\windows\system32;c:\windows\system32;c:\windows\system32;c:\windows\system32;c:\windows\system32;c:\windows\system32;c:\windows\system32;c:\windows\system32;c:\windows\system32;c:\windows\system32;C:\Program Files\dotnet\;%M2_HOME%\bin;C:\Program Files\Microsoft MPI\Bin\;C:\Program Files\Microsoft HPC Pack 2012\Bin\;C:\Python27\;C:\Python27\Scripts;c:\program files (x86)\common files\oracle\java\javapath;c:\programdata\oracle\java\javapath;C:\windows\system32;C:\windows;C:\windows\system32\wbem;C:\windows\system32\windowspowershell\v1.0\;c:\windows\system32;c:\windows\system32;c:\windows\system32;c:\windows\system32;c:\windows\system32;c:\windows\system32;c:\windows\system32;c:\windows\system32;c:\windows\system32;c:\windows\system32;c:\windows\system32;c:\windows\system32;c:\windows\system32;c:\windows\system32;c:\windows\system32;c:\windows\system32;c:\windows\system32;c:\windows\system32;c:\windows\system32;c:\windows\system32;c:\windows\system32;c:\windows\system32;c:\windows\sy;C:\Users\gradi.CORPDOM\AppData\Local\Microsoft\WindowsApps;C:\Users\gradi.CORPDOM\AppData\Local\Programs\Microsoft VS Code\bin;C:\Program Files\Zulu\zulu-8;-Xms512m -Xmx1524m;%M2_PATH%\bin;C:\work\apache-maven-3.3.9\bin;C:\Users\gradi.CORPDOM\AppData\Local\Android\Sdk\platform-tools;C:\Program Files\JetBrains\PyCharm 2018.3.2\bin;C:\MinGW\bin;C:\GnuWin32\bin;C:\Users\gradi.CORPDOM\AppData\Roaming\npm;.]
2019-05-27 16:15:38,485 INFO org.apache.juli.logging.DirectJDKLog [main] Initializing Spring embedded WebApplicationContext
2019-05-27 16:15:38,485 INFO org.springframework.boot.web.servlet.context.ServletWebServerApplicationContext [main] Root WebApplicationContext: initialization completed in 2848 ms
2019-05-27 16:15:38,623 INFO com.zaxxer.hikari.HikariDataSource [main] HikariPool-1 - Starting...
2019-05-27 16:15:38,912 INFO com.zaxxer.hikari.HikariDataSource [main] HikariPool-1 - Start completed.
2019-05-27 16:15:39,001 INFO org.hibernate.jpa.internal.util.LogHelper [main] HHH000204: Processing PersistenceUnitInfo [
	name: default
	...]
2019-05-27 16:15:39,122 INFO org.hibernate.Version [main] HHH000412: Hibernate Core {5.3.7.Final}
2019-05-27 16:15:39,128 INFO org.hibernate.cfg.Environment [main] HHH000206: hibernate.properties not found
2019-05-27 16:15:39,424 INFO org.hibernate.annotations.common.reflection.java.JavaReflectionManager [main] HCANN000001: Hibernate Commons Annotations {5.0.4.Final}
2019-05-27 16:15:39,780 INFO org.hibernate.dialect.Dialect [main] HHH000400: Using dialect: org.hibernate.dialect.PostgreSQL95Dialect
2019-05-27 16:15:39,931 INFO org.hibernate.engine.jdbc.env.internal.LobCreatorBuilderImpl [main] HHH000424: Disabling contextual LOB creation as createClob() method threw error : java.lang.reflect.InvocationTargetException
java.lang.reflect.InvocationTargetException: null
	at sun.reflect.NativeMethodAccessorImpl.invoke0(Native Method)
	at sun.reflect.NativeMethodAccessorImpl.invoke(NativeMethodAccessorImpl.java:62)
	at sun.reflect.DelegatingMethodAccessorImpl.invoke(DelegatingMethodAccessorImpl.java:43)
	at java.lang.reflect.Method.invoke(Method.java:498)
	at org.hibernate.engine.jdbc.env.internal.LobCreatorBuilderImpl.useContextualLobCreation(LobCreatorBuilderImpl.java:113)
	at org.hibernate.engine.jdbc.env.internal.LobCreatorBuilderImpl.makeLobCreatorBuilder(LobCreatorBuilderImpl.java:54)
	at org.hibernate.engine.jdbc.env.internal.JdbcEnvironmentImpl.<init>(JdbcEnvironmentImpl.java:271)
	at org.hibernate.engine.jdbc.env.internal.JdbcEnvironmentInitiator.initiateService(JdbcEnvironmentInitiator.java:114)
	at org.hibernate.engine.jdbc.env.internal.JdbcEnvironmentInitiator.initiateService(JdbcEnvironmentInitiator.java:35)
	at org.hibernate.boot.registry.internal.StandardServiceRegistryImpl.initiateService(StandardServiceRegistryImpl.java:94)
	at org.hibernate.service.internal.AbstractServiceRegistryImpl.createService(AbstractServiceRegistryImpl.java:263)
	at org.hibernate.service.internal.AbstractServiceRegistryImpl.initializeService(AbstractServiceRegistryImpl.java:237)
	at org.hibernate.service.internal.AbstractServiceRegistryImpl.getService(AbstractServiceRegistryImpl.java:214)
	at org.hibernate.id.factory.internal.DefaultIdentifierGeneratorFactory.injectServices(DefaultIdentifierGeneratorFactory.java:152)
	at org.hibernate.service.internal.AbstractServiceRegistryImpl.injectDependencies(AbstractServiceRegistryImpl.java:286)
	at org.hibernate.service.internal.AbstractServiceRegistryImpl.initializeService(AbstractServiceRegistryImpl.java:243)
	at org.hibernate.service.internal.AbstractServiceRegistryImpl.getService(AbstractServiceRegistryImpl.java:214)
	at org.hibernate.boot.internal.InFlightMetadataCollectorImpl.<init>(InFlightMetadataCollectorImpl.java:179)
	at org.hibernate.boot.model.process.spi.MetadataBuildingProcess.complete(MetadataBuildingProcess.java:119)
	at org.hibernate.jpa.boot.internal.EntityManagerFactoryBuilderImpl.metadata(EntityManagerFactoryBuilderImpl.java:904)
	at org.hibernate.jpa.boot.internal.EntityManagerFactoryBuilderImpl.build(EntityManagerFactoryBuilderImpl.java:935)
	at org.springframework.orm.jpa.vendor.SpringHibernateJpaPersistenceProvider.createContainerEntityManagerFactory(SpringHibernateJpaPersistenceProvider.java:57)
	at org.springframework.orm.jpa.LocalContainerEntityManagerFactoryBean.createNativeEntityManagerFactory(LocalContainerEntityManagerFactoryBean.java:365)
	at org.springframework.orm.jpa.AbstractEntityManagerFactoryBean.buildNativeEntityManagerFactory(AbstractEntityManagerFactoryBean.java:390)
	at org.springframework.orm.jpa.AbstractEntityManagerFactoryBean.afterPropertiesSet(AbstractEntityManagerFactoryBean.java:377)
	at org.springframework.orm.jpa.LocalContainerEntityManagerFactoryBean.afterPropertiesSet(LocalContainerEntityManagerFactoryBean.java:341)
	at rostem.configuration.JpaConfiguration.entityManagerFactory(JpaConfiguration.java:97)
	at rostem.configuration.JpaConfiguration$$EnhancerBySpringCGLIB$$9d1d9954.CGLIB$entityManagerFactory$1(<generated>)
	at rostem.configuration.JpaConfiguration$$EnhancerBySpringCGLIB$$9d1d9954$$FastClassBySpringCGLIB$$4a52d5db.invoke(<generated>)
	at org.springframework.cglib.proxy.MethodProxy.invokeSuper(MethodProxy.java:244)
	at org.springframework.context.annotation.ConfigurationClassEnhancer$BeanMethodInterceptor.intercept(ConfigurationClassEnhancer.java:363)
	at rostem.configuration.JpaConfiguration$$EnhancerBySpringCGLIB$$9d1d9954.entityManagerFactory(<generated>)
	at sun.reflect.NativeMethodAccessorImpl.invoke0(Native Method)
	at sun.reflect.NativeMethodAccessorImpl.invoke(NativeMethodAccessorImpl.java:62)
	at sun.reflect.DelegatingMethodAccessorImpl.invoke(DelegatingMethodAccessorImpl.java:43)
	at java.lang.reflect.Method.invoke(Method.java:498)
	at org.springframework.beans.factory.support.SimpleInstantiationStrategy.instantiate(SimpleInstantiationStrategy.java:154)
	at org.springframework.beans.factory.support.ConstructorResolver.instantiate(ConstructorResolver.java:622)
	at org.springframework.beans.factory.support.ConstructorResolver.instantiateUsingFactoryMethod(ConstructorResolver.java:456)
	at org.springframework.beans.factory.support.AbstractAutowireCapableBeanFactory.instantiateUsingFactoryMethod(AbstractAutowireCapableBeanFactory.java:1288)
	at org.springframework.beans.factory.support.AbstractAutowireCapableBeanFactory.createBeanInstance(AbstractAutowireCapableBeanFactory.java:1127)
	at org.springframework.beans.factory.support.AbstractAutowireCapableBeanFactory.doCreateBean(AbstractAutowireCapableBeanFactory.java:538)
	at org.springframework.beans.factory.support.AbstractAutowireCapableBeanFactory.createBean(AbstractAutowireCapableBeanFactory.java:498)
	at org.springframework.beans.factory.support.AbstractBeanFactory.lambda$doGetBean$0(AbstractBeanFactory.java:320)
	at org.springframework.beans.factory.support.DefaultSingletonBeanRegistry.getSingleton(DefaultSingletonBeanRegistry.java:222)
	at org.springframework.beans.factory.support.AbstractBeanFactory.doGetBean(AbstractBeanFactory.java:318)
	at org.springframework.beans.factory.support.AbstractBeanFactory.getBean(AbstractBeanFactory.java:199)
	at org.springframework.beans.factory.support.BeanDefinitionValueResolver.resolveReference(BeanDefinitionValueResolver.java:367)
	at org.springframework.beans.factory.support.BeanDefinitionValueResolver.resolveValueIfNecessary(BeanDefinitionValueResolver.java:110)
	at org.springframework.beans.factory.support.ConstructorResolver.resolveConstructorArguments(ConstructorResolver.java:662)
	at org.springframework.beans.factory.support.ConstructorResolver.instantiateUsingFactoryMethod(ConstructorResolver.java:479)
	at org.springframework.beans.factory.support.AbstractAutowireCapableBeanFactory.instantiateUsingFactoryMethod(AbstractAutowireCapableBeanFactory.java:1288)
	at org.springframework.beans.factory.support.AbstractAutowireCapableBeanFactory.createBeanInstance(AbstractAutowireCapableBeanFactory.java:1127)
	at org.springframework.beans.factory.support.AbstractAutowireCapableBeanFactory.doCreateBean(AbstractAutowireCapableBeanFactory.java:538)
	at org.springframework.beans.factory.support.AbstractAutowireCapableBeanFactory.createBean(AbstractAutowireCapableBeanFactory.java:498)
	at org.springframework.beans.factory.support.BeanDefinitionValueResolver.resolveInnerBean(BeanDefinitionValueResolver.java:312)
	at org.springframework.beans.factory.support.BeanDefinitionValueResolver.resolveValueIfNecessary(BeanDefinitionValueResolver.java:131)
	at org.springframework.beans.factory.support.AbstractAutowireCapableBeanFactory.applyPropertyValues(AbstractAutowireCapableBeanFactory.java:1648)
	at org.springframework.beans.factory.support.AbstractAutowireCapableBeanFactory.populateBean(AbstractAutowireCapableBeanFactory.java:1400)
	at org.springframework.beans.factory.support.AbstractAutowireCapableBeanFactory.doCreateBean(AbstractAutowireCapableBeanFactory.java:575)
	at org.springframework.beans.factory.support.AbstractAutowireCapableBeanFactory.createBean(AbstractAutowireCapableBeanFactory.java:498)
	at org.springframework.beans.factory.support.AbstractBeanFactory.lambda$doGetBean$0(AbstractBeanFactory.java:320)
	at org.springframework.beans.factory.support.DefaultSingletonBeanRegistry.getSingleton(DefaultSingletonBeanRegistry.java:222)
	at org.springframework.beans.factory.support.AbstractBeanFactory.doGetBean(AbstractBeanFactory.java:318)
	at org.springframework.beans.factory.support.AbstractBeanFactory.getBean(AbstractBeanFactory.java:199)
	at org.springframework.beans.factory.config.DependencyDescriptor.resolveCandidate(DependencyDescriptor.java:277)
	at org.springframework.beans.factory.support.DefaultListableBeanFactory.doResolveDependency(DefaultListableBeanFactory.java:1244)
	at org.springframework.beans.factory.support.DefaultListableBeanFactory.resolveDependency(DefaultListableBeanFactory.java:1164)
	at org.springframework.beans.factory.support.ConstructorResolver.resolveAutowiredArgument(ConstructorResolver.java:857)
	at org.springframework.beans.factory.support.ConstructorResolver.createArgumentArray(ConstructorResolver.java:760)
	at org.springframework.beans.factory.support.ConstructorResolver.autowireConstructor(ConstructorResolver.java:218)
	at org.springframework.beans.factory.support.AbstractAutowireCapableBeanFactory.autowireConstructor(AbstractAutowireCapableBeanFactory.java:1308)
	at org.springframework.beans.factory.support.AbstractAutowireCapableBeanFactory.createBeanInstance(AbstractAutowireCapableBeanFactory.java:1154)
	at org.springframework.beans.factory.support.AbstractAutowireCapableBeanFactory.doCreateBean(AbstractAutowireCapableBeanFactory.java:538)
	at org.springframework.beans.factory.support.AbstractAutowireCapableBeanFactory.createBean(AbstractAutowireCapableBeanFactory.java:498)
	at org.springframework.beans.factory.support.AbstractBeanFactory.lambda$doGetBean$0(AbstractBeanFactory.java:320)
	at org.springframework.beans.factory.support.DefaultSingletonBeanRegistry.getSingleton(DefaultSingletonBeanRegistry.java:222)
	at org.springframework.beans.factory.support.AbstractBeanFactory.doGetBean(AbstractBeanFactory.java:318)
	at org.springframework.beans.factory.support.AbstractBeanFactory.getBean(AbstractBeanFactory.java:199)
	at org.springframework.beans.factory.config.DependencyDescriptor.resolveCandidate(DependencyDescriptor.java:277)
	at org.springframework.beans.factory.support.DefaultListableBeanFactory.doResolveDependency(DefaultListableBeanFactory.java:1244)
	at org.springframework.beans.factory.support.DefaultListableBeanFactory.resolveDependency(DefaultListableBeanFactory.java:1164)
	at org.springframework.beans.factory.support.ConstructorResolver.resolveAutowiredArgument(ConstructorResolver.java:857)
	at org.springframework.beans.factory.support.ConstructorResolver.createArgumentArray(ConstructorResolver.java:760)
	at org.springframework.beans.factory.support.ConstructorResolver.autowireConstructor(ConstructorResolver.java:218)
	at org.springframework.beans.factory.support.AbstractAutowireCapableBeanFactory.autowireConstructor(AbstractAutowireCapableBeanFactory.java:1308)
	at org.springframework.beans.factory.support.AbstractAutowireCapableBeanFactory.createBeanInstance(AbstractAutowireCapableBeanFactory.java:1154)
	at org.springframework.beans.factory.support.AbstractAutowireCapableBeanFactory.doCreateBean(AbstractAutowireCapableBeanFactory.java:538)
	at org.springframework.beans.factory.support.AbstractAutowireCapableBeanFactory.createBean(AbstractAutowireCapableBeanFactory.java:498)
	at org.springframework.beans.factory.support.AbstractBeanFactory.lambda$doGetBean$0(AbstractBeanFactory.java:320)
	at org.springframework.beans.factory.support.DefaultSingletonBeanRegistry.getSingleton(DefaultSingletonBeanRegistry.java:222)
	at org.springframework.beans.factory.support.AbstractBeanFactory.doGetBean(AbstractBeanFactory.java:318)
	at org.springframework.beans.factory.support.AbstractBeanFactory.getBean(AbstractBeanFactory.java:199)
	at org.springframework.beans.factory.support.ConstructorResolver.instantiateUsingFactoryMethod(ConstructorResolver.java:392)
	at org.springframework.beans.factory.support.AbstractAutowireCapableBeanFactory.instantiateUsingFactoryMethod(AbstractAutowireCapableBeanFactory.java:1288)
	at org.springframework.beans.factory.support.AbstractAutowireCapableBeanFactory.createBeanInstance(AbstractAutowireCapableBeanFactory.java:1127)
	at org.springframework.beans.factory.support.AbstractAutowireCapableBeanFactory.doCreateBean(AbstractAutowireCapableBeanFactory.java:538)
	at org.springframework.beans.factory.support.AbstractAutowireCapableBeanFactory.createBean(AbstractAutowireCapableBeanFactory.java:498)
	at org.springframework.beans.factory.support.AbstractBeanFactory.lambda$doGetBean$0(AbstractBeanFactory.java:320)
	at org.springframework.beans.factory.support.DefaultSingletonBeanRegistry.getSingleton(DefaultSingletonBeanRegistry.java:222)
	at org.springframework.beans.factory.support.AbstractBeanFactory.doGetBean(AbstractBeanFactory.java:318)
	at org.springframework.beans.factory.support.AbstractBeanFactory.getBean(AbstractBeanFactory.java:204)
	at org.springframework.boot.web.servlet.ServletContextInitializerBeans.getOrderedBeansOfType(ServletContextInitializerBeans.java:235)
	at org.springframework.boot.web.servlet.ServletContextInitializerBeans.addAsRegistrationBean(ServletContextInitializerBeans.java:193)
	at org.springframework.boot.web.servlet.ServletContextInitializerBeans.addAsRegistrationBean(ServletContextInitializerBeans.java:188)
	at org.springframework.boot.web.servlet.ServletContextInitializerBeans.addAdaptableBeans(ServletContextInitializerBeans.java:170)
	at org.springframework.boot.web.servlet.ServletContextInitializerBeans.<init>(ServletContextInitializerBeans.java:89)
	at org.springframework.boot.web.servlet.context.ServletWebServerApplicationContext.getServletContextInitializerBeans(ServletWebServerApplicationContext.java:261)
	at org.springframework.boot.web.servlet.context.ServletWebServerApplicationContext.selfInitialize(ServletWebServerApplicationContext.java:234)
	at org.springframework.boot.web.embedded.tomcat.TomcatStarter.onStartup(TomcatStarter.java:54)
	at org.apache.catalina.core.StandardContext.startInternal(StandardContext.java:5120)
	at org.apache.catalina.util.LifecycleBase.start(LifecycleBase.java:183)
	at org.apache.catalina.core.ContainerBase$StartChild.call(ContainerBase.java:1382)
	at org.apache.catalina.core.ContainerBase$StartChild.call(ContainerBase.java:1372)
	at java.util.concurrent.FutureTask.run$$$capture(FutureTask.java:266)
	at java.util.concurrent.FutureTask.run(FutureTask.java)
	at org.apache.tomcat.util.threads.InlineExecutorService.execute(InlineExecutorService.java:75)
	at java.util.concurrent.AbstractExecutorService.submit(AbstractExecutorService.java:134)
	at org.apache.catalina.core.ContainerBase.startInternal(ContainerBase.java:907)
	at org.apache.catalina.core.StandardHost.startInternal(StandardHost.java:831)
	at org.apache.catalina.util.LifecycleBase.start(LifecycleBase.java:183)
	at org.apache.catalina.core.ContainerBase$StartChild.call(ContainerBase.java:1382)
	at org.apache.catalina.core.ContainerBase$StartChild.call(ContainerBase.java:1372)
	at java.util.concurrent.FutureTask.run$$$capture(FutureTask.java:266)
	at java.util.concurrent.FutureTask.run(FutureTask.java)
	at org.apache.tomcat.util.threads.InlineExecutorService.execute(InlineExecutorService.java:75)
	at java.util.concurrent.AbstractExecutorService.submit(AbstractExecutorService.java:134)
	at org.apache.catalina.core.ContainerBase.startInternal(ContainerBase.java:907)
	at org.apache.catalina.core.StandardEngine.startInternal(StandardEngine.java:262)
	at org.apache.catalina.util.LifecycleBase.start(LifecycleBase.java:183)
	at org.apache.catalina.core.StandardService.startInternal(StandardService.java:423)
	at org.apache.catalina.util.LifecycleBase.start(LifecycleBase.java:183)
	at org.apache.catalina.core.StandardServer.startInternal(StandardServer.java:933)
	at org.apache.catalina.util.LifecycleBase.start(LifecycleBase.java:183)
	at org.apache.catalina.startup.Tomcat.start(Tomcat.java:398)
	at org.springframework.boot.web.embedded.tomcat.TomcatWebServer.initialize(TomcatWebServer.java:106)
	at org.springframework.boot.web.embedded.tomcat.TomcatWebServer.<init>(TomcatWebServer.java:86)
	at org.springframework.boot.web.embedded.tomcat.TomcatServletWebServerFactory.getTomcatWebServer(TomcatServletWebServerFactory.java:415)
	at org.springframework.boot.web.embedded.tomcat.TomcatServletWebServerFactory.getWebServer(TomcatServletWebServerFactory.java:174)
	at org.springframework.boot.web.servlet.context.ServletWebServerApplicationContext.createWebServer(ServletWebServerApplicationContext.java:181)
	at org.springframework.boot.web.servlet.context.ServletWebServerApplicationContext.onRefresh(ServletWebServerApplicationContext.java:154)
	at org.springframework.context.support.AbstractApplicationContext.refresh(AbstractApplicationContext.java:540)
	at org.springframework.boot.web.servlet.context.ServletWebServerApplicationContext.refresh(ServletWebServerApplicationContext.java:142)
	at org.springframework.boot.SpringApplication.refresh(SpringApplication.java:775)
	at org.springframework.boot.SpringApplication.refreshContext(SpringApplication.java:397)
	at org.springframework.boot.SpringApplication.run(SpringApplication.java:316)
	at org.springframework.boot.SpringApplication.run(SpringApplication.java:1260)
	at org.springframework.boot.SpringApplication.run(SpringApplication.java:1248)
	at rostem.RostemApplication.main(RostemApplication.java:12)
Caused by: java.sql.SQLFeatureNotSupportedException: Method org.postgresql.jdbc.PgConnection.createClob() is not yet implemented.
	at org.postgresql.Driver.notImplemented(Driver.java:688)
	at org.postgresql.jdbc.PgConnection.createClob(PgConnection.java:1269)
	... 149 common frames omitted
2019-05-27 16:15:39,942 INFO org.hibernate.type.BasicTypeRegistry [main] HHH000270: Type registration [java.util.UUID] overrides previous : org.hibernate.type.UUIDBinaryType@44abdb1f
2019-05-27 16:15:41,145 INFO org.springframework.orm.jpa.AbstractEntityManagerFactoryBean [main] Initialized JPA EntityManagerFactory for persistence unit 'default'
2019-05-27 16:15:41,787 DEBUG org.springframework.web.filter.GenericFilterBean [main] Filter 'badRequestFilter' configured for use
2019-05-27 16:15:42,171 WARN org.springframework.boot.autoconfigure.orm.jpa.JpaBaseConfiguration$JpaWebConfiguration$JpaWebMvcConfiguration [main] spring.jpa.open-in-view is enabled by default. Therefore, database queries may be performed during view rendering. Explicitly configure spring.jpa.open-in-view to disable this warning
2019-05-27 16:15:42,336 INFO springfox.documentation.spring.web.PropertySourcedRequestMappingHandlerMapping [main] Mapped URL path [/v2/api-docs] onto method [public org.springframework.http.ResponseEntity<springfox.documentation.spring.web.json.Json> springfox.documentation.swagger2.web.Swagger2Controller.getDocumentation(java.lang.String,javax.servlet.http.HttpServletRequest)]
2019-05-27 16:15:42,586 INFO org.springframework.security.web.DefaultSecurityFilterChain [main] Creating filter chain: any request, [org.springframework.security.web.context.request.async.WebAsyncManagerIntegrationFilter@4bec6682, org.springframework.security.web.context.SecurityContextPersistenceFilter@7fb1820d, org.springframework.security.web.header.HeaderWriterFilter@6eae3730, org.springframework.web.filter.CorsFilter@2d97344c, org.springframework.security.web.authentication.logout.LogoutFilter@758655a9, org.springframework.security.web.authentication.UsernamePasswordAuthenticationFilter@7369208e, org.springframework.security.web.session.ConcurrentSessionFilter@f245168, org.springframework.security.web.authentication.www.BasicAuthenticationFilter@2d5435d4, org.springframework.security.web.savedrequest.RequestCacheAwareFilter@6a30f6b1, org.springframework.security.web.servletapi.SecurityContextHolderAwareRequestFilter@3e755d5f, org.springframework.security.web.authentication.AnonymousAuthenticationFilter@7f839ec5, org.springframework.security.web.session.SessionManagementFilter@3b3a3a92, org.springframework.security.web.access.ExceptionTranslationFilter@55c581e4, org.springframework.security.web.access.intercept.FilterSecurityInterceptor@57fae911]
2019-05-27 16:15:42,715 INFO org.springframework.scheduling.concurrent.ExecutorConfigurationSupport [main] Initializing ExecutorService 'applicationTaskExecutor'
2019-05-27 16:15:43,005 INFO springfox.documentation.spring.web.plugins.DocumentationPluginsBootstrapper [main] Context refreshed
2019-05-27 16:15:43,029 INFO springfox.documentation.spring.web.plugins.DocumentationPluginsBootstrapper [main] Found 1 custom documentation plugin(s)
2019-05-27 16:15:43,082 INFO springfox.documentation.spring.web.scanners.ApiListingReferenceScanner [main] Scanning for api listing references
2019-05-27 16:15:43,612 INFO org.apache.juli.logging.DirectJDKLog [main] Starting ProtocolHandler ["http-nio-8080"]
2019-05-27 16:15:43,649 INFO org.springframework.boot.web.embedded.tomcat.TomcatWebServer [main] Tomcat started on port(s): 8080 (http) with context path '/rostem'
2019-05-27 16:15:43,651 INFO org.springframework.boot.StartupInfoLogger [main] Started RostemApplication in 8.846 seconds (JVM running for 10.281)
2019-05-27 16:16:03,908 INFO org.apache.juli.logging.DirectJDKLog [http-nio-8080-exec-1] Initializing Spring DispatcherServlet 'dispatcherServlet'
2019-05-27 16:16:03,909 INFO org.springframework.web.servlet.FrameworkServlet [http-nio-8080-exec-1] Initializing Servlet 'dispatcherServlet'
2019-05-27 16:16:03,923 INFO org.springframework.web.servlet.FrameworkServlet [http-nio-8080-exec-1] Completed initialization in 14 ms
2019-05-27 16:16:04,034 INFO rostem.service.material.CategoryService [http-nio-8080-exec-1] [CATEGORY] Get all categories
2019-05-27 16:16:04,110 INFO org.hibernate.hql.internal.QueryTranslatorFactoryInitiator [http-nio-8080-exec-1] HHH000397: Using ASTQueryTranslatorFactory
2019-05-27 16:16:13,230 INFO rostem.service.material.TutorialService [http-nio-8080-exec-2] [TUTORIAL] Trying to get all tutorials for category 22
2019-05-27 16:16:18,397 INFO rostem.service.material.ChapterService [http-nio-8080-exec-3] [CHAPTER] Trying to get all chapters for tutorial 7
2019-05-27 16:18:18,573 INFO rostem.service.material.TutorialService [http-nio-8080-exec-5] [TUTORIAL] Trying to get all tutorials for category 22
2019-05-27 16:18:20,990 INFO rostem.service.material.ChapterService [http-nio-8080-exec-6] [CHAPTER] Trying to get all chapters for tutorial 7
2019-05-27 16:19:10,149 INFO rostem.service.material.TutorialService [http-nio-8080-exec-8] [TUTORIAL] Trying to get all tutorials for category 22
2019-05-27 16:19:12,092 INFO rostem.service.material.ChapterService [http-nio-8080-exec-10] [CHAPTER] Trying to get all chapters for tutorial 7
2019-05-27 16:22:47,829 INFO rostem.service.material.TutorialService [http-nio-8080-exec-1] [TUTORIAL] Trying to get all tutorials for category 22
2019-05-27 16:23:23,669 INFO rostem.service.material.TutorialService [http-nio-8080-exec-2] [TUTORIAL] Trying to get all tutorials for category 22
2019-05-27 16:23:32,575 INFO rostem.service.material.TutorialService [http-nio-8080-exec-3] [TUTORIAL] Trying to get all tutorials for category 22
2019-05-27 16:23:33,974 INFO rostem.service.material.ChapterService [http-nio-8080-exec-4] [CHAPTER] Trying to get all chapters for tutorial 7
2019-05-27 16:23:52,800 INFO rostem.service.material.TutorialService [http-nio-8080-exec-5] [TUTORIAL] Trying to get all tutorials for category 22
2019-05-27 16:23:53,576 INFO rostem.service.material.ChapterService [http-nio-8080-exec-6] [CHAPTER] Trying to get all chapters for tutorial 7
2019-05-27 16:25:01,442 INFO rostem.service.material.TutorialService [http-nio-8080-exec-8] [TUTORIAL] Trying to get all tutorials for category 22
2019-05-27 16:25:20,424 INFO rostem.service.material.TutorialService [http-nio-8080-exec-10] [TUTORIAL] Trying to get all tutorials for category 22
2019-05-27 16:25:44,583 INFO rostem.service.material.TutorialService [http-nio-8080-exec-9] [TUTORIAL] Trying to get all tutorials for category 22
2019-05-27 16:25:53,608 INFO rostem.service.material.ChapterService [http-nio-8080-exec-1] [CHAPTER] Trying to get all chapters for tutorial 7
2019-05-27 16:47:05,311 WARN com.zaxxer.hikari.pool.HikariPool$HouseKeeper [HikariPool-1 housekeeper] HikariPool-1 - Thread starvation or clock leap detected (housekeeper delta=1m26s278ms592µs456ns).
2019-05-27 17:37:33,281 INFO rostem.service.material.TutorialService [http-nio-8080-exec-3] [TUTORIAL] Trying to get all tutorials for category 22
2019-05-27 17:37:34,676 INFO rostem.service.material.ChapterService [http-nio-8080-exec-4] [CHAPTER] Trying to get all chapters for tutorial 7
2019-05-27 17:37:56,121 INFO rostem.service.material.TutorialService [http-nio-8080-exec-5] [TUTORIAL] Trying to get all tutorials for category 22
2019-05-27 17:38:04,589 INFO rostem.service.material.ChapterService [http-nio-8080-exec-7] [CHAPTER] Trying to get all chapters for tutorial 7
2019-05-27 17:38:04,605 INFO rostem.service.material.ChapterService [http-nio-8080-exec-8] [CHAPTER] Trying to get all chapters for tutorial 7
2019-05-27 17:38:04,607 INFO rostem.service.material.ChapterService [http-nio-8080-exec-10] [CHAPTER] Trying to get all chapters for tutorial 7
2019-05-27 17:38:04,609 INFO rostem.service.material.ChapterService [http-nio-8080-exec-9] [CHAPTER] Trying to get all chapters for tutorial 7
2019-05-27 17:38:04,620 INFO rostem.service.material.ChapterService [http-nio-8080-exec-1] [CHAPTER] Trying to get all chapters for tutorial 8
2019-05-27 17:38:05,886 INFO rostem.service.material.ChapterService [http-nio-8080-exec-2] [CHAPTER] Trying to get all chapters for tutorial 8
2019-05-27 17:38:06,492 INFO rostem.service.material.ChapterService [http-nio-8080-exec-3] [CHAPTER] Trying to get all chapters for tutorial 7
2019-05-27 17:38:07,397 INFO rostem.service.material.ChapterService [http-nio-8080-exec-4] [CHAPTER] Trying to get all chapters for tutorial 7
2019-05-27 17:38:07,813 INFO rostem.service.material.ChapterService [http-nio-8080-exec-5] [CHAPTER] Trying to get all chapters for tutorial 7
2019-05-27 17:38:08,265 INFO rostem.service.material.ChapterService [http-nio-8080-exec-6] [CHAPTER] Trying to get all chapters for tutorial 7
2019-05-27 17:38:08,582 INFO rostem.service.material.ChapterService [http-nio-8080-exec-7] [CHAPTER] Trying to get all chapters for tutorial 7
2019-05-27 17:38:35,957 INFO rostem.service.material.TutorialService [http-nio-8080-exec-8] [TUTORIAL] Trying to get all tutorials for category 22
2019-05-27 17:38:41,970 INFO rostem.service.material.ChapterService [http-nio-8080-exec-1] [CHAPTER] Trying to get all chapters for tutorial 7
2019-05-27 17:38:42,477 INFO rostem.service.material.ChapterService [http-nio-8080-exec-10] [CHAPTER] Trying to get all chapters for tutorial 7
2019-05-27 17:38:45,041 INFO rostem.service.material.ChapterService [http-nio-8080-exec-9] [CHAPTER] Trying to get all chapters for tutorial 7
2019-05-27 17:39:32,542 INFO rostem.service.material.CategoryService [http-nio-8080-exec-5] [CATEGORY] Get all categories
2019-05-27 17:39:34,772 INFO rostem.service.material.TutorialService [http-nio-8080-exec-6] [TUTORIAL] Trying to get all tutorials for category 28
2019-05-27 17:39:36,539 INFO rostem.service.material.CategoryService [http-nio-8080-exec-7] [CATEGORY] Get all categories
2019-05-27 17:39:37,335 INFO rostem.service.material.TutorialService [http-nio-8080-exec-8] [TUTORIAL] Trying to get all tutorials for category 26
2019-05-27 17:39:38,747 INFO rostem.service.material.CategoryService [http-nio-8080-exec-1] [CATEGORY] Get all categories
2019-05-27 17:39:39,818 INFO rostem.service.material.TutorialService [http-nio-8080-exec-10] [TUTORIAL] Trying to get all tutorials for category 27
2019-05-27 17:39:41,109 INFO rostem.service.material.CategoryService [http-nio-8080-exec-9] [CATEGORY] Get all categories
2019-05-27 17:39:41,870 INFO rostem.service.material.TutorialService [http-nio-8080-exec-2] [TUTORIAL] Trying to get all tutorials for category 25
2019-05-27 17:39:42,934 INFO rostem.service.material.CategoryService [http-nio-8080-exec-3] [CATEGORY] Get all categories
2019-05-27 17:39:44,110 INFO rostem.service.material.TutorialService [http-nio-8080-exec-4] [TUTORIAL] Trying to get all tutorials for category 26
2019-05-27 17:39:45,137 INFO rostem.service.material.CategoryService [http-nio-8080-exec-5] [CATEGORY] Get all categories
2019-05-27 17:39:45,898 INFO rostem.service.material.TutorialService [http-nio-8080-exec-6] [TUTORIAL] Trying to get all tutorials for category 24
2019-05-27 17:39:47,022 INFO rostem.service.material.CategoryService [http-nio-8080-exec-7] [CATEGORY] Get all categories
2019-05-27 17:39:47,613 INFO rostem.service.material.TutorialService [http-nio-8080-exec-8] [TUTORIAL] Trying to get all tutorials for category 23
2019-05-27 17:39:49,364 INFO rostem.service.material.ChapterService [http-nio-8080-exec-1] [CHAPTER] Trying to get all chapters for tutorial 10
2019-05-27 17:39:50,307 INFO rostem.service.material.ChapterService [http-nio-8080-exec-10] [CHAPTER] Trying to get all chapters for tutorial 9
2019-05-27 17:39:51,305 INFO rostem.service.material.ChapterService [http-nio-8080-exec-9] [CHAPTER] Trying to get all chapters for tutorial 11
2019-05-27 17:39:52,595 INFO rostem.service.material.ChapterService [http-nio-8080-exec-2] [CHAPTER] Trying to get all chapters for tutorial 11
2019-05-27 17:39:53,544 INFO rostem.service.material.CategoryService [http-nio-8080-exec-3] [CATEGORY] Get all categories
2019-05-27 17:39:54,291 INFO rostem.service.material.TutorialService [http-nio-8080-exec-4] [TUTORIAL] Trying to get all tutorials for category 22
2019-05-27 17:39:55,000 INFO rostem.service.material.ChapterService [http-nio-8080-exec-5] [CHAPTER] Trying to get all chapters for tutorial 8
2019-05-27 17:39:55,562 INFO rostem.service.material.ChapterService [http-nio-8080-exec-6] [CHAPTER] Trying to get all chapters for tutorial 8
2019-05-27 17:39:56,024 INFO rostem.service.material.ChapterService [http-nio-8080-exec-7] [CHAPTER] Trying to get all chapters for tutorial 7
2019-05-27 17:43:20,758 INFO rostem.service.material.TutorialService [http-nio-8080-exec-1] [TUTORIAL] Trying to get all tutorials for category 22
2019-05-27 17:43:33,918 INFO rostem.service.material.TutorialService [http-nio-8080-exec-10] [TUTORIAL] Trying to get all tutorials for category 22
2019-05-27 17:43:34,926 INFO rostem.service.material.ChapterService [http-nio-8080-exec-9] [CHAPTER] Trying to get all chapters for tutorial 7
2019-05-27 17:43:59,991 INFO rostem.service.material.TutorialService [http-nio-8080-exec-2] [TUTORIAL] Trying to get all tutorials for category 22
2019-05-27 17:44:01,136 INFO rostem.service.material.ChapterService [http-nio-8080-exec-3] [CHAPTER] Trying to get all chapters for tutorial 7
2019-05-27 17:44:13,128 INFO rostem.service.material.TutorialService [http-nio-8080-exec-4] [TUTORIAL] Trying to get all tutorials for category 22
2019-05-27 17:44:14,066 INFO rostem.service.material.ChapterService [http-nio-8080-exec-5] [CHAPTER] Trying to get all chapters for tutorial 7
2019-05-27 17:44:36,060 INFO rostem.service.material.TutorialService [http-nio-8080-exec-6] [TUTORIAL] Trying to get all tutorials for category 22
2019-05-27 17:44:36,895 INFO rostem.service.material.ChapterService [http-nio-8080-exec-7] [CHAPTER] Trying to get all chapters for tutorial 7
2019-05-27 17:44:56,172 INFO rostem.service.material.TutorialService [http-nio-8080-exec-8] [TUTORIAL] Trying to get all tutorials for category 22
2019-05-27 17:44:57,174 INFO rostem.service.material.ChapterService [http-nio-8080-exec-1] [CHAPTER] Trying to get all chapters for tutorial 7
2019-05-27 17:45:03,721 INFO rostem.service.material.TutorialService [http-nio-8080-exec-10] [TUTORIAL] Trying to get all tutorials for category 22
2019-05-27 17:45:15,446 INFO rostem.service.material.ChapterService [http-nio-8080-exec-9] [CHAPTER] Trying to get all chapters for tutorial 7
2019-05-27 17:45:31,113 INFO rostem.service.material.ChapterService [http-nio-8080-exec-2] [CHAPTER] Trying to get all chapters for tutorial 7
2019-05-27 17:45:31,657 INFO rostem.service.material.ChapterService [http-nio-8080-exec-3] [CHAPTER] Trying to get all chapters for tutorial 7
2019-05-27 17:46:13,414 INFO rostem.service.material.CategoryService [http-nio-8080-exec-4] [CATEGORY] Get all categories
2019-05-27 17:46:58,628 INFO rostem.service.material.TutorialService [http-nio-8080-exec-5] [TUTORIAL] Trying to get all tutorials for category 22
2019-05-27 17:46:59,283 INFO rostem.service.material.ChapterService [http-nio-8080-exec-6] [CHAPTER] Trying to get all chapters for tutorial 7
2019-05-27 17:48:01,981 INFO rostem.service.material.TutorialService [http-nio-8080-exec-8] [TUTORIAL] Trying to get all tutorials for category 22
2019-05-27 17:48:02,802 INFO rostem.service.material.ChapterService [http-nio-8080-exec-1] [CHAPTER] Trying to get all chapters for tutorial 7
2019-05-27 17:48:20,608 INFO rostem.service.material.TutorialService [http-nio-8080-exec-10] [TUTORIAL] Trying to get all tutorials for category 22
2019-05-27 17:48:21,248 INFO rostem.service.material.ChapterService [http-nio-8080-exec-9] [CHAPTER] Trying to get all chapters for tutorial 7
2019-05-27 17:48:26,909 INFO rostem.service.material.TutorialService [http-nio-8080-exec-2] [TUTORIAL] Trying to get all tutorials for category 22
2019-05-27 17:48:28,335 INFO rostem.service.material.ChapterService [http-nio-8080-exec-3] [CHAPTER] Trying to get all chapters for tutorial 7
2019-05-27 17:49:05,760 INFO rostem.service.material.TutorialService [http-nio-8080-exec-4] [TUTORIAL] Trying to get all tutorials for category 22
2019-05-27 17:49:06,600 INFO rostem.service.material.ChapterService [http-nio-8080-exec-5] [CHAPTER] Trying to get all chapters for tutorial 8
2019-05-27 17:49:08,465 INFO rostem.service.material.ChapterService [http-nio-8080-exec-6] [CHAPTER] Trying to get all chapters for tutorial 7
2019-05-27 17:51:21,971 INFO rostem.service.material.TutorialService [http-nio-8080-exec-8] [TUTORIAL] Trying to get all tutorials for category 22
2019-05-27 17:51:22,900 INFO rostem.service.material.ChapterService [http-nio-8080-exec-1] [CHAPTER] Trying to get all chapters for tutorial 7
2019-05-27 17:51:34,411 INFO rostem.service.material.TutorialService [http-nio-8080-exec-10] [TUTORIAL] Trying to get all tutorials for category 22
2019-05-27 17:51:35,377 INFO rostem.service.material.ChapterService [http-nio-8080-exec-9] [CHAPTER] Trying to get all chapters for tutorial 8
2019-05-27 17:51:37,048 INFO rostem.service.material.ChapterService [http-nio-8080-exec-2] [CHAPTER] Trying to get all chapters for tutorial 7
2019-05-27 17:51:40,079 INFO rostem.service.material.ChapterService [http-nio-8080-exec-3] [CHAPTER] Trying to get all chapters for tutorial 7
2019-05-27 17:51:45,421 INFO rostem.service.material.TutorialService [http-nio-8080-exec-4] [TUTORIAL] Trying to get all tutorials for category 22
2019-05-27 17:51:46,266 INFO rostem.service.material.ChapterService [http-nio-8080-exec-5] [CHAPTER] Trying to get all chapters for tutorial 7
2019-05-27 17:52:21,700 INFO rostem.service.material.TutorialService [http-nio-8080-exec-6] [TUTORIAL] Trying to get all tutorials for category 22
2019-05-27 17:52:22,736 INFO rostem.service.material.ChapterService [http-nio-8080-exec-7] [CHAPTER] Trying to get all chapters for tutorial 7
2019-05-27 17:52:27,889 INFO rostem.service.material.TutorialService [http-nio-8080-exec-8] [TUTORIAL] Trying to get all tutorials for category 22
2019-05-27 17:52:41,774 INFO rostem.service.material.ChapterService [http-nio-8080-exec-1] [CHAPTER] Trying to get all chapters for tutorial 7
2019-05-27 17:53:14,216 INFO rostem.service.material.TutorialService [http-nio-8080-exec-10] [TUTORIAL] Trying to get all tutorials for category 22
2019-05-27 17:53:15,750 INFO rostem.service.material.ChapterService [http-nio-8080-exec-9] [CHAPTER] Trying to get all chapters for tutorial 7
2019-05-27 17:53:36,923 INFO rostem.service.material.TutorialService [http-nio-8080-exec-2] [TUTORIAL] Trying to get all tutorials for category 22
2019-05-27 17:53:48,593 INFO rostem.service.material.ChapterService [http-nio-8080-exec-3] [CHAPTER] Trying to get all chapters for tutorial 7
2019-05-27 17:54:18,872 INFO rostem.service.material.TutorialService [http-nio-8080-exec-4] [TUTORIAL] Trying to get all tutorials for category 22
2019-05-27 17:54:19,624 INFO rostem.service.material.ChapterService [http-nio-8080-exec-5] [CHAPTER] Trying to get all chapters for tutorial 7
2019-05-27 17:54:37,241 INFO rostem.service.material.TutorialService [http-nio-8080-exec-6] [TUTORIAL] Trying to get all tutorials for category 22
2019-05-27 17:54:43,214 INFO rostem.service.material.TutorialService [http-nio-8080-exec-7] [TUTORIAL] Trying to get all tutorials for category 22
2019-05-27 17:54:44,242 INFO rostem.service.material.ChapterService [http-nio-8080-exec-8] [CHAPTER] Trying to get all chapters for tutorial 7
2019-05-27 17:54:54,624 INFO rostem.service.material.TutorialService [http-nio-8080-exec-1] [TUTORIAL] Trying to get all tutorials for category 22
2019-05-27 17:54:55,534 INFO rostem.service.material.ChapterService [http-nio-8080-exec-10] [CHAPTER] Trying to get all chapters for tutorial 7
2019-05-27 17:55:18,395 INFO rostem.service.material.TutorialService [http-nio-8080-exec-9] [TUTORIAL] Trying to get all tutorials for category 22
2019-05-27 17:55:19,204 INFO rostem.service.material.ChapterService [http-nio-8080-exec-2] [CHAPTER] Trying to get all chapters for tutorial 7
2019-05-27 17:56:35,698 INFO rostem.service.material.ChapterService [http-nio-8080-exec-4] [CHAPTER] Trying to get all chapters for tutorial 7
2019-05-27 17:56:36,163 INFO rostem.service.material.ChapterService [http-nio-8080-exec-5] [CHAPTER] Trying to get all chapters for tutorial 7
2019-05-27 17:57:49,018 INFO rostem.service.material.TutorialService [http-nio-8080-exec-7] [TUTORIAL] Trying to get all tutorials for category 22
2019-05-27 17:57:50,881 INFO rostem.service.material.ChapterService [http-nio-8080-exec-8] [CHAPTER] Trying to get all chapters for tutorial 7
2019-05-27 17:58:08,112 INFO rostem.service.material.TutorialService [http-nio-8080-exec-1] [TUTORIAL] Trying to get all tutorials for category 22
2019-05-27 17:58:17,820 INFO rostem.service.material.ChapterService [http-nio-8080-exec-10] [CHAPTER] Trying to get all chapters for tutorial 7
2019-05-27 17:59:32,543 INFO rostem.service.material.TutorialService [http-nio-8080-exec-2] [TUTORIAL] Trying to get all tutorials for category 22
2019-05-27 17:59:38,517 INFO rostem.service.material.TutorialService [http-nio-8080-exec-3] [TUTORIAL] Trying to get all tutorials for category 22
2019-05-27 17:59:39,736 INFO rostem.service.material.ChapterService [http-nio-8080-exec-4] [CHAPTER] Trying to get all chapters for tutorial 8
2019-05-27 17:59:40,967 INFO rostem.service.material.ChapterService [http-nio-8080-exec-5] [CHAPTER] Trying to get all chapters for tutorial 7
2019-05-27 17:59:49,918 INFO rostem.service.material.TutorialService [http-nio-8080-exec-6] [TUTORIAL] Trying to get all tutorials for category 22
2019-05-27 17:59:51,419 INFO rostem.service.material.ChapterService [http-nio-8080-exec-7] [CHAPTER] Trying to get all chapters for tutorial 7
2019-05-27 18:01:38,635 INFO rostem.service.material.TutorialService [http-nio-8080-exec-1] [TUTORIAL] Trying to get all tutorials for category 22
2019-05-27 18:01:41,101 INFO rostem.service.material.ChapterService [http-nio-8080-exec-10] [CHAPTER] Trying to get all chapters for tutorial 7
2019-05-27 18:01:56,254 INFO rostem.service.material.TutorialService [http-nio-8080-exec-9] [TUTORIAL] Trying to get all tutorials for category 22
2019-05-27 18:02:28,906 INFO rostem.service.material.ChapterService [http-nio-8080-exec-2] [CHAPTER] Trying to get all chapters for tutorial 8
2019-05-27 18:02:29,498 INFO rostem.service.material.ChapterService [http-nio-8080-exec-3] [CHAPTER] Trying to get all chapters for tutorial 8
2019-05-27 18:02:30,376 INFO rostem.service.material.ChapterService [http-nio-8080-exec-4] [CHAPTER] Trying to get all chapters for tutorial 7
2019-05-27 18:03:41,012 INFO rostem.service.material.TutorialService [http-nio-8080-exec-6] [TUTORIAL] Trying to get all tutorials for category 22
2019-05-27 18:03:42,405 INFO rostem.service.material.ChapterService [http-nio-8080-exec-7] [CHAPTER] Trying to get all chapters for tutorial 7
2019-05-27 18:03:54,786 INFO rostem.service.material.TutorialService [http-nio-8080-exec-8] [TUTORIAL] Trying to get all tutorials for category 22
2019-05-27 18:08:10,097 INFO rostem.service.material.TutorialService [http-nio-8080-exec-10] [TUTORIAL] Trying to get all tutorials for category 22
2019-05-27 18:08:11,864 INFO rostem.service.material.ChapterService [http-nio-8080-exec-9] [CHAPTER] Trying to get all chapters for tutorial 7
2019-05-27 18:11:21,085 INFO rostem.service.material.TutorialService [http-nio-8080-exec-3] [TUTORIAL] Trying to get all tutorials for category 22
2019-05-27 18:11:22,492 INFO rostem.service.material.ChapterService [http-nio-8080-exec-4] [CHAPTER] Trying to get all chapters for tutorial 7
2019-05-27 18:11:41,425 INFO rostem.service.material.TutorialService [http-nio-8080-exec-5] [TUTORIAL] Trying to get all tutorials for category 22
2019-05-27 18:11:42,459 INFO rostem.service.material.ChapterService [http-nio-8080-exec-6] [CHAPTER] Trying to get all chapters for tutorial 7
2019-05-27 18:11:52,490 INFO rostem.service.material.TutorialService [http-nio-8080-exec-7] [TUTORIAL] Trying to get all tutorials for category 22
2019-05-27 18:11:53,196 INFO rostem.service.material.ChapterService [http-nio-8080-exec-8] [CHAPTER] Trying to get all chapters for tutorial 7
2019-05-27 18:11:53,275 INFO rostem.service.material.ChapterService [http-nio-8080-exec-1] [CHAPTER] Trying to get all chapters for tutorial 7
2019-05-27 18:11:53,980 INFO rostem.service.material.ChapterService [http-nio-8080-exec-10] [CHAPTER] Trying to get all chapters for tutorial 7
2019-05-27 18:12:03,589 INFO rostem.service.material.TutorialService [http-nio-8080-exec-9] [TUTORIAL] Trying to get all tutorials for category 22
2019-05-27 18:30:09,461 WARN com.zaxxer.hikari.pool.HikariPool$HouseKeeper [HikariPool-1 housekeeper] HikariPool-1 - Thread starvation or clock leap detected (housekeeper delta=15m33s898ms604µs911ns).
2019-05-27 18:43:52,968 INFO rostem.service.material.ChapterService [http-nio-8080-exec-3] [CHAPTER] Trying to get all chapters for tutorial 7
2019-05-27 18:47:45,747 INFO rostem.service.material.TutorialService [http-nio-8080-exec-5] [TUTORIAL] Trying to get all tutorials for category 22
2019-05-27 18:47:55,424 INFO rostem.service.material.TutorialService [http-nio-8080-exec-6] [TUTORIAL] Trying to get all tutorials for category 22
2019-05-27 18:47:56,990 INFO rostem.service.material.ChapterService [http-nio-8080-exec-7] [CHAPTER] Trying to get all chapters for tutorial 7
2019-05-27 18:47:58,543 INFO rostem.service.material.ChapterService [http-nio-8080-exec-8] [CHAPTER] Trying to get all chapters for tutorial 7
2019-05-27 18:48:01,913 INFO rostem.service.material.ChapterService [http-nio-8080-exec-1] [CHAPTER] Trying to get all chapters for tutorial 7
2019-05-27 18:48:02,971 INFO rostem.service.material.ChapterService [http-nio-8080-exec-10] [CHAPTER] Trying to get all chapters for tutorial 7
2019-05-27 18:48:03,435 INFO rostem.service.material.ChapterService [http-nio-8080-exec-9] [CHAPTER] Trying to get all chapters for tutorial 7
2019-05-27 18:48:04,516 INFO rostem.service.material.ChapterService [http-nio-8080-exec-2] [CHAPTER] Trying to get all chapters for tutorial 8
2019-05-27 18:48:05,733 INFO rostem.service.material.ChapterService [http-nio-8080-exec-3] [CHAPTER] Trying to get all chapters for tutorial 8
2019-05-27 18:48:06,508 INFO rostem.service.material.ChapterService [http-nio-8080-exec-4] [CHAPTER] Trying to get all chapters for tutorial 7
2019-05-27 18:48:07,469 INFO rostem.service.material.ChapterService [http-nio-8080-exec-5] [CHAPTER] Trying to get all chapters for tutorial 7
2019-05-27 18:48:08,086 INFO rostem.service.material.ChapterService [http-nio-8080-exec-6] [CHAPTER] Trying to get all chapters for tutorial 7
2019-05-27 18:48:08,756 INFO rostem.service.material.ChapterService [http-nio-8080-exec-7] [CHAPTER] Trying to get all chapters for tutorial 7
2019-05-27 18:48:15,882 INFO rostem.service.material.TutorialService [http-nio-8080-exec-8] [TUTORIAL] Trying to get all tutorials for category 22
2019-05-27 18:48:16,725 INFO rostem.service.material.ChapterService [http-nio-8080-exec-1] [CHAPTER] Trying to get all chapters for tutorial 7
2019-05-27 18:49:10,007 INFO rostem.service.material.TutorialService [http-nio-8080-exec-10] [TUTORIAL] Trying to get all tutorials for category 22
2019-05-27 18:49:17,346 INFO rostem.service.material.TutorialService [http-nio-8080-exec-9] [TUTORIAL] Trying to get all tutorials for category 22
2019-05-27 18:49:19,329 INFO rostem.service.material.ChapterService [http-nio-8080-exec-2] [CHAPTER] Trying to get all chapters for tutorial 7
2019-05-27 18:49:22,915 INFO rostem.service.material.ChapterService [http-nio-8080-exec-3] [CHAPTER] Trying to get all chapters for tutorial 7
2019-05-27 18:49:35,145 INFO rostem.service.material.TutorialService [http-nio-8080-exec-4] [TUTORIAL] Trying to get all tutorials for category 22
2019-05-27 18:49:36,023 INFO rostem.service.material.ChapterService [http-nio-8080-exec-5] [CHAPTER] Trying to get all chapters for tutorial 7
2019-05-27 18:49:53,868 INFO rostem.service.material.TutorialService [http-nio-8080-exec-6] [TUTORIAL] Trying to get all tutorials for category 22
2019-05-27 18:49:54,957 INFO rostem.service.material.ChapterService [http-nio-8080-exec-7] [CHAPTER] Trying to get all chapters for tutorial 8
2019-05-27 18:49:56,669 INFO rostem.service.material.ChapterService [http-nio-8080-exec-8] [CHAPTER] Trying to get all chapters for tutorial 7
2019-05-27 18:50:12,545 INFO rostem.service.material.ChapterService [http-nio-8080-exec-1] [CHAPTER] Trying to get all chapters for tutorial 7
2019-05-27 18:50:13,068 INFO rostem.service.material.ChapterService [http-nio-8080-exec-10] [CHAPTER] Trying to get all chapters for tutorial 7
2019-05-27 18:51:07,294 INFO rostem.service.material.TutorialService [http-nio-8080-exec-9] [TUTORIAL] Trying to get all tutorials for category 22
2019-05-27 18:51:08,346 INFO rostem.service.material.ChapterService [http-nio-8080-exec-2] [CHAPTER] Trying to get all chapters for tutorial 7
2019-05-27 18:51:23,886 INFO rostem.service.material.ChapterService [http-nio-8080-exec-3] [CHAPTER] Trying to get all chapters for tutorial 8
2019-05-27 18:51:26,518 INFO rostem.service.material.ChapterService [http-nio-8080-exec-4] [CHAPTER] Trying to get all chapters for tutorial 7
2019-05-27 18:51:27,726 INFO rostem.service.material.ChapterService [http-nio-8080-exec-5] [CHAPTER] Trying to get all chapters for tutorial 7
2019-05-27 18:51:28,705 INFO rostem.service.material.ChapterService [http-nio-8080-exec-6] [CHAPTER] Trying to get all chapters for tutorial 8
2019-05-27 18:51:31,563 INFO rostem.service.material.ChapterService [http-nio-8080-exec-7] [CHAPTER] Trying to get all chapters for tutorial 7
2019-05-27 18:51:39,353 INFO rostem.service.material.TutorialService [http-nio-8080-exec-8] [TUTORIAL] Trying to get all tutorials for category 22
2019-05-27 18:51:41,062 INFO rostem.service.material.ChapterService [http-nio-8080-exec-1] [CHAPTER] Trying to get all chapters for tutorial 7
2019-05-27 18:51:42,447 INFO rostem.service.material.ChapterService [http-nio-8080-exec-10] [CHAPTER] Trying to get all chapters for tutorial 8
2019-05-27 18:51:43,885 INFO rostem.service.material.ChapterService [http-nio-8080-exec-9] [CHAPTER] Trying to get all chapters for tutorial 8
2019-05-27 18:52:17,840 INFO rostem.service.material.TutorialService [http-nio-8080-exec-2] [TUTORIAL] Trying to get all tutorials for category 22
2019-05-27 18:52:18,811 INFO rostem.service.material.ChapterService [http-nio-8080-exec-3] [CHAPTER] Trying to get all chapters for tutorial 8
2019-05-27 18:52:20,725 INFO rostem.service.material.ChapterService [http-nio-8080-exec-4] [CHAPTER] Trying to get all chapters for tutorial 7
2019-05-27 18:52:21,312 INFO rostem.service.material.ChapterService [http-nio-8080-exec-5] [CHAPTER] Trying to get all chapters for tutorial 7
2019-05-27 18:52:22,675 INFO rostem.service.material.CategoryService [http-nio-8080-exec-6] [CATEGORY] Get all categories
2019-05-27 18:52:23,727 INFO rostem.service.material.TutorialService [http-nio-8080-exec-7] [TUTORIAL] Trying to get all tutorials for category 23
2019-05-27 18:52:24,404 INFO rostem.service.material.ChapterService [http-nio-8080-exec-8] [CHAPTER] Trying to get all chapters for tutorial 9
2019-05-27 18:52:25,067 INFO rostem.service.material.ChapterService [http-nio-8080-exec-1] [CHAPTER] Trying to get all chapters for tutorial 9
2019-05-27 18:52:25,509 INFO rostem.service.material.ChapterService [http-nio-8080-exec-10] [CHAPTER] Trying to get all chapters for tutorial 10
2019-05-27 18:52:25,861 INFO rostem.service.material.ChapterService [http-nio-8080-exec-9] [CHAPTER] Trying to get all chapters for tutorial 10
2019-05-27 18:52:26,365 INFO rostem.service.material.ChapterService [http-nio-8080-exec-2] [CHAPTER] Trying to get all chapters for tutorial 11
2019-05-27 18:52:26,781 INFO rostem.service.material.ChapterService [http-nio-8080-exec-3] [CHAPTER] Trying to get all chapters for tutorial 11
2019-05-27 18:52:27,773 INFO rostem.service.material.CategoryService [http-nio-8080-exec-4] [CATEGORY] Get all categories
2019-05-27 18:52:28,785 INFO rostem.service.material.TutorialService [http-nio-8080-exec-5] [TUTORIAL] Trying to get all tutorials for category 24
2019-05-27 18:52:30,235 INFO rostem.service.material.CategoryService [http-nio-8080-exec-6] [CATEGORY] Get all categories
2019-05-27 18:52:30,971 INFO rostem.service.material.TutorialService [http-nio-8080-exec-7] [TUTORIAL] Trying to get all tutorials for category 25
2019-05-27 18:52:36,873 INFO rostem.service.material.CategoryService [http-nio-8080-exec-8] [CATEGORY] Get all categories
2019-05-27 18:52:37,487 INFO rostem.service.material.TutorialService [http-nio-8080-exec-1] [TUTORIAL] Trying to get all tutorials for category 22
2019-05-27 18:52:38,378 INFO rostem.service.material.ChapterService [http-nio-8080-exec-10] [CHAPTER] Trying to get all chapters for tutorial 7
2019-05-27 18:52:41,476 INFO rostem.service.material.ChapterService [http-nio-8080-exec-9] [CHAPTER] Trying to get all chapters for tutorial 8
2019-05-27 18:52:58,191 INFO rostem.service.material.ChapterService [http-nio-8080-exec-2] [CHAPTER] Trying to get all chapters for tutorial 8
2019-05-27 18:52:58,986 INFO rostem.service.material.ChapterService [http-nio-8080-exec-3] [CHAPTER] Trying to get all chapters for tutorial 7
2019-05-27 18:53:15,303 INFO rostem.service.users.RostemUserService [http-nio-8080-exec-4] [ADMIN] Get all users
2019-05-27 18:53:16,690 INFO rostem.service.material.CategoryService [http-nio-8080-exec-5] [CATEGORY] Get all categories
2019-05-27 18:53:16,694 INFO rostem.service.material.TutorialService [http-nio-8080-exec-6] [TUTORIAL] Get all tutorial
2019-05-27 18:53:18,628 INFO rostem.service.material.TutorialService [http-nio-8080-exec-7] [TUTORIAL] Get all tutorial
2019-05-27 18:53:18,628 INFO rostem.service.material.ChapterService [http-nio-8080-exec-8] [CHAPTER] Get all chapters.
2019-05-27 18:53:48,907 INFO rostem.service.material.CategoryService [http-nio-8080-exec-9] [CATEGORY] Get all categories
2019-05-27 18:53:49,875 INFO rostem.service.material.TutorialService [http-nio-8080-exec-2] [TUTORIAL] Trying to get all tutorials for category 22
2019-05-27 18:53:50,611 INFO rostem.service.material.ChapterService [http-nio-8080-exec-3] [CHAPTER] Trying to get all chapters for tutorial 8
2019-05-27 18:53:51,703 INFO rostem.service.material.ChapterService [http-nio-8080-exec-4] [CHAPTER] Trying to get all chapters for tutorial 8
2019-05-27 18:53:52,192 INFO rostem.service.material.ChapterService [http-nio-8080-exec-5] [CHAPTER] Trying to get all chapters for tutorial 7
2019-05-27 18:53:53,421 INFO rostem.service.material.ChapterService [http-nio-8080-exec-6] [CHAPTER] Trying to get all chapters for tutorial 7
2019-05-27 18:53:54,042 INFO rostem.service.material.ChapterService [http-nio-8080-exec-7] [CHAPTER] Trying to get all chapters for tutorial 8
2019-05-27 18:54:00,673 INFO rostem.service.material.TutorialService [http-nio-8080-exec-8] [TUTORIAL] Trying to get all tutorials for category 22
2019-05-27 18:54:02,042 INFO rostem.service.material.ChapterService [http-nio-8080-exec-1] [CHAPTER] Trying to get all chapters for tutorial 8
2019-05-27 18:54:04,177 INFO rostem.service.material.ChapterService [http-nio-8080-exec-10] [CHAPTER] Trying to get all chapters for tutorial 7
2019-05-27 18:54:07,475 INFO rostem.service.material.ChapterService [http-nio-8080-exec-9] [CHAPTER] Trying to get all chapters for tutorial 7
2019-05-27 18:54:08,933 INFO rostem.service.material.CategoryService [http-nio-8080-exec-2] [CATEGORY] Get all categories
2019-05-27 18:54:09,874 INFO rostem.service.material.TutorialService [http-nio-8080-exec-3] [TUTORIAL] Trying to get all tutorials for category 23
2019-05-27 18:54:10,677 INFO rostem.service.material.ChapterService [http-nio-8080-exec-4] [CHAPTER] Trying to get all chapters for tutorial 9
2019-05-27 18:54:11,135 INFO rostem.service.material.ChapterService [http-nio-8080-exec-5] [CHAPTER] Trying to get all chapters for tutorial 9
2019-05-27 18:54:11,593 INFO rostem.service.material.ChapterService [http-nio-8080-exec-6] [CHAPTER] Trying to get all chapters for tutorial 10
2019-05-27 18:54:11,998 INFO rostem.service.material.ChapterService [http-nio-8080-exec-7] [CHAPTER] Trying to get all chapters for tutorial 10
2019-05-27 18:54:12,458 INFO rostem.service.material.ChapterService [http-nio-8080-exec-8] [CHAPTER] Trying to get all chapters for tutorial 11
2019-05-27 18:54:12,908 INFO rostem.service.material.ChapterService [http-nio-8080-exec-1] [CHAPTER] Trying to get all chapters for tutorial 11
2019-05-27 18:54:17,780 INFO rostem.service.users.RostemUserService [http-nio-8080-exec-10] [ADMIN] Get all users
2019-05-27 18:54:22,218 INFO rostem.service.material.CategoryService [http-nio-8080-exec-2] [CATEGORY] Get all categories
2019-05-27 18:54:22,220 INFO rostem.service.material.TutorialService [http-nio-8080-exec-3] [TUTORIAL] Get all tutorial
2019-05-27 18:54:23,326 INFO rostem.service.material.TutorialService [http-nio-8080-exec-4] [TUTORIAL] Get all tutorial
2019-05-27 18:54:23,326 INFO rostem.service.material.ChapterService [http-nio-8080-exec-5] [CHAPTER] Get all chapters.
2019-05-27 18:55:51,665 INFO rostem.service.users.RostemUserService [http-nio-8080-exec-10] [ADMIN] Get all users
2019-05-27 18:56:00,839 INFO rostem.service.users.RostemUserService [http-nio-8080-exec-9] [ADMIN] Get all users
2019-05-27 18:56:11,523 INFO rostem.service.users.RostemUserService [http-nio-8080-exec-2] [ADMIN] Get all users
2019-05-27 18:56:23,870 INFO rostem.service.users.RostemUserService [http-nio-8080-exec-3] [ADMIN] Get all users
2019-05-27 18:56:26,879 INFO rostem.service.material.CategoryService [http-nio-8080-exec-5] [CATEGORY] Get all categories
2019-05-27 18:56:26,881 INFO rostem.service.material.TutorialService [http-nio-8080-exec-4] [TUTORIAL] Get all tutorial
2019-05-27 18:56:29,193 INFO rostem.service.material.TutorialService [http-nio-8080-exec-6] [TUTORIAL] Get all tutorial
2019-05-27 18:56:29,193 INFO rostem.service.material.ChapterService [http-nio-8080-exec-7] [CHAPTER] Get all chapters.
2019-05-27 18:56:39,727 INFO rostem.service.material.ChapterService [http-nio-8080-exec-1] [CHAPTER] Trying to add a new chapter new added
2019-05-27 18:56:39,954 INFO rostem.service.material.ChapterService [http-nio-8080-exec-10] [CHAPTER] Get all chapters.
2019-05-27 18:56:50,460 INFO rostem.service.material.CategoryService [http-nio-8080-exec-9] [CATEGORY] Get all categories
2019-05-27 18:56:51,805 INFO rostem.service.material.TutorialService [http-nio-8080-exec-2] [TUTORIAL] Trying to get all tutorials for category 22
2019-05-27 18:56:55,165 INFO rostem.service.material.ChapterService [http-nio-8080-exec-3] [CHAPTER] Trying to get all chapters for tutorial 7
2019-05-27 18:56:55,815 INFO rostem.service.material.ChapterService [http-nio-8080-exec-5] [CHAPTER] Trying to get all chapters for tutorial 7
2019-05-27 18:56:56,433 INFO rostem.service.material.ChapterService [http-nio-8080-exec-4] [CHAPTER] Trying to get all chapters for tutorial 8
2019-05-27 18:57:07,422 INFO rostem.service.material.ChapterService [http-nio-8080-exec-6] [CHAPTER] Trying to get all chapters for tutorial 8
2019-05-27 18:57:08,126 INFO rostem.service.material.ChapterService [http-nio-8080-exec-7] [CHAPTER] Trying to get all chapters for tutorial 7
2019-05-27 18:57:08,710 INFO rostem.service.material.ChapterService [http-nio-8080-exec-8] [CHAPTER] Trying to get all chapters for tutorial 7
2019-05-27 18:57:16,471 INFO rostem.service.users.RostemUserService [http-nio-8080-exec-1] [ADMIN] Get all users
2019-05-27 18:57:19,255 INFO rostem.service.material.TutorialService [http-nio-8080-exec-9] [TUTORIAL] Get all tutorial
2019-05-27 18:57:19,255 INFO rostem.service.material.CategoryService [http-nio-8080-exec-10] [CATEGORY] Get all categories
2019-05-27 18:57:20,344 INFO rostem.service.material.ChapterService [http-nio-8080-exec-3] [CHAPTER] Get all chapters.
2019-05-27 18:57:20,344 INFO rostem.service.material.TutorialService [http-nio-8080-exec-2] [TUTORIAL] Get all tutorial
2019-05-27 18:58:00,149 INFO rostem.service.users.RostemUserService [http-nio-8080-exec-5] [ADMIN] Get all users
2019-05-27 18:58:11,921 INFO rostem.service.users.RostemUserService [http-nio-8080-exec-4] [ADMIN] Get all users
2019-05-27 18:58:25,583 INFO rostem.service.users.RostemUserService [http-nio-8080-exec-7] [ADMIN] Get all users
2019-05-27 18:58:31,795 INFO rostem.service.users.RostemUserService [http-nio-8080-exec-8] [ADMIN] Get all users
2019-05-27 18:58:45,257 INFO rostem.service.users.RostemUserService [http-nio-8080-exec-1] [ADMIN] Get all users
2019-05-27 18:58:49,692 INFO rostem.service.material.CategoryService [http-nio-8080-exec-10] [CATEGORY] Get all categories
2019-05-27 18:58:51,186 INFO rostem.service.material.ChapterService [http-nio-8080-exec-3] [CHAPTER] Get all chapters.
2019-05-27 18:58:51,186 INFO rostem.service.material.TutorialService [http-nio-8080-exec-9] [TUTORIAL] Get all tutorial
2019-05-27 18:59:03,201 INFO rostem.service.users.RostemUserService [http-nio-8080-exec-2] [ADMIN] Get all users
2019-05-27 18:59:04,206 INFO rostem.service.material.ChapterService [http-nio-8080-exec-4] [CHAPTER] Get all chapters.
2019-05-27 18:59:04,206 INFO rostem.service.material.TutorialService [http-nio-8080-exec-5] [TUTORIAL] Get all tutorial
2019-05-27 18:59:21,288 INFO rostem.service.material.ChapterService [http-nio-8080-exec-7] [CHAPTER] Trying to add a new chapter asda
2019-05-27 18:59:21,331 INFO rostem.service.material.ChapterService [http-nio-8080-exec-8] [CHAPTER] Get all chapters.
2019-05-27 18:59:25,472 INFO rostem.service.material.CategoryService [http-nio-8080-exec-1] [CATEGORY] Get all categories
2019-05-27 18:59:26,684 INFO rostem.service.material.TutorialService [http-nio-8080-exec-10] [TUTORIAL] Trying to get all tutorials for category 23
2019-05-27 18:59:27,397 INFO rostem.service.material.ChapterService [http-nio-8080-exec-9] [CHAPTER] Trying to get all chapters for tutorial 9
2019-05-27 18:59:37,913 INFO rostem.service.material.ChapterService [http-nio-8080-exec-3] [CHAPTER] Trying to get all chapters for tutorial 9
2019-05-27 18:59:43,294 INFO rostem.service.material.ChapterService [http-nio-8080-exec-2] [CHAPTER] Trying to get all chapters for tutorial 9
2019-05-27 19:00:02,592 INFO rostem.service.material.TutorialService [http-nio-8080-exec-5] [TUTORIAL] Trying to get all tutorials for category 23
2019-05-27 19:00:03,440 INFO rostem.service.material.ChapterService [http-nio-8080-exec-4] [CHAPTER] Trying to get all chapters for tutorial 9
2019-05-27 19:00:12,241 INFO rostem.service.material.TutorialService [http-nio-8080-exec-7] [TUTORIAL] Trying to get all tutorials for category 22
2019-05-27 19:00:13,516 INFO rostem.service.material.ChapterService [http-nio-8080-exec-8] [CHAPTER] Trying to get all chapters for tutorial 7
2019-05-27 19:00:15,200 INFO rostem.service.material.ChapterService [http-nio-8080-exec-1] [CHAPTER] Trying to get all chapters for tutorial 8
2019-05-27 19:00:19,556 INFO rostem.service.material.ChapterService [http-nio-8080-exec-10] [CHAPTER] Trying to get all chapters for tutorial 8
2019-05-27 19:00:25,181 INFO rostem.service.material.TutorialService [http-nio-8080-exec-9] [TUTORIAL] Trying to get all tutorials for category 22
2019-05-27 19:00:25,581 INFO rostem.service.material.TutorialService [http-nio-8080-exec-3] [TUTORIAL] Trying to get all tutorials for category 23
2019-05-27 19:00:27,148 INFO rostem.service.material.ChapterService [http-nio-8080-exec-2] [CHAPTER] Trying to get all chapters for tutorial 7
2019-05-27 19:00:29,032 INFO rostem.service.material.ChapterService [http-nio-8080-exec-5] [CHAPTER] Trying to get all chapters for tutorial 8
2019-05-27 19:00:30,535 INFO rostem.service.material.ChapterService [http-nio-8080-exec-4] [CHAPTER] Trying to get all chapters for tutorial 8
2019-05-27 19:00:31,290 INFO rostem.service.material.ChapterService [http-nio-8080-exec-6] [CHAPTER] Trying to get all chapters for tutorial 8
2019-05-27 19:00:34,574 INFO rostem.service.material.ChapterService [http-nio-8080-exec-7] [CHAPTER] Trying to get all chapters for tutorial 7
2019-05-27 19:00:35,526 INFO rostem.service.material.ChapterService [http-nio-8080-exec-8] [CHAPTER] Trying to get all chapters for tutorial 7
2019-05-27 19:00:36,635 INFO rostem.service.material.ChapterService [http-nio-8080-exec-1] [CHAPTER] Trying to get all chapters for tutorial 8
2019-05-27 19:00:39,230 INFO rostem.service.material.ChapterService [http-nio-8080-exec-10] [CHAPTER] Trying to get all chapters for tutorial 8
2019-05-27 19:00:40,198 INFO rostem.service.material.ChapterService [http-nio-8080-exec-9] [CHAPTER] Trying to get all chapters for tutorial 8
2019-05-27 19:02:20,071 INFO rostem.service.material.ChapterService [http-nio-8080-exec-2] [CHAPTER] Trying to get all chapters for tutorial 9
2019-05-27 19:02:26,370 INFO rostem.service.material.ChapterService [http-nio-8080-exec-5] [CHAPTER] Trying to get all chapters for tutorial 8
2019-05-27 19:02:29,976 INFO rostem.service.material.ChapterService [http-nio-8080-exec-4] [CHAPTER] Trying to get all chapters for tutorial 8
2019-05-27 19:02:31,315 INFO rostem.service.material.ChapterService [http-nio-8080-exec-6] [CHAPTER] Trying to get all chapters for tutorial 8
2019-05-27 19:02:55,358 INFO rostem.service.material.TutorialService [http-nio-8080-exec-7] [TUTORIAL] Trying to get all tutorials for category 22
2019-05-27 19:04:50,403 INFO rostem.service.material.ChapterService [http-nio-8080-exec-1] [CHAPTER] Trying to get all chapters for tutorial 7
2019-05-27 19:04:55,876 INFO rostem.service.material.ChapterService [http-nio-8080-exec-10] [CHAPTER] Trying to get all chapters for tutorial 8
2019-05-27 19:04:57,323 INFO rostem.service.material.ChapterService [http-nio-8080-exec-9] [CHAPTER] Trying to get all chapters for tutorial 8
2019-05-27 19:04:57,931 INFO rostem.service.material.ChapterService [http-nio-8080-exec-3] [CHAPTER] Trying to get all chapters for tutorial 7
2019-05-27 19:07:54,412 INFO rostem.service.material.ChapterService [http-nio-8080-exec-5] [CHAPTER] Trying to get all chapters for tutorial 9
2019-05-27 19:09:06,666 INFO rostem.service.material.TutorialService [http-nio-8080-exec-6] [TUTORIAL] Trying to get all tutorials for category 23
2019-05-27 19:09:06,785 INFO rostem.service.material.TutorialService [http-nio-8080-exec-7] [TUTORIAL] Trying to get all tutorials for category 22
2019-05-27 19:09:26,243 INFO rostem.service.material.TutorialService [http-nio-8080-exec-8] [TUTORIAL] Trying to get all tutorials for category 23
2019-05-27 19:09:26,332 INFO rostem.service.material.TutorialService [http-nio-8080-exec-1] [TUTORIAL] Trying to get all tutorials for category 22
2019-05-27 19:14:10,106 INFO rostem.service.material.TutorialService [http-nio-8080-exec-9] [TUTORIAL] Trying to get all tutorials for category 23
2019-05-27 19:14:10,121 INFO rostem.service.material.TutorialService [http-nio-8080-exec-3] [TUTORIAL] Trying to get all tutorials for category 22
2019-05-27 19:14:22,281 INFO rostem.service.material.TutorialService [http-nio-8080-exec-2] [TUTORIAL] Trying to get all tutorials for category 23
2019-05-27 19:14:22,316 INFO rostem.service.material.TutorialService [http-nio-8080-exec-5] [TUTORIAL] Trying to get all tutorials for category 22
2019-05-27 19:14:26,489 INFO rostem.service.material.CategoryService [http-nio-8080-exec-4] [CATEGORY] Get all categories
2019-05-27 19:14:28,563 INFO rostem.service.material.TutorialService [http-nio-8080-exec-6] [TUTORIAL] Trying to get all tutorials for category 22
2019-05-27 19:14:43,590 INFO rostem.service.material.TutorialService [http-nio-8080-exec-7] [TUTORIAL] Trying to get all tutorials for category 22
2019-05-27 19:15:59,143 INFO rostem.service.material.TutorialService [http-nio-8080-exec-10] [TUTORIAL] Trying to get all tutorials for category 22
2019-05-27 19:16:34,489 INFO rostem.service.material.TutorialService [http-nio-8080-exec-3] [TUTORIAL] Trying to get all tutorials for category 22
2019-05-27 19:16:44,666 INFO rostem.service.material.TutorialService [http-nio-8080-exec-9] [TUTORIAL] Trying to get all tutorials for category 22
2019-05-27 19:16:50,268 INFO rostem.service.material.ChapterService [http-nio-8080-exec-2] [CHAPTER] Trying to get all chapters for tutorial 7
2019-05-27 19:16:53,232 INFO rostem.service.material.ChapterService [http-nio-8080-exec-5] [CHAPTER] Trying to get all chapters for tutorial 7
2019-05-27 19:16:54,237 INFO rostem.service.material.ChapterService [http-nio-8080-exec-4] [CHAPTER] Trying to get all chapters for tutorial 7
2019-05-27 19:16:54,888 INFO rostem.service.material.ChapterService [http-nio-8080-exec-6] [CHAPTER] Trying to get all chapters for tutorial 7
2019-05-27 19:16:55,242 INFO rostem.service.material.ChapterService [http-nio-8080-exec-7] [CHAPTER] Trying to get all chapters for tutorial 7
2019-05-27 19:16:55,514 INFO rostem.service.material.ChapterService [http-nio-8080-exec-8] [CHAPTER] Trying to get all chapters for tutorial 7
2019-05-27 19:16:55,715 INFO rostem.service.material.ChapterService [http-nio-8080-exec-1] [CHAPTER] Trying to get all chapters for tutorial 7
2019-05-27 19:16:55,951 INFO rostem.service.material.ChapterService [http-nio-8080-exec-10] [CHAPTER] Trying to get all chapters for tutorial 7
2019-05-27 19:16:56,175 INFO rostem.service.material.ChapterService [http-nio-8080-exec-3] [CHAPTER] Trying to get all chapters for tutorial 7
2019-05-27 19:16:56,405 INFO rostem.service.material.ChapterService [http-nio-8080-exec-9] [CHAPTER] Trying to get all chapters for tutorial 7
2019-05-27 19:16:56,668 INFO rostem.service.material.ChapterService [http-nio-8080-exec-2] [CHAPTER] Trying to get all chapters for tutorial 7
2019-05-27 19:16:56,954 INFO rostem.service.material.ChapterService [http-nio-8080-exec-5] [CHAPTER] Trying to get all chapters for tutorial 7
2019-05-27 19:16:57,665 INFO rostem.service.material.ChapterService [http-nio-8080-exec-4] [CHAPTER] Trying to get all chapters for tutorial 7
2019-05-27 19:16:58,184 INFO rostem.service.material.ChapterService [http-nio-8080-exec-6] [CHAPTER] Trying to get all chapters for tutorial 7
2019-05-27 19:16:58,734 INFO rostem.service.material.ChapterService [http-nio-8080-exec-7] [CHAPTER] Trying to get all chapters for tutorial 7
2019-05-27 19:16:59,294 INFO rostem.service.material.ChapterService [http-nio-8080-exec-8] [CHAPTER] Trying to get all chapters for tutorial 7
2019-05-27 19:16:59,775 INFO rostem.service.material.ChapterService [http-nio-8080-exec-1] [CHAPTER] Trying to get all chapters for tutorial 7
2019-05-27 19:17:00,371 INFO rostem.service.material.ChapterService [http-nio-8080-exec-10] [CHAPTER] Trying to get all chapters for tutorial 7
2019-05-27 19:17:00,968 INFO rostem.service.material.ChapterService [http-nio-8080-exec-3] [CHAPTER] Trying to get all chapters for tutorial 7
2019-05-27 19:17:01,494 INFO rostem.service.material.ChapterService [http-nio-8080-exec-9] [CHAPTER] Trying to get all chapters for tutorial 7
2019-05-27 19:17:02,002 INFO rostem.service.material.ChapterService [http-nio-8080-exec-2] [CHAPTER] Trying to get all chapters for tutorial 7
2019-05-27 19:17:02,530 INFO rostem.service.material.ChapterService [http-nio-8080-exec-5] [CHAPTER] Trying to get all chapters for tutorial 7
2019-05-27 19:17:51,947 INFO rostem.service.material.TutorialService [http-nio-8080-exec-4] [TUTORIAL] Trying to get all tutorials for category 22
2019-05-27 19:18:03,468 INFO rostem.service.material.TutorialService [http-nio-8080-exec-6] [TUTORIAL] Trying to get all tutorials for category 22
2019-05-27 19:18:27,477 INFO rostem.service.material.TutorialService [http-nio-8080-exec-7] [TUTORIAL] Trying to get all tutorials for category 22
2019-05-27 19:19:27,875 INFO rostem.service.material.TutorialService [http-nio-8080-exec-1] [TUTORIAL] Trying to get all tutorials for category 22
2019-05-27 19:19:54,074 INFO rostem.service.material.TutorialService [http-nio-8080-exec-10] [TUTORIAL] Trying to get all tutorials for category 22
2019-05-27 19:20:13,318 INFO rostem.service.material.TutorialService [http-nio-8080-exec-3] [TUTORIAL] Trying to get all tutorials for category 22
2019-05-27 19:20:23,556 INFO rostem.service.material.TutorialService [http-nio-8080-exec-9] [TUTORIAL] Trying to get all tutorials for category 22
2019-05-27 19:20:34,311 INFO rostem.service.material.ChapterService [http-nio-8080-exec-2] [CHAPTER] Trying to get all chapters for tutorial 7
2019-05-27 19:20:35,792 INFO rostem.service.material.ChapterService [http-nio-8080-exec-5] [CHAPTER] Trying to get all chapters for tutorial 7
2019-05-27 19:20:36,312 INFO rostem.service.material.ChapterService [http-nio-8080-exec-4] [CHAPTER] Trying to get all chapters for tutorial 7
2019-05-27 19:20:36,930 INFO rostem.service.material.ChapterService [http-nio-8080-exec-6] [CHAPTER] Trying to get all chapters for tutorial 7
2019-05-27 19:20:37,317 INFO rostem.service.material.ChapterService [http-nio-8080-exec-7] [CHAPTER] Trying to get all chapters for tutorial 7
2019-05-27 19:20:37,626 INFO rostem.service.material.ChapterService [http-nio-8080-exec-8] [CHAPTER] Trying to get all chapters for tutorial 7
2019-05-27 19:20:37,845 INFO rostem.service.material.ChapterService [http-nio-8080-exec-1] [CHAPTER] Trying to get all chapters for tutorial 7
2019-05-27 19:20:38,075 INFO rostem.service.material.ChapterService [http-nio-8080-exec-10] [CHAPTER] Trying to get all chapters for tutorial 7
2019-05-27 19:20:38,266 INFO rostem.service.material.ChapterService [http-nio-8080-exec-3] [CHAPTER] Trying to get all chapters for tutorial 7
2019-05-27 19:20:38,490 INFO rostem.service.material.ChapterService [http-nio-8080-exec-9] [CHAPTER] Trying to get all chapters for tutorial 7
2019-05-27 19:20:38,689 INFO rostem.service.material.ChapterService [http-nio-8080-exec-2] [CHAPTER] Trying to get all chapters for tutorial 7
2019-05-27 19:20:38,913 INFO rostem.service.material.ChapterService [http-nio-8080-exec-5] [CHAPTER] Trying to get all chapters for tutorial 7
2019-05-27 19:20:39,306 INFO rostem.service.material.ChapterService [http-nio-8080-exec-4] [CHAPTER] Trying to get all chapters for tutorial 7
2019-05-27 19:20:39,366 INFO rostem.service.material.ChapterService [http-nio-8080-exec-6] [CHAPTER] Trying to get all chapters for tutorial 7
2019-05-27 19:20:39,608 INFO rostem.service.material.ChapterService [http-nio-8080-exec-7] [CHAPTER] Trying to get all chapters for tutorial 7
2019-05-27 19:20:39,899 INFO rostem.service.material.ChapterService [http-nio-8080-exec-8] [CHAPTER] Trying to get all chapters for tutorial 7
2019-05-27 19:20:40,317 INFO rostem.service.material.ChapterService [http-nio-8080-exec-1] [CHAPTER] Trying to get all chapters for tutorial 7
2019-05-27 19:20:40,664 INFO rostem.service.material.ChapterService [http-nio-8080-exec-10] [CHAPTER] Trying to get all chapters for tutorial 7
2019-05-27 19:20:41,501 INFO rostem.service.material.ChapterService [http-nio-8080-exec-3] [CHAPTER] Trying to get all chapters for tutorial 7
2019-05-27 19:20:41,963 INFO rostem.service.material.ChapterService [http-nio-8080-exec-9] [CHAPTER] Trying to get all chapters for tutorial 7
2019-05-27 19:21:11,239 INFO rostem.service.material.ChapterService [http-nio-8080-exec-2] [CHAPTER] Trying to get all chapters for tutorial 7
2019-05-27 19:21:11,874 INFO rostem.service.material.ChapterService [http-nio-8080-exec-5] [CHAPTER] Trying to get all chapters for tutorial 7
2019-05-27 19:21:12,189 INFO rostem.service.material.ChapterService [http-nio-8080-exec-4] [CHAPTER] Trying to get all chapters for tutorial 7
2019-05-27 19:21:12,483 INFO rostem.service.material.ChapterService [http-nio-8080-exec-6] [CHAPTER] Trying to get all chapters for tutorial 7
2019-05-27 19:21:12,783 INFO rostem.service.material.ChapterService [http-nio-8080-exec-7] [CHAPTER] Trying to get all chapters for tutorial 7
2019-05-27 19:21:13,096 INFO rostem.service.material.ChapterService [http-nio-8080-exec-8] [CHAPTER] Trying to get all chapters for tutorial 7
2019-05-27 19:21:13,429 INFO rostem.service.material.ChapterService [http-nio-8080-exec-1] [CHAPTER] Trying to get all chapters for tutorial 7
2019-05-27 19:21:13,752 INFO rostem.service.material.ChapterService [http-nio-8080-exec-10] [CHAPTER] Trying to get all chapters for tutorial 7
2019-05-27 19:21:14,072 INFO rostem.service.material.ChapterService [http-nio-8080-exec-3] [CHAPTER] Trying to get all chapters for tutorial 7
2019-05-27 19:21:14,433 INFO rostem.service.material.ChapterService [http-nio-8080-exec-9] [CHAPTER] Trying to get all chapters for tutorial 7
2019-05-27 19:21:14,752 INFO rostem.service.material.ChapterService [http-nio-8080-exec-2] [CHAPTER] Trying to get all chapters for tutorial 7
2019-05-27 19:21:15,049 INFO rostem.service.material.ChapterService [http-nio-8080-exec-5] [CHAPTER] Trying to get all chapters for tutorial 7
2019-05-27 19:21:15,375 INFO rostem.service.material.ChapterService [http-nio-8080-exec-4] [CHAPTER] Trying to get all chapters for tutorial 7
2019-05-27 19:21:15,676 INFO rostem.service.material.ChapterService [http-nio-8080-exec-6] [CHAPTER] Trying to get all chapters for tutorial 7
2019-05-27 19:21:15,839 INFO rostem.service.material.ChapterService [http-nio-8080-exec-7] [CHAPTER] Trying to get all chapters for tutorial 7
2019-05-27 19:21:16,012 INFO rostem.service.material.ChapterService [http-nio-8080-exec-8] [CHAPTER] Trying to get all chapters for tutorial 7
2019-05-27 19:21:16,188 INFO rostem.service.material.ChapterService [http-nio-8080-exec-1] [CHAPTER] Trying to get all chapters for tutorial 7
2019-05-27 19:21:16,358 INFO rostem.service.material.ChapterService [http-nio-8080-exec-10] [CHAPTER] Trying to get all chapters for tutorial 7
2019-05-27 19:21:16,831 INFO rostem.service.material.ChapterService [http-nio-8080-exec-3] [CHAPTER] Trying to get all chapters for tutorial 7
2019-05-27 19:22:40,663 INFO rostem.service.material.TutorialService [http-nio-8080-exec-2] [TUTORIAL] Trying to get all tutorials for category 22
2019-05-27 19:22:42,979 INFO rostem.service.material.ChapterService [http-nio-8080-exec-5] [CHAPTER] Trying to get all chapters for tutorial 7
2019-05-27 19:22:43,694 INFO rostem.service.material.ChapterService [http-nio-8080-exec-4] [CHAPTER] Trying to get all chapters for tutorial 7
2019-05-27 19:22:44,467 INFO rostem.service.material.ChapterService [http-nio-8080-exec-6] [CHAPTER] Trying to get all chapters for tutorial 7
2019-05-27 19:22:45,466 INFO rostem.service.material.ChapterService [http-nio-8080-exec-7] [CHAPTER] Trying to get all chapters for tutorial 8
2019-05-27 19:22:50,918 INFO rostem.service.material.ChapterService [http-nio-8080-exec-8] [CHAPTER] Trying to get all chapters for tutorial 8
2019-05-27 19:34:38,667 INFO rostem.service.material.ChapterService [http-nio-8080-exec-10] [CHAPTER] Trying to get all chapters for tutorial 7
2019-05-27 19:34:39,117 INFO rostem.service.material.ChapterService [http-nio-8080-exec-3] [CHAPTER] Trying to get all chapters for tutorial 7
2019-05-27 19:34:39,762 INFO rostem.service.material.ChapterService [http-nio-8080-exec-9] [CHAPTER] Trying to get all chapters for tutorial 8
2019-05-27 19:34:40,422 INFO rostem.service.material.ChapterService [http-nio-8080-exec-2] [CHAPTER] Trying to get all chapters for tutorial 8
2019-05-27 19:34:43,934 WARN com.zaxxer.hikari.pool.HikariPool$HouseKeeper [HikariPool-1 housekeeper] HikariPool-1 - Thread starvation or clock leap detected (housekeeper delta=11m34s433ms412µs474ns).
2019-05-27 19:39:45,135 INFO rostem.service.material.TutorialService [http-nio-8080-exec-4] [TUTORIAL] Trying to get all tutorials for category 22
2019-05-27 19:43:20,895 INFO rostem.service.material.TutorialService [http-nio-8080-exec-7] [TUTORIAL] Trying to get all tutorials for category 22
2019-05-27 19:44:16,831 INFO org.springframework.scheduling.concurrent.ExecutorConfigurationSupport [Thread-22] Shutting down ExecutorService 'applicationTaskExecutor'
2019-05-27 19:44:16,886 INFO com.zaxxer.hikari.HikariDataSource [Thread-22] HikariPool-1 - Shutdown initiated...
2019-05-27 19:44:16,953 INFO com.zaxxer.hikari.HikariDataSource [Thread-22] HikariPool-1 - Shutdown completed.
