2019-06-09 20:17:14,173 INFO org.springframework.boot.StartupInfoLogger [main] Starting RostemApplication on ROgradi04 with PID 17740 (C:\ubb\licenta\rostem\ROSTEM\out\production\classes started by gradi in C:\ubb\licenta\rostem\ROSTEM)
2019-06-09 20:17:14,180 DEBUG org.springframework.boot.StartupInfoLogger [main] Running with Spring Boot v2.1.2.RELEASE, Spring v5.1.4.RELEASE
2019-06-09 20:17:14,180 INFO org.springframework.boot.SpringApplication [main] No active profile set, falling back to default profiles: default
2019-06-09 20:17:15,957 INFO org.springframework.data.repository.config.RepositoryConfigurationDelegate [main] Bootstrapping Spring Data repositories in DEFAULT mode.
2019-06-09 20:17:16,090 INFO org.springframework.data.repository.config.RepositoryConfigurationDelegate [main] Finished Spring Data repository scanning in 121ms. Found 7 repository interfaces.
2019-06-09 20:17:16,966 INFO org.springframework.context.support.PostProcessorRegistrationDelegate$BeanPostProcessorChecker [main] Bean 'org.springframework.security.config.annotation.configuration.ObjectPostProcessorConfiguration' of type [org.springframework.security.config.annotation.configuration.ObjectPostProcessorConfiguration$$EnhancerBySpringCGLIB$$4add39c1] is not eligible for getting processed by all BeanPostProcessors (for example: not eligible for auto-proxying)
2019-06-09 20:17:16,977 INFO org.springframework.context.support.PostProcessorRegistrationDelegate$BeanPostProcessorChecker [main] Bean 'objectPostProcessor' of type [org.springframework.security.config.annotation.configuration.AutowireBeanFactoryObjectPostProcessor] is not eligible for getting processed by all BeanPostProcessors (for example: not eligible for auto-proxying)
2019-06-09 20:17:16,985 INFO org.springframework.context.support.PostProcessorRegistrationDelegate$BeanPostProcessorChecker [main] Bean 'org.springframework.security.access.expression.method.DefaultMethodSecurityExpressionHandler@205df5dc' of type [org.springframework.security.access.expression.method.DefaultMethodSecurityExpressionHandler] is not eligible for getting processed by all BeanPostProcessors (for example: not eligible for auto-proxying)
2019-06-09 20:17:16,992 INFO org.springframework.context.support.PostProcessorRegistrationDelegate$BeanPostProcessorChecker [main] Bean 'org.springframework.security.config.annotation.method.configuration.GlobalMethodSecurityConfiguration' of type [org.springframework.security.config.annotation.method.configuration.GlobalMethodSecurityConfiguration$$EnhancerBySpringCGLIB$$6fb1dc73] is not eligible for getting processed by all BeanPostProcessors (for example: not eligible for auto-proxying)
2019-06-09 20:17:17,000 INFO org.springframework.context.support.PostProcessorRegistrationDelegate$BeanPostProcessorChecker [main] Bean 'methodSecurityMetadataSource' of type [org.springframework.security.access.method.DelegatingMethodSecurityMetadataSource] is not eligible for getting processed by all BeanPostProcessors (for example: not eligible for auto-proxying)
2019-06-09 20:17:17,070 INFO org.springframework.context.support.PostProcessorRegistrationDelegate$BeanPostProcessorChecker [main] Bean 'org.springframework.transaction.annotation.ProxyTransactionManagementConfiguration' of type [org.springframework.transaction.annotation.ProxyTransactionManagementConfiguration$$EnhancerBySpringCGLIB$$b22f7187] is not eligible for getting processed by all BeanPostProcessors (for example: not eligible for auto-proxying)
2019-06-09 20:17:17,792 INFO org.springframework.boot.web.embedded.tomcat.TomcatWebServer [main] Tomcat initialized with port(s): 8080 (http)
2019-06-09 20:17:17,812 INFO org.apache.juli.logging.DirectJDKLog [main] Initializing ProtocolHandler ["http-nio-8080"]
2019-06-09 20:17:17,822 INFO org.apache.juli.logging.DirectJDKLog [main] Starting service [Tomcat]
2019-06-09 20:17:17,822 INFO org.apache.juli.logging.DirectJDKLog [main] Starting Servlet engine: [Apache Tomcat/9.0.14]
2019-06-09 20:17:17,830 INFO org.apache.juli.logging.DirectJDKLog [main] The APR based Apache Tomcat Native library which allows optimal performance in production environments was not found on the java.library.path: [C:\Program Files\Zulu\zulu-8\bin;C:\windows\Sun\Java\bin;C:\windows\system32;C:\windows;C:\Program Files\Microsoft MPI\Bin\;C:\Program Files\Microsoft HPC Pack 2012\Bin\;C:\Python27\;C:\Python27\Scripts;c:\program files (x86)\common files\oracle\java\javapath;c:\programdata\oracle\java\javapath;C:\windows\system32;C:\windows;C:\windows\system32\wbem;C:\windows\system32\windowspowershell\v1.0\;c:\windows\system32;c:\windows\system32;c:\windows\system32;c:\windows\system32;c:\windows\system32;c:\windows\system32;c:\windows\system32;c:\windows\system32;c:\windows\system32;c:\windows\system32;c:\windows\system32;c:\windows\system32;c:\windows\system32;c:\windows\system32;c:\windows\system32;c:\windows\system32;c:\windows\system32;c:\windows\system32;c:\windows\system32;c:\windows\system32;c:\windows\system32;c:\windows\system32;c:\windows\system32;c:\windows\system32;c:\windows\system32;c:\windows\system32;c:\windows\system32;c:\windows\system32;c:\windows\system32;c:\windows\system32;c:\windows\system32;c:\windows\system32;c:\windows\system32;c:\windows\system32;c:\windows\system32;c:\windows\system32;c:\windows\system32;c:\windows\system32;c:\windows\system32;c:\windows\system32;c:\windows\system32;c:\windows\system32;c:\windows\system32;c:\windows\system32;c:\windows\system32;c:\windows\system32;c:\windows\system32;c:\windows\system32;c:\windows\system32;c:\windows\system32;c:\windows\system32;c:\windows\system32;c:\windows\system32;c:\windows\system32;c:\windows\system32;c:\windows\system32;c:\windows\system32;c:\windows\system32;c:\windows\system32;c:\windows\system32;c:\windows\system32;c:\windows\system32;c:\windows\system32;c:\windows\system32;c:\windows\system32;c:\windows\system32;C:\Program Files\dotnet\;%M2_HOME%\bin;C:\Program Files\Microsoft MPI\Bin\;C:\Program Files\Microsoft HPC Pack 2012\Bin\;C:\Python27\;C:\Python27\Scripts;c:\program files (x86)\common files\oracle\java\javapath;c:\programdata\oracle\java\javapath;C:\windows\system32;C:\windows;C:\windows\system32\wbem;C:\windows\system32\windowspowershell\v1.0\;c:\windows\system32;c:\windows\system32;c:\windows\system32;c:\windows\system32;c:\windows\system32;c:\windows\system32;c:\windows\system32;c:\windows\system32;c:\windows\system32;c:\windows\system32;c:\windows\system32;c:\windows\system32;c:\windows\system32;c:\windows\system32;c:\windows\system32;c:\windows\system32;c:\windows\system32;c:\windows\system32;c:\windows\system32;c:\windows\system32;c:\windows\system32;c:\windows\system32;c:\windows\system32;c:\windows\system32;c:\windows\system32;c:\windows\system32;c:\windows\system32;c:\windows\system32;c:\windows\system32;c:\windows\system32;c:\windows\system32;c:\windows\system32;c:\windows\system32;c:\windows\system32;c:\windows\system32;c:\windows\system32;c:\windows\system32;c:\windows\system32;c:\windows\system32;c:\windows\system32;c:\windows\system32;c:\windows\system32;c:\windows\system32;c:\windows\system32;c:\windows\system32;c:\windows\system32;c:\windows\system32;c:\windows\system32;c:\windows\system32;c:\windows\system32;c:\windows\system32;c:\windows\system32;c:\windows\system32;c:\windows\system32;c:\windows\system32;c:\windows\system32;c:\windows\system32;c:\windows\system32;c:\windows\system32;c:\windows\system32;c:\windows\system32;c:\windows\system32;c:\windows\system32;c:\windows\system32;c:\windows\system32;c:\windows\system32;C:\Program Files\dotnet\;%M2_HOME%\bin;C:\Program Files\Microsoft MPI\Bin\;C:\Program Files\Microsoft HPC Pack 2012\Bin\;C:\Python27\;C:\Python27\Scripts;c:\program files (x86)\common files\oracle\java\javapath;c:\programdata\oracle\java\javapath;C:\windows\system32;C:\windows;C:\windows\system32\wbem;C:\windows\system32\windowspowershell\v1.0\;c:\windows\system32;c:\windows\system32;c:\windows\system32;c:\windows\system32;c:\windows\system32;c:\windows\system32;c:\windows\system32;c:\windows\system32;c:\windows\system32;c:\windows\system32;c:\windows\system32;c:\windows\system32;c:\windows\system32;c:\windows\system32;c:\windows\system32;c:\windows\system32;c:\windows\system32;c:\windows\system32;c:\windows\system32;c:\windows\system32;c:\windows\system32;c:\windows\system32;c:\windows\sy;C:\Users\gradi.CORPDOM\AppData\Local\Microsoft\WindowsApps;C:\Users\gradi.CORPDOM\AppData\Local\Programs\Microsoft VS Code\bin;C:\Program Files\Zulu\zulu-8;-Xms512m -Xmx1524m;%M2_PATH%\bin;C:\work\apache-maven-3.3.9\bin;C:\Users\gradi.CORPDOM\AppData\Local\Android\Sdk\platform-tools;C:\Program Files\JetBrains\PyCharm 2018.3.2\bin;C:\MinGW\bin;C:\GnuWin32\bin;C:\Users\gradi.CORPDOM\AppData\Roaming\npm;.]
2019-06-09 20:17:18,100 INFO org.apache.juli.logging.DirectJDKLog [main] Initializing Spring embedded WebApplicationContext
2019-06-09 20:17:18,101 INFO org.springframework.boot.web.servlet.context.ServletWebServerApplicationContext [main] Root WebApplicationContext: initialization completed in 3865 ms
2019-06-09 20:17:18,257 INFO com.zaxxer.hikari.HikariDataSource [main] HikariPool-1 - Starting...
2019-06-09 20:17:18,507 INFO com.zaxxer.hikari.HikariDataSource [main] HikariPool-1 - Start completed.
2019-06-09 20:17:18,610 INFO org.hibernate.jpa.internal.util.LogHelper [main] HHH000204: Processing PersistenceUnitInfo [
	name: default
	...]
2019-06-09 20:17:18,757 INFO org.hibernate.Version [main] HHH000412: Hibernate Core {5.3.7.Final}
2019-06-09 20:17:18,763 INFO org.hibernate.cfg.Environment [main] HHH000206: hibernate.properties not found
2019-06-09 20:17:19,108 INFO org.hibernate.annotations.common.reflection.java.JavaReflectionManager [main] HCANN000001: Hibernate Commons Annotations {5.0.4.Final}
2019-06-09 20:17:19,474 INFO org.hibernate.dialect.Dialect [main] HHH000400: Using dialect: org.hibernate.dialect.PostgreSQL95Dialect
2019-06-09 20:17:19,825 INFO org.hibernate.engine.jdbc.env.internal.LobCreatorBuilderImpl [main] HHH000424: Disabling contextual LOB creation as createClob() method threw error : java.lang.reflect.InvocationTargetException
java.lang.reflect.InvocationTargetException: null
	at sun.reflect.NativeMethodAccessorImpl.invoke0(Native Method)
	at sun.reflect.NativeMethodAccessorImpl.invoke(NativeMethodAccessorImpl.java:62)
	at sun.reflect.DelegatingMethodAccessorImpl.invoke(DelegatingMethodAccessorImpl.java:43)
	at java.lang.reflect.Method.invoke(Method.java:498)
	at org.hibernate.engine.jdbc.env.internal.LobCreatorBuilderImpl.useContextualLobCreation(LobCreatorBuilderImpl.java:113)
	at org.hibernate.engine.jdbc.env.internal.LobCreatorBuilderImpl.makeLobCreatorBuilder(LobCreatorBuilderImpl.java:54)
	at org.hibernate.engine.jdbc.env.internal.JdbcEnvironmentImpl.<init>(JdbcEnvironmentImpl.java:271)
	at org.hibernate.engine.jdbc.env.internal.JdbcEnvironmentInitiator.initiateService(JdbcEnvironmentInitiator.java:114)
	at org.hibernate.engine.jdbc.env.internal.JdbcEnvironmentInitiator.initiateService(JdbcEnvironmentInitiator.java:35)
	at org.hibernate.boot.registry.internal.StandardServiceRegistryImpl.initiateService(StandardServiceRegistryImpl.java:94)
	at org.hibernate.service.internal.AbstractServiceRegistryImpl.createService(AbstractServiceRegistryImpl.java:263)
	at org.hibernate.service.internal.AbstractServiceRegistryImpl.initializeService(AbstractServiceRegistryImpl.java:237)
	at org.hibernate.service.internal.AbstractServiceRegistryImpl.getService(AbstractServiceRegistryImpl.java:214)
	at org.hibernate.id.factory.internal.DefaultIdentifierGeneratorFactory.injectServices(DefaultIdentifierGeneratorFactory.java:152)
	at org.hibernate.service.internal.AbstractServiceRegistryImpl.injectDependencies(AbstractServiceRegistryImpl.java:286)
	at org.hibernate.service.internal.AbstractServiceRegistryImpl.initializeService(AbstractServiceRegistryImpl.java:243)
	at org.hibernate.service.internal.AbstractServiceRegistryImpl.getService(AbstractServiceRegistryImpl.java:214)
	at org.hibernate.boot.internal.InFlightMetadataCollectorImpl.<init>(InFlightMetadataCollectorImpl.java:179)
	at org.hibernate.boot.model.process.spi.MetadataBuildingProcess.complete(MetadataBuildingProcess.java:119)
	at org.hibernate.jpa.boot.internal.EntityManagerFactoryBuilderImpl.metadata(EntityManagerFactoryBuilderImpl.java:904)
	at org.hibernate.jpa.boot.internal.EntityManagerFactoryBuilderImpl.build(EntityManagerFactoryBuilderImpl.java:935)
	at org.springframework.orm.jpa.vendor.SpringHibernateJpaPersistenceProvider.createContainerEntityManagerFactory(SpringHibernateJpaPersistenceProvider.java:57)
	at org.springframework.orm.jpa.LocalContainerEntityManagerFactoryBean.createNativeEntityManagerFactory(LocalContainerEntityManagerFactoryBean.java:365)
	at org.springframework.orm.jpa.AbstractEntityManagerFactoryBean.buildNativeEntityManagerFactory(AbstractEntityManagerFactoryBean.java:390)
	at org.springframework.orm.jpa.AbstractEntityManagerFactoryBean.afterPropertiesSet(AbstractEntityManagerFactoryBean.java:377)
	at org.springframework.orm.jpa.LocalContainerEntityManagerFactoryBean.afterPropertiesSet(LocalContainerEntityManagerFactoryBean.java:341)
	at rostem.configuration.JpaConfiguration.entityManagerFactory(JpaConfiguration.java:97)
	at rostem.configuration.JpaConfiguration$$EnhancerBySpringCGLIB$$39c03ca7.CGLIB$entityManagerFactory$1(<generated>)
	at rostem.configuration.JpaConfiguration$$EnhancerBySpringCGLIB$$39c03ca7$$FastClassBySpringCGLIB$$4ad34657.invoke(<generated>)
	at org.springframework.cglib.proxy.MethodProxy.invokeSuper(MethodProxy.java:244)
	at org.springframework.context.annotation.ConfigurationClassEnhancer$BeanMethodInterceptor.intercept(ConfigurationClassEnhancer.java:363)
	at rostem.configuration.JpaConfiguration$$EnhancerBySpringCGLIB$$39c03ca7.entityManagerFactory(<generated>)
	at sun.reflect.NativeMethodAccessorImpl.invoke0(Native Method)
	at sun.reflect.NativeMethodAccessorImpl.invoke(NativeMethodAccessorImpl.java:62)
	at sun.reflect.DelegatingMethodAccessorImpl.invoke(DelegatingMethodAccessorImpl.java:43)
	at java.lang.reflect.Method.invoke(Method.java:498)
	at org.springframework.beans.factory.support.SimpleInstantiationStrategy.instantiate(SimpleInstantiationStrategy.java:154)
	at org.springframework.beans.factory.support.ConstructorResolver.instantiate(ConstructorResolver.java:622)
	at org.springframework.beans.factory.support.ConstructorResolver.instantiateUsingFactoryMethod(ConstructorResolver.java:456)
	at org.springframework.beans.factory.support.AbstractAutowireCapableBeanFactory.instantiateUsingFactoryMethod(AbstractAutowireCapableBeanFactory.java:1288)
	at org.springframework.beans.factory.support.AbstractAutowireCapableBeanFactory.createBeanInstance(AbstractAutowireCapableBeanFactory.java:1127)
	at org.springframework.beans.factory.support.AbstractAutowireCapableBeanFactory.doCreateBean(AbstractAutowireCapableBeanFactory.java:538)
	at org.springframework.beans.factory.support.AbstractAutowireCapableBeanFactory.createBean(AbstractAutowireCapableBeanFactory.java:498)
	at org.springframework.beans.factory.support.AbstractBeanFactory.lambda$doGetBean$0(AbstractBeanFactory.java:320)
	at org.springframework.beans.factory.support.DefaultSingletonBeanRegistry.getSingleton(DefaultSingletonBeanRegistry.java:222)
	at org.springframework.beans.factory.support.AbstractBeanFactory.doGetBean(AbstractBeanFactory.java:318)
	at org.springframework.beans.factory.support.AbstractBeanFactory.getBean(AbstractBeanFactory.java:199)
	at org.springframework.beans.factory.support.BeanDefinitionValueResolver.resolveReference(BeanDefinitionValueResolver.java:367)
	at org.springframework.beans.factory.support.BeanDefinitionValueResolver.resolveValueIfNecessary(BeanDefinitionValueResolver.java:110)
	at org.springframework.beans.factory.support.ConstructorResolver.resolveConstructorArguments(ConstructorResolver.java:662)
	at org.springframework.beans.factory.support.ConstructorResolver.instantiateUsingFactoryMethod(ConstructorResolver.java:479)
	at org.springframework.beans.factory.support.AbstractAutowireCapableBeanFactory.instantiateUsingFactoryMethod(AbstractAutowireCapableBeanFactory.java:1288)
	at org.springframework.beans.factory.support.AbstractAutowireCapableBeanFactory.createBeanInstance(AbstractAutowireCapableBeanFactory.java:1127)
	at org.springframework.beans.factory.support.AbstractAutowireCapableBeanFactory.doCreateBean(AbstractAutowireCapableBeanFactory.java:538)
	at org.springframework.beans.factory.support.AbstractAutowireCapableBeanFactory.createBean(AbstractAutowireCapableBeanFactory.java:498)
	at org.springframework.beans.factory.support.BeanDefinitionValueResolver.resolveInnerBean(BeanDefinitionValueResolver.java:312)
	at org.springframework.beans.factory.support.BeanDefinitionValueResolver.resolveValueIfNecessary(BeanDefinitionValueResolver.java:131)
	at org.springframework.beans.factory.support.AbstractAutowireCapableBeanFactory.applyPropertyValues(AbstractAutowireCapableBeanFactory.java:1648)
	at org.springframework.beans.factory.support.AbstractAutowireCapableBeanFactory.populateBean(AbstractAutowireCapableBeanFactory.java:1400)
	at org.springframework.beans.factory.support.AbstractAutowireCapableBeanFactory.doCreateBean(AbstractAutowireCapableBeanFactory.java:575)
	at org.springframework.beans.factory.support.AbstractAutowireCapableBeanFactory.createBean(AbstractAutowireCapableBeanFactory.java:498)
	at org.springframework.beans.factory.support.AbstractBeanFactory.lambda$doGetBean$0(AbstractBeanFactory.java:320)
	at org.springframework.beans.factory.support.DefaultSingletonBeanRegistry.getSingleton(DefaultSingletonBeanRegistry.java:222)
	at org.springframework.beans.factory.support.AbstractBeanFactory.doGetBean(AbstractBeanFactory.java:318)
	at org.springframework.beans.factory.support.AbstractBeanFactory.getBean(AbstractBeanFactory.java:199)
	at org.springframework.beans.factory.config.DependencyDescriptor.resolveCandidate(DependencyDescriptor.java:277)
	at org.springframework.beans.factory.support.DefaultListableBeanFactory.doResolveDependency(DefaultListableBeanFactory.java:1244)
	at org.springframework.beans.factory.support.DefaultListableBeanFactory.resolveDependency(DefaultListableBeanFactory.java:1164)
	at org.springframework.beans.factory.support.ConstructorResolver.resolveAutowiredArgument(ConstructorResolver.java:857)
	at org.springframework.beans.factory.support.ConstructorResolver.createArgumentArray(ConstructorResolver.java:760)
	at org.springframework.beans.factory.support.ConstructorResolver.autowireConstructor(ConstructorResolver.java:218)
	at org.springframework.beans.factory.support.AbstractAutowireCapableBeanFactory.autowireConstructor(AbstractAutowireCapableBeanFactory.java:1308)
	at org.springframework.beans.factory.support.AbstractAutowireCapableBeanFactory.createBeanInstance(AbstractAutowireCapableBeanFactory.java:1154)
	at org.springframework.beans.factory.support.AbstractAutowireCapableBeanFactory.doCreateBean(AbstractAutowireCapableBeanFactory.java:538)
	at org.springframework.beans.factory.support.AbstractAutowireCapableBeanFactory.createBean(AbstractAutowireCapableBeanFactory.java:498)
	at org.springframework.beans.factory.support.AbstractBeanFactory.lambda$doGetBean$0(AbstractBeanFactory.java:320)
	at org.springframework.beans.factory.support.DefaultSingletonBeanRegistry.getSingleton(DefaultSingletonBeanRegistry.java:222)
	at org.springframework.beans.factory.support.AbstractBeanFactory.doGetBean(AbstractBeanFactory.java:318)
	at org.springframework.beans.factory.support.AbstractBeanFactory.getBean(AbstractBeanFactory.java:199)
	at org.springframework.beans.factory.config.DependencyDescriptor.resolveCandidate(DependencyDescriptor.java:277)
	at org.springframework.beans.factory.support.DefaultListableBeanFactory.doResolveDependency(DefaultListableBeanFactory.java:1244)
	at org.springframework.beans.factory.support.DefaultListableBeanFactory.resolveDependency(DefaultListableBeanFactory.java:1164)
	at org.springframework.beans.factory.support.ConstructorResolver.resolveAutowiredArgument(ConstructorResolver.java:857)
	at org.springframework.beans.factory.support.ConstructorResolver.createArgumentArray(ConstructorResolver.java:760)
	at org.springframework.beans.factory.support.ConstructorResolver.autowireConstructor(ConstructorResolver.java:218)
	at org.springframework.beans.factory.support.AbstractAutowireCapableBeanFactory.autowireConstructor(AbstractAutowireCapableBeanFactory.java:1308)
	at org.springframework.beans.factory.support.AbstractAutowireCapableBeanFactory.createBeanInstance(AbstractAutowireCapableBeanFactory.java:1154)
	at org.springframework.beans.factory.support.AbstractAutowireCapableBeanFactory.doCreateBean(AbstractAutowireCapableBeanFactory.java:538)
	at org.springframework.beans.factory.support.AbstractAutowireCapableBeanFactory.createBean(AbstractAutowireCapableBeanFactory.java:498)
	at org.springframework.beans.factory.support.AbstractBeanFactory.lambda$doGetBean$0(AbstractBeanFactory.java:320)
	at org.springframework.beans.factory.support.DefaultSingletonBeanRegistry.getSingleton(DefaultSingletonBeanRegistry.java:222)
	at org.springframework.beans.factory.support.AbstractBeanFactory.doGetBean(AbstractBeanFactory.java:318)
	at org.springframework.beans.factory.support.AbstractBeanFactory.getBean(AbstractBeanFactory.java:199)
	at org.springframework.beans.factory.support.ConstructorResolver.instantiateUsingFactoryMethod(ConstructorResolver.java:392)
	at org.springframework.beans.factory.support.AbstractAutowireCapableBeanFactory.instantiateUsingFactoryMethod(AbstractAutowireCapableBeanFactory.java:1288)
	at org.springframework.beans.factory.support.AbstractAutowireCapableBeanFactory.createBeanInstance(AbstractAutowireCapableBeanFactory.java:1127)
	at org.springframework.beans.factory.support.AbstractAutowireCapableBeanFactory.doCreateBean(AbstractAutowireCapableBeanFactory.java:538)
	at org.springframework.beans.factory.support.AbstractAutowireCapableBeanFactory.createBean(AbstractAutowireCapableBeanFactory.java:498)
	at org.springframework.beans.factory.support.AbstractBeanFactory.lambda$doGetBean$0(AbstractBeanFactory.java:320)
	at org.springframework.beans.factory.support.DefaultSingletonBeanRegistry.getSingleton(DefaultSingletonBeanRegistry.java:222)
	at org.springframework.beans.factory.support.AbstractBeanFactory.doGetBean(AbstractBeanFactory.java:318)
	at org.springframework.beans.factory.support.AbstractBeanFactory.getBean(AbstractBeanFactory.java:204)
	at org.springframework.boot.web.servlet.ServletContextInitializerBeans.getOrderedBeansOfType(ServletContextInitializerBeans.java:235)
	at org.springframework.boot.web.servlet.ServletContextInitializerBeans.addAsRegistrationBean(ServletContextInitializerBeans.java:193)
	at org.springframework.boot.web.servlet.ServletContextInitializerBeans.addAsRegistrationBean(ServletContextInitializerBeans.java:188)
	at org.springframework.boot.web.servlet.ServletContextInitializerBeans.addAdaptableBeans(ServletContextInitializerBeans.java:170)
	at org.springframework.boot.web.servlet.ServletContextInitializerBeans.<init>(ServletContextInitializerBeans.java:89)
	at org.springframework.boot.web.servlet.context.ServletWebServerApplicationContext.getServletContextInitializerBeans(ServletWebServerApplicationContext.java:261)
	at org.springframework.boot.web.servlet.context.ServletWebServerApplicationContext.selfInitialize(ServletWebServerApplicationContext.java:234)
	at org.springframework.boot.web.embedded.tomcat.TomcatStarter.onStartup(TomcatStarter.java:54)
	at org.apache.catalina.core.StandardContext.startInternal(StandardContext.java:5120)
	at org.apache.catalina.util.LifecycleBase.start(LifecycleBase.java:183)
	at org.apache.catalina.core.ContainerBase$StartChild.call(ContainerBase.java:1382)
	at org.apache.catalina.core.ContainerBase$StartChild.call(ContainerBase.java:1372)
	at java.util.concurrent.FutureTask.run$$$capture(FutureTask.java:266)
	at java.util.concurrent.FutureTask.run(FutureTask.java)
	at org.apache.tomcat.util.threads.InlineExecutorService.execute(InlineExecutorService.java:75)
	at java.util.concurrent.AbstractExecutorService.submit(AbstractExecutorService.java:134)
	at org.apache.catalina.core.ContainerBase.startInternal(ContainerBase.java:907)
	at org.apache.catalina.core.StandardHost.startInternal(StandardHost.java:831)
	at org.apache.catalina.util.LifecycleBase.start(LifecycleBase.java:183)
	at org.apache.catalina.core.ContainerBase$StartChild.call(ContainerBase.java:1382)
	at org.apache.catalina.core.ContainerBase$StartChild.call(ContainerBase.java:1372)
	at java.util.concurrent.FutureTask.run$$$capture(FutureTask.java:266)
	at java.util.concurrent.FutureTask.run(FutureTask.java)
	at org.apache.tomcat.util.threads.InlineExecutorService.execute(InlineExecutorService.java:75)
	at java.util.concurrent.AbstractExecutorService.submit(AbstractExecutorService.java:134)
	at org.apache.catalina.core.ContainerBase.startInternal(ContainerBase.java:907)
	at org.apache.catalina.core.StandardEngine.startInternal(StandardEngine.java:262)
	at org.apache.catalina.util.LifecycleBase.start(LifecycleBase.java:183)
	at org.apache.catalina.core.StandardService.startInternal(StandardService.java:423)
	at org.apache.catalina.util.LifecycleBase.start(LifecycleBase.java:183)
	at org.apache.catalina.core.StandardServer.startInternal(StandardServer.java:933)
	at org.apache.catalina.util.LifecycleBase.start(LifecycleBase.java:183)
	at org.apache.catalina.startup.Tomcat.start(Tomcat.java:398)
	at org.springframework.boot.web.embedded.tomcat.TomcatWebServer.initialize(TomcatWebServer.java:106)
	at org.springframework.boot.web.embedded.tomcat.TomcatWebServer.<init>(TomcatWebServer.java:86)
	at org.springframework.boot.web.embedded.tomcat.TomcatServletWebServerFactory.getTomcatWebServer(TomcatServletWebServerFactory.java:415)
	at org.springframework.boot.web.embedded.tomcat.TomcatServletWebServerFactory.getWebServer(TomcatServletWebServerFactory.java:174)
	at org.springframework.boot.web.servlet.context.ServletWebServerApplicationContext.createWebServer(ServletWebServerApplicationContext.java:181)
	at org.springframework.boot.web.servlet.context.ServletWebServerApplicationContext.onRefresh(ServletWebServerApplicationContext.java:154)
	at org.springframework.context.support.AbstractApplicationContext.refresh(AbstractApplicationContext.java:540)
	at org.springframework.boot.web.servlet.context.ServletWebServerApplicationContext.refresh(ServletWebServerApplicationContext.java:142)
	at org.springframework.boot.SpringApplication.refresh(SpringApplication.java:775)
	at org.springframework.boot.SpringApplication.refreshContext(SpringApplication.java:397)
	at org.springframework.boot.SpringApplication.run(SpringApplication.java:316)
	at org.springframework.boot.SpringApplication.run(SpringApplication.java:1260)
	at org.springframework.boot.SpringApplication.run(SpringApplication.java:1248)
	at rostem.RostemApplication.main(RostemApplication.java:12)
Caused by: java.sql.SQLFeatureNotSupportedException: Method org.postgresql.jdbc.PgConnection.createClob() is not yet implemented.
	at org.postgresql.Driver.notImplemented(Driver.java:688)
	at org.postgresql.jdbc.PgConnection.createClob(PgConnection.java:1269)
	... 149 common frames omitted
2019-06-09 20:17:19,842 INFO org.hibernate.type.BasicTypeRegistry [main] HHH000270: Type registration [java.util.UUID] overrides previous : org.hibernate.type.UUIDBinaryType@131ba005
2019-06-09 20:17:21,416 INFO org.springframework.orm.jpa.AbstractEntityManagerFactoryBean [main] Initialized JPA EntityManagerFactory for persistence unit 'default'
2019-06-09 20:17:22,204 DEBUG org.springframework.web.filter.GenericFilterBean [main] Filter 'badRequestFilter' configured for use
2019-06-09 20:17:22,640 WARN org.springframework.boot.autoconfigure.orm.jpa.JpaBaseConfiguration$JpaWebConfiguration$JpaWebMvcConfiguration [main] spring.jpa.open-in-view is enabled by default. Therefore, database queries may be performed during view rendering. Explicitly configure spring.jpa.open-in-view to disable this warning
2019-06-09 20:17:22,868 INFO springfox.documentation.spring.web.PropertySourcedRequestMappingHandlerMapping [main] Mapped URL path [/v2/api-docs] onto method [public org.springframework.http.ResponseEntity<springfox.documentation.spring.web.json.Json> springfox.documentation.swagger2.web.Swagger2Controller.getDocumentation(java.lang.String,javax.servlet.http.HttpServletRequest)]
2019-06-09 20:17:23,181 INFO org.springframework.security.web.DefaultSecurityFilterChain [main] Creating filter chain: any request, [org.springframework.security.web.context.request.async.WebAsyncManagerIntegrationFilter@46aea9f7, org.springframework.security.web.context.SecurityContextPersistenceFilter@5f1a3c4, org.springframework.security.web.header.HeaderWriterFilter@41736818, org.springframework.web.filter.CorsFilter@267e0ca0, org.springframework.security.web.authentication.logout.LogoutFilter@4b2af0eb, org.springframework.security.web.authentication.UsernamePasswordAuthenticationFilter@48224381, org.springframework.security.web.session.ConcurrentSessionFilter@66d73e2d, org.springframework.security.web.authentication.www.BasicAuthenticationFilter@41e43885, org.springframework.security.web.savedrequest.RequestCacheAwareFilter@5a08d301, org.springframework.security.web.servletapi.SecurityContextHolderAwareRequestFilter@677274e7, org.springframework.security.web.authentication.AnonymousAuthenticationFilter@3e3a07ab, org.springframework.security.web.session.SessionManagementFilter@457d3f54, org.springframework.security.web.access.ExceptionTranslationFilter@6bfc5296, org.springframework.security.web.access.intercept.FilterSecurityInterceptor@1fe2c5ad]
2019-06-09 20:17:23,318 INFO org.springframework.scheduling.concurrent.ExecutorConfigurationSupport [main] Initializing ExecutorService 'applicationTaskExecutor'
2019-06-09 20:17:23,651 INFO springfox.documentation.spring.web.plugins.DocumentationPluginsBootstrapper [main] Context refreshed
2019-06-09 20:17:23,680 INFO springfox.documentation.spring.web.plugins.DocumentationPluginsBootstrapper [main] Found 1 custom documentation plugin(s)
2019-06-09 20:17:23,925 INFO springfox.documentation.spring.web.scanners.ApiListingReferenceScanner [main] Scanning for api listing references
2019-06-09 20:17:24,281 INFO org.apache.juli.logging.DirectJDKLog [main] Starting ProtocolHandler ["http-nio-8080"]
2019-06-09 20:17:24,314 INFO org.springframework.boot.web.embedded.tomcat.TomcatWebServer [main] Tomcat started on port(s): 8080 (http) with context path ''
2019-06-09 20:17:24,317 INFO org.springframework.boot.StartupInfoLogger [main] Started RostemApplication in 10.954 seconds (JVM running for 13.497)
2019-06-09 20:17:39,023 INFO org.apache.juli.logging.DirectJDKLog [http-nio-8080-exec-1] Initializing Spring DispatcherServlet 'dispatcherServlet'
2019-06-09 20:17:39,023 INFO org.springframework.web.servlet.FrameworkServlet [http-nio-8080-exec-1] Initializing Servlet 'dispatcherServlet'
2019-06-09 20:17:39,040 INFO org.springframework.web.servlet.FrameworkServlet [http-nio-8080-exec-1] Completed initialization in 16 ms
2019-06-09 20:17:39,231 INFO rostem.service.authentication.AuthenticationService [http-nio-8080-exec-1] [loadUserByUsername] Searching for user ionutgrad101@gmail.com in databases
2019-06-09 20:17:39,272 INFO org.hibernate.hql.internal.QueryTranslatorFactoryInitiator [http-nio-8080-exec-1] HHH000397: Using ASTQueryTranslatorFactory
2019-06-09 20:17:39,574 INFO rostem.service.authentication.AuthenticationService [http-nio-8080-exec-1] [loadUserByUsername] Found user, all ok
2019-06-09 20:17:39,863 DEBUG rostem.configuration.LoginHandlers.LoginSuccessHandler [http-nio-8080-exec-1] [INFO] A login request was successful
2019-06-09 20:17:41,217 INFO rostem.service.material.CategoryService [http-nio-8080-exec-3] [CATEGORY] Get all categories
2019-06-09 20:17:41,314 INFO rostem.service.material.ChapterService [http-nio-8080-exec-4] [CHAPTER] Getting latest created chapters..
2019-06-09 20:17:49,164 INFO rostem.service.material.TutorialService [http-nio-8080-exec-5] [TUTORIAL] Trying to get all tutorials for category Math
2019-06-09 20:17:51,260 INFO rostem.service.material.ChapterService [http-nio-8080-exec-7] [CHAPTER] Trying to get all chapters for tutorial 1
2019-06-09 20:17:52,351 INFO rostem.service.material.ChapterService [http-nio-8080-exec-8] [CHAPTER] Trying to get all chapters for tutorial 1
2019-06-09 20:17:53,087 INFO rostem.service.material.ChapterService [http-nio-8080-exec-9] [CHAPTER] Trying to get all chapters for tutorial 1
2019-06-09 20:17:53,755 INFO rostem.service.material.ChapterService [http-nio-8080-exec-10] [CHAPTER] Trying to get all chapters for tutorial 1
2019-06-09 20:17:54,342 INFO rostem.service.material.ChapterService [http-nio-8080-exec-1] [CHAPTER] Trying to get all chapters for tutorial 1
2019-06-09 20:17:54,836 INFO rostem.service.material.ChapterService [http-nio-8080-exec-2] [CHAPTER] Trying to get all chapters for tutorial 1
2019-06-09 20:17:56,363 INFO rostem.service.material.CategoryService [http-nio-8080-exec-4] [CATEGORY] Get all categories
2019-06-09 20:17:56,382 INFO rostem.service.material.ChapterService [http-nio-8080-exec-5] [CHAPTER] Getting latest created chapters..
2019-06-09 20:18:21,131 INFO rostem.service.material.ChapterService [http-nio-8080-exec-6] [CHAPTER] Trying to get all comments for chapter 5
2019-06-09 20:18:29,154 INFO rostem.service.material.ChapterService [http-nio-8080-exec-8] [CHAPTER] Getting latest created chapters..
2019-06-09 20:20:48,372 INFO rostem.service.material.CategoryService [http-nio-8080-exec-2] [CATEGORY] Get all categories
2019-06-09 20:20:48,532 INFO rostem.service.material.ChapterService [http-nio-8080-exec-3] [CHAPTER] Getting latest created chapters..
2019-06-09 20:22:31,841 INFO rostem.service.material.CategoryService [http-nio-8080-exec-7] [CATEGORY] Get all categories
2019-06-09 20:22:32,133 INFO rostem.service.material.ChapterService [http-nio-8080-exec-8] [CHAPTER] Getting latest created chapters..
2019-06-09 20:23:00,935 INFO rostem.service.material.CategoryService [http-nio-8080-exec-10] [CATEGORY] Get all categories
2019-06-09 20:23:01,093 INFO rostem.service.material.ChapterService [http-nio-8080-exec-1] [CHAPTER] Getting latest created chapters..
2019-06-09 20:24:03,693 INFO rostem.service.material.CategoryService [http-nio-8080-exec-5] [CATEGORY] Get all categories
2019-06-09 20:24:04,241 INFO rostem.service.material.ChapterService [http-nio-8080-exec-6] [CHAPTER] Getting latest created chapters..
2019-06-09 20:24:14,989 INFO rostem.service.material.CategoryService [http-nio-8080-exec-8] [CATEGORY] Get all categories
2019-06-09 20:24:15,129 INFO rostem.service.material.ChapterService [http-nio-8080-exec-9] [CHAPTER] Getting latest created chapters..
2019-06-09 20:24:25,633 INFO rostem.service.material.TutorialService [http-nio-8080-exec-10] [TUTORIAL] Trying to get all tutorials for category Web development
2019-06-09 20:24:27,320 INFO rostem.service.material.CategoryService [http-nio-8080-exec-2] [CATEGORY] Get all categories
2019-06-09 20:24:27,344 INFO rostem.service.material.ChapterService [http-nio-8080-exec-3] [CHAPTER] Getting latest created chapters..
2019-06-09 20:25:12,102 INFO rostem.service.material.CategoryService [http-nio-8080-exec-5] [CATEGORY] Get all categories
2019-06-09 20:25:12,254 INFO rostem.service.material.ChapterService [http-nio-8080-exec-6] [CHAPTER] Getting latest created chapters..
2019-06-09 20:25:16,371 INFO rostem.service.material.TutorialService [http-nio-8080-exec-7] [TUTORIAL] Trying to get all tutorials for category Web development
2019-06-09 20:25:17,667 INFO rostem.service.material.CategoryService [http-nio-8080-exec-9] [CATEGORY] Get all categories
2019-06-09 20:25:17,690 INFO rostem.service.material.ChapterService [http-nio-8080-exec-10] [CHAPTER] Getting latest created chapters..
2019-06-09 20:25:33,688 INFO rostem.service.material.CategoryService [http-nio-8080-exec-2] [CATEGORY] Get all categories
2019-06-09 20:25:33,840 INFO rostem.service.material.ChapterService [http-nio-8080-exec-3] [CHAPTER] Getting latest created chapters..
2019-06-09 20:25:41,001 INFO rostem.service.material.CategoryService [http-nio-8080-exec-5] [CATEGORY] Get all categories
2019-06-09 20:25:41,109 INFO rostem.service.material.ChapterService [http-nio-8080-exec-6] [CHAPTER] Getting latest created chapters..
2019-06-09 20:25:49,685 INFO rostem.service.material.CategoryService [http-nio-8080-exec-8] [CATEGORY] Get all categories
2019-06-09 20:25:49,846 INFO rostem.service.material.ChapterService [http-nio-8080-exec-9] [CHAPTER] Getting latest created chapters..
2019-06-09 20:27:38,243 INFO rostem.service.material.TutorialService [http-nio-8080-exec-2] [TUTORIAL] Trying to get all tutorials for category Math
2019-06-09 20:28:01,283 INFO rostem.service.material.ChapterService [http-nio-8080-exec-4] [CHAPTER] Trying to get all chapters for tutorial 1
2019-06-09 20:28:02,313 INFO rostem.service.material.ChapterService [http-nio-8080-exec-5] [CHAPTER] Trying to get all comments for chapter 2
2019-06-09 20:28:04,195 INFO rostem.service.material.ChapterService [http-nio-8080-exec-6] [CHAPTER] Trying to get all comments for chapter 3
2019-06-09 20:28:08,433 INFO rostem.service.material.ChapterService [http-nio-8080-exec-8] [CHAPTER] Trying to get all chapters for tutorial 1
2019-06-09 20:28:09,412 INFO rostem.service.material.CategoryService [http-nio-8080-exec-10] [CATEGORY] Get all categories
2019-06-09 20:28:09,427 INFO rostem.service.material.ChapterService [http-nio-8080-exec-1] [CHAPTER] Getting latest created chapters..
2019-06-09 20:28:48,718 INFO rostem.service.material.CategoryService [http-nio-8080-exec-3] [CATEGORY] Get all categories
2019-06-09 20:28:48,908 INFO rostem.service.material.ChapterService [http-nio-8080-exec-4] [CHAPTER] Getting latest created chapters..
2019-06-09 20:29:16,972 INFO rostem.service.material.CategoryService [http-nio-8080-exec-6] [CATEGORY] Get all categories
2019-06-09 20:29:17,175 INFO rostem.service.material.ChapterService [http-nio-8080-exec-7] [CHAPTER] Getting latest created chapters..
2019-06-09 20:32:16,003 INFO rostem.service.material.CategoryService [http-nio-8080-exec-1] [CATEGORY] Get all categories
2019-06-09 20:32:16,116 INFO rostem.service.material.ChapterService [http-nio-8080-exec-2] [CHAPTER] Getting latest created chapters..
2019-06-09 20:32:22,578 INFO rostem.service.material.CategoryService [http-nio-8080-exec-4] [CATEGORY] Get all categories
2019-06-09 20:32:22,643 INFO rostem.service.material.ChapterService [http-nio-8080-exec-5] [CHAPTER] Getting latest created chapters..
2019-06-09 20:34:26,968 INFO rostem.service.material.CategoryService [http-nio-8080-exec-9] [CATEGORY] Get all categories
2019-06-09 20:34:27,160 INFO rostem.service.material.ChapterService [http-nio-8080-exec-10] [CHAPTER] Getting latest created chapters..
2019-06-09 20:36:47,723 INFO rostem.service.material.CategoryService [http-nio-8080-exec-4] [CATEGORY] Get all categories
2019-06-09 20:36:47,956 INFO rostem.service.material.ChapterService [http-nio-8080-exec-5] [CHAPTER] Getting latest created chapters..
2019-06-09 20:37:58,794 INFO rostem.service.material.CategoryService [http-nio-8080-exec-9] [CATEGORY] Get all categories
2019-06-09 20:37:58,938 INFO rostem.service.material.ChapterService [http-nio-8080-exec-10] [CHAPTER] Getting latest created chapters..
2019-06-09 20:38:16,718 INFO rostem.service.material.CategoryService [http-nio-8080-exec-2] [CATEGORY] Get all categories
2019-06-09 20:38:16,939 INFO rostem.service.material.ChapterService [http-nio-8080-exec-3] [CHAPTER] Getting latest created chapters..
2019-06-09 20:39:01,542 INFO rostem.service.material.CategoryService [http-nio-8080-exec-5] [CATEGORY] Get all categories
2019-06-09 20:39:01,644 INFO rostem.service.material.ChapterService [http-nio-8080-exec-6] [CHAPTER] Getting latest created chapters..
2019-06-09 20:40:16,569 INFO rostem.service.material.CategoryService [http-nio-8080-exec-10] [CATEGORY] Get all categories
2019-06-09 20:40:16,804 INFO rostem.service.material.ChapterService [http-nio-8080-exec-1] [CHAPTER] Getting latest created chapters..
2019-06-09 20:40:28,681 INFO rostem.service.material.CategoryService [http-nio-8080-exec-3] [CATEGORY] Get all categories
2019-06-09 20:40:28,819 INFO rostem.service.material.ChapterService [http-nio-8080-exec-4] [CHAPTER] Getting latest created chapters..
2019-06-09 20:40:34,398 INFO rostem.service.material.CategoryService [http-nio-8080-exec-6] [CATEGORY] Get all categories
2019-06-09 20:40:34,478 INFO rostem.service.material.ChapterService [http-nio-8080-exec-7] [CHAPTER] Getting latest created chapters..
2019-06-09 20:41:07,205 INFO rostem.service.material.CategoryService [http-nio-8080-exec-9] [CATEGORY] Get all categories
2019-06-09 20:41:07,348 INFO rostem.service.material.ChapterService [http-nio-8080-exec-10] [CHAPTER] Getting latest created chapters..
2019-06-09 20:41:40,992 INFO rostem.service.material.CategoryService [http-nio-8080-exec-3] [CATEGORY] Get all categories
2019-06-09 20:41:41,203 INFO rostem.service.material.ChapterService [http-nio-8080-exec-4] [CHAPTER] Getting latest created chapters..
2019-06-09 20:42:53,668 INFO rostem.service.material.CategoryService [http-nio-8080-exec-8] [CATEGORY] Get all categories
2019-06-09 20:42:53,884 INFO rostem.service.material.ChapterService [http-nio-8080-exec-9] [CHAPTER] Getting latest created chapters..
2019-06-09 20:43:06,809 INFO rostem.service.material.CategoryService [http-nio-8080-exec-1] [CATEGORY] Get all categories
2019-06-09 20:43:06,948 INFO rostem.service.material.ChapterService [http-nio-8080-exec-2] [CHAPTER] Getting latest created chapters..
2019-06-09 20:43:11,568 INFO rostem.service.material.ChapterService [http-nio-8080-exec-3] [CHAPTER] Getting latest created chapters..
2019-06-09 20:43:11,576 INFO rostem.service.material.CategoryService [http-nio-8080-exec-4] [CATEGORY] Get all categories
2019-06-09 20:43:11,815 INFO rostem.service.material.CategoryService [http-nio-8080-exec-4] [USER_CATEGORY] Trying to add set a category as favorite for user ionutgrad101@gmail.com
2019-06-09 20:43:11,816 INFO rostem.service.material.CategoryService [http-nio-8080-exec-2] [USER_CATEGORY] Trying to add set a category as favorite for user ionutgrad101@gmail.com
2019-06-09 20:43:11,816 INFO rostem.service.material.CategoryService [http-nio-8080-exec-3] [USER_CATEGORY] Trying to add set a category as favorite for user ionutgrad101@gmail.com
2019-06-09 20:43:11,817 INFO rostem.service.material.CategoryService [http-nio-8080-exec-6] [USER_CATEGORY] Trying to add set a category as favorite for user ionutgrad101@gmail.com
2019-06-09 20:43:11,822 INFO rostem.service.material.CategoryService [http-nio-8080-exec-5] [USER_CATEGORY] Trying to add set a category as favorite for user ionutgrad101@gmail.com
2019-06-09 20:43:11,828 INFO rostem.service.material.CategoryService [http-nio-8080-exec-8] [USER_CATEGORY] Trying to add set a category as favorite for user ionutgrad101@gmail.com
2019-06-09 20:43:11,984 INFO rostem.service.material.CategoryService [http-nio-8080-exec-9] [USER_CATEGORY] Trying to add set a category as favorite for user ionutgrad101@gmail.com
2019-06-09 20:43:19,488 INFO rostem.service.material.CategoryService [http-nio-8080-exec-10] [CATEGORY] Get all categories
2019-06-09 20:43:19,522 INFO rostem.service.material.ChapterService [http-nio-8080-exec-1] [CHAPTER] Getting latest created chapters..
2019-06-09 20:43:19,703 INFO rostem.service.material.CategoryService [http-nio-8080-exec-7] [USER_CATEGORY] Trying to add set a category as favorite for user ionutgrad101@gmail.com
2019-06-09 20:43:19,707 INFO rostem.service.material.CategoryService [http-nio-8080-exec-10] [USER_CATEGORY] Trying to add set a category as favorite for user ionutgrad101@gmail.com
2019-06-09 20:43:19,709 INFO rostem.service.material.CategoryService [http-nio-8080-exec-1] [USER_CATEGORY] Trying to add set a category as favorite for user ionutgrad101@gmail.com
2019-06-09 20:43:19,713 INFO rostem.service.material.CategoryService [http-nio-8080-exec-6] [USER_CATEGORY] Trying to add set a category as favorite for user ionutgrad101@gmail.com
2019-06-09 20:43:19,713 INFO rostem.service.material.CategoryService [http-nio-8080-exec-3] [USER_CATEGORY] Trying to add set a category as favorite for user ionutgrad101@gmail.com
2019-06-09 20:43:19,713 INFO rostem.service.material.CategoryService [http-nio-8080-exec-5] [USER_CATEGORY] Trying to add set a category as favorite for user ionutgrad101@gmail.com
2019-06-09 20:43:19,736 INFO rostem.service.material.CategoryService [http-nio-8080-exec-1] [USER_CATEGORY] Trying to add set a category as favorite for user ionutgrad101@gmail.com
2019-06-09 20:43:27,973 WARN org.springframework.web.servlet.handler.AbstractHandlerExceptionResolver [http-nio-8080-exec-8] Resolved [org.springframework.http.converter.HttpMessageNotReadableException: JSON parse error: Cannot deserialize instance of `java.lang.Long` out of START_OBJECT token; nested exception is com.fasterxml.jackson.databind.exc.MismatchedInputException: Cannot deserialize instance of `java.lang.Long` out of START_OBJECT token
 at [Source: (PushbackInputStream); line: 1, column: 7] (through reference chain: rostem.model.dto.request.RequestFavoriteCategory["id"])]
2019-06-09 20:43:58,829 INFO rostem.service.material.CategoryService [http-nio-8080-exec-7] [CATEGORY] Get all categories
2019-06-09 20:43:58,998 INFO rostem.service.material.ChapterService [http-nio-8080-exec-2] [CHAPTER] Getting latest created chapters..
2019-06-09 20:43:59,349 INFO rostem.service.material.CategoryService [http-nio-8080-exec-9] [USER_CATEGORY] Trying to add set a category as favorite for user ionutgrad101@gmail.com
2019-06-09 20:43:59,352 INFO rostem.service.material.CategoryService [http-nio-8080-exec-7] [USER_CATEGORY] Trying to add set a category as favorite for user ionutgrad101@gmail.com
2019-06-09 20:43:59,353 INFO rostem.service.material.CategoryService [http-nio-8080-exec-2] [USER_CATEGORY] Trying to add set a category as favorite for user ionutgrad101@gmail.com
2019-06-09 20:43:59,355 INFO rostem.service.material.CategoryService [http-nio-8080-exec-10] [USER_CATEGORY] Trying to add set a category as favorite for user ionutgrad101@gmail.com
2019-06-09 20:43:59,356 INFO rostem.service.material.CategoryService [http-nio-8080-exec-5] [USER_CATEGORY] Trying to add set a category as favorite for user ionutgrad101@gmail.com
2019-06-09 20:43:59,361 INFO rostem.service.material.CategoryService [http-nio-8080-exec-6] [USER_CATEGORY] Trying to add set a category as favorite for user ionutgrad101@gmail.com
2019-06-09 20:43:59,383 INFO rostem.service.material.CategoryService [http-nio-8080-exec-3] [USER_CATEGORY] Trying to add set a category as favorite for user ionutgrad101@gmail.com
2019-06-09 20:44:29,547 INFO rostem.service.material.CategoryService [http-nio-8080-exec-4] [CATEGORY] Get all categories
2019-06-09 20:44:29,681 INFO rostem.service.material.ChapterService [http-nio-8080-exec-8] [CHAPTER] Getting latest created chapters..
2019-06-09 20:44:29,930 INFO rostem.service.material.CategoryService [http-nio-8080-exec-1] [USER_CATEGORY] Trying to add set a category as favorite for user ionutgrad101@gmail.com
2019-06-09 20:44:29,931 INFO rostem.service.material.CategoryService [http-nio-8080-exec-4] [USER_CATEGORY] Trying to add set a category as favorite for user ionutgrad101@gmail.com
2019-06-09 20:44:29,936 INFO rostem.service.material.CategoryService [http-nio-8080-exec-9] [USER_CATEGORY] Trying to add set a category as favorite for user ionutgrad101@gmail.com
2019-06-09 20:44:29,939 INFO rostem.service.material.CategoryService [http-nio-8080-exec-8] [USER_CATEGORY] Trying to add set a category as favorite for user ionutgrad101@gmail.com
2019-06-09 20:44:29,941 INFO rostem.service.material.CategoryService [http-nio-8080-exec-3] [USER_CATEGORY] Trying to add set a category as favorite for user ionutgrad101@gmail.com
2019-06-09 20:44:29,945 INFO rostem.service.material.CategoryService [http-nio-8080-exec-6] [USER_CATEGORY] Trying to add set a category as favorite for user ionutgrad101@gmail.com
2019-06-09 20:44:30,018 INFO rostem.service.material.CategoryService [http-nio-8080-exec-2] [USER_CATEGORY] Trying to add set a category as favorite for user ionutgrad101@gmail.com
2019-06-09 20:45:02,335 INFO rostem.service.material.CategoryService [http-nio-8080-exec-7] [CATEGORY] Get all categories
2019-06-09 20:45:02,552 INFO rostem.service.material.ChapterService [http-nio-8080-exec-5] [CHAPTER] Getting latest created chapters..
2019-06-09 20:45:02,700 INFO rostem.service.material.CategoryService [http-nio-8080-exec-7] [USER_CATEGORY] Trying to add set a category as favorite for user ionutgrad101@gmail.com
2019-06-09 20:45:02,700 INFO rostem.service.material.CategoryService [http-nio-8080-exec-10] [USER_CATEGORY] Trying to add set a category as favorite for user ionutgrad101@gmail.com
2019-06-09 20:45:02,704 INFO rostem.service.material.CategoryService [http-nio-8080-exec-3] [USER_CATEGORY] Trying to add set a category as favorite for user ionutgrad101@gmail.com
2019-06-09 20:45:02,704 INFO rostem.service.material.CategoryService [http-nio-8080-exec-4] [USER_CATEGORY] Trying to add set a category as favorite for user ionutgrad101@gmail.com
2019-06-09 20:45:02,707 INFO rostem.service.material.CategoryService [http-nio-8080-exec-8] [USER_CATEGORY] Trying to add set a category as favorite for user ionutgrad101@gmail.com
2019-06-09 20:45:02,706 INFO rostem.service.material.CategoryService [http-nio-8080-exec-5] [USER_CATEGORY] Trying to add set a category as favorite for user ionutgrad101@gmail.com
2019-06-09 20:45:03,168 INFO rostem.service.material.CategoryService [http-nio-8080-exec-6] [USER_CATEGORY] Trying to add set a category as favorite for user ionutgrad101@gmail.com
2019-06-09 20:45:53,856 INFO rostem.service.material.CategoryService [http-nio-8080-exec-2] [CATEGORY] Get all categories
2019-06-09 20:45:54,136 INFO rostem.service.material.ChapterService [http-nio-8080-exec-4] [CHAPTER] Getting latest created chapters..
2019-06-09 20:45:54,208 INFO rostem.service.material.CategoryService [http-nio-8080-exec-9] [USER_CATEGORY] Trying to add set a category as favorite for user ionutgrad101@gmail.com
2019-06-09 20:45:54,299 INFO rostem.service.material.CategoryService [http-nio-8080-exec-8] [USER_CATEGORY] Trying to add set a category as favorite for user ionutgrad101@gmail.com
2019-06-09 20:45:54,300 INFO rostem.service.material.CategoryService [http-nio-8080-exec-2] [USER_CATEGORY] Trying to add set a category as favorite for user ionutgrad101@gmail.com
2019-06-09 20:45:54,301 INFO rostem.service.material.CategoryService [http-nio-8080-exec-10] [USER_CATEGORY] Trying to add set a category as favorite for user ionutgrad101@gmail.com
2019-06-09 20:45:54,301 INFO rostem.service.material.CategoryService [http-nio-8080-exec-1] [USER_CATEGORY] Trying to add set a category as favorite for user ionutgrad101@gmail.com
2019-06-09 20:45:54,303 INFO rostem.service.material.CategoryService [http-nio-8080-exec-6] [USER_CATEGORY] Trying to add set a category as favorite for user ionutgrad101@gmail.com
2019-06-09 20:45:56,164 INFO rostem.service.material.CategoryService [http-nio-8080-exec-7] [USER_CATEGORY] Trying to add set a category as favorite for user ionutgrad101@gmail.com
2019-06-09 20:45:59,301 INFO rostem.service.material.CategoryService [http-nio-8080-exec-5] [USER_CATEGORY] Trying to add set a category as favorite for user ionutgrad101@gmail.com
2019-06-09 20:45:59,347 INFO rostem.service.material.CategoryService [http-nio-8080-exec-9] [USER_CATEGORY] Trying to add set a category as favorite for user ionutgrad101@gmail.com
2019-06-09 20:45:59,359 INFO rostem.service.material.CategoryService [http-nio-8080-exec-1] [USER_CATEGORY] Trying to add set a category as favorite for user ionutgrad101@gmail.com
2019-06-09 20:45:59,430 INFO rostem.service.material.CategoryService [http-nio-8080-exec-2] [USER_CATEGORY] Trying to add set a category as favorite for user ionutgrad101@gmail.com
2019-06-09 20:45:59,774 INFO rostem.service.material.CategoryService [http-nio-8080-exec-3] [USER_CATEGORY] Trying to add set a category as favorite for user ionutgrad101@gmail.com
2019-06-09 20:45:59,799 INFO rostem.service.material.CategoryService [http-nio-8080-exec-4] [USER_CATEGORY] Trying to add set a category as favorite for user ionutgrad101@gmail.com
2019-06-09 20:46:06,651 INFO rostem.service.material.CategoryService [http-nio-8080-exec-6] [USER_CATEGORY] Trying to add set a category as favorite for user ionutgrad101@gmail.com
2019-06-09 20:46:19,662 INFO rostem.service.material.CategoryService [http-nio-8080-exec-8] [CATEGORY] Get all categories
2019-06-09 20:46:20,064 INFO rostem.service.material.ChapterService [http-nio-8080-exec-7] [CHAPTER] Getting latest created chapters..
2019-06-09 20:46:29,446 INFO rostem.service.material.CategoryService [http-nio-8080-exec-10] [CATEGORY] Get all categories
2019-06-09 20:46:29,653 INFO rostem.service.material.ChapterService [http-nio-8080-exec-8] [CHAPTER] Getting latest created chapters..
2019-06-09 20:49:03,245 INFO rostem.service.material.CategoryService [http-nio-8080-exec-1] [CATEGORY] Get all categories
2019-06-09 20:49:03,536 INFO rostem.service.material.ChapterService [http-nio-8080-exec-9] [CHAPTER] Getting latest created chapters..
2019-06-09 20:49:14,429 INFO rostem.service.material.CategoryService [http-nio-8080-exec-5] [CATEGORY] Get all categories
2019-06-09 20:49:14,588 INFO rostem.service.material.ChapterService [http-nio-8080-exec-10] [CHAPTER] Getting latest created chapters..
2019-06-09 20:49:34,834 INFO rostem.service.material.CategoryService [http-nio-8080-exec-8] [CATEGORY] Get all categories
2019-06-09 20:49:35,039 INFO rostem.service.material.ChapterService [http-nio-8080-exec-7] [CHAPTER] Getting latest created chapters..
2019-06-09 20:49:39,562 INFO rostem.service.material.CategoryService [http-nio-8080-exec-2] [USER_CATEGORY] Trying to add set a category as favorite for user ionutgrad101@gmail.com
2019-06-09 20:49:56,519 INFO org.springframework.scheduling.concurrent.ExecutorConfigurationSupport [Thread-26] Shutting down ExecutorService 'applicationTaskExecutor'
2019-06-09 20:49:56,525 ERROR org.hibernate.internal.ExceptionMapperStandardImpl [http-nio-8080-exec-2] HHH000346: Error during managed flush [Session/EntityManager is closed]
2019-06-09 20:49:56,526 INFO com.zaxxer.hikari.HikariDataSource [Thread-26] HikariPool-1 - Shutdown initiated...
2019-06-09 20:49:56,528 INFO org.hibernate.engine.jdbc.batch.internal.AbstractBatchImpl [http-nio-8080-exec-2] HHH000010: On release of batch it still contained JDBC statements
2019-06-09 20:49:56,542 INFO com.zaxxer.hikari.HikariDataSource [Thread-26] HikariPool-1 - Shutdown completed.
2019-06-09 20:49:56,544 ERROR org.springframework.transaction.support.AbstractPlatformTransactionManager [http-nio-8080-exec-2] Commit exception overridden by rollback exception
org.springframework.dao.InvalidDataAccessApiUsageException: Session/EntityManager is closed; nested exception is java.lang.IllegalStateException: Session/EntityManager is closed
	at org.springframework.orm.jpa.EntityManagerFactoryUtils.convertJpaAccessExceptionIfPossible(EntityManagerFactoryUtils.java:370)
	at org.springframework.orm.jpa.vendor.HibernateJpaDialect.translateExceptionIfPossible(HibernateJpaDialect.java:255)
	at org.springframework.orm.jpa.JpaTransactionManager.doCommit(JpaTransactionManager.java:536)
	at org.springframework.transaction.support.AbstractPlatformTransactionManager.processCommit(AbstractPlatformTransactionManager.java:746)
	at org.springframework.transaction.support.AbstractPlatformTransactionManager.commit(AbstractPlatformTransactionManager.java:714)
	at org.springframework.transaction.interceptor.TransactionAspectSupport.commitTransactionAfterReturning(TransactionAspectSupport.java:533)
	at org.springframework.transaction.interceptor.TransactionAspectSupport.invokeWithinTransaction(TransactionAspectSupport.java:304)
	at org.springframework.transaction.interceptor.TransactionInterceptor.invoke(TransactionInterceptor.java:98)
	at org.springframework.aop.framework.ReflectiveMethodInvocation.proceed(ReflectiveMethodInvocation.java:186)
	at org.springframework.dao.support.PersistenceExceptionTranslationInterceptor.invoke(PersistenceExceptionTranslationInterceptor.java:139)
	at org.springframework.aop.framework.ReflectiveMethodInvocation.proceed(ReflectiveMethodInvocation.java:186)
	at org.springframework.data.jpa.repository.support.CrudMethodMetadataPostProcessor$CrudMethodMetadataPopulatingMethodInterceptor.invoke(CrudMethodMetadataPostProcessor.java:135)
	at org.springframework.aop.framework.ReflectiveMethodInvocation.proceed(ReflectiveMethodInvocation.java:186)
	at org.springframework.aop.interceptor.ExposeInvocationInterceptor.invoke(ExposeInvocationInterceptor.java:93)
	at org.springframework.aop.framework.ReflectiveMethodInvocation.proceed(ReflectiveMethodInvocation.java:186)
	at org.springframework.data.repository.core.support.SurroundingTransactionDetectorMethodInterceptor.invoke(SurroundingTransactionDetectorMethodInterceptor.java:61)
	at org.springframework.aop.framework.ReflectiveMethodInvocation.proceed(ReflectiveMethodInvocation.java:186)
	at org.springframework.aop.framework.JdkDynamicAopProxy.invoke(JdkDynamicAopProxy.java:212)
	at com.sun.proxy.$Proxy127.save(Unknown Source)
	at rostem.service.material.CategoryService.addFavoriteCategory(CategoryService.java:106)
	at rostem.service.material.CategoryService$$FastClassBySpringCGLIB$$837f8c71.invoke(<generated>)
	at org.springframework.cglib.proxy.MethodProxy.invoke(MethodProxy.java:218)
	at org.springframework.aop.framework.CglibAopProxy$DynamicAdvisedInterceptor.intercept(CglibAopProxy.java:684)
	at rostem.service.material.CategoryService$$EnhancerBySpringCGLIB$$86e2aa81.addFavoriteCategory(<generated>)
	at rostem.controller.material.CategoryController.addNewFavoriteCategory(CategoryController.java:94)
	at sun.reflect.GeneratedMethodAccessor152.invoke(Unknown Source)
	at sun.reflect.DelegatingMethodAccessorImpl.invoke(DelegatingMethodAccessorImpl.java:43)
	at java.lang.reflect.Method.invoke(Method.java:498)
	at org.springframework.web.method.support.InvocableHandlerMethod.doInvoke(InvocableHandlerMethod.java:189)
	at org.springframework.web.method.support.InvocableHandlerMethod.invokeForRequest(InvocableHandlerMethod.java:138)
	at org.springframework.web.servlet.mvc.method.annotation.ServletInvocableHandlerMethod.invokeAndHandle(ServletInvocableHandlerMethod.java:102)
	at org.springframework.web.servlet.mvc.method.annotation.RequestMappingHandlerAdapter.invokeHandlerMethod(RequestMappingHandlerAdapter.java:895)
	at org.springframework.web.servlet.mvc.method.annotation.RequestMappingHandlerAdapter.handleInternal(RequestMappingHandlerAdapter.java:800)
	at org.springframework.web.servlet.mvc.method.AbstractHandlerMethodAdapter.handle(AbstractHandlerMethodAdapter.java:87)
	at org.springframework.web.servlet.DispatcherServlet.doDispatch(DispatcherServlet.java:1038)
	at org.springframework.web.servlet.DispatcherServlet.doService(DispatcherServlet.java:942)
	at org.springframework.web.servlet.FrameworkServlet.processRequest(FrameworkServlet.java:1005)
	at org.springframework.web.servlet.FrameworkServlet.doPost(FrameworkServlet.java:908)
	at javax.servlet.http.HttpServlet.service(HttpServlet.java:660)
	at org.springframework.web.servlet.FrameworkServlet.service(FrameworkServlet.java:882)
	at javax.servlet.http.HttpServlet.service(HttpServlet.java:741)
	at org.apache.catalina.core.ApplicationFilterChain.internalDoFilter(ApplicationFilterChain.java:231)
	at org.apache.catalina.core.ApplicationFilterChain.doFilter(ApplicationFilterChain.java:166)
	at org.apache.tomcat.websocket.server.WsFilter.doFilter(WsFilter.java:53)
	at org.apache.catalina.core.ApplicationFilterChain.internalDoFilter(ApplicationFilterChain.java:193)
	at org.apache.catalina.core.ApplicationFilterChain.doFilter(ApplicationFilterChain.java:166)
	at org.springframework.security.web.FilterChainProxy$VirtualFilterChain.doFilter(FilterChainProxy.java:320)
	at org.springframework.security.web.access.intercept.FilterSecurityInterceptor.invoke(FilterSecurityInterceptor.java:127)
	at org.springframework.security.web.access.intercept.FilterSecurityInterceptor.doFilter(FilterSecurityInterceptor.java:91)
	at org.springframework.security.web.FilterChainProxy$VirtualFilterChain.doFilter(FilterChainProxy.java:334)
	at org.springframework.security.web.access.ExceptionTranslationFilter.doFilter(ExceptionTranslationFilter.java:119)
	at org.springframework.security.web.FilterChainProxy$VirtualFilterChain.doFilter(FilterChainProxy.java:334)
	at org.springframework.security.web.session.SessionManagementFilter.doFilter(SessionManagementFilter.java:137)
	at org.springframework.security.web.FilterChainProxy$VirtualFilterChain.doFilter(FilterChainProxy.java:334)
	at org.springframework.security.web.authentication.AnonymousAuthenticationFilter.doFilter(AnonymousAuthenticationFilter.java:111)
	at org.springframework.security.web.FilterChainProxy$VirtualFilterChain.doFilter(FilterChainProxy.java:334)
	at org.springframework.security.web.servletapi.SecurityContextHolderAwareRequestFilter.doFilter(SecurityContextHolderAwareRequestFilter.java:170)
	at org.springframework.security.web.FilterChainProxy$VirtualFilterChain.doFilter(FilterChainProxy.java:334)
	at org.springframework.security.web.savedrequest.RequestCacheAwareFilter.doFilter(RequestCacheAwareFilter.java:63)
	at org.springframework.security.web.FilterChainProxy$VirtualFilterChain.doFilter(FilterChainProxy.java:334)
	at org.springframework.security.web.authentication.www.BasicAuthenticationFilter.doFilterInternal(BasicAuthenticationFilter.java:158)
	at org.springframework.web.filter.OncePerRequestFilter.doFilter(OncePerRequestFilter.java:107)
	at org.springframework.security.web.FilterChainProxy$VirtualFilterChain.doFilter(FilterChainProxy.java:334)
	at org.springframework.security.web.session.ConcurrentSessionFilter.doFilter(ConcurrentSessionFilter.java:155)
	at org.springframework.security.web.FilterChainProxy$VirtualFilterChain.doFilter(FilterChainProxy.java:334)
	at org.springframework.security.web.authentication.AbstractAuthenticationProcessingFilter.doFilter(AbstractAuthenticationProcessingFilter.java:200)
	at org.springframework.security.web.FilterChainProxy$VirtualFilterChain.doFilter(FilterChainProxy.java:334)
	at org.springframework.security.web.authentication.logout.LogoutFilter.doFilter(LogoutFilter.java:116)
	at org.springframework.security.web.FilterChainProxy$VirtualFilterChain.doFilter(FilterChainProxy.java:334)
	at org.springframework.web.filter.CorsFilter.doFilterInternal(CorsFilter.java:96)
	at org.springframework.web.filter.OncePerRequestFilter.doFilter(OncePerRequestFilter.java:107)
	at org.springframework.security.web.FilterChainProxy$VirtualFilterChain.doFilter(FilterChainProxy.java:334)
	at org.springframework.security.web.header.HeaderWriterFilter.doFilterInternal(HeaderWriterFilter.java:74)
	at org.springframework.web.filter.OncePerRequestFilter.doFilter(OncePerRequestFilter.java:107)
	at org.springframework.security.web.FilterChainProxy$VirtualFilterChain.doFilter(FilterChainProxy.java:334)
	at org.springframework.security.web.context.SecurityContextPersistenceFilter.doFilter(SecurityContextPersistenceFilter.java:105)
	at org.springframework.security.web.FilterChainProxy$VirtualFilterChain.doFilter(FilterChainProxy.java:334)
	at org.springframework.security.web.context.request.async.WebAsyncManagerIntegrationFilter.doFilterInternal(WebAsyncManagerIntegrationFilter.java:56)
	at org.springframework.web.filter.OncePerRequestFilter.doFilter(OncePerRequestFilter.java:107)
	at org.springframework.security.web.FilterChainProxy$VirtualFilterChain.doFilter(FilterChainProxy.java:334)
	at org.springframework.security.web.FilterChainProxy.doFilterInternal(FilterChainProxy.java:215)
	at org.springframework.security.web.FilterChainProxy.doFilter(FilterChainProxy.java:178)
	at org.springframework.web.filter.DelegatingFilterProxy.invokeDelegate(DelegatingFilterProxy.java:357)
	at org.springframework.web.filter.DelegatingFilterProxy.doFilter(DelegatingFilterProxy.java:270)
	at org.apache.catalina.core.ApplicationFilterChain.internalDoFilter(ApplicationFilterChain.java:193)
	at org.apache.catalina.core.ApplicationFilterChain.doFilter(ApplicationFilterChain.java:166)
	at org.springframework.web.filter.RequestContextFilter.doFilterInternal(RequestContextFilter.java:99)
	at org.springframework.web.filter.OncePerRequestFilter.doFilter(OncePerRequestFilter.java:107)
	at org.apache.catalina.core.ApplicationFilterChain.internalDoFilter(ApplicationFilterChain.java:193)
	at org.apache.catalina.core.ApplicationFilterChain.doFilter(ApplicationFilterChain.java:166)
	at org.springframework.web.filter.FormContentFilter.doFilterInternal(FormContentFilter.java:92)
	at org.springframework.web.filter.OncePerRequestFilter.doFilter(OncePerRequestFilter.java:107)
	at org.apache.catalina.core.ApplicationFilterChain.internalDoFilter(ApplicationFilterChain.java:193)
	at org.apache.catalina.core.ApplicationFilterChain.doFilter(ApplicationFilterChain.java:166)
	at org.springframework.web.filter.HiddenHttpMethodFilter.doFilterInternal(HiddenHttpMethodFilter.java:93)
	at org.springframework.web.filter.OncePerRequestFilter.doFilter(OncePerRequestFilter.java:107)
	at org.apache.catalina.core.ApplicationFilterChain.internalDoFilter(ApplicationFilterChain.java:193)
	at org.apache.catalina.core.ApplicationFilterChain.doFilter(ApplicationFilterChain.java:166)
	at rostem.configuration.BadRequestFilter.doFilterInternal(BadRequestFilter.java:30)
	at org.springframework.web.filter.OncePerRequestFilter.doFilter(OncePerRequestFilter.java:107)
	at org.apache.catalina.core.ApplicationFilterChain.internalDoFilter(ApplicationFilterChain.java:193)
	at org.apache.catalina.core.ApplicationFilterChain.doFilter(ApplicationFilterChain.java:166)
	at org.springframework.web.filter.CharacterEncodingFilter.doFilterInternal(CharacterEncodingFilter.java:200)
	at org.springframework.web.filter.OncePerRequestFilter.doFilter(OncePerRequestFilter.java:107)
	at org.apache.catalina.core.ApplicationFilterChain.internalDoFilter(ApplicationFilterChain.java:193)
	at org.apache.catalina.core.ApplicationFilterChain.doFilter(ApplicationFilterChain.java:166)
	at org.apache.catalina.core.StandardWrapperValve.invoke(StandardWrapperValve.java:199)
	at org.apache.catalina.core.StandardContextValve.invoke(StandardContextValve.java:96)
	at org.apache.catalina.authenticator.AuthenticatorBase.invoke(AuthenticatorBase.java:490)
	at org.apache.catalina.core.StandardHostValve.invoke(StandardHostValve.java:139)
	at org.apache.catalina.valves.ErrorReportValve.invoke(ErrorReportValve.java:92)
	at org.apache.catalina.core.StandardEngineValve.invoke(StandardEngineValve.java:74)
	at org.apache.catalina.connector.CoyoteAdapter.service(CoyoteAdapter.java:343)
	at org.apache.coyote.http11.Http11Processor.service(Http11Processor.java:408)
	at org.apache.coyote.AbstractProcessorLight.process(AbstractProcessorLight.java:66)
	at org.apache.coyote.AbstractProtocol$ConnectionHandler.process(AbstractProtocol.java:834)
	at org.apache.tomcat.util.net.NioEndpoint$SocketProcessor.doRun(NioEndpoint.java:1417)
	at org.apache.tomcat.util.net.SocketProcessorBase.run(SocketProcessorBase.java:49)
	at java.util.concurrent.ThreadPoolExecutor.runWorker(ThreadPoolExecutor.java:1142)
	at java.util.concurrent.ThreadPoolExecutor$Worker.run(ThreadPoolExecutor.java:617)
	at org.apache.tomcat.util.threads.TaskThread$WrappingRunnable.run(TaskThread.java:61)
	at java.lang.Thread.run(Thread.java:745)
Caused by: java.lang.IllegalStateException: Session/EntityManager is closed
	at org.hibernate.internal.AbstractSharedSessionContract.checkOpen(AbstractSharedSessionContract.java:357)
	at org.hibernate.engine.spi.SharedSessionContractImplementor.checkOpen(SharedSessionContractImplementor.java:138)
	at org.hibernate.internal.AbstractSharedSessionContract.checkOpenOrWaitingForAutoClose(AbstractSharedSessionContract.java:363)
	at org.hibernate.internal.SessionImpl.getPersistenceContext(SessionImpl.java:2343)
	at org.hibernate.event.internal.AbstractFlushingEventListener.performExecutions(AbstractFlushingEventListener.java:359)
	at org.hibernate.event.internal.DefaultFlushEventListener.onFlush(DefaultFlushEventListener.java:39)
	at org.hibernate.internal.SessionImpl.doFlush(SessionImpl.java:1454)
	at org.hibernate.internal.SessionImpl.managedFlush(SessionImpl.java:511)
	at org.hibernate.internal.SessionImpl.flushBeforeTransactionCompletion(SessionImpl.java:3283)
	at org.hibernate.internal.SessionImpl.beforeTransactionCompletion(SessionImpl.java:2479)
	at org.hibernate.engine.jdbc.internal.JdbcCoordinatorImpl.beforeTransactionCompletion(JdbcCoordinatorImpl.java:473)
	at org.hibernate.resource.transaction.backend.jdbc.internal.JdbcResourceLocalTransactionCoordinatorImpl.beforeCompletionCallback(JdbcResourceLocalTransactionCoordinatorImpl.java:178)
	at org.hibernate.resource.transaction.backend.jdbc.internal.JdbcResourceLocalTransactionCoordinatorImpl.access$300(JdbcResourceLocalTransactionCoordinatorImpl.java:39)
	at org.hibernate.resource.transaction.backend.jdbc.internal.JdbcResourceLocalTransactionCoordinatorImpl$TransactionDriverControlImpl.commit(JdbcResourceLocalTransactionCoordinatorImpl.java:271)
	at org.hibernate.engine.transaction.internal.TransactionImpl.commit(TransactionImpl.java:98)
	at org.springframework.orm.jpa.JpaTransactionManager.doCommit(JpaTransactionManager.java:532)
	... 119 common frames omitted
