2019-06-12 01:55:54,701 INFO org.springframework.boot.StartupInfoLogger [main] Starting RostemApplication on ROgradi04 with PID 9076 (C:\ubb\licenta\rostem\ROSTEM\out\production\classes started by gradi in C:\ubb\licenta\rostem\ROSTEM)
2019-06-12 01:55:54,706 DEBUG org.springframework.boot.StartupInfoLogger [main] Running with Spring Boot v2.1.2.RELEASE, Spring v5.1.4.RELEASE
2019-06-12 01:55:54,708 INFO org.springframework.boot.SpringApplication [main] No active profile set, falling back to default profiles: default
2019-06-12 01:55:56,048 INFO org.springframework.data.repository.config.RepositoryConfigurationDelegate [main] Bootstrapping Spring Data repositories in DEFAULT mode.
2019-06-12 01:55:56,164 INFO org.springframework.data.repository.config.RepositoryConfigurationDelegate [main] Finished Spring Data repository scanning in 101ms. Found 8 repository interfaces.
2019-06-12 01:55:56,802 INFO org.springframework.context.support.PostProcessorRegistrationDelegate$BeanPostProcessorChecker [main] Bean 'org.springframework.security.config.annotation.configuration.ObjectPostProcessorConfiguration' of type [org.springframework.security.config.annotation.configuration.ObjectPostProcessorConfiguration$$EnhancerBySpringCGLIB$$601a41a4] is not eligible for getting processed by all BeanPostProcessors (for example: not eligible for auto-proxying)
2019-06-12 01:55:56,808 INFO org.springframework.context.support.PostProcessorRegistrationDelegate$BeanPostProcessorChecker [main] Bean 'objectPostProcessor' of type [org.springframework.security.config.annotation.configuration.AutowireBeanFactoryObjectPostProcessor] is not eligible for getting processed by all BeanPostProcessors (for example: not eligible for auto-proxying)
2019-06-12 01:55:56,812 INFO org.springframework.context.support.PostProcessorRegistrationDelegate$BeanPostProcessorChecker [main] Bean 'org.springframework.security.access.expression.method.DefaultMethodSecurityExpressionHandler@5f1483fd' of type [org.springframework.security.access.expression.method.DefaultMethodSecurityExpressionHandler] is not eligible for getting processed by all BeanPostProcessors (for example: not eligible for auto-proxying)
2019-06-12 01:55:56,817 INFO org.springframework.context.support.PostProcessorRegistrationDelegate$BeanPostProcessorChecker [main] Bean 'org.springframework.security.config.annotation.method.configuration.GlobalMethodSecurityConfiguration' of type [org.springframework.security.config.annotation.method.configuration.GlobalMethodSecurityConfiguration$$EnhancerBySpringCGLIB$$84eee456] is not eligible for getting processed by all BeanPostProcessors (for example: not eligible for auto-proxying)
2019-06-12 01:55:56,820 INFO org.springframework.context.support.PostProcessorRegistrationDelegate$BeanPostProcessorChecker [main] Bean 'methodSecurityMetadataSource' of type [org.springframework.security.access.method.DelegatingMethodSecurityMetadataSource] is not eligible for getting processed by all BeanPostProcessors (for example: not eligible for auto-proxying)
2019-06-12 01:55:56,883 INFO org.springframework.context.support.PostProcessorRegistrationDelegate$BeanPostProcessorChecker [main] Bean 'org.springframework.transaction.annotation.ProxyTransactionManagementConfiguration' of type [org.springframework.transaction.annotation.ProxyTransactionManagementConfiguration$$EnhancerBySpringCGLIB$$c76c796a] is not eligible for getting processed by all BeanPostProcessors (for example: not eligible for auto-proxying)
2019-06-12 01:55:57,378 INFO org.springframework.boot.web.embedded.tomcat.TomcatWebServer [main] Tomcat initialized with port(s): 8080 (http)
2019-06-12 01:55:57,395 INFO org.apache.juli.logging.DirectJDKLog [main] Initializing ProtocolHandler ["http-nio-8080"]
2019-06-12 01:55:57,404 INFO org.apache.juli.logging.DirectJDKLog [main] Starting service [Tomcat]
2019-06-12 01:55:57,404 INFO org.apache.juli.logging.DirectJDKLog [main] Starting Servlet engine: [Apache Tomcat/9.0.14]
2019-06-12 01:55:57,411 INFO org.apache.juli.logging.DirectJDKLog [main] The APR based Apache Tomcat Native library which allows optimal performance in production environments was not found on the java.library.path: [C:\Program Files\Zulu\zulu-8\bin;C:\windows\Sun\Java\bin;C:\windows\system32;C:\windows;C:\Program Files\Microsoft MPI\Bin\;C:\Program Files\Microsoft HPC Pack 2012\Bin\;C:\Python27\;C:\Python27\Scripts;c:\program files (x86)\common files\oracle\java\javapath;c:\programdata\oracle\java\javapath;C:\windows\system32;C:\windows;C:\windows\system32\wbem;C:\windows\system32\windowspowershell\v1.0\;c:\windows\system32;c:\windows\system32;c:\windows\system32;c:\windows\system32;c:\windows\system32;c:\windows\system32;c:\windows\system32;c:\windows\system32;c:\windows\system32;c:\windows\system32;c:\windows\system32;c:\windows\system32;c:\windows\system32;c:\windows\system32;c:\windows\system32;c:\windows\system32;c:\windows\system32;c:\windows\system32;c:\windows\system32;c:\windows\system32;c:\windows\system32;c:\windows\system32;c:\windows\system32;c:\windows\system32;c:\windows\system32;c:\windows\system32;c:\windows\system32;c:\windows\system32;c:\windows\system32;c:\windows\system32;c:\windows\system32;c:\windows\system32;c:\windows\system32;c:\windows\system32;c:\windows\system32;c:\windows\system32;c:\windows\system32;c:\windows\system32;c:\windows\system32;c:\windows\system32;c:\windows\system32;c:\windows\system32;c:\windows\system32;c:\windows\system32;c:\windows\system32;c:\windows\system32;c:\windows\system32;c:\windows\system32;c:\windows\system32;c:\windows\system32;c:\windows\system32;c:\windows\system32;c:\windows\system32;c:\windows\system32;c:\windows\system32;c:\windows\system32;c:\windows\system32;c:\windows\system32;c:\windows\system32;c:\windows\system32;c:\windows\system32;c:\windows\system32;c:\windows\system32;c:\windows\system32;c:\windows\system32;c:\windows\system32;C:\Program Files\dotnet\;%M2_HOME%\bin;C:\Program Files\Microsoft MPI\Bin\;C:\Program Files\Microsoft HPC Pack 2012\Bin\;C:\Python27\;C:\Python27\Scripts;c:\program files (x86)\common files\oracle\java\javapath;c:\programdata\oracle\java\javapath;C:\windows\system32;C:\windows;C:\windows\system32\wbem;C:\windows\system32\windowspowershell\v1.0\;c:\windows\system32;c:\windows\system32;c:\windows\system32;c:\windows\system32;c:\windows\system32;c:\windows\system32;c:\windows\system32;c:\windows\system32;c:\windows\system32;c:\windows\system32;c:\windows\system32;c:\windows\system32;c:\windows\system32;c:\windows\system32;c:\windows\system32;c:\windows\system32;c:\windows\system32;c:\windows\system32;c:\windows\system32;c:\windows\system32;c:\windows\system32;c:\windows\system32;c:\windows\system32;c:\windows\system32;c:\windows\system32;c:\windows\system32;c:\windows\system32;c:\windows\system32;c:\windows\system32;c:\windows\system32;c:\windows\system32;c:\windows\system32;c:\windows\system32;c:\windows\system32;c:\windows\system32;c:\windows\system32;c:\windows\system32;c:\windows\system32;c:\windows\system32;c:\windows\system32;c:\windows\system32;c:\windows\system32;c:\windows\system32;c:\windows\system32;c:\windows\system32;c:\windows\system32;c:\windows\system32;c:\windows\system32;c:\windows\system32;c:\windows\system32;c:\windows\system32;c:\windows\system32;c:\windows\system32;c:\windows\system32;c:\windows\system32;c:\windows\system32;c:\windows\system32;c:\windows\system32;c:\windows\system32;c:\windows\system32;c:\windows\system32;c:\windows\system32;c:\windows\system32;c:\windows\system32;c:\windows\system32;c:\windows\system32;C:\Program Files\dotnet\;%M2_HOME%\bin;C:\Program Files\Microsoft MPI\Bin\;C:\Program Files\Microsoft HPC Pack 2012\Bin\;C:\Python27\;C:\Python27\Scripts;c:\program files (x86)\common files\oracle\java\javapath;c:\programdata\oracle\java\javapath;C:\windows\system32;C:\windows;C:\windows\system32\wbem;C:\windows\system32\windowspowershell\v1.0\;c:\windows\system32;c:\windows\system32;c:\windows\system32;c:\windows\system32;c:\windows\system32;c:\windows\system32;c:\windows\system32;c:\windows\system32;c:\windows\system32;c:\windows\system32;c:\windows\system32;c:\windows\system32;c:\windows\system32;c:\windows\system32;c:\windows\system32;c:\windows\system32;c:\windows\system32;c:\windows\system32;c:\windows\system32;c:\windows\system32;c:\windows\system32;c:\windows\system32;c:\windows\sy;C:\Users\gradi.CORPDOM\AppData\Local\Microsoft\WindowsApps;C:\Users\gradi.CORPDOM\AppData\Local\Programs\Microsoft VS Code\bin;C:\Program Files\Zulu\zulu-8;-Xms512m -Xmx1524m;%M2_PATH%\bin;C:\work\apache-maven-3.3.9\bin;C:\Users\gradi.CORPDOM\AppData\Local\Android\Sdk\platform-tools;C:\Program Files\JetBrains\PyCharm 2018.3.2\bin;C:\MinGW\bin;C:\GnuWin32\bin;C:\Users\gradi.CORPDOM\AppData\Roaming\npm;.]
2019-06-12 01:55:57,624 INFO org.apache.juli.logging.DirectJDKLog [main] Initializing Spring embedded WebApplicationContext
2019-06-12 01:55:57,624 INFO org.springframework.boot.web.servlet.context.ServletWebServerApplicationContext [main] Root WebApplicationContext: initialization completed in 2853 ms
2019-06-12 01:55:57,778 INFO com.zaxxer.hikari.HikariDataSource [main] HikariPool-1 - Starting...
2019-06-12 01:55:58,005 INFO com.zaxxer.hikari.HikariDataSource [main] HikariPool-1 - Start completed.
2019-06-12 01:55:58,096 INFO org.hibernate.jpa.internal.util.LogHelper [main] HHH000204: Processing PersistenceUnitInfo [
	name: default
	...]
2019-06-12 01:55:58,193 INFO org.hibernate.Version [main] HHH000412: Hibernate Core {5.3.7.Final}
2019-06-12 01:55:58,197 INFO org.hibernate.cfg.Environment [main] HHH000206: hibernate.properties not found
2019-06-12 01:55:58,462 INFO org.hibernate.annotations.common.reflection.java.JavaReflectionManager [main] HCANN000001: Hibernate Commons Annotations {5.0.4.Final}
2019-06-12 01:55:58,828 INFO org.hibernate.dialect.Dialect [main] HHH000400: Using dialect: org.hibernate.dialect.PostgreSQL95Dialect
2019-06-12 01:55:58,965 INFO org.hibernate.engine.jdbc.env.internal.LobCreatorBuilderImpl [main] HHH000424: Disabling contextual LOB creation as createClob() method threw error : java.lang.reflect.InvocationTargetException
java.lang.reflect.InvocationTargetException: null
	at sun.reflect.NativeMethodAccessorImpl.invoke0(Native Method)
	at sun.reflect.NativeMethodAccessorImpl.invoke(NativeMethodAccessorImpl.java:62)
	at sun.reflect.DelegatingMethodAccessorImpl.invoke(DelegatingMethodAccessorImpl.java:43)
	at java.lang.reflect.Method.invoke(Method.java:498)
	at org.hibernate.engine.jdbc.env.internal.LobCreatorBuilderImpl.useContextualLobCreation(LobCreatorBuilderImpl.java:113)
	at org.hibernate.engine.jdbc.env.internal.LobCreatorBuilderImpl.makeLobCreatorBuilder(LobCreatorBuilderImpl.java:54)
	at org.hibernate.engine.jdbc.env.internal.JdbcEnvironmentImpl.<init>(JdbcEnvironmentImpl.java:271)
	at org.hibernate.engine.jdbc.env.internal.JdbcEnvironmentInitiator.initiateService(JdbcEnvironmentInitiator.java:114)
	at org.hibernate.engine.jdbc.env.internal.JdbcEnvironmentInitiator.initiateService(JdbcEnvironmentInitiator.java:35)
	at org.hibernate.boot.registry.internal.StandardServiceRegistryImpl.initiateService(StandardServiceRegistryImpl.java:94)
	at org.hibernate.service.internal.AbstractServiceRegistryImpl.createService(AbstractServiceRegistryImpl.java:263)
	at org.hibernate.service.internal.AbstractServiceRegistryImpl.initializeService(AbstractServiceRegistryImpl.java:237)
	at org.hibernate.service.internal.AbstractServiceRegistryImpl.getService(AbstractServiceRegistryImpl.java:214)
	at org.hibernate.id.factory.internal.DefaultIdentifierGeneratorFactory.injectServices(DefaultIdentifierGeneratorFactory.java:152)
	at org.hibernate.service.internal.AbstractServiceRegistryImpl.injectDependencies(AbstractServiceRegistryImpl.java:286)
	at org.hibernate.service.internal.AbstractServiceRegistryImpl.initializeService(AbstractServiceRegistryImpl.java:243)
	at org.hibernate.service.internal.AbstractServiceRegistryImpl.getService(AbstractServiceRegistryImpl.java:214)
	at org.hibernate.boot.internal.InFlightMetadataCollectorImpl.<init>(InFlightMetadataCollectorImpl.java:179)
	at org.hibernate.boot.model.process.spi.MetadataBuildingProcess.complete(MetadataBuildingProcess.java:119)
	at org.hibernate.jpa.boot.internal.EntityManagerFactoryBuilderImpl.metadata(EntityManagerFactoryBuilderImpl.java:904)
	at org.hibernate.jpa.boot.internal.EntityManagerFactoryBuilderImpl.build(EntityManagerFactoryBuilderImpl.java:935)
	at org.springframework.orm.jpa.vendor.SpringHibernateJpaPersistenceProvider.createContainerEntityManagerFactory(SpringHibernateJpaPersistenceProvider.java:57)
	at org.springframework.orm.jpa.LocalContainerEntityManagerFactoryBean.createNativeEntityManagerFactory(LocalContainerEntityManagerFactoryBean.java:365)
	at org.springframework.orm.jpa.AbstractEntityManagerFactoryBean.buildNativeEntityManagerFactory(AbstractEntityManagerFactoryBean.java:390)
	at org.springframework.orm.jpa.AbstractEntityManagerFactoryBean.afterPropertiesSet(AbstractEntityManagerFactoryBean.java:377)
	at org.springframework.orm.jpa.LocalContainerEntityManagerFactoryBean.afterPropertiesSet(LocalContainerEntityManagerFactoryBean.java:341)
	at rostem.configuration.JpaConfiguration.entityManagerFactory(JpaConfiguration.java:97)
	at rostem.configuration.JpaConfiguration$$EnhancerBySpringCGLIB$$4efd448a.CGLIB$entityManagerFactory$2(<generated>)
	at rostem.configuration.JpaConfiguration$$EnhancerBySpringCGLIB$$4efd448a$$FastClassBySpringCGLIB$$d241b196.invoke(<generated>)
	at org.springframework.cglib.proxy.MethodProxy.invokeSuper(MethodProxy.java:244)
	at org.springframework.context.annotation.ConfigurationClassEnhancer$BeanMethodInterceptor.intercept(ConfigurationClassEnhancer.java:363)
	at rostem.configuration.JpaConfiguration$$EnhancerBySpringCGLIB$$4efd448a.entityManagerFactory(<generated>)
	at sun.reflect.NativeMethodAccessorImpl.invoke0(Native Method)
	at sun.reflect.NativeMethodAccessorImpl.invoke(NativeMethodAccessorImpl.java:62)
	at sun.reflect.DelegatingMethodAccessorImpl.invoke(DelegatingMethodAccessorImpl.java:43)
	at java.lang.reflect.Method.invoke(Method.java:498)
	at org.springframework.beans.factory.support.SimpleInstantiationStrategy.instantiate(SimpleInstantiationStrategy.java:154)
	at org.springframework.beans.factory.support.ConstructorResolver.instantiate(ConstructorResolver.java:622)
	at org.springframework.beans.factory.support.ConstructorResolver.instantiateUsingFactoryMethod(ConstructorResolver.java:456)
	at org.springframework.beans.factory.support.AbstractAutowireCapableBeanFactory.instantiateUsingFactoryMethod(AbstractAutowireCapableBeanFactory.java:1288)
	at org.springframework.beans.factory.support.AbstractAutowireCapableBeanFactory.createBeanInstance(AbstractAutowireCapableBeanFactory.java:1127)
	at org.springframework.beans.factory.support.AbstractAutowireCapableBeanFactory.doCreateBean(AbstractAutowireCapableBeanFactory.java:538)
	at org.springframework.beans.factory.support.AbstractAutowireCapableBeanFactory.createBean(AbstractAutowireCapableBeanFactory.java:498)
	at org.springframework.beans.factory.support.AbstractBeanFactory.lambda$doGetBean$0(AbstractBeanFactory.java:320)
	at org.springframework.beans.factory.support.DefaultSingletonBeanRegistry.getSingleton(DefaultSingletonBeanRegistry.java:222)
	at org.springframework.beans.factory.support.AbstractBeanFactory.doGetBean(AbstractBeanFactory.java:318)
	at org.springframework.beans.factory.support.AbstractBeanFactory.getBean(AbstractBeanFactory.java:199)
	at org.springframework.beans.factory.support.BeanDefinitionValueResolver.resolveReference(BeanDefinitionValueResolver.java:367)
	at org.springframework.beans.factory.support.BeanDefinitionValueResolver.resolveValueIfNecessary(BeanDefinitionValueResolver.java:110)
	at org.springframework.beans.factory.support.ConstructorResolver.resolveConstructorArguments(ConstructorResolver.java:662)
	at org.springframework.beans.factory.support.ConstructorResolver.instantiateUsingFactoryMethod(ConstructorResolver.java:479)
	at org.springframework.beans.factory.support.AbstractAutowireCapableBeanFactory.instantiateUsingFactoryMethod(AbstractAutowireCapableBeanFactory.java:1288)
	at org.springframework.beans.factory.support.AbstractAutowireCapableBeanFactory.createBeanInstance(AbstractAutowireCapableBeanFactory.java:1127)
	at org.springframework.beans.factory.support.AbstractAutowireCapableBeanFactory.doCreateBean(AbstractAutowireCapableBeanFactory.java:538)
	at org.springframework.beans.factory.support.AbstractAutowireCapableBeanFactory.createBean(AbstractAutowireCapableBeanFactory.java:498)
	at org.springframework.beans.factory.support.BeanDefinitionValueResolver.resolveInnerBean(BeanDefinitionValueResolver.java:312)
	at org.springframework.beans.factory.support.BeanDefinitionValueResolver.resolveValueIfNecessary(BeanDefinitionValueResolver.java:131)
	at org.springframework.beans.factory.support.AbstractAutowireCapableBeanFactory.applyPropertyValues(AbstractAutowireCapableBeanFactory.java:1648)
	at org.springframework.beans.factory.support.AbstractAutowireCapableBeanFactory.populateBean(AbstractAutowireCapableBeanFactory.java:1400)
	at org.springframework.beans.factory.support.AbstractAutowireCapableBeanFactory.doCreateBean(AbstractAutowireCapableBeanFactory.java:575)
	at org.springframework.beans.factory.support.AbstractAutowireCapableBeanFactory.createBean(AbstractAutowireCapableBeanFactory.java:498)
	at org.springframework.beans.factory.support.AbstractBeanFactory.lambda$doGetBean$0(AbstractBeanFactory.java:320)
	at org.springframework.beans.factory.support.DefaultSingletonBeanRegistry.getSingleton(DefaultSingletonBeanRegistry.java:222)
	at org.springframework.beans.factory.support.AbstractBeanFactory.doGetBean(AbstractBeanFactory.java:318)
	at org.springframework.beans.factory.support.AbstractBeanFactory.getBean(AbstractBeanFactory.java:199)
	at org.springframework.beans.factory.config.DependencyDescriptor.resolveCandidate(DependencyDescriptor.java:277)
	at org.springframework.beans.factory.support.DefaultListableBeanFactory.doResolveDependency(DefaultListableBeanFactory.java:1244)
	at org.springframework.beans.factory.support.DefaultListableBeanFactory.resolveDependency(DefaultListableBeanFactory.java:1164)
	at org.springframework.beans.factory.support.ConstructorResolver.resolveAutowiredArgument(ConstructorResolver.java:857)
	at org.springframework.beans.factory.support.ConstructorResolver.createArgumentArray(ConstructorResolver.java:760)
	at org.springframework.beans.factory.support.ConstructorResolver.autowireConstructor(ConstructorResolver.java:218)
	at org.springframework.beans.factory.support.AbstractAutowireCapableBeanFactory.autowireConstructor(AbstractAutowireCapableBeanFactory.java:1308)
	at org.springframework.beans.factory.support.AbstractAutowireCapableBeanFactory.createBeanInstance(AbstractAutowireCapableBeanFactory.java:1154)
	at org.springframework.beans.factory.support.AbstractAutowireCapableBeanFactory.doCreateBean(AbstractAutowireCapableBeanFactory.java:538)
	at org.springframework.beans.factory.support.AbstractAutowireCapableBeanFactory.createBean(AbstractAutowireCapableBeanFactory.java:498)
	at org.springframework.beans.factory.support.AbstractBeanFactory.lambda$doGetBean$0(AbstractBeanFactory.java:320)
	at org.springframework.beans.factory.support.DefaultSingletonBeanRegistry.getSingleton(DefaultSingletonBeanRegistry.java:222)
	at org.springframework.beans.factory.support.AbstractBeanFactory.doGetBean(AbstractBeanFactory.java:318)
	at org.springframework.beans.factory.support.AbstractBeanFactory.getBean(AbstractBeanFactory.java:199)
	at org.springframework.beans.factory.config.DependencyDescriptor.resolveCandidate(DependencyDescriptor.java:277)
	at org.springframework.beans.factory.support.DefaultListableBeanFactory.doResolveDependency(DefaultListableBeanFactory.java:1244)
	at org.springframework.beans.factory.support.DefaultListableBeanFactory.resolveDependency(DefaultListableBeanFactory.java:1164)
	at org.springframework.beans.factory.support.ConstructorResolver.resolveAutowiredArgument(ConstructorResolver.java:857)
	at org.springframework.beans.factory.support.ConstructorResolver.createArgumentArray(ConstructorResolver.java:760)
	at org.springframework.beans.factory.support.ConstructorResolver.autowireConstructor(ConstructorResolver.java:218)
	at org.springframework.beans.factory.support.AbstractAutowireCapableBeanFactory.autowireConstructor(AbstractAutowireCapableBeanFactory.java:1308)
	at org.springframework.beans.factory.support.AbstractAutowireCapableBeanFactory.createBeanInstance(AbstractAutowireCapableBeanFactory.java:1154)
	at org.springframework.beans.factory.support.AbstractAutowireCapableBeanFactory.doCreateBean(AbstractAutowireCapableBeanFactory.java:538)
	at org.springframework.beans.factory.support.AbstractAutowireCapableBeanFactory.createBean(AbstractAutowireCapableBeanFactory.java:498)
	at org.springframework.beans.factory.support.AbstractBeanFactory.lambda$doGetBean$0(AbstractBeanFactory.java:320)
	at org.springframework.beans.factory.support.DefaultSingletonBeanRegistry.getSingleton(DefaultSingletonBeanRegistry.java:222)
	at org.springframework.beans.factory.support.AbstractBeanFactory.doGetBean(AbstractBeanFactory.java:318)
	at org.springframework.beans.factory.support.AbstractBeanFactory.getBean(AbstractBeanFactory.java:199)
	at org.springframework.beans.factory.support.ConstructorResolver.instantiateUsingFactoryMethod(ConstructorResolver.java:392)
	at org.springframework.beans.factory.support.AbstractAutowireCapableBeanFactory.instantiateUsingFactoryMethod(AbstractAutowireCapableBeanFactory.java:1288)
	at org.springframework.beans.factory.support.AbstractAutowireCapableBeanFactory.createBeanInstance(AbstractAutowireCapableBeanFactory.java:1127)
	at org.springframework.beans.factory.support.AbstractAutowireCapableBeanFactory.doCreateBean(AbstractAutowireCapableBeanFactory.java:538)
	at org.springframework.beans.factory.support.AbstractAutowireCapableBeanFactory.createBean(AbstractAutowireCapableBeanFactory.java:498)
	at org.springframework.beans.factory.support.AbstractBeanFactory.lambda$doGetBean$0(AbstractBeanFactory.java:320)
	at org.springframework.beans.factory.support.DefaultSingletonBeanRegistry.getSingleton(DefaultSingletonBeanRegistry.java:222)
	at org.springframework.beans.factory.support.AbstractBeanFactory.doGetBean(AbstractBeanFactory.java:318)
	at org.springframework.beans.factory.support.AbstractBeanFactory.getBean(AbstractBeanFactory.java:204)
	at org.springframework.boot.web.servlet.ServletContextInitializerBeans.getOrderedBeansOfType(ServletContextInitializerBeans.java:235)
	at org.springframework.boot.web.servlet.ServletContextInitializerBeans.addAsRegistrationBean(ServletContextInitializerBeans.java:193)
	at org.springframework.boot.web.servlet.ServletContextInitializerBeans.addAsRegistrationBean(ServletContextInitializerBeans.java:188)
	at org.springframework.boot.web.servlet.ServletContextInitializerBeans.addAdaptableBeans(ServletContextInitializerBeans.java:170)
	at org.springframework.boot.web.servlet.ServletContextInitializerBeans.<init>(ServletContextInitializerBeans.java:89)
	at org.springframework.boot.web.servlet.context.ServletWebServerApplicationContext.getServletContextInitializerBeans(ServletWebServerApplicationContext.java:261)
	at org.springframework.boot.web.servlet.context.ServletWebServerApplicationContext.selfInitialize(ServletWebServerApplicationContext.java:234)
	at org.springframework.boot.web.embedded.tomcat.TomcatStarter.onStartup(TomcatStarter.java:54)
	at org.apache.catalina.core.StandardContext.startInternal(StandardContext.java:5120)
	at org.apache.catalina.util.LifecycleBase.start(LifecycleBase.java:183)
	at org.apache.catalina.core.ContainerBase$StartChild.call(ContainerBase.java:1382)
	at org.apache.catalina.core.ContainerBase$StartChild.call(ContainerBase.java:1372)
	at java.util.concurrent.FutureTask.run$$$capture(FutureTask.java:266)
	at java.util.concurrent.FutureTask.run(FutureTask.java)
	at org.apache.tomcat.util.threads.InlineExecutorService.execute(InlineExecutorService.java:75)
	at java.util.concurrent.AbstractExecutorService.submit(AbstractExecutorService.java:134)
	at org.apache.catalina.core.ContainerBase.startInternal(ContainerBase.java:907)
	at org.apache.catalina.core.StandardHost.startInternal(StandardHost.java:831)
	at org.apache.catalina.util.LifecycleBase.start(LifecycleBase.java:183)
	at org.apache.catalina.core.ContainerBase$StartChild.call(ContainerBase.java:1382)
	at org.apache.catalina.core.ContainerBase$StartChild.call(ContainerBase.java:1372)
	at java.util.concurrent.FutureTask.run$$$capture(FutureTask.java:266)
	at java.util.concurrent.FutureTask.run(FutureTask.java)
	at org.apache.tomcat.util.threads.InlineExecutorService.execute(InlineExecutorService.java:75)
	at java.util.concurrent.AbstractExecutorService.submit(AbstractExecutorService.java:134)
	at org.apache.catalina.core.ContainerBase.startInternal(ContainerBase.java:907)
	at org.apache.catalina.core.StandardEngine.startInternal(StandardEngine.java:262)
	at org.apache.catalina.util.LifecycleBase.start(LifecycleBase.java:183)
	at org.apache.catalina.core.StandardService.startInternal(StandardService.java:423)
	at org.apache.catalina.util.LifecycleBase.start(LifecycleBase.java:183)
	at org.apache.catalina.core.StandardServer.startInternal(StandardServer.java:933)
	at org.apache.catalina.util.LifecycleBase.start(LifecycleBase.java:183)
	at org.apache.catalina.startup.Tomcat.start(Tomcat.java:398)
	at org.springframework.boot.web.embedded.tomcat.TomcatWebServer.initialize(TomcatWebServer.java:106)
	at org.springframework.boot.web.embedded.tomcat.TomcatWebServer.<init>(TomcatWebServer.java:86)
	at org.springframework.boot.web.embedded.tomcat.TomcatServletWebServerFactory.getTomcatWebServer(TomcatServletWebServerFactory.java:415)
	at org.springframework.boot.web.embedded.tomcat.TomcatServletWebServerFactory.getWebServer(TomcatServletWebServerFactory.java:174)
	at org.springframework.boot.web.servlet.context.ServletWebServerApplicationContext.createWebServer(ServletWebServerApplicationContext.java:181)
	at org.springframework.boot.web.servlet.context.ServletWebServerApplicationContext.onRefresh(ServletWebServerApplicationContext.java:154)
	at org.springframework.context.support.AbstractApplicationContext.refresh(AbstractApplicationContext.java:540)
	at org.springframework.boot.web.servlet.context.ServletWebServerApplicationContext.refresh(ServletWebServerApplicationContext.java:142)
	at org.springframework.boot.SpringApplication.refresh(SpringApplication.java:775)
	at org.springframework.boot.SpringApplication.refreshContext(SpringApplication.java:397)
	at org.springframework.boot.SpringApplication.run(SpringApplication.java:316)
	at org.springframework.boot.SpringApplication.run(SpringApplication.java:1260)
	at org.springframework.boot.SpringApplication.run(SpringApplication.java:1248)
	at rostem.RostemApplication.main(RostemApplication.java:12)
Caused by: java.sql.SQLFeatureNotSupportedException: Method org.postgresql.jdbc.PgConnection.createClob() is not yet implemented.
	at org.postgresql.Driver.notImplemented(Driver.java:688)
	at org.postgresql.jdbc.PgConnection.createClob(PgConnection.java:1269)
	... 149 common frames omitted
2019-06-12 01:55:58,978 INFO org.hibernate.type.BasicTypeRegistry [main] HHH000270: Type registration [java.util.UUID] overrides previous : org.hibernate.type.UUIDBinaryType@6b8bdcc6
2019-06-12 01:56:00,241 INFO org.springframework.orm.jpa.AbstractEntityManagerFactoryBean [main] Initialized JPA EntityManagerFactory for persistence unit 'default'
2019-06-12 01:56:00,977 DEBUG org.springframework.web.filter.GenericFilterBean [main] Filter 'badRequestFilter' configured for use
2019-06-12 01:56:01,464 WARN org.springframework.boot.autoconfigure.orm.jpa.JpaBaseConfiguration$JpaWebConfiguration$JpaWebMvcConfiguration [main] spring.jpa.open-in-view is enabled by default. Therefore, database queries may be performed during view rendering. Explicitly configure spring.jpa.open-in-view to disable this warning
2019-06-12 01:56:01,687 INFO springfox.documentation.spring.web.PropertySourcedRequestMappingHandlerMapping [main] Mapped URL path [/v2/api-docs] onto method [public org.springframework.http.ResponseEntity<springfox.documentation.spring.web.json.Json> springfox.documentation.swagger2.web.Swagger2Controller.getDocumentation(java.lang.String,javax.servlet.http.HttpServletRequest)]
2019-06-12 01:56:01,957 INFO org.springframework.security.web.DefaultSecurityFilterChain [main] Creating filter chain: any request, [org.springframework.security.web.context.request.async.WebAsyncManagerIntegrationFilter@332610ad, org.springframework.security.web.context.SecurityContextPersistenceFilter@2f09907, org.springframework.security.web.header.HeaderWriterFilter@69c263f8, org.springframework.web.filter.CorsFilter@45bbb3e8, org.springframework.security.web.authentication.logout.LogoutFilter@5ff8d76f, org.springframework.security.web.authentication.UsernamePasswordAuthenticationFilter@3a286095, org.springframework.security.web.session.ConcurrentSessionFilter@3b62c51e, org.springframework.security.web.authentication.www.BasicAuthenticationFilter@11c40a65, org.springframework.security.web.savedrequest.RequestCacheAwareFilter@5f8a29ca, org.springframework.security.web.servletapi.SecurityContextHolderAwareRequestFilter@7e4c0bc7, org.springframework.security.web.authentication.AnonymousAuthenticationFilter@795e8ef5, org.springframework.security.web.session.SessionManagementFilter@198a0416, org.springframework.security.web.access.ExceptionTranslationFilter@5183131d, org.springframework.security.web.access.intercept.FilterSecurityInterceptor@30259c61]
2019-06-12 01:56:02,079 INFO org.springframework.scheduling.concurrent.ExecutorConfigurationSupport [main] Initializing ExecutorService 'applicationTaskExecutor'
2019-06-12 01:56:02,574 INFO springfox.documentation.spring.web.plugins.DocumentationPluginsBootstrapper [main] Context refreshed
2019-06-12 01:56:02,597 INFO springfox.documentation.spring.web.plugins.DocumentationPluginsBootstrapper [main] Found 1 custom documentation plugin(s)
2019-06-12 01:56:02,637 INFO springfox.documentation.spring.web.scanners.ApiListingReferenceScanner [main] Scanning for api listing references
2019-06-12 01:56:02,950 INFO org.apache.juli.logging.DirectJDKLog [main] Starting ProtocolHandler ["http-nio-8080"]
2019-06-12 01:56:02,977 INFO org.springframework.boot.web.embedded.tomcat.TomcatWebServer [main] Tomcat started on port(s): 8080 (http) with context path ''
2019-06-12 01:56:02,979 INFO org.springframework.boot.StartupInfoLogger [main] Started RostemApplication in 9.108 seconds (JVM running for 10.547)
2019-06-12 01:56:33,994 INFO org.apache.juli.logging.DirectJDKLog [http-nio-8080-exec-1] Initializing Spring DispatcherServlet 'dispatcherServlet'
2019-06-12 01:56:33,995 INFO org.springframework.web.servlet.FrameworkServlet [http-nio-8080-exec-1] Initializing Servlet 'dispatcherServlet'
2019-06-12 01:56:34,007 INFO org.springframework.web.servlet.FrameworkServlet [http-nio-8080-exec-1] Completed initialization in 12 ms
2019-06-12 01:56:34,161 INFO rostem.service.authentication.AuthenticationService [http-nio-8080-exec-2] [loadUserByUsername] Searching for user ionutgrad101@gmail.com in databases
2019-06-12 01:56:34,200 INFO org.hibernate.hql.internal.QueryTranslatorFactoryInitiator [http-nio-8080-exec-2] HHH000397: Using ASTQueryTranslatorFactory
2019-06-12 01:56:34,362 INFO rostem.service.authentication.AuthenticationService [http-nio-8080-exec-2] [loadUserByUsername] Found user, all ok
2019-06-12 01:56:34,472 DEBUG rostem.configuration.LoginHandlers.LoginSuccessHandler [http-nio-8080-exec-2] [INFO] A login request was successful
2019-06-12 01:56:34,630 INFO rostem.service.material.CategoryService [http-nio-8080-exec-4] [CATEGORY] Get all categories
2019-06-12 01:56:34,669 INFO rostem.service.material.ChapterService [http-nio-8080-exec-5] [CHAPTER] Getting latest created chapters..
2019-06-12 01:56:37,714 INFO rostem.service.material.TutorialService [http-nio-8080-exec-6] [TUTORIAL] Trying to get all tutorials for category Math
2019-06-12 01:56:38,530 INFO rostem.service.material.ChapterService [http-nio-8080-exec-8] [CHAPTER] Trying to get all chapters for tutorial 1
2019-06-12 01:56:39,457 INFO rostem.service.material.ChapterService [http-nio-8080-exec-9] [CHAPTER] Trying to get all comments for chapter 2
2019-06-12 01:56:41,509 INFO rostem.service.material.ChapterService [http-nio-8080-exec-3] [USER_CHAPTER] Trying to set a chapter as liked by user ionutgrad101@gmail.com
2019-06-12 01:56:43,075 INFO rostem.service.material.ChapterService [http-nio-8080-exec-5] [USER_CHAPTER] Trying to dislike a chapter for user ionutgrad101@gmail.com
2019-06-12 01:56:43,306 INFO rostem.service.material.ChapterService [http-nio-8080-exec-6] [USER_CHAPTER] Trying to set a chapter as liked by user ionutgrad101@gmail.com
2019-06-12 01:56:43,539 INFO rostem.service.material.ChapterService [http-nio-8080-exec-7] [USER_CHAPTER] Trying to dislike a chapter for user ionutgrad101@gmail.com
2019-06-12 01:56:43,801 INFO rostem.service.material.ChapterService [http-nio-8080-exec-8] [USER_CHAPTER] Trying to set a chapter as liked by user ionutgrad101@gmail.com
2019-06-12 01:56:44,097 INFO rostem.service.material.ChapterService [http-nio-8080-exec-9] [USER_CHAPTER] Trying to dislike a chapter for user ionutgrad101@gmail.com
2019-06-12 01:56:44,361 INFO rostem.service.material.ChapterService [http-nio-8080-exec-10] [USER_CHAPTER] Trying to set a chapter as liked by user ionutgrad101@gmail.com
2019-06-12 01:56:44,637 INFO rostem.service.material.ChapterService [http-nio-8080-exec-1] [USER_CHAPTER] Trying to dislike a chapter for user ionutgrad101@gmail.com
2019-06-12 01:56:44,879 INFO rostem.service.material.ChapterService [http-nio-8080-exec-2] [USER_CHAPTER] Trying to set a chapter as liked by user ionutgrad101@gmail.com
2019-06-12 01:56:45,163 INFO rostem.service.material.ChapterService [http-nio-8080-exec-3] [USER_CHAPTER] Trying to dislike a chapter for user ionutgrad101@gmail.com
2019-06-12 01:56:45,426 INFO rostem.service.material.ChapterService [http-nio-8080-exec-4] [USER_CHAPTER] Trying to set a chapter as liked by user ionutgrad101@gmail.com
2019-06-12 01:56:45,713 INFO rostem.service.material.ChapterService [http-nio-8080-exec-5] [USER_CHAPTER] Trying to dislike a chapter for user ionutgrad101@gmail.com
2019-06-12 01:57:02,215 INFO rostem.service.material.ChapterService [http-nio-8080-exec-7] [USER_CHAPTER] Trying to set a chapter as liked by user ionutgrad101@gmail.com
2019-06-12 01:57:10,080 INFO rostem.service.material.ChapterService [http-nio-8080-exec-9] [USER_CHAPTER] Trying to dislike a chapter for user ionutgrad101@gmail.com
2019-06-12 01:57:16,240 INFO rostem.service.material.ChapterService [http-nio-8080-exec-1] [USER_CHAPTER] Trying to set a chapter as liked by user ionutgrad101@gmail.com
2019-06-12 01:57:25,960 INFO rostem.service.users.RostemUserService [http-nio-8080-exec-2] [ADMIN] Get all users
2019-06-12 01:58:40,756 INFO rostem.service.users.RostemUserService [http-nio-8080-exec-1] [ADMIN] Get all users
2019-06-12 02:01:03,268 INFO rostem.service.users.RostemUserService [http-nio-8080-exec-3] [ADMIN] Get all users
2019-06-12 02:01:18,321 INFO rostem.service.users.RostemUserService [http-nio-8080-exec-4] [ADMIN] Get all users
2019-06-12 02:01:21,736 INFO rostem.service.users.RostemUserService [http-nio-8080-exec-5] [ADMIN] Get all users
2019-06-12 02:02:55,398 INFO rostem.service.users.RostemUserService [http-nio-8080-exec-7] [ADMIN] Get all users
2019-06-12 02:02:59,056 INFO rostem.service.material.CategoryService [http-nio-8080-exec-9] [CATEGORY] Get all categories
2019-06-12 02:02:59,207 INFO rostem.service.material.ChapterService [http-nio-8080-exec-10] [CHAPTER] Getting latest created chapters..
2019-06-12 02:03:00,747 INFO rostem.service.material.TutorialService [http-nio-8080-exec-1] [TUTORIAL] Trying to get all tutorials for category Math
2019-06-12 02:03:01,538 INFO rostem.service.material.ChapterService [http-nio-8080-exec-3] [CHAPTER] Trying to get all chapters for tutorial 1
2019-06-12 02:03:04,913 INFO rostem.service.material.ChapterService [http-nio-8080-exec-4] [CHAPTER] Trying to get all chapters for tutorial 1
2019-06-12 02:03:05,650 INFO rostem.service.material.ChapterService [http-nio-8080-exec-5] [CHAPTER] Trying to get all chapters for tutorial 1
2019-06-12 02:03:06,151 INFO rostem.service.material.ChapterService [http-nio-8080-exec-6] [CHAPTER] Trying to get all chapters for tutorial 1
2019-06-12 02:03:06,625 INFO rostem.service.material.ChapterService [http-nio-8080-exec-8] [CHAPTER] Trying to get all chapters for tutorial 1
2019-06-12 02:03:07,144 INFO rostem.service.material.ChapterService [http-nio-8080-exec-9] [CHAPTER] Trying to get all chapters for tutorial 1
2019-06-12 02:03:07,614 INFO rostem.service.material.ChapterService [http-nio-8080-exec-10] [CHAPTER] Trying to get all chapters for tutorial 1
2019-06-12 02:03:14,015 INFO rostem.service.material.ChapterService [http-nio-8080-exec-1] [CHAPTER] Trying to get all comments for chapter 2
2019-06-12 02:03:45,661 INFO rostem.service.material.TutorialService [http-nio-8080-exec-4] [TUTORIAL] Trying to get all tutorials for category Math
2019-06-12 02:03:46,893 INFO rostem.service.material.ChapterService [http-nio-8080-exec-6] [CHAPTER] Trying to get all chapters for tutorial 1
2019-06-12 02:03:48,280 INFO rostem.service.material.ChapterService [http-nio-8080-exec-7] [CHAPTER] Trying to get all comments for chapter 2
2019-06-12 02:04:01,912 INFO rostem.service.material.TutorialService [http-nio-8080-exec-10] [TUTORIAL] Trying to get all tutorials for category Math
2019-06-12 02:04:03,039 INFO rostem.service.material.ChapterService [http-nio-8080-exec-3] [CHAPTER] Trying to get all chapters for tutorial 2
2019-06-12 02:04:03,774 INFO rostem.service.material.ChapterService [http-nio-8080-exec-2] [CHAPTER] Trying to get all chapters for tutorial 1
2019-06-12 02:04:04,603 INFO rostem.service.material.ChapterService [http-nio-8080-exec-4] [CHAPTER] Trying to get all comments for chapter 2
2019-06-12 02:04:19,036 INFO rostem.service.material.ChapterService [http-nio-8080-exec-8] [CHAPTER] Trying to get all comments for chapter 2
2019-06-12 02:05:50,535 INFO rostem.service.material.TutorialService [http-nio-8080-exec-2] [TUTORIAL] Trying to get all tutorials for category Math
2019-06-12 02:05:55,663 INFO rostem.service.material.TutorialService [http-nio-8080-exec-4] [TUTORIAL] Trying to get all tutorials for category Math
2019-06-12 02:06:04,952 INFO rostem.service.material.TutorialService [http-nio-8080-exec-5] [TUTORIAL] Trying to get all tutorials for category Math
2019-06-12 02:07:08,243 INFO rostem.service.material.TutorialService [http-nio-8080-exec-7] [TUTORIAL] Trying to get all tutorials for category Math
2019-06-12 02:07:24,910 INFO rostem.service.material.TutorialService [http-nio-8080-exec-9] [TUTORIAL] Trying to get all tutorials for category Math
2019-06-12 02:07:26,499 INFO rostem.service.material.ChapterService [http-nio-8080-exec-10] [CHAPTER] Trying to get all chapters for tutorial 1
2019-06-12 02:07:27,511 INFO rostem.service.material.ChapterService [http-nio-8080-exec-1] [CHAPTER] Trying to get all comments for chapter 2
2019-06-12 02:07:45,281 INFO rostem.service.authentication.AuthenticationService [http-nio-8080-exec-6] [loadUserByUsername] Searching for user ionutgrad103@gmail.com in databases
2019-06-12 02:07:45,283 INFO rostem.service.authentication.AuthenticationService [http-nio-8080-exec-6] [loadUserByUsername] Found user, all ok
2019-06-12 02:07:45,390 DEBUG rostem.configuration.LoginHandlers.LoginSuccessHandler [http-nio-8080-exec-6] [INFO] A login request was successful
2019-06-12 02:07:45,460 INFO rostem.service.material.CategoryService [http-nio-8080-exec-9] [CATEGORY] Get all categories
2019-06-12 02:07:45,466 INFO rostem.service.material.ChapterService [http-nio-8080-exec-8] [CHAPTER] Getting latest created chapters..
2019-06-12 02:07:46,477 INFO rostem.service.material.TutorialService [http-nio-8080-exec-10] [TUTORIAL] Trying to get all tutorials for category Math
2019-06-12 02:07:47,229 INFO rostem.service.material.ChapterService [http-nio-8080-exec-3] [CHAPTER] Trying to get all chapters for tutorial 1
2019-06-12 02:07:48,541 INFO rostem.service.material.ChapterService [http-nio-8080-exec-2] [CHAPTER] Trying to get all comments for chapter 2
2019-06-12 02:08:04,614 INFO rostem.service.material.MessageService [http-nio-8080-exec-9] [MESSAGE] Trying to add a new message.
2019-06-12 02:08:11,857 INFO rostem.service.material.ChapterService [http-nio-8080-exec-1] [CHAPTER] Get all done chapters for user: ionutgrad103@gmail.com
2019-06-12 02:08:11,857 INFO rostem.service.material.CategoryService [http-nio-8080-exec-10] [USER_CATEGORY] Trying to get favorites categories for user ionutgrad103@gmail.com
2019-06-12 02:08:11,860 INFO rostem.service.material.ChapterService [http-nio-8080-exec-3] [CHAPTER] Get all todo chapters for user: ionutgrad103@gmail.com
2019-06-12 02:08:15,730 INFO rostem.service.material.TutorialService [http-nio-8080-exec-2] [TUTORIAL] Trying to get all tutorials for category Math
2019-06-12 02:08:18,050 INFO rostem.service.material.ChapterService [http-nio-8080-exec-6] [CHAPTER] Get all done chapters for user: ionutgrad103@gmail.com
2019-06-12 02:08:18,050 INFO rostem.service.material.ChapterService [http-nio-8080-exec-7] [CHAPTER] Get all todo chapters for user: ionutgrad103@gmail.com
2019-06-12 02:08:18,050 INFO rostem.service.material.CategoryService [http-nio-8080-exec-5] [USER_CATEGORY] Trying to get favorites categories for user ionutgrad103@gmail.com
2019-06-12 02:08:18,685 INFO rostem.service.material.MessageService [http-nio-8080-exec-8] [MESSAGE] Getting all messages received by ionutgrad103@gmail.com
2019-06-12 02:08:18,685 INFO rostem.service.material.MessageService [http-nio-8080-exec-9] [MESSAGE] Getting all messages sent by ionutgrad103@gmail.com
2019-06-12 02:08:29,339 INFO rostem.service.material.MessageService [http-nio-8080-exec-1] [MESSAGE] Trying to add a new message.
2019-06-12 02:08:32,654 INFO rostem.service.material.CategoryService [http-nio-8080-exec-3] [USER_CATEGORY] Trying to get favorites categories for user ionutgrad103@gmail.com
2019-06-12 02:08:32,654 INFO rostem.service.material.ChapterService [http-nio-8080-exec-2] [CHAPTER] Get all done chapters for user: ionutgrad103@gmail.com
2019-06-12 02:08:32,654 INFO rostem.service.material.ChapterService [http-nio-8080-exec-4] [CHAPTER] Get all todo chapters for user: ionutgrad103@gmail.com
2019-06-12 02:08:33,231 INFO rostem.service.material.MessageService [http-nio-8080-exec-5] [MESSAGE] Getting all messages sent by ionutgrad103@gmail.com
2019-06-12 02:08:33,231 INFO rostem.service.material.MessageService [http-nio-8080-exec-6] [MESSAGE] Getting all messages received by ionutgrad103@gmail.com
2019-06-12 02:08:44,994 INFO rostem.service.users.RostemUserService [http-nio-8080-exec-7] [ADMIN] Get all users
2019-06-12 02:08:46,220 INFO rostem.service.material.CategoryService [http-nio-8080-exec-9] [CATEGORY] Get all categories
2019-06-12 02:08:46,539 INFO rostem.service.material.CategoryService [http-nio-8080-exec-8] [CATEGORY] Get all categories
2019-06-12 02:08:46,539 INFO rostem.service.material.TutorialService [http-nio-8080-exec-10] [TUTORIAL] Get all tutorial
2019-06-12 02:08:47,044 INFO rostem.service.material.ChapterService [http-nio-8080-exec-2] [CHAPTER] Get all chapters.
2019-06-12 02:08:47,044 INFO rostem.service.material.TutorialService [http-nio-8080-exec-1] [TUTORIAL] Get all tutorial
2019-06-12 02:21:53,990 INFO rostem.service.users.RostemUserService [http-nio-8080-exec-1] [ADMIN] Get all users
2019-06-12 02:22:01,586 INFO rostem.service.material.CategoryService [http-nio-8080-exec-2] [CATEGORY] Get all categories
2019-06-12 02:22:02,521 INFO rostem.service.users.RostemUserService [http-nio-8080-exec-3] [ADMIN] Get all users
2019-06-12 02:22:03,360 INFO rostem.service.material.CategoryService [http-nio-8080-exec-4] [CATEGORY] Get all categories
2019-06-12 02:22:04,079 INFO rostem.service.users.RostemUserService [http-nio-8080-exec-5] [ADMIN] Get all users
2019-06-12 02:22:06,602 INFO rostem.service.material.CategoryService [http-nio-8080-exec-6] [CATEGORY] Get all categories
2019-06-12 02:22:07,652 INFO rostem.service.users.RostemUserService [http-nio-8080-exec-7] [ADMIN] Get all users
2019-06-12 02:22:09,065 INFO rostem.service.material.CategoryService [http-nio-8080-exec-9] [CATEGORY] Get all categories
2019-06-12 02:22:10,005 INFO rostem.service.users.RostemUserService [http-nio-8080-exec-8] [ADMIN] Get all users
2019-06-12 02:22:12,990 INFO rostem.service.material.CategoryService [http-nio-8080-exec-10] [CATEGORY] Get all categories
2019-06-12 02:22:53,180 INFO rostem.service.users.RostemUserService [http-nio-8080-exec-1] [ADMIN] Get all users
2019-06-12 02:22:54,662 INFO rostem.service.users.RostemUserService [http-nio-8080-exec-2] [ADMIN] Get all users
2019-06-12 02:23:24,291 INFO rostem.service.users.RostemUserService [http-nio-8080-exec-3] [ADMIN] Get all users
2019-06-12 02:23:28,165 INFO rostem.service.users.RostemUserService [http-nio-8080-exec-4] [ADMIN] Get all users
2019-06-12 02:24:53,818 INFO rostem.service.users.RostemUserService [http-nio-8080-exec-6] [ADMIN] Get all users
2019-06-12 02:25:26,482 INFO rostem.service.users.RostemUserService [http-nio-8080-exec-7] [ADMIN] Get all users
2019-06-12 02:25:44,587 INFO rostem.service.material.CategoryService [http-nio-8080-exec-9] [CATEGORY] Get all categories
2019-06-12 02:25:45,965 INFO rostem.service.users.RostemUserService [http-nio-8080-exec-8] [ADMIN] Get all users
2019-06-12 02:25:46,700 INFO rostem.service.material.CategoryService [http-nio-8080-exec-10] [CATEGORY] Get all categories
2019-06-12 02:25:47,235 INFO rostem.service.users.RostemUserService [http-nio-8080-exec-1] [ADMIN] Get all users
2019-06-12 02:25:47,815 INFO rostem.service.material.CategoryService [http-nio-8080-exec-2] [CATEGORY] Get all categories
2019-06-12 02:25:48,314 INFO rostem.service.users.RostemUserService [http-nio-8080-exec-3] [ADMIN] Get all users
2019-06-12 02:25:48,694 INFO rostem.service.material.CategoryService [http-nio-8080-exec-4] [CATEGORY] Get all categories
2019-06-12 02:25:49,966 INFO rostem.service.users.RostemUserService [http-nio-8080-exec-5] [ADMIN] Get all users
2019-06-12 02:26:14,034 INFO rostem.service.users.RostemUserService [http-nio-8080-exec-6] [ADMIN] Get all users
2019-06-12 02:26:36,542 INFO rostem.service.users.RostemUserService [http-nio-8080-exec-7] [ADMIN] Get all users
2019-06-12 02:26:58,742 INFO rostem.service.users.RostemUserService [http-nio-8080-exec-9] [ADMIN] Get all users
2019-06-12 02:27:22,434 INFO rostem.service.users.RostemUserService [http-nio-8080-exec-8] [ADMIN] Get all users
2019-06-12 02:27:30,326 INFO rostem.service.users.RostemUserService [http-nio-8080-exec-10] [ADMIN] Get all users
2019-06-12 02:27:40,628 INFO rostem.service.material.CategoryService [http-nio-8080-exec-1] [CATEGORY] Get all categories
2019-06-12 02:27:41,627 INFO rostem.service.material.CategoryService [http-nio-8080-exec-2] [CATEGORY] Get all categories
2019-06-12 02:27:41,629 INFO rostem.service.material.TutorialService [http-nio-8080-exec-3] [TUTORIAL] Get all tutorial
2019-06-12 02:27:42,531 INFO rostem.service.material.ChapterService [http-nio-8080-exec-5] [CHAPTER] Get all chapters.
2019-06-12 02:27:42,531 INFO rostem.service.material.TutorialService [http-nio-8080-exec-4] [TUTORIAL] Get all tutorial
2019-06-12 02:27:43,481 INFO rostem.service.material.TutorialService [http-nio-8080-exec-7] [TUTORIAL] Get all tutorial
2019-06-12 02:27:43,481 INFO rostem.service.material.CategoryService [http-nio-8080-exec-6] [CATEGORY] Get all categories
2019-06-12 02:27:44,602 INFO rostem.service.material.CategoryService [http-nio-8080-exec-9] [CATEGORY] Get all categories
2019-06-12 02:27:49,241 INFO rostem.service.users.RostemUserService [http-nio-8080-exec-8] [ADMIN] Get all users
2019-06-12 02:33:43,974 INFO rostem.service.users.RostemUserService [http-nio-8080-exec-2] [ADMIN] Get all users
2019-06-12 02:34:14,205 INFO rostem.service.users.RostemUserService [http-nio-8080-exec-3] [ADMIN] Get all users
2019-06-12 02:34:21,918 INFO rostem.service.users.RostemUserService [http-nio-8080-exec-4] [ADMIN] Get all users
2019-06-12 02:34:42,610 INFO rostem.service.users.RostemUserService [http-nio-8080-exec-5] [ADMIN] Get all users
2019-06-12 02:35:02,048 INFO rostem.service.users.RostemUserService [http-nio-8080-exec-6] [ADMIN] Get all users
2019-06-12 02:35:14,912 INFO rostem.service.material.CategoryService [http-nio-8080-exec-7] [CATEGORY] Get all categories
2019-06-12 02:35:15,950 INFO rostem.service.users.RostemUserService [http-nio-8080-exec-9] [ADMIN] Get all users
2019-06-12 02:35:30,081 INFO rostem.service.material.CategoryService [http-nio-8080-exec-8] [CATEGORY] Get all categories
2019-06-12 02:35:32,243 INFO rostem.service.users.RostemUserService [http-nio-8080-exec-10] [ADMIN] Get all users
2019-06-12 02:35:44,997 INFO rostem.service.users.RostemUserService [http-nio-8080-exec-1] [ADMIN] Get all users
2019-06-12 02:35:49,448 INFO rostem.service.users.RostemUserService [http-nio-8080-exec-2] [ADMIN] Get all users
2019-06-12 02:36:12,252 INFO rostem.service.users.RostemUserService [http-nio-8080-exec-3] [ADMIN] Get all users
2019-06-12 02:36:20,017 INFO rostem.service.users.RostemUserService [http-nio-8080-exec-4] [ADMIN] Get all users
2019-06-12 02:36:24,662 INFO rostem.service.users.RostemUserService [http-nio-8080-exec-5] [ADMIN] Get all users
2019-06-12 02:36:24,809 INFO rostem.service.material.CategoryService [http-nio-8080-exec-6] [CATEGORY] Get all categories
2019-06-12 02:36:26,295 INFO rostem.service.users.RostemUserService [http-nio-8080-exec-7] [ADMIN] Get all users
2019-06-12 02:36:26,810 INFO rostem.service.material.CategoryService [http-nio-8080-exec-9] [CATEGORY] Get all categories
2019-06-12 02:36:27,381 INFO rostem.service.material.CategoryService [http-nio-8080-exec-8] [CATEGORY] Get all categories
2019-06-12 02:36:27,388 INFO rostem.service.material.TutorialService [http-nio-8080-exec-10] [TUTORIAL] Get all tutorial
2019-06-12 02:36:30,154 INFO rostem.service.material.TutorialService [http-nio-8080-exec-1] [TUTORIAL] Get all tutorial
2019-06-12 02:36:30,154 INFO rostem.service.material.ChapterService [http-nio-8080-exec-2] [CHAPTER] Get all chapters.
2019-06-12 02:37:25,443 INFO rostem.service.users.RostemUserService [http-nio-8080-exec-3] [ADMIN] Get all users
2019-06-12 02:37:37,181 INFO rostem.service.users.RostemUserService [http-nio-8080-exec-5] [ADMIN] Get all users
2019-06-12 02:37:51,999 INFO rostem.service.users.RostemUserService [http-nio-8080-exec-6] [ADMIN] Get all users
2019-06-12 02:37:53,666 INFO rostem.service.material.CategoryService [http-nio-8080-exec-7] [CATEGORY] Get all categories
2019-06-12 02:37:55,062 INFO rostem.service.material.CategoryService [http-nio-8080-exec-9] [CATEGORY] Get all categories
2019-06-12 02:37:55,064 INFO rostem.service.material.TutorialService [http-nio-8080-exec-8] [TUTORIAL] Get all tutorial
2019-06-12 02:37:56,074 INFO rostem.service.material.TutorialService [http-nio-8080-exec-10] [TUTORIAL] Get all tutorial
2019-06-12 02:37:56,074 INFO rostem.service.material.ChapterService [http-nio-8080-exec-1] [CHAPTER] Get all chapters.
2019-06-12 02:38:09,370 INFO rostem.service.material.TutorialService [http-nio-8080-exec-5] [TUTORIAL] Get all tutorial
2019-06-12 02:38:09,370 INFO rostem.service.material.ChapterService [http-nio-8080-exec-6] [CHAPTER] Get all chapters.
2019-06-12 02:38:17,156 INFO rostem.service.material.ChapterService [http-nio-8080-exec-9] [CHAPTER] Trying to delete chapter 8
2019-06-12 02:38:17,171 INFO rostem.service.material.ChapterService [http-nio-8080-exec-9] [CHAPTER] Trying to delete chapter 7
2019-06-12 02:38:17,184 INFO rostem.service.material.ChapterService [http-nio-8080-exec-9] [CHAPTER] Trying to delete chapter 9
2019-06-12 02:38:17,252 INFO rostem.service.material.ChapterService [http-nio-8080-exec-8] [CHAPTER] Get all chapters.
2019-06-12 02:38:21,778 INFO rostem.service.material.CategoryService [http-nio-8080-exec-10] [CATEGORY] Get all categories
2019-06-12 02:38:22,163 INFO rostem.service.users.RostemUserService [http-nio-8080-exec-1] [ADMIN] Get all users
2019-06-12 02:38:55,895 INFO rostem.service.authentication.AuthenticationService [http-nio-8080-exec-3] [loadUserByUsername] Searching for user ionutgrad103@gmail.com in databases
2019-06-12 02:38:55,897 INFO rostem.service.authentication.AuthenticationService [http-nio-8080-exec-3] [loadUserByUsername] Found user, all ok
2019-06-12 02:38:55,996 DEBUG rostem.configuration.LoginHandlers.LoginSuccessHandler [http-nio-8080-exec-3] [INFO] A login request was successful
2019-06-12 02:38:56,070 INFO rostem.service.material.CategoryService [http-nio-8080-exec-5] [CATEGORY] Get all categories
2019-06-12 02:38:56,075 INFO rostem.service.material.ChapterService [http-nio-8080-exec-6] [CHAPTER] Getting latest created chapters..
2019-06-12 02:39:48,149 INFO rostem.service.material.TutorialService [http-nio-8080-exec-7] [TUTORIAL] Trying to get all tutorials for category Computing
2019-06-12 02:39:52,445 INFO rostem.service.material.CategoryService [http-nio-8080-exec-8] [CATEGORY] Get all categories
2019-06-12 02:39:52,471 INFO rostem.service.material.ChapterService [http-nio-8080-exec-10] [CHAPTER] Getting latest created chapters..
2019-06-12 02:40:37,271 WARN org.springframework.web.servlet.handler.AbstractHandlerExceptionResolver [http-nio-8080-exec-4] Resolved [org.springframework.web.HttpRequestMethodNotSupportedException: Request method 'GET' not supported]
2019-06-12 02:42:17,619 INFO rostem.service.material.CategoryService [http-nio-8080-exec-6] [CATEGORY] Get all categories
2019-06-12 02:42:17,846 INFO rostem.service.material.ChapterService [http-nio-8080-exec-10] [CHAPTER] Getting latest created chapters..
2019-06-12 02:42:21,741 INFO rostem.service.users.RostemUserService [http-nio-8080-exec-1] [ADMIN] Get all users
2019-06-12 02:42:22,896 INFO rostem.service.material.CategoryService [http-nio-8080-exec-8] [CATEGORY] Get all categories
2019-06-12 02:44:38,420 INFO rostem.service.users.RostemUserService [http-nio-8080-exec-5] [ADMIN] Get all users
2019-06-12 02:44:43,743 INFO rostem.service.material.CategoryService [http-nio-8080-exec-4] [CATEGORY] Get all categories
2019-06-12 02:45:26,124 INFO rostem.service.material.TutorialService [http-nio-8080-exec-3] [TUTORIAL] Get all tutorial
2019-06-12 02:45:26,128 INFO rostem.service.material.ChapterService [http-nio-8080-exec-6] [CHAPTER] Get all chapters.
2019-06-12 02:45:27,529 INFO rostem.service.material.TutorialService [http-nio-8080-exec-1] [TUTORIAL] Get all tutorial
2019-06-12 02:45:27,529 INFO rostem.service.material.CategoryService [http-nio-8080-exec-10] [CATEGORY] Get all categories
2019-06-12 02:45:35,490 INFO rostem.service.material.CategoryService [http-nio-8080-exec-8] [CATEGORY] Get all categories
2019-06-12 02:45:37,127 INFO rostem.service.users.RostemUserService [http-nio-8080-exec-2] [ADMIN] Get all users
2019-06-12 02:45:43,999 INFO rostem.service.material.CategoryService [http-nio-8080-exec-9] [CATEGORY] Get all categories
2019-06-12 02:45:58,525 INFO rostem.service.users.RostemUserService [http-nio-8080-exec-7] [ADMIN] Get all users
2019-06-12 02:45:59,340 INFO rostem.service.material.CategoryService [http-nio-8080-exec-5] [CATEGORY] Get all categories
2019-06-12 02:46:11,198 INFO rostem.service.users.RostemUserService [http-nio-8080-exec-4] [ADMIN] Get all users
2019-06-12 02:46:15,546 INFO rostem.service.material.CategoryService [http-nio-8080-exec-3] [CATEGORY] Get all categories
2019-06-12 02:48:17,326 INFO rostem.service.users.RostemUserService [http-nio-8080-exec-1] [ADMIN] Get all users
2019-06-12 02:48:25,864 INFO rostem.service.material.CategoryService [http-nio-8080-exec-8] [CATEGORY] Get all categories
2019-06-12 02:48:55,668 INFO rostem.service.users.RostemUserService [http-nio-8080-exec-2] [ADMIN] Get all users
2019-06-12 02:48:57,379 INFO rostem.service.material.CategoryService [http-nio-8080-exec-9] [CATEGORY] Get all categories
2019-06-12 02:53:38,922 INFO rostem.service.users.RostemUserService [http-nio-8080-exec-5] [ADMIN] Get all users
2019-06-12 02:53:42,098 INFO rostem.service.material.CategoryService [http-nio-8080-exec-4] [CATEGORY] Get all categories
2019-06-12 02:54:07,161 INFO rostem.service.users.RostemUserService [http-nio-8080-exec-3] [ADMIN] Get all users
2019-06-12 02:54:09,757 INFO rostem.service.material.CategoryService [http-nio-8080-exec-6] [CATEGORY] Get all categories
2019-06-12 02:54:09,761 INFO rostem.service.material.TutorialService [http-nio-8080-exec-10] [TUTORIAL] Get all tutorial
2019-06-12 02:54:21,092 INFO rostem.service.material.ChapterService [http-nio-8080-exec-8] [CHAPTER] Get all chapters.
2019-06-12 02:54:21,092 INFO rostem.service.material.TutorialService [http-nio-8080-exec-1] [TUTORIAL] Get all tutorial
2019-06-12 02:59:59,563 INFO rostem.service.users.RostemUserService [http-nio-8080-exec-5] [ADMIN] Get all users
2019-06-12 03:10:07,436 INFO rostem.service.material.CategoryService [http-nio-8080-exec-6] [CATEGORY] Get all categories
2019-06-12 03:10:07,596 INFO rostem.service.material.ChapterService [http-nio-8080-exec-10] [CHAPTER] Getting latest created chapters..
2019-06-12 03:10:15,173 INFO rostem.service.material.CategoryService [http-nio-8080-exec-8] [USER_CATEGORY] Trying to get favorites categories for user ionutgrad103@gmail.com
2019-06-12 03:10:15,176 INFO rostem.service.material.ChapterService [http-nio-8080-exec-9] [CHAPTER] Get all todo chapters for user: ionutgrad103@gmail.com
2019-06-12 03:10:15,176 INFO rostem.service.material.ChapterService [http-nio-8080-exec-2] [CHAPTER] Get all done chapters for user: ionutgrad103@gmail.com
2019-06-12 03:10:16,543 INFO rostem.service.material.MessageService [http-nio-8080-exec-5] [MESSAGE] Getting all messages received by ionutgrad103@gmail.com
2019-06-12 03:10:16,543 INFO rostem.service.material.MessageService [http-nio-8080-exec-7] [MESSAGE] Getting all messages sent by ionutgrad103@gmail.com
2019-06-12 03:10:59,996 INFO rostem.service.material.MessageService [http-nio-8080-exec-3] [MESSAGE] Getting all messages sent by ionutgrad103@gmail.com
2019-06-12 03:10:59,996 INFO rostem.service.material.MessageService [http-nio-8080-exec-6] [MESSAGE] Getting all messages received by ionutgrad103@gmail.com
2019-06-12 03:11:17,576 INFO rostem.service.material.MessageService [http-nio-8080-exec-2] [MESSAGE] Getting all messages received by ionutgrad103@gmail.com
2019-06-12 03:11:17,576 INFO rostem.service.material.MessageService [http-nio-8080-exec-8] [MESSAGE] Getting all messages sent by ionutgrad103@gmail.com
2019-06-12 03:12:30,406 INFO rostem.service.material.CategoryService [http-nio-8080-exec-7] [USER_CATEGORY] Trying to get favorites categories for user ionutgrad103@gmail.com
2019-06-12 03:12:30,408 INFO rostem.service.material.ChapterService [http-nio-8080-exec-6] [CHAPTER] Get all todo chapters for user: ionutgrad103@gmail.com
2019-06-12 03:12:30,408 INFO rostem.service.material.ChapterService [http-nio-8080-exec-4] [CHAPTER] Get all done chapters for user: ionutgrad103@gmail.com
2019-06-12 03:12:50,496 INFO org.springframework.scheduling.concurrent.ExecutorConfigurationSupport [Thread-23] Shutting down ExecutorService 'applicationTaskExecutor'
2019-06-12 03:12:50,503 INFO com.zaxxer.hikari.HikariDataSource [Thread-23] HikariPool-1 - Shutdown initiated...
2019-06-12 03:12:50,507 INFO com.zaxxer.hikari.HikariDataSource [Thread-23] HikariPool-1 - Shutdown completed.
