2019-06-23 14:58:14,931 INFO org.springframework.boot.StartupInfoLogger [main] Starting RostemApplication on ROgradi04 with PID 3792 (C:\ubb\licenta\rostem\ROSTEM\out\production\classes started by gradi in C:\ubb\licenta\rostem\ROSTEM)
2019-06-23 14:58:14,937 DEBUG org.springframework.boot.StartupInfoLogger [main] Running with Spring Boot v2.1.2.RELEASE, Spring v5.1.4.RELEASE
2019-06-23 14:58:14,938 INFO org.springframework.boot.SpringApplication [main] No active profile set, falling back to default profiles: default
2019-06-23 14:58:16,595 INFO org.springframework.data.repository.config.RepositoryConfigurationDelegate [main] Bootstrapping Spring Data repositories in DEFAULT mode.
2019-06-23 14:58:16,758 INFO org.springframework.data.repository.config.RepositoryConfigurationDelegate [main] Finished Spring Data repository scanning in 150ms. Found 8 repository interfaces.
2019-06-23 14:58:17,523 INFO org.springframework.context.support.PostProcessorRegistrationDelegate$BeanPostProcessorChecker [main] Bean 'org.springframework.security.config.annotation.configuration.ObjectPostProcessorConfiguration' of type [org.springframework.security.config.annotation.configuration.ObjectPostProcessorConfiguration$$EnhancerBySpringCGLIB$$545a3788] is not eligible for getting processed by all BeanPostProcessors (for example: not eligible for auto-proxying)
2019-06-23 14:58:17,531 INFO org.springframework.context.support.PostProcessorRegistrationDelegate$BeanPostProcessorChecker [main] Bean 'objectPostProcessor' of type [org.springframework.security.config.annotation.configuration.AutowireBeanFactoryObjectPostProcessor] is not eligible for getting processed by all BeanPostProcessors (for example: not eligible for auto-proxying)
2019-06-23 14:58:17,536 INFO org.springframework.context.support.PostProcessorRegistrationDelegate$BeanPostProcessorChecker [main] Bean 'org.springframework.security.access.expression.method.DefaultMethodSecurityExpressionHandler@2f382a5e' of type [org.springframework.security.access.expression.method.DefaultMethodSecurityExpressionHandler] is not eligible for getting processed by all BeanPostProcessors (for example: not eligible for auto-proxying)
2019-06-23 14:58:17,540 INFO org.springframework.context.support.PostProcessorRegistrationDelegate$BeanPostProcessorChecker [main] Bean 'org.springframework.security.config.annotation.method.configuration.GlobalMethodSecurityConfiguration' of type [org.springframework.security.config.annotation.method.configuration.GlobalMethodSecurityConfiguration$$EnhancerBySpringCGLIB$$792eda3a] is not eligible for getting processed by all BeanPostProcessors (for example: not eligible for auto-proxying)
2019-06-23 14:58:17,544 INFO org.springframework.context.support.PostProcessorRegistrationDelegate$BeanPostProcessorChecker [main] Bean 'methodSecurityMetadataSource' of type [org.springframework.security.access.method.DelegatingMethodSecurityMetadataSource] is not eligible for getting processed by all BeanPostProcessors (for example: not eligible for auto-proxying)
2019-06-23 14:58:17,609 INFO org.springframework.context.support.PostProcessorRegistrationDelegate$BeanPostProcessorChecker [main] Bean 'org.springframework.transaction.annotation.ProxyTransactionManagementConfiguration' of type [org.springframework.transaction.annotation.ProxyTransactionManagementConfiguration$$EnhancerBySpringCGLIB$$bbac6f4e] is not eligible for getting processed by all BeanPostProcessors (for example: not eligible for auto-proxying)
2019-06-23 14:58:18,294 INFO org.springframework.boot.web.embedded.tomcat.TomcatWebServer [main] Tomcat initialized with port(s): 8080 (http)
2019-06-23 14:58:18,316 INFO org.apache.juli.logging.DirectJDKLog [main] Initializing ProtocolHandler ["http-nio-8080"]
2019-06-23 14:58:18,326 INFO org.apache.juli.logging.DirectJDKLog [main] Starting service [Tomcat]
2019-06-23 14:58:18,327 INFO org.apache.juli.logging.DirectJDKLog [main] Starting Servlet engine: [Apache Tomcat/9.0.14]
2019-06-23 14:58:18,337 INFO org.apache.juli.logging.DirectJDKLog [main] The APR based Apache Tomcat Native library which allows optimal performance in production environments was not found on the java.library.path: [C:\Program Files\Zulu\zulu-8\bin;C:\windows\Sun\Java\bin;C:\windows\system32;C:\windows;C:\Program Files\Microsoft MPI\Bin\;C:\Program Files\Microsoft HPC Pack 2012\Bin\;C:\Python27\;C:\Python27\Scripts;c:\program files (x86)\common files\oracle\java\javapath;c:\programdata\oracle\java\javapath;C:\windows\system32;C:\windows;C:\windows\system32\wbem;C:\windows\system32\windowspowershell\v1.0\;c:\windows\system32;c:\windows\system32;c:\windows\system32;c:\windows\system32;c:\windows\system32;c:\windows\system32;c:\windows\system32;c:\windows\system32;c:\windows\system32;c:\windows\system32;c:\windows\system32;c:\windows\system32;c:\windows\system32;c:\windows\system32;c:\windows\system32;c:\windows\system32;c:\windows\system32;c:\windows\system32;c:\windows\system32;c:\windows\system32;c:\windows\system32;c:\windows\system32;c:\windows\system32;c:\windows\system32;c:\windows\system32;c:\windows\system32;c:\windows\system32;c:\windows\system32;c:\windows\system32;c:\windows\system32;c:\windows\system32;c:\windows\system32;c:\windows\system32;c:\windows\system32;c:\windows\system32;c:\windows\system32;c:\windows\system32;c:\windows\system32;c:\windows\system32;c:\windows\system32;c:\windows\system32;c:\windows\system32;c:\windows\system32;c:\windows\system32;c:\windows\system32;c:\windows\system32;c:\windows\system32;c:\windows\system32;c:\windows\system32;c:\windows\system32;c:\windows\system32;c:\windows\system32;c:\windows\system32;c:\windows\system32;c:\windows\system32;c:\windows\system32;c:\windows\system32;c:\windows\system32;c:\windows\system32;c:\windows\system32;c:\windows\system32;c:\windows\system32;c:\windows\system32;c:\windows\system32;c:\windows\system32;c:\windows\system32;C:\Program Files\dotnet\;%M2_HOME%\bin;C:\Program Files\Microsoft MPI\Bin\;C:\Program Files\Microsoft HPC Pack 2012\Bin\;C:\Python27\;C:\Python27\Scripts;c:\program files (x86)\common files\oracle\java\javapath;c:\programdata\oracle\java\javapath;C:\windows\system32;C:\windows;C:\windows\system32\wbem;C:\windows\system32\windowspowershell\v1.0\;c:\windows\system32;c:\windows\system32;c:\windows\system32;c:\windows\system32;c:\windows\system32;c:\windows\system32;c:\windows\system32;c:\windows\system32;c:\windows\system32;c:\windows\system32;c:\windows\system32;c:\windows\system32;c:\windows\system32;c:\windows\system32;c:\windows\system32;c:\windows\system32;c:\windows\system32;c:\windows\system32;c:\windows\system32;c:\windows\system32;c:\windows\system32;c:\windows\system32;c:\windows\system32;c:\windows\system32;c:\windows\system32;c:\windows\system32;c:\windows\system32;c:\windows\system32;c:\windows\system32;c:\windows\system32;c:\windows\system32;c:\windows\system32;c:\windows\system32;c:\windows\system32;c:\windows\system32;c:\windows\system32;c:\windows\system32;c:\windows\system32;c:\windows\system32;c:\windows\system32;c:\windows\system32;c:\windows\system32;c:\windows\system32;c:\windows\system32;c:\windows\system32;c:\windows\system32;c:\windows\system32;c:\windows\system32;c:\windows\system32;c:\windows\system32;c:\windows\system32;c:\windows\system32;c:\windows\system32;c:\windows\system32;c:\windows\system32;c:\windows\system32;c:\windows\system32;c:\windows\system32;c:\windows\system32;c:\windows\system32;c:\windows\system32;c:\windows\system32;c:\windows\system32;c:\windows\system32;c:\windows\system32;c:\windows\system32;C:\Program Files\dotnet\;%M2_HOME%\bin;C:\Program Files\Microsoft MPI\Bin\;C:\Program Files\Microsoft HPC Pack 2012\Bin\;C:\Python27\;C:\Python27\Scripts;c:\program files (x86)\common files\oracle\java\javapath;c:\programdata\oracle\java\javapath;C:\windows\system32;C:\windows;C:\windows\system32\wbem;C:\windows\system32\windowspowershell\v1.0\;c:\windows\system32;c:\windows\system32;c:\windows\system32;c:\windows\system32;c:\windows\system32;c:\windows\system32;c:\windows\system32;c:\windows\system32;c:\windows\system32;c:\windows\system32;c:\windows\system32;c:\windows\system32;c:\windows\system32;c:\windows\system32;c:\windows\system32;c:\windows\system32;c:\windows\system32;c:\windows\system32;c:\windows\system32;c:\windows\system32;c:\windows\system32;c:\windows\system32;c:\windows\sy;C:\Users\gradi.CORPDOM\AppData\Local\Microsoft\WindowsApps;C:\Users\gradi.CORPDOM\AppData\Local\Programs\Microsoft VS Code\bin;C:\Program Files\Zulu\zulu-8;-Xms512m -Xmx1524m;%M2_PATH%\bin;C:\work\apache-maven-3.3.9\bin;C:\Users\gradi.CORPDOM\AppData\Local\Android\Sdk\platform-tools;C:\Program Files\JetBrains\PyCharm 2018.3.2\bin;C:\MinGW\bin;C:\GnuWin32\bin;C:\Users\gradi.CORPDOM\AppData\Roaming\npm;C:\Program Files\heroku\bin;.]
2019-06-23 14:58:18,572 INFO org.apache.juli.logging.DirectJDKLog [main] Initializing Spring embedded WebApplicationContext
2019-06-23 14:58:18,572 INFO org.springframework.boot.web.servlet.context.ServletWebServerApplicationContext [main] Root WebApplicationContext: initialization completed in 3540 ms
2019-06-23 14:58:18,749 INFO com.zaxxer.hikari.HikariDataSource [main] HikariPool-1 - Starting...
2019-06-23 14:58:19,113 INFO com.zaxxer.hikari.HikariDataSource [main] HikariPool-1 - Start completed.
2019-06-23 14:58:19,254 INFO org.hibernate.jpa.internal.util.LogHelper [main] HHH000204: Processing PersistenceUnitInfo [
	name: default
	...]
2019-06-23 14:58:19,499 INFO org.hibernate.Version [main] HHH000412: Hibernate Core {5.3.7.Final}
2019-06-23 14:58:19,509 INFO org.hibernate.cfg.Environment [main] HHH000206: hibernate.properties not found
2019-06-23 14:58:19,882 INFO org.hibernate.annotations.common.reflection.java.JavaReflectionManager [main] HCANN000001: Hibernate Commons Annotations {5.0.4.Final}
2019-06-23 14:58:20,411 INFO org.hibernate.dialect.Dialect [main] HHH000400: Using dialect: org.hibernate.dialect.PostgreSQL95Dialect
2019-06-23 14:58:20,599 INFO org.hibernate.engine.jdbc.env.internal.LobCreatorBuilderImpl [main] HHH000424: Disabling contextual LOB creation as createClob() method threw error : java.lang.reflect.InvocationTargetException
java.lang.reflect.InvocationTargetException: null
	at sun.reflect.NativeMethodAccessorImpl.invoke0(Native Method)
	at sun.reflect.NativeMethodAccessorImpl.invoke(NativeMethodAccessorImpl.java:62)
	at sun.reflect.DelegatingMethodAccessorImpl.invoke(DelegatingMethodAccessorImpl.java:43)
	at java.lang.reflect.Method.invoke(Method.java:498)
	at org.hibernate.engine.jdbc.env.internal.LobCreatorBuilderImpl.useContextualLobCreation(LobCreatorBuilderImpl.java:113)
	at org.hibernate.engine.jdbc.env.internal.LobCreatorBuilderImpl.makeLobCreatorBuilder(LobCreatorBuilderImpl.java:54)
	at org.hibernate.engine.jdbc.env.internal.JdbcEnvironmentImpl.<init>(JdbcEnvironmentImpl.java:271)
	at org.hibernate.engine.jdbc.env.internal.JdbcEnvironmentInitiator.initiateService(JdbcEnvironmentInitiator.java:114)
	at org.hibernate.engine.jdbc.env.internal.JdbcEnvironmentInitiator.initiateService(JdbcEnvironmentInitiator.java:35)
	at org.hibernate.boot.registry.internal.StandardServiceRegistryImpl.initiateService(StandardServiceRegistryImpl.java:94)
	at org.hibernate.service.internal.AbstractServiceRegistryImpl.createService(AbstractServiceRegistryImpl.java:263)
	at org.hibernate.service.internal.AbstractServiceRegistryImpl.initializeService(AbstractServiceRegistryImpl.java:237)
	at org.hibernate.service.internal.AbstractServiceRegistryImpl.getService(AbstractServiceRegistryImpl.java:214)
	at org.hibernate.id.factory.internal.DefaultIdentifierGeneratorFactory.injectServices(DefaultIdentifierGeneratorFactory.java:152)
	at org.hibernate.service.internal.AbstractServiceRegistryImpl.injectDependencies(AbstractServiceRegistryImpl.java:286)
	at org.hibernate.service.internal.AbstractServiceRegistryImpl.initializeService(AbstractServiceRegistryImpl.java:243)
	at org.hibernate.service.internal.AbstractServiceRegistryImpl.getService(AbstractServiceRegistryImpl.java:214)
	at org.hibernate.boot.internal.InFlightMetadataCollectorImpl.<init>(InFlightMetadataCollectorImpl.java:179)
	at org.hibernate.boot.model.process.spi.MetadataBuildingProcess.complete(MetadataBuildingProcess.java:119)
	at org.hibernate.jpa.boot.internal.EntityManagerFactoryBuilderImpl.metadata(EntityManagerFactoryBuilderImpl.java:904)
	at org.hibernate.jpa.boot.internal.EntityManagerFactoryBuilderImpl.build(EntityManagerFactoryBuilderImpl.java:935)
	at org.springframework.orm.jpa.vendor.SpringHibernateJpaPersistenceProvider.createContainerEntityManagerFactory(SpringHibernateJpaPersistenceProvider.java:57)
	at org.springframework.orm.jpa.LocalContainerEntityManagerFactoryBean.createNativeEntityManagerFactory(LocalContainerEntityManagerFactoryBean.java:365)
	at org.springframework.orm.jpa.AbstractEntityManagerFactoryBean.buildNativeEntityManagerFactory(AbstractEntityManagerFactoryBean.java:390)
	at org.springframework.orm.jpa.AbstractEntityManagerFactoryBean.afterPropertiesSet(AbstractEntityManagerFactoryBean.java:377)
	at org.springframework.orm.jpa.LocalContainerEntityManagerFactoryBean.afterPropertiesSet(LocalContainerEntityManagerFactoryBean.java:341)
	at rostem.configuration.JpaConfiguration.entityManagerFactory(JpaConfiguration.java:97)
	at rostem.configuration.JpaConfiguration$$EnhancerBySpringCGLIB$$433d3a6e.CGLIB$entityManagerFactory$1(<generated>)
	at rostem.configuration.JpaConfiguration$$EnhancerBySpringCGLIB$$433d3a6e$$FastClassBySpringCGLIB$$26432b8b.invoke(<generated>)
	at org.springframework.cglib.proxy.MethodProxy.invokeSuper(MethodProxy.java:244)
	at org.springframework.context.annotation.ConfigurationClassEnhancer$BeanMethodInterceptor.intercept(ConfigurationClassEnhancer.java:363)
	at rostem.configuration.JpaConfiguration$$EnhancerBySpringCGLIB$$433d3a6e.entityManagerFactory(<generated>)
	at sun.reflect.NativeMethodAccessorImpl.invoke0(Native Method)
	at sun.reflect.NativeMethodAccessorImpl.invoke(NativeMethodAccessorImpl.java:62)
	at sun.reflect.DelegatingMethodAccessorImpl.invoke(DelegatingMethodAccessorImpl.java:43)
	at java.lang.reflect.Method.invoke(Method.java:498)
	at org.springframework.beans.factory.support.SimpleInstantiationStrategy.instantiate(SimpleInstantiationStrategy.java:154)
	at org.springframework.beans.factory.support.ConstructorResolver.instantiate(ConstructorResolver.java:622)
	at org.springframework.beans.factory.support.ConstructorResolver.instantiateUsingFactoryMethod(ConstructorResolver.java:456)
	at org.springframework.beans.factory.support.AbstractAutowireCapableBeanFactory.instantiateUsingFactoryMethod(AbstractAutowireCapableBeanFactory.java:1288)
	at org.springframework.beans.factory.support.AbstractAutowireCapableBeanFactory.createBeanInstance(AbstractAutowireCapableBeanFactory.java:1127)
	at org.springframework.beans.factory.support.AbstractAutowireCapableBeanFactory.doCreateBean(AbstractAutowireCapableBeanFactory.java:538)
	at org.springframework.beans.factory.support.AbstractAutowireCapableBeanFactory.createBean(AbstractAutowireCapableBeanFactory.java:498)
	at org.springframework.beans.factory.support.AbstractBeanFactory.lambda$doGetBean$0(AbstractBeanFactory.java:320)
	at org.springframework.beans.factory.support.DefaultSingletonBeanRegistry.getSingleton(DefaultSingletonBeanRegistry.java:222)
	at org.springframework.beans.factory.support.AbstractBeanFactory.doGetBean(AbstractBeanFactory.java:318)
	at org.springframework.beans.factory.support.AbstractBeanFactory.getBean(AbstractBeanFactory.java:199)
	at org.springframework.beans.factory.support.BeanDefinitionValueResolver.resolveReference(BeanDefinitionValueResolver.java:367)
	at org.springframework.beans.factory.support.BeanDefinitionValueResolver.resolveValueIfNecessary(BeanDefinitionValueResolver.java:110)
	at org.springframework.beans.factory.support.ConstructorResolver.resolveConstructorArguments(ConstructorResolver.java:662)
	at org.springframework.beans.factory.support.ConstructorResolver.instantiateUsingFactoryMethod(ConstructorResolver.java:479)
	at org.springframework.beans.factory.support.AbstractAutowireCapableBeanFactory.instantiateUsingFactoryMethod(AbstractAutowireCapableBeanFactory.java:1288)
	at org.springframework.beans.factory.support.AbstractAutowireCapableBeanFactory.createBeanInstance(AbstractAutowireCapableBeanFactory.java:1127)
	at org.springframework.beans.factory.support.AbstractAutowireCapableBeanFactory.doCreateBean(AbstractAutowireCapableBeanFactory.java:538)
	at org.springframework.beans.factory.support.AbstractAutowireCapableBeanFactory.createBean(AbstractAutowireCapableBeanFactory.java:498)
	at org.springframework.beans.factory.support.BeanDefinitionValueResolver.resolveInnerBean(BeanDefinitionValueResolver.java:312)
	at org.springframework.beans.factory.support.BeanDefinitionValueResolver.resolveValueIfNecessary(BeanDefinitionValueResolver.java:131)
	at org.springframework.beans.factory.support.AbstractAutowireCapableBeanFactory.applyPropertyValues(AbstractAutowireCapableBeanFactory.java:1648)
	at org.springframework.beans.factory.support.AbstractAutowireCapableBeanFactory.populateBean(AbstractAutowireCapableBeanFactory.java:1400)
	at org.springframework.beans.factory.support.AbstractAutowireCapableBeanFactory.doCreateBean(AbstractAutowireCapableBeanFactory.java:575)
	at org.springframework.beans.factory.support.AbstractAutowireCapableBeanFactory.createBean(AbstractAutowireCapableBeanFactory.java:498)
	at org.springframework.beans.factory.support.AbstractBeanFactory.lambda$doGetBean$0(AbstractBeanFactory.java:320)
	at org.springframework.beans.factory.support.DefaultSingletonBeanRegistry.getSingleton(DefaultSingletonBeanRegistry.java:222)
	at org.springframework.beans.factory.support.AbstractBeanFactory.doGetBean(AbstractBeanFactory.java:318)
	at org.springframework.beans.factory.support.AbstractBeanFactory.getBean(AbstractBeanFactory.java:199)
	at org.springframework.beans.factory.config.DependencyDescriptor.resolveCandidate(DependencyDescriptor.java:277)
	at org.springframework.beans.factory.support.DefaultListableBeanFactory.doResolveDependency(DefaultListableBeanFactory.java:1244)
	at org.springframework.beans.factory.support.DefaultListableBeanFactory.resolveDependency(DefaultListableBeanFactory.java:1164)
	at org.springframework.beans.factory.support.ConstructorResolver.resolveAutowiredArgument(ConstructorResolver.java:857)
	at org.springframework.beans.factory.support.ConstructorResolver.createArgumentArray(ConstructorResolver.java:760)
	at org.springframework.beans.factory.support.ConstructorResolver.autowireConstructor(ConstructorResolver.java:218)
	at org.springframework.beans.factory.support.AbstractAutowireCapableBeanFactory.autowireConstructor(AbstractAutowireCapableBeanFactory.java:1308)
	at org.springframework.beans.factory.support.AbstractAutowireCapableBeanFactory.createBeanInstance(AbstractAutowireCapableBeanFactory.java:1154)
	at org.springframework.beans.factory.support.AbstractAutowireCapableBeanFactory.doCreateBean(AbstractAutowireCapableBeanFactory.java:538)
	at org.springframework.beans.factory.support.AbstractAutowireCapableBeanFactory.createBean(AbstractAutowireCapableBeanFactory.java:498)
	at org.springframework.beans.factory.support.AbstractBeanFactory.lambda$doGetBean$0(AbstractBeanFactory.java:320)
	at org.springframework.beans.factory.support.DefaultSingletonBeanRegistry.getSingleton(DefaultSingletonBeanRegistry.java:222)
	at org.springframework.beans.factory.support.AbstractBeanFactory.doGetBean(AbstractBeanFactory.java:318)
	at org.springframework.beans.factory.support.AbstractBeanFactory.getBean(AbstractBeanFactory.java:199)
	at org.springframework.beans.factory.config.DependencyDescriptor.resolveCandidate(DependencyDescriptor.java:277)
	at org.springframework.beans.factory.support.DefaultListableBeanFactory.doResolveDependency(DefaultListableBeanFactory.java:1244)
	at org.springframework.beans.factory.support.DefaultListableBeanFactory.resolveDependency(DefaultListableBeanFactory.java:1164)
	at org.springframework.beans.factory.support.ConstructorResolver.resolveAutowiredArgument(ConstructorResolver.java:857)
	at org.springframework.beans.factory.support.ConstructorResolver.createArgumentArray(ConstructorResolver.java:760)
	at org.springframework.beans.factory.support.ConstructorResolver.autowireConstructor(ConstructorResolver.java:218)
	at org.springframework.beans.factory.support.AbstractAutowireCapableBeanFactory.autowireConstructor(AbstractAutowireCapableBeanFactory.java:1308)
	at org.springframework.beans.factory.support.AbstractAutowireCapableBeanFactory.createBeanInstance(AbstractAutowireCapableBeanFactory.java:1154)
	at org.springframework.beans.factory.support.AbstractAutowireCapableBeanFactory.doCreateBean(AbstractAutowireCapableBeanFactory.java:538)
	at org.springframework.beans.factory.support.AbstractAutowireCapableBeanFactory.createBean(AbstractAutowireCapableBeanFactory.java:498)
	at org.springframework.beans.factory.support.AbstractBeanFactory.lambda$doGetBean$0(AbstractBeanFactory.java:320)
	at org.springframework.beans.factory.support.DefaultSingletonBeanRegistry.getSingleton(DefaultSingletonBeanRegistry.java:222)
	at org.springframework.beans.factory.support.AbstractBeanFactory.doGetBean(AbstractBeanFactory.java:318)
	at org.springframework.beans.factory.support.AbstractBeanFactory.getBean(AbstractBeanFactory.java:199)
	at org.springframework.beans.factory.support.ConstructorResolver.instantiateUsingFactoryMethod(ConstructorResolver.java:392)
	at org.springframework.beans.factory.support.AbstractAutowireCapableBeanFactory.instantiateUsingFactoryMethod(AbstractAutowireCapableBeanFactory.java:1288)
	at org.springframework.beans.factory.support.AbstractAutowireCapableBeanFactory.createBeanInstance(AbstractAutowireCapableBeanFactory.java:1127)
	at org.springframework.beans.factory.support.AbstractAutowireCapableBeanFactory.doCreateBean(AbstractAutowireCapableBeanFactory.java:538)
	at org.springframework.beans.factory.support.AbstractAutowireCapableBeanFactory.createBean(AbstractAutowireCapableBeanFactory.java:498)
	at org.springframework.beans.factory.support.AbstractBeanFactory.lambda$doGetBean$0(AbstractBeanFactory.java:320)
	at org.springframework.beans.factory.support.DefaultSingletonBeanRegistry.getSingleton(DefaultSingletonBeanRegistry.java:222)
	at org.springframework.beans.factory.support.AbstractBeanFactory.doGetBean(AbstractBeanFactory.java:318)
	at org.springframework.beans.factory.support.AbstractBeanFactory.getBean(AbstractBeanFactory.java:204)
	at org.springframework.boot.web.servlet.ServletContextInitializerBeans.getOrderedBeansOfType(ServletContextInitializerBeans.java:235)
	at org.springframework.boot.web.servlet.ServletContextInitializerBeans.addAsRegistrationBean(ServletContextInitializerBeans.java:193)
	at org.springframework.boot.web.servlet.ServletContextInitializerBeans.addAsRegistrationBean(ServletContextInitializerBeans.java:188)
	at org.springframework.boot.web.servlet.ServletContextInitializerBeans.addAdaptableBeans(ServletContextInitializerBeans.java:170)
	at org.springframework.boot.web.servlet.ServletContextInitializerBeans.<init>(ServletContextInitializerBeans.java:89)
	at org.springframework.boot.web.servlet.context.ServletWebServerApplicationContext.getServletContextInitializerBeans(ServletWebServerApplicationContext.java:261)
	at org.springframework.boot.web.servlet.context.ServletWebServerApplicationContext.selfInitialize(ServletWebServerApplicationContext.java:234)
	at org.springframework.boot.web.embedded.tomcat.TomcatStarter.onStartup(TomcatStarter.java:54)
	at org.apache.catalina.core.StandardContext.startInternal(StandardContext.java:5120)
	at org.apache.catalina.util.LifecycleBase.start(LifecycleBase.java:183)
	at org.apache.catalina.core.ContainerBase$StartChild.call(ContainerBase.java:1382)
	at org.apache.catalina.core.ContainerBase$StartChild.call(ContainerBase.java:1372)
	at java.util.concurrent.FutureTask.run$$$capture(FutureTask.java:266)
	at java.util.concurrent.FutureTask.run(FutureTask.java)
	at org.apache.tomcat.util.threads.InlineExecutorService.execute(InlineExecutorService.java:75)
	at java.util.concurrent.AbstractExecutorService.submit(AbstractExecutorService.java:134)
	at org.apache.catalina.core.ContainerBase.startInternal(ContainerBase.java:907)
	at org.apache.catalina.core.StandardHost.startInternal(StandardHost.java:831)
	at org.apache.catalina.util.LifecycleBase.start(LifecycleBase.java:183)
	at org.apache.catalina.core.ContainerBase$StartChild.call(ContainerBase.java:1382)
	at org.apache.catalina.core.ContainerBase$StartChild.call(ContainerBase.java:1372)
	at java.util.concurrent.FutureTask.run$$$capture(FutureTask.java:266)
	at java.util.concurrent.FutureTask.run(FutureTask.java)
	at org.apache.tomcat.util.threads.InlineExecutorService.execute(InlineExecutorService.java:75)
	at java.util.concurrent.AbstractExecutorService.submit(AbstractExecutorService.java:134)
	at org.apache.catalina.core.ContainerBase.startInternal(ContainerBase.java:907)
	at org.apache.catalina.core.StandardEngine.startInternal(StandardEngine.java:262)
	at org.apache.catalina.util.LifecycleBase.start(LifecycleBase.java:183)
	at org.apache.catalina.core.StandardService.startInternal(StandardService.java:423)
	at org.apache.catalina.util.LifecycleBase.start(LifecycleBase.java:183)
	at org.apache.catalina.core.StandardServer.startInternal(StandardServer.java:933)
	at org.apache.catalina.util.LifecycleBase.start(LifecycleBase.java:183)
	at org.apache.catalina.startup.Tomcat.start(Tomcat.java:398)
	at org.springframework.boot.web.embedded.tomcat.TomcatWebServer.initialize(TomcatWebServer.java:106)
	at org.springframework.boot.web.embedded.tomcat.TomcatWebServer.<init>(TomcatWebServer.java:86)
	at org.springframework.boot.web.embedded.tomcat.TomcatServletWebServerFactory.getTomcatWebServer(TomcatServletWebServerFactory.java:415)
	at org.springframework.boot.web.embedded.tomcat.TomcatServletWebServerFactory.getWebServer(TomcatServletWebServerFactory.java:174)
	at org.springframework.boot.web.servlet.context.ServletWebServerApplicationContext.createWebServer(ServletWebServerApplicationContext.java:181)
	at org.springframework.boot.web.servlet.context.ServletWebServerApplicationContext.onRefresh(ServletWebServerApplicationContext.java:154)
	at org.springframework.context.support.AbstractApplicationContext.refresh(AbstractApplicationContext.java:540)
	at org.springframework.boot.web.servlet.context.ServletWebServerApplicationContext.refresh(ServletWebServerApplicationContext.java:142)
	at org.springframework.boot.SpringApplication.refresh(SpringApplication.java:775)
	at org.springframework.boot.SpringApplication.refreshContext(SpringApplication.java:397)
	at org.springframework.boot.SpringApplication.run(SpringApplication.java:316)
	at org.springframework.boot.SpringApplication.run(SpringApplication.java:1260)
	at org.springframework.boot.SpringApplication.run(SpringApplication.java:1248)
	at rostem.RostemApplication.main(RostemApplication.java:12)
Caused by: java.sql.SQLFeatureNotSupportedException: Method org.postgresql.jdbc.PgConnection.createClob() is not yet implemented.
	at org.postgresql.Driver.notImplemented(Driver.java:688)
	at org.postgresql.jdbc.PgConnection.createClob(PgConnection.java:1269)
	... 149 common frames omitted
2019-06-23 14:58:20,615 INFO org.hibernate.type.BasicTypeRegistry [main] HHH000270: Type registration [java.util.UUID] overrides previous : org.hibernate.type.UUIDBinaryType@1aed6f0b
2019-06-23 14:58:22,255 INFO org.springframework.orm.jpa.AbstractEntityManagerFactoryBean [main] Initialized JPA EntityManagerFactory for persistence unit 'default'
2019-06-23 14:58:23,144 DEBUG org.springframework.web.filter.GenericFilterBean [main] Filter 'badRequestFilter' configured for use
2019-06-23 14:58:23,664 WARN org.springframework.boot.autoconfigure.orm.jpa.JpaBaseConfiguration$JpaWebConfiguration$JpaWebMvcConfiguration [main] spring.jpa.open-in-view is enabled by default. Therefore, database queries may be performed during view rendering. Explicitly configure spring.jpa.open-in-view to disable this warning
2019-06-23 14:58:23,885 INFO springfox.documentation.spring.web.PropertySourcedRequestMappingHandlerMapping [main] Mapped URL path [/v2/api-docs] onto method [public org.springframework.http.ResponseEntity<springfox.documentation.spring.web.json.Json> springfox.documentation.swagger2.web.Swagger2Controller.getDocumentation(java.lang.String,javax.servlet.http.HttpServletRequest)]
2019-06-23 14:58:24,172 INFO org.springframework.security.web.DefaultSecurityFilterChain [main] Creating filter chain: any request, [org.springframework.security.web.context.request.async.WebAsyncManagerIntegrationFilter@613ba54e, org.springframework.security.web.context.SecurityContextPersistenceFilter@22cf1808, org.springframework.security.web.header.HeaderWriterFilter@55731ccd, org.springframework.web.filter.CorsFilter@27422187, org.springframework.security.web.authentication.logout.LogoutFilter@4e53c6ef, org.springframework.security.web.authentication.UsernamePasswordAuthenticationFilter@543a7605, org.springframework.security.web.session.ConcurrentSessionFilter@4a249610, org.springframework.security.web.authentication.www.BasicAuthenticationFilter@639bf405, org.springframework.security.web.savedrequest.RequestCacheAwareFilter@22349ad3, org.springframework.security.web.servletapi.SecurityContextHolderAwareRequestFilter@2e2c9e24, org.springframework.security.web.authentication.AnonymousAuthenticationFilter@7205a8b7, org.springframework.security.web.session.SessionManagementFilter@41935a9d, org.springframework.security.web.access.ExceptionTranslationFilter@c770b57, org.springframework.security.web.access.intercept.FilterSecurityInterceptor@75b25ec3]
2019-06-23 14:58:24,328 INFO org.springframework.scheduling.concurrent.ExecutorConfigurationSupport [main] Initializing ExecutorService 'applicationTaskExecutor'
2019-06-23 14:58:24,696 INFO springfox.documentation.spring.web.plugins.DocumentationPluginsBootstrapper [main] Context refreshed
2019-06-23 14:58:24,910 INFO springfox.documentation.spring.web.plugins.DocumentationPluginsBootstrapper [main] Found 1 custom documentation plugin(s)
2019-06-23 14:58:24,984 INFO springfox.documentation.spring.web.scanners.ApiListingReferenceScanner [main] Scanning for api listing references
2019-06-23 14:58:25,417 INFO org.apache.juli.logging.DirectJDKLog [main] Starting ProtocolHandler ["http-nio-8080"]
2019-06-23 14:58:25,451 INFO org.springframework.boot.web.embedded.tomcat.TomcatWebServer [main] Tomcat started on port(s): 8080 (http) with context path ''
2019-06-23 14:58:25,454 INFO org.springframework.boot.StartupInfoLogger [main] Started RostemApplication in 11.579 seconds (JVM running for 15.122)
2019-06-23 14:58:38,152 INFO org.apache.juli.logging.DirectJDKLog [http-nio-8080-exec-1] Initializing Spring DispatcherServlet 'dispatcherServlet'
2019-06-23 14:58:38,152 INFO org.springframework.web.servlet.FrameworkServlet [http-nio-8080-exec-1] Initializing Servlet 'dispatcherServlet'
2019-06-23 14:58:38,168 INFO org.springframework.web.servlet.FrameworkServlet [http-nio-8080-exec-1] Completed initialization in 15 ms
2019-06-23 14:58:38,314 INFO rostem.service.authentication.AuthenticationService [http-nio-8080-exec-2] [loadUserByUsername] Searching for user ionutgrad101@gmail.com in databases
2019-06-23 14:58:38,360 INFO org.hibernate.hql.internal.QueryTranslatorFactoryInitiator [http-nio-8080-exec-2] HHH000397: Using ASTQueryTranslatorFactory
2019-06-23 14:58:38,541 INFO rostem.service.authentication.AuthenticationService [http-nio-8080-exec-2] [loadUserByUsername] Found user, all ok
2019-06-23 14:58:38,646 DEBUG rostem.configuration.LoginHandlers.LoginSuccessHandler [http-nio-8080-exec-2] [INFO] A login request was successful
2019-06-23 14:58:38,879 INFO rostem.service.material.CategoryService [http-nio-8080-exec-7] [CATEGORY] Get all categories
2019-06-23 14:58:38,959 INFO rostem.service.material.ChapterService [http-nio-8080-exec-8] [CHAPTER] Getting latest created chapters..
2019-06-23 14:59:32,288 INFO rostem.service.material.CategoryService [http-nio-8080-exec-1] [CATEGORY] Get all categories
2019-06-23 14:59:32,403 INFO rostem.service.material.ChapterService [http-nio-8080-exec-4] [CHAPTER] Getting latest created chapters..
2019-06-23 14:59:40,979 INFO rostem.service.material.CategoryService [http-nio-8080-exec-10] [CATEGORY] Get all categories
2019-06-23 14:59:41,045 INFO rostem.service.material.ChapterService [http-nio-8080-exec-9] [CHAPTER] Getting latest created chapters..
2019-06-23 15:01:41,897 INFO rostem.service.material.TutorialService [http-nio-8080-exec-7] [TUTORIAL] Trying to get all tutorials for category Math
2019-06-23 15:01:42,135 INFO rostem.service.material.ChapterService [http-nio-8080-exec-4] [CHAPTER] Trying to get all chapters for tutorial 1
2019-06-23 15:01:42,141 INFO rostem.service.material.ChapterService [http-nio-8080-exec-5] [CHAPTER] Trying to get all chapters for tutorial 2
2019-06-23 15:01:42,141 INFO rostem.service.material.ChapterService [http-nio-8080-exec-8] [CHAPTER] Trying to get all chapters for tutorial 6
2019-06-23 15:01:42,143 INFO rostem.service.material.ChapterService [http-nio-8080-exec-7] [CHAPTER] Trying to get all chapters for tutorial 3
2019-06-23 15:01:42,158 INFO rostem.service.material.ChapterService [http-nio-8080-exec-10] [CHAPTER] Trying to get all chapters for tutorial 5
2019-06-23 15:01:42,160 INFO rostem.service.material.ChapterService [http-nio-8080-exec-6] [CHAPTER] Trying to get all chapters for tutorial 4
2019-06-23 15:01:42,169 INFO rostem.service.material.ChapterService [http-nio-8080-exec-9] [CHAPTER] Trying to get all chapters for tutorial 7
2019-06-23 15:01:42,760 INFO rostem.service.material.ChapterService [http-nio-8080-exec-3] [CHAPTER] Trying to get all chapters for tutorial 1
2019-06-23 15:01:44,190 INFO rostem.service.material.ChapterService [http-nio-8080-exec-1] [CHAPTER] Trying to get all comments for chapter 1
2019-06-23 15:02:25,299 INFO rostem.service.material.CategoryService [http-nio-8080-exec-1] [CATEGORY] Get all categories
2019-06-23 15:02:25,324 INFO rostem.service.material.ChapterService [http-nio-8080-exec-8] [CHAPTER] Getting latest created chapters..
2019-06-23 15:02:26,175 INFO rostem.service.material.TutorialService [http-nio-8080-exec-5] [TUTORIAL] Trying to get all tutorials for category Math
2019-06-23 15:02:26,263 INFO rostem.service.material.ChapterService [http-nio-8080-exec-2] [CHAPTER] Trying to get all chapters for tutorial 1
2019-06-23 15:02:26,267 INFO rostem.service.material.ChapterService [http-nio-8080-exec-9] [CHAPTER] Trying to get all chapters for tutorial 2
2019-06-23 15:02:26,270 INFO rostem.service.material.ChapterService [http-nio-8080-exec-5] [CHAPTER] Trying to get all chapters for tutorial 3
2019-06-23 15:02:26,270 INFO rostem.service.material.ChapterService [http-nio-8080-exec-4] [CHAPTER] Trying to get all chapters for tutorial 4
2019-06-23 15:02:26,273 INFO rostem.service.material.ChapterService [http-nio-8080-exec-6] [CHAPTER] Trying to get all chapters for tutorial 5
2019-06-23 15:02:26,274 INFO rostem.service.material.ChapterService [http-nio-8080-exec-7] [CHAPTER] Trying to get all chapters for tutorial 6
2019-06-23 15:02:26,284 INFO rostem.service.material.ChapterService [http-nio-8080-exec-1] [CHAPTER] Trying to get all chapters for tutorial 7
2019-06-23 15:02:27,032 INFO rostem.service.material.ChapterService [http-nio-8080-exec-10] [CHAPTER] Trying to get all chapters for tutorial 1
2019-06-23 15:02:27,709 INFO rostem.service.material.ChapterService [http-nio-8080-exec-3] [CHAPTER] Trying to get all comments for chapter 2
2019-06-23 15:02:27,847 INFO rostem.service.material.ChapterService [http-nio-8080-exec-8] [CHAPTER] Trying to get all comments for chapter 2
2019-06-23 15:02:28,912 INFO rostem.service.material.ChapterService [http-nio-8080-exec-5] [CHAPTER] Trying to get all comments for chapter 2
2019-06-23 15:02:28,917 INFO rostem.service.material.ChapterService [http-nio-8080-exec-6] [USER_CHAPTER] Trying to set a chapter as done for user ionutgrad101@gmail.com
2019-06-23 15:02:29,370 INFO rostem.service.material.ChapterService [http-nio-8080-exec-7] [CHAPTER] Trying to get all comments for chapter 30
2019-06-23 15:02:31,207 INFO rostem.service.material.ChapterService [http-nio-8080-exec-3] [CHAPTER] Trying to get all comments for chapter 1
2019-06-23 15:02:31,950 INFO rostem.service.material.ChapterService [http-nio-8080-exec-8] [USER_CHAPTER] Trying to set a chapter as done for user ionutgrad101@gmail.com
2019-06-23 15:02:31,951 INFO rostem.service.material.ChapterService [http-nio-8080-exec-4] [CHAPTER] Trying to get all comments for chapter 1
2019-06-23 15:02:32,497 INFO rostem.service.material.ChapterService [http-nio-8080-exec-5] [CHAPTER] Trying to get all comments for chapter 2
2019-06-23 15:02:33,323 INFO rostem.service.material.ChapterService [http-nio-8080-exec-6] [USER_CHAPTER] Trying to set a chapter as done for user ionutgrad101@gmail.com
2019-06-23 15:02:33,324 INFO rostem.service.material.ChapterService [http-nio-8080-exec-7] [CHAPTER] Trying to get all comments for chapter 2
2019-06-23 15:02:33,943 INFO rostem.service.material.ChapterService [http-nio-8080-exec-1] [CHAPTER] Trying to get all comments for chapter 3
2019-06-23 15:02:34,927 INFO rostem.service.material.ChapterService [http-nio-8080-exec-9] [CHAPTER] Trying to get all comments for chapter 3
2019-06-23 15:02:34,931 INFO rostem.service.material.ChapterService [http-nio-8080-exec-10] [USER_CHAPTER] Trying to set a chapter as done for user ionutgrad101@gmail.com
2019-06-23 15:02:35,691 INFO rostem.service.material.ChapterService [http-nio-8080-exec-3] [CHAPTER] Trying to get all comments for chapter 4
2019-06-23 15:02:36,461 INFO rostem.service.material.ChapterService [http-nio-8080-exec-8] [USER_CHAPTER] Trying to set a chapter as done for user ionutgrad101@gmail.com
2019-06-23 15:02:36,461 INFO rostem.service.material.ChapterService [http-nio-8080-exec-4] [CHAPTER] Trying to get all comments for chapter 4
2019-06-23 15:02:37,104 INFO rostem.service.material.ChapterService [http-nio-8080-exec-5] [CHAPTER] Trying to get all comments for chapter 30
2019-06-23 15:02:39,936 INFO rostem.service.material.ChapterService [http-nio-8080-exec-10] [CHAPTER] Trying to get all comments for chapter 30
2019-06-23 15:02:39,940 INFO rostem.service.material.ChapterService [http-nio-8080-exec-3] [USER_CHAPTER] Trying to set a chapter as done for user ionutgrad101@gmail.com
2019-06-23 15:02:42,004 INFO rostem.service.material.ChapterService [http-nio-8080-exec-4] [CHAPTER] Trying to get all comments for chapter 31
2019-06-23 15:02:42,946 INFO rostem.service.material.ChapterService [http-nio-8080-exec-8] [USER_CHAPTER] Trying to set a chapter as todo for user ionutgrad101@gmail.com
2019-06-23 15:02:42,947 INFO rostem.service.material.ChapterService [http-nio-8080-exec-5] [CHAPTER] Trying to get all comments for chapter 31
2019-06-23 15:02:43,610 INFO rostem.service.material.ChapterService [http-nio-8080-exec-6] [USER_CHAPTER] Trying to set a chapter as done for user ionutgrad101@gmail.com
2019-06-23 15:02:43,611 INFO rostem.service.material.ChapterService [http-nio-8080-exec-1] [CHAPTER] Trying to get all comments for chapter 31
2019-06-23 15:02:43,614 INFO rostem.service.material.ChapterService [http-nio-8080-exec-2] [USER_CHAPTER] Trying to unmark a todo chapter from user ionutgrad101@gmail.com TODO list.
2019-06-23 15:02:44,429 INFO rostem.service.material.ChapterService [http-nio-8080-exec-3] [CHAPTER] Trying to get all chapters for tutorial 1
2019-06-23 15:02:44,919 INFO rostem.service.material.ChapterService [http-nio-8080-exec-10] [CHAPTER] Trying to get all chapters for tutorial 1
2019-06-23 15:02:51,654 INFO rostem.service.material.CategoryService [http-nio-8080-exec-1] [CATEGORY] Get all categories
2019-06-23 15:03:00,567 INFO rostem.service.material.CategoryService [http-nio-8080-exec-5] [CATEGORY] Get all categories
2019-06-23 15:03:00,589 INFO rostem.service.material.ChapterService [http-nio-8080-exec-8] [CHAPTER] Getting latest created chapters..
2019-06-23 15:03:01,390 INFO rostem.service.material.TutorialService [http-nio-8080-exec-2] [TUTORIAL] Trying to get all tutorials for category Math
2019-06-23 15:03:01,478 INFO rostem.service.material.ChapterService [http-nio-8080-exec-7] [CHAPTER] Trying to get all chapters for tutorial 1
2019-06-23 15:03:01,481 INFO rostem.service.material.ChapterService [http-nio-8080-exec-1] [CHAPTER] Trying to get all chapters for tutorial 2
2019-06-23 15:03:01,482 INFO rostem.service.material.ChapterService [http-nio-8080-exec-6] [CHAPTER] Trying to get all chapters for tutorial 4
2019-06-23 15:03:01,482 INFO rostem.service.material.ChapterService [http-nio-8080-exec-2] [CHAPTER] Trying to get all chapters for tutorial 3
2019-06-23 15:03:01,484 INFO rostem.service.material.ChapterService [http-nio-8080-exec-9] [CHAPTER] Trying to get all chapters for tutorial 5
2019-06-23 15:03:01,484 INFO rostem.service.material.ChapterService [http-nio-8080-exec-5] [CHAPTER] Trying to get all chapters for tutorial 6
2019-06-23 15:03:01,492 INFO rostem.service.material.ChapterService [http-nio-8080-exec-10] [CHAPTER] Trying to get all chapters for tutorial 7
2019-06-23 15:03:02,085 INFO rostem.service.material.ChapterService [http-nio-8080-exec-3] [CHAPTER] Trying to get all chapters for tutorial 1
2019-06-23 15:03:03,005 INFO rostem.service.material.ChapterService [http-nio-8080-exec-8] [CHAPTER] Trying to get all comments for chapter 3
2019-06-23 15:03:04,148 INFO rostem.service.material.ChapterService [http-nio-8080-exec-6] [CHAPTER] Trying to get all comments for chapter 3
2019-06-23 15:03:04,153 INFO rostem.service.material.ChapterService [http-nio-8080-exec-2] [USER_CHAPTER] Trying to unmark a done chapter from user ionutgrad101@gmail.com TODO list.
2019-06-23 15:03:05,872 INFO rostem.service.material.ChapterService [http-nio-8080-exec-9] [CHAPTER] Trying to get all chapters for tutorial 1
2019-06-23 15:03:06,322 INFO rostem.service.material.ChapterService [http-nio-8080-exec-5] [CHAPTER] Trying to get all chapters for tutorial 1
2019-06-23 15:03:07,965 INFO rostem.service.material.ChapterService [http-nio-8080-exec-10] [CHAPTER] Trying to get all comments for chapter 2
2019-06-23 15:03:08,520 INFO rostem.service.material.ChapterService [http-nio-8080-exec-7] [USER_CHAPTER] Trying to unmark a done chapter from user ionutgrad101@gmail.com TODO list.
2019-06-23 15:03:08,520 INFO rostem.service.material.ChapterService [http-nio-8080-exec-1] [CHAPTER] Trying to get all comments for chapter 2
2019-06-23 15:03:09,214 INFO rostem.service.material.ChapterService [http-nio-8080-exec-3] [CHAPTER] Trying to get all comments for chapter 1
2019-06-23 15:03:10,090 INFO rostem.service.material.ChapterService [http-nio-8080-exec-2] [CHAPTER] Trying to get all comments for chapter 1
2019-06-23 15:03:10,095 INFO rostem.service.material.ChapterService [http-nio-8080-exec-9] [USER_CHAPTER] Trying to unmark a done chapter from user ionutgrad101@gmail.com TODO list.
2019-06-23 15:03:10,363 INFO rostem.service.material.ChapterService [http-nio-8080-exec-10] [CHAPTER] Trying to get all comments for chapter 1
2019-06-23 15:03:10,374 INFO rostem.service.material.ChapterService [http-nio-8080-exec-1] [USER_CHAPTER] Trying to set a chapter as done for user ionutgrad101@gmail.com
2019-06-23 15:03:11,128 INFO rostem.service.material.ChapterService [http-nio-8080-exec-7] [CHAPTER] Trying to get all comments for chapter 4
2019-06-23 15:03:11,906 INFO rostem.service.material.ChapterService [http-nio-8080-exec-3] [USER_CHAPTER] Trying to unmark a done chapter from user ionutgrad101@gmail.com TODO list.
2019-06-23 15:03:11,907 INFO rostem.service.material.ChapterService [http-nio-8080-exec-4] [CHAPTER] Trying to get all comments for chapter 4
2019-06-23 15:03:12,384 INFO rostem.service.material.ChapterService [http-nio-8080-exec-8] [CHAPTER] Trying to get all comments for chapter 30
2019-06-23 15:03:15,201 INFO rostem.service.material.ChapterService [http-nio-8080-exec-10] [CHAPTER] Trying to get all comments for chapter 30
2019-06-23 15:03:15,210 INFO rostem.service.material.ChapterService [http-nio-8080-exec-7] [USER_CHAPTER] Trying to unmark a done chapter from user ionutgrad101@gmail.com TODO list.
2019-06-23 15:03:17,574 INFO rostem.service.material.ChapterService [http-nio-8080-exec-4] [CHAPTER] Trying to get all comments for chapter 31
2019-06-23 15:03:18,871 INFO rostem.service.material.ChapterService [http-nio-8080-exec-8] [CHAPTER] Trying to get all comments for chapter 31
2019-06-23 15:03:18,871 INFO rostem.service.material.ChapterService [http-nio-8080-exec-3] [USER_CHAPTER] Trying to unmark a done chapter from user ionutgrad101@gmail.com TODO list.
2019-06-23 15:03:20,017 INFO rostem.service.material.ChapterService [http-nio-8080-exec-9] [CHAPTER] Trying to get all chapters for tutorial 1
2019-06-23 15:03:20,556 INFO rostem.service.material.ChapterService [http-nio-8080-exec-2] [CHAPTER] Trying to get all chapters for tutorial 1
2019-06-23 15:03:21,549 INFO rostem.service.material.ChapterService [http-nio-8080-exec-5] [CHAPTER] Trying to get all comments for chapter 1
2019-06-23 15:03:22,524 INFO rostem.service.material.ChapterService [http-nio-8080-exec-4] [CHAPTER] Trying to get all comments for chapter 1
2019-06-23 15:03:22,531 INFO rostem.service.material.ChapterService [http-nio-8080-exec-8] [USER_CHAPTER] Trying to unmark a done chapter from user ionutgrad101@gmail.com TODO list.
2019-06-23 15:03:23,297 INFO rostem.service.material.ChapterService [http-nio-8080-exec-3] [CHAPTER] Trying to get all comments for chapter 2
2019-06-23 15:03:24,080 INFO rostem.service.material.ChapterService [http-nio-8080-exec-6] [USER_CHAPTER] Trying to unmark a done chapter from user ionutgrad101@gmail.com TODO list.
2019-06-23 15:03:24,081 INFO rostem.service.material.ChapterService [http-nio-8080-exec-9] [CHAPTER] Trying to get all comments for chapter 2
2019-06-23 15:03:24,817 INFO rostem.service.material.ChapterService [http-nio-8080-exec-2] [CHAPTER] Trying to get all chapters for tutorial 1
2019-06-23 15:03:25,253 INFO rostem.service.material.ChapterService [http-nio-8080-exec-1] [CHAPTER] Trying to get all chapters for tutorial 1
2019-06-23 15:03:27,240 INFO rostem.service.material.CategoryService [http-nio-8080-exec-3] [CATEGORY] Get all categories
2019-06-23 15:03:27,261 INFO rostem.service.material.ChapterService [http-nio-8080-exec-9] [CHAPTER] Getting latest created chapters..
2019-06-23 15:03:31,089 INFO rostem.service.material.CategoryService [http-nio-8080-exec-7] [CATEGORY] Get all categories
2019-06-23 15:03:33,230 INFO rostem.service.material.CategoryService [http-nio-8080-exec-2] [CATEGORY] Get all categories
2019-06-23 15:03:33,259 INFO rostem.service.material.ChapterService [http-nio-8080-exec-5] [CHAPTER] Getting latest created chapters..
2019-06-23 15:03:34,043 INFO rostem.service.material.TutorialService [http-nio-8080-exec-10] [TUTORIAL] Trying to get all tutorials for category Math
2019-06-23 15:03:34,118 INFO rostem.service.material.ChapterService [http-nio-8080-exec-1] [CHAPTER] Trying to get all chapters for tutorial 1
2019-06-23 15:03:34,123 INFO rostem.service.material.ChapterService [http-nio-8080-exec-7] [CHAPTER] Trying to get all chapters for tutorial 2
2019-06-23 15:03:34,125 INFO rostem.service.material.ChapterService [http-nio-8080-exec-3] [CHAPTER] Trying to get all chapters for tutorial 5
2019-06-23 15:03:34,125 INFO rostem.service.material.ChapterService [http-nio-8080-exec-4] [CHAPTER] Trying to get all chapters for tutorial 6
2019-06-23 15:03:34,124 INFO rostem.service.material.ChapterService [http-nio-8080-exec-10] [CHAPTER] Trying to get all chapters for tutorial 3
2019-06-23 15:03:34,128 INFO rostem.service.material.ChapterService [http-nio-8080-exec-8] [CHAPTER] Trying to get all chapters for tutorial 4
2019-06-23 15:03:34,135 INFO rostem.service.material.ChapterService [http-nio-8080-exec-8] [CHAPTER] Trying to get all chapters for tutorial 7
2019-06-23 15:03:34,613 INFO rostem.service.material.ChapterService [http-nio-8080-exec-2] [CHAPTER] Trying to get all chapters for tutorial 1
2019-06-23 15:03:35,324 INFO rostem.service.material.ChapterService [http-nio-8080-exec-6] [CHAPTER] Trying to get all comments for chapter 1
2019-06-23 15:03:36,358 INFO rostem.service.material.ChapterService [http-nio-8080-exec-10] [CHAPTER] Trying to get all comments for chapter 1
2019-06-23 15:03:36,365 INFO rostem.service.material.ChapterService [http-nio-8080-exec-9] [USER_CHAPTER] Trying to set a chapter as done for user ionutgrad101@gmail.com
2019-06-23 15:03:37,108 INFO rostem.service.material.ChapterService [http-nio-8080-exec-7] [CHAPTER] Trying to get all comments for chapter 2
2019-06-23 15:03:37,960 INFO rostem.service.material.ChapterService [http-nio-8080-exec-1] [USER_CHAPTER] Trying to set a chapter as done for user ionutgrad101@gmail.com
2019-06-23 15:03:37,961 INFO rostem.service.material.ChapterService [http-nio-8080-exec-8] [CHAPTER] Trying to get all comments for chapter 2
2019-06-23 15:03:38,835 INFO rostem.service.material.ChapterService [http-nio-8080-exec-2] [CHAPTER] Trying to get all comments for chapter 3
2019-06-23 15:03:39,574 INFO rostem.service.material.ChapterService [http-nio-8080-exec-6] [USER_CHAPTER] Trying to set a chapter as done for user ionutgrad101@gmail.com
2019-06-23 15:03:39,575 INFO rostem.service.material.ChapterService [http-nio-8080-exec-4] [CHAPTER] Trying to get all comments for chapter 3
2019-06-23 15:03:40,456 INFO rostem.service.material.ChapterService [http-nio-8080-exec-5] [CHAPTER] Trying to get all comments for chapter 4
2019-06-23 15:03:41,798 INFO rostem.service.material.ChapterService [http-nio-8080-exec-9] [CHAPTER] Trying to get all comments for chapter 4
2019-06-23 15:03:41,803 INFO rostem.service.material.ChapterService [http-nio-8080-exec-10] [USER_CHAPTER] Trying to set a chapter as done for user ionutgrad101@gmail.com
2019-06-23 15:03:42,413 INFO rostem.service.material.ChapterService [http-nio-8080-exec-7] [CHAPTER] Trying to get all comments for chapter 30
2019-06-23 15:03:44,615 INFO rostem.service.material.ChapterService [http-nio-8080-exec-6] [USER_CHAPTER] Trying to set a chapter as done for user ionutgrad101@gmail.com
2019-06-23 15:03:44,615 INFO rostem.service.material.ChapterService [http-nio-8080-exec-5] [CHAPTER] Trying to get all comments for chapter 30
2019-06-23 15:03:46,563 INFO rostem.service.material.ChapterService [http-nio-8080-exec-3] [CHAPTER] Trying to get all comments for chapter 31
2019-06-23 15:03:48,117 INFO rostem.service.material.ChapterService [http-nio-8080-exec-10] [CHAPTER] Trying to get all comments for chapter 31
2019-06-23 15:03:48,121 INFO rostem.service.material.ChapterService [http-nio-8080-exec-7] [USER_CHAPTER] Trying to set a chapter as done for user ionutgrad101@gmail.com
2019-06-23 15:03:53,646 INFO rostem.service.material.CategoryService [http-nio-8080-exec-6] [CATEGORY] Get all categories
2019-06-23 15:22:40,081 INFO rostem.service.material.CategoryService [http-nio-8080-exec-9] [USER_CATEGORY] Trying to get favorites categories for user ionutgrad101@gmail.com
2019-06-23 15:22:40,084 INFO rostem.service.material.ChapterService [http-nio-8080-exec-8] [CHAPTER] Get all done chapters for user: ionutgrad101@gmail.com
2019-06-23 15:22:40,084 INFO rostem.service.material.ChapterService [http-nio-8080-exec-1] [CHAPTER] Get all todo chapters for user: ionutgrad101@gmail.com
2019-06-23 15:22:41,665 INFO rostem.service.material.CategoryService [http-nio-8080-exec-7] [CATEGORY] Get all categories
2019-06-23 15:22:43,579 INFO rostem.service.material.MessageService [http-nio-8080-exec-6] [MESSAGE] Getting all messages sent by ionutgrad101@gmail.com
2019-06-23 15:22:43,579 INFO rostem.service.material.MessageService [http-nio-8080-exec-5] [MESSAGE] Getting all messages received by ionutgrad101@gmail.com
2019-06-23 15:22:45,559 INFO rostem.service.material.CategoryService [http-nio-8080-exec-10] [CATEGORY] Get all categories
2019-06-23 15:22:45,577 INFO rostem.service.material.ChapterService [http-nio-8080-exec-7] [CHAPTER] Getting latest created chapters..
2019-06-23 15:31:25,676 WARN com.zaxxer.hikari.pool.HikariPool$HouseKeeper [HikariPool-1 housekeeper] HikariPool-1 - Thread starvation or clock leap detected (housekeeper delta=8m36s457ms717s56ns).
2019-06-23 16:13:26,017 WARN com.zaxxer.hikari.pool.HikariPool$HouseKeeper [HikariPool-1 housekeeper] HikariPool-1 - Thread starvation or clock leap detected (housekeeper delta=9m322ms45s150ns).
2019-06-23 17:26:09,334 WARN com.zaxxer.hikari.pool.HikariPool$HouseKeeper [HikariPool-1 housekeeper] HikariPool-1 - Thread starvation or clock leap detected (housekeeper delta=9m43s260ms924s374ns).
2019-06-23 17:43:05,226 INFO org.springframework.scheduling.concurrent.ExecutorConfigurationSupport [Thread-28] Shutting down ExecutorService 'applicationTaskExecutor'
2019-06-23 17:43:05,237 INFO com.zaxxer.hikari.HikariDataSource [Thread-28] HikariPool-1 - Shutdown initiated...
2019-06-23 17:43:05,241 INFO com.zaxxer.hikari.HikariDataSource [Thread-28] HikariPool-1 - Shutdown completed.
