2019-07-03 14:52:09,657 INFO org.springframework.boot.StartupInfoLogger [main] Starting RostemApplication on ROgradi04 with PID 20356 (C:\ubb\licenta\rostem\ROSTEM\out\production\classes started by gradi in C:\ubb\licenta\rostem\ROSTEM)
2019-07-03 14:52:09,664 DEBUG org.springframework.boot.StartupInfoLogger [main] Running with Spring Boot v2.1.2.RELEASE, Spring v5.1.4.RELEASE
2019-07-03 14:52:09,665 INFO org.springframework.boot.SpringApplication [main] No active profile set, falling back to default profiles: default
2019-07-03 14:52:11,165 INFO org.springframework.data.repository.config.RepositoryConfigurationDelegate [main] Bootstrapping Spring Data repositories in DEFAULT mode.
2019-07-03 14:52:11,279 INFO org.springframework.data.repository.config.RepositoryConfigurationDelegate [main] Finished Spring Data repository scanning in 98ms. Found 8 repository interfaces.
2019-07-03 14:52:11,919 INFO org.springframework.context.support.PostProcessorRegistrationDelegate$BeanPostProcessorChecker [main] Bean 'org.springframework.security.config.annotation.configuration.ObjectPostProcessorConfiguration' of type [org.springframework.security.config.annotation.configuration.ObjectPostProcessorConfiguration$$EnhancerBySpringCGLIB$$8b701517] is not eligible for getting processed by all BeanPostProcessors (for example: not eligible for auto-proxying)
2019-07-03 14:52:11,925 INFO org.springframework.context.support.PostProcessorRegistrationDelegate$BeanPostProcessorChecker [main] Bean 'objectPostProcessor' of type [org.springframework.security.config.annotation.configuration.AutowireBeanFactoryObjectPostProcessor] is not eligible for getting processed by all BeanPostProcessors (for example: not eligible for auto-proxying)
2019-07-03 14:52:11,929 INFO org.springframework.context.support.PostProcessorRegistrationDelegate$BeanPostProcessorChecker [main] Bean 'org.springframework.security.access.expression.method.DefaultMethodSecurityExpressionHandler@4364863' of type [org.springframework.security.access.expression.method.DefaultMethodSecurityExpressionHandler] is not eligible for getting processed by all BeanPostProcessors (for example: not eligible for auto-proxying)
2019-07-03 14:52:11,933 INFO org.springframework.context.support.PostProcessorRegistrationDelegate$BeanPostProcessorChecker [main] Bean 'org.springframework.security.config.annotation.method.configuration.GlobalMethodSecurityConfiguration' of type [org.springframework.security.config.annotation.method.configuration.GlobalMethodSecurityConfiguration$$EnhancerBySpringCGLIB$$b044b7c9] is not eligible for getting processed by all BeanPostProcessors (for example: not eligible for auto-proxying)
2019-07-03 14:52:11,939 INFO org.springframework.context.support.PostProcessorRegistrationDelegate$BeanPostProcessorChecker [main] Bean 'methodSecurityMetadataSource' of type [org.springframework.security.access.method.DelegatingMethodSecurityMetadataSource] is not eligible for getting processed by all BeanPostProcessors (for example: not eligible for auto-proxying)
2019-07-03 14:52:11,988 INFO org.springframework.context.support.PostProcessorRegistrationDelegate$BeanPostProcessorChecker [main] Bean 'org.springframework.transaction.annotation.ProxyTransactionManagementConfiguration' of type [org.springframework.transaction.annotation.ProxyTransactionManagementConfiguration$$EnhancerBySpringCGLIB$$f2c24cdd] is not eligible for getting processed by all BeanPostProcessors (for example: not eligible for auto-proxying)
2019-07-03 14:52:12,547 INFO org.springframework.boot.web.embedded.tomcat.TomcatWebServer [main] Tomcat initialized with port(s): 8080 (http)
2019-07-03 14:52:12,566 INFO org.apache.juli.logging.DirectJDKLog [main] Initializing ProtocolHandler ["http-nio-8080"]
2019-07-03 14:52:12,574 INFO org.apache.juli.logging.DirectJDKLog [main] Starting service [Tomcat]
2019-07-03 14:52:12,575 INFO org.apache.juli.logging.DirectJDKLog [main] Starting Servlet engine: [Apache Tomcat/9.0.14]
2019-07-03 14:52:12,582 INFO org.apache.juli.logging.DirectJDKLog [main] The APR based Apache Tomcat Native library which allows optimal performance in production environments was not found on the java.library.path: [C:\Program Files\Zulu\zulu-8\bin;C:\windows\Sun\Java\bin;C:\windows\system32;C:\windows;C:\Program Files\Microsoft MPI\Bin\;C:\Program Files\Microsoft HPC Pack 2012\Bin\;C:\Python27\;C:\Python27\Scripts;c:\program files (x86)\common files\oracle\java\javapath;c:\programdata\oracle\java\javapath;C:\windows\system32;C:\windows;C:\windows\system32\wbem;C:\windows\system32\windowspowershell\v1.0\;c:\windows\system32;c:\windows\system32;c:\windows\system32;c:\windows\system32;c:\windows\system32;c:\windows\system32;c:\windows\system32;c:\windows\system32;c:\windows\system32;c:\windows\system32;c:\windows\system32;c:\windows\system32;c:\windows\system32;c:\windows\system32;c:\windows\system32;c:\windows\system32;c:\windows\system32;c:\windows\system32;c:\windows\system32;c:\windows\system32;c:\windows\system32;c:\windows\system32;c:\windows\system32;c:\windows\system32;c:\windows\system32;c:\windows\system32;c:\windows\system32;c:\windows\system32;c:\windows\system32;c:\windows\system32;c:\windows\system32;c:\windows\system32;c:\windows\system32;c:\windows\system32;c:\windows\system32;c:\windows\system32;c:\windows\system32;c:\windows\system32;c:\windows\system32;c:\windows\system32;c:\windows\system32;c:\windows\system32;c:\windows\system32;c:\windows\system32;c:\windows\system32;c:\windows\system32;c:\windows\system32;c:\windows\system32;c:\windows\system32;c:\windows\system32;c:\windows\system32;c:\windows\system32;c:\windows\system32;c:\windows\system32;c:\windows\system32;c:\windows\system32;c:\windows\system32;c:\windows\system32;c:\windows\system32;c:\windows\system32;c:\windows\system32;c:\windows\system32;c:\windows\system32;c:\windows\system32;c:\windows\system32;c:\windows\system32;C:\Program Files\dotnet\;%M2_HOME%\bin;C:\Program Files\Microsoft MPI\Bin\;C:\Program Files\Microsoft HPC Pack 2012\Bin\;C:\Python27\;C:\Python27\Scripts;c:\program files (x86)\common files\oracle\java\javapath;c:\programdata\oracle\java\javapath;C:\windows\system32;C:\windows;C:\windows\system32\wbem;C:\windows\system32\windowspowershell\v1.0\;c:\windows\system32;c:\windows\system32;c:\windows\system32;c:\windows\system32;c:\windows\system32;c:\windows\system32;c:\windows\system32;c:\windows\system32;c:\windows\system32;c:\windows\system32;c:\windows\system32;c:\windows\system32;c:\windows\system32;c:\windows\system32;c:\windows\system32;c:\windows\system32;c:\windows\system32;c:\windows\system32;c:\windows\system32;c:\windows\system32;c:\windows\system32;c:\windows\system32;c:\windows\system32;c:\windows\system32;c:\windows\system32;c:\windows\system32;c:\windows\system32;c:\windows\system32;c:\windows\system32;c:\windows\system32;c:\windows\system32;c:\windows\system32;c:\windows\system32;c:\windows\system32;c:\windows\system32;c:\windows\system32;c:\windows\system32;c:\windows\system32;c:\windows\system32;c:\windows\system32;c:\windows\system32;c:\windows\system32;c:\windows\system32;c:\windows\system32;c:\windows\system32;c:\windows\system32;c:\windows\system32;c:\windows\system32;c:\windows\system32;c:\windows\system32;c:\windows\system32;c:\windows\system32;c:\windows\system32;c:\windows\system32;c:\windows\system32;c:\windows\system32;c:\windows\system32;c:\windows\system32;c:\windows\system32;c:\windows\system32;c:\windows\system32;c:\windows\system32;c:\windows\system32;c:\windows\system32;c:\windows\system32;c:\windows\system32;C:\Program Files\dotnet\;%M2_HOME%\bin;C:\Program Files\Microsoft MPI\Bin\;C:\Program Files\Microsoft HPC Pack 2012\Bin\;C:\Python27\;C:\Python27\Scripts;c:\program files (x86)\common files\oracle\java\javapath;c:\programdata\oracle\java\javapath;C:\windows\system32;C:\windows;C:\windows\system32\wbem;C:\windows\system32\windowspowershell\v1.0\;c:\windows\system32;c:\windows\system32;c:\windows\system32;c:\windows\system32;c:\windows\system32;c:\windows\system32;c:\windows\system32;c:\windows\system32;c:\windows\system32;c:\windows\system32;c:\windows\system32;c:\windows\system32;c:\windows\system32;c:\windows\system32;c:\windows\system32;c:\windows\system32;c:\windows\system32;c:\windows\system32;c:\windows\system32;c:\windows\system32;c:\windows\system32;c:\windows\system32;c:\windows\sy;C:\Users\gradi.CORPDOM\AppData\Local\Microsoft\WindowsApps;C:\Users\gradi.CORPDOM\AppData\Local\Programs\Microsoft VS Code\bin;C:\Program Files\Zulu\zulu-8;-Xms512m -Xmx1524m;%M2_PATH%\bin;C:\work\apache-maven-3.3.9\bin;C:\Users\gradi.CORPDOM\AppData\Local\Android\Sdk\platform-tools;C:\Program Files\JetBrains\PyCharm 2018.3.2\bin;C:\MinGW\bin;C:\GnuWin32\bin;C:\Users\gradi.CORPDOM\AppData\Roaming\npm;C:\Program Files\heroku\bin;.]
2019-07-03 14:52:12,777 INFO org.apache.juli.logging.DirectJDKLog [main] Initializing Spring embedded WebApplicationContext
2019-07-03 14:52:12,777 INFO org.springframework.boot.web.servlet.context.ServletWebServerApplicationContext [main] Root WebApplicationContext: initialization completed in 3023 ms
2019-07-03 14:52:12,924 INFO com.zaxxer.hikari.HikariDataSource [main] HikariPool-1 - Starting...
2019-07-03 14:52:13,186 INFO com.zaxxer.hikari.HikariDataSource [main] HikariPool-1 - Start completed.
2019-07-03 14:52:13,291 INFO org.hibernate.jpa.internal.util.LogHelper [main] HHH000204: Processing PersistenceUnitInfo [
	name: default
	...]
2019-07-03 14:52:13,410 INFO org.hibernate.Version [main] HHH000412: Hibernate Core {5.3.7.Final}
2019-07-03 14:52:13,418 INFO org.hibernate.cfg.Environment [main] HHH000206: hibernate.properties not found
2019-07-03 14:52:13,671 INFO org.hibernate.annotations.common.reflection.java.JavaReflectionManager [main] HCANN000001: Hibernate Commons Annotations {5.0.4.Final}
2019-07-03 14:52:14,060 INFO org.hibernate.dialect.Dialect [main] HHH000400: Using dialect: org.hibernate.dialect.PostgreSQL95Dialect
2019-07-03 14:52:14,195 INFO org.hibernate.engine.jdbc.env.internal.LobCreatorBuilderImpl [main] HHH000424: Disabling contextual LOB creation as createClob() method threw error : java.lang.reflect.InvocationTargetException
java.lang.reflect.InvocationTargetException: null
	at sun.reflect.NativeMethodAccessorImpl.invoke0(Native Method)
	at sun.reflect.NativeMethodAccessorImpl.invoke(NativeMethodAccessorImpl.java:62)
	at sun.reflect.DelegatingMethodAccessorImpl.invoke(DelegatingMethodAccessorImpl.java:43)
	at java.lang.reflect.Method.invoke(Method.java:498)
	at org.hibernate.engine.jdbc.env.internal.LobCreatorBuilderImpl.useContextualLobCreation(LobCreatorBuilderImpl.java:113)
	at org.hibernate.engine.jdbc.env.internal.LobCreatorBuilderImpl.makeLobCreatorBuilder(LobCreatorBuilderImpl.java:54)
	at org.hibernate.engine.jdbc.env.internal.JdbcEnvironmentImpl.<init>(JdbcEnvironmentImpl.java:271)
	at org.hibernate.engine.jdbc.env.internal.JdbcEnvironmentInitiator.initiateService(JdbcEnvironmentInitiator.java:114)
	at org.hibernate.engine.jdbc.env.internal.JdbcEnvironmentInitiator.initiateService(JdbcEnvironmentInitiator.java:35)
	at org.hibernate.boot.registry.internal.StandardServiceRegistryImpl.initiateService(StandardServiceRegistryImpl.java:94)
	at org.hibernate.service.internal.AbstractServiceRegistryImpl.createService(AbstractServiceRegistryImpl.java:263)
	at org.hibernate.service.internal.AbstractServiceRegistryImpl.initializeService(AbstractServiceRegistryImpl.java:237)
	at org.hibernate.service.internal.AbstractServiceRegistryImpl.getService(AbstractServiceRegistryImpl.java:214)
	at org.hibernate.id.factory.internal.DefaultIdentifierGeneratorFactory.injectServices(DefaultIdentifierGeneratorFactory.java:152)
	at org.hibernate.service.internal.AbstractServiceRegistryImpl.injectDependencies(AbstractServiceRegistryImpl.java:286)
	at org.hibernate.service.internal.AbstractServiceRegistryImpl.initializeService(AbstractServiceRegistryImpl.java:243)
	at org.hibernate.service.internal.AbstractServiceRegistryImpl.getService(AbstractServiceRegistryImpl.java:214)
	at org.hibernate.boot.internal.InFlightMetadataCollectorImpl.<init>(InFlightMetadataCollectorImpl.java:179)
	at org.hibernate.boot.model.process.spi.MetadataBuildingProcess.complete(MetadataBuildingProcess.java:119)
	at org.hibernate.jpa.boot.internal.EntityManagerFactoryBuilderImpl.metadata(EntityManagerFactoryBuilderImpl.java:904)
	at org.hibernate.jpa.boot.internal.EntityManagerFactoryBuilderImpl.build(EntityManagerFactoryBuilderImpl.java:935)
	at org.springframework.orm.jpa.vendor.SpringHibernateJpaPersistenceProvider.createContainerEntityManagerFactory(SpringHibernateJpaPersistenceProvider.java:57)
	at org.springframework.orm.jpa.LocalContainerEntityManagerFactoryBean.createNativeEntityManagerFactory(LocalContainerEntityManagerFactoryBean.java:365)
	at org.springframework.orm.jpa.AbstractEntityManagerFactoryBean.buildNativeEntityManagerFactory(AbstractEntityManagerFactoryBean.java:390)
	at org.springframework.orm.jpa.AbstractEntityManagerFactoryBean.afterPropertiesSet(AbstractEntityManagerFactoryBean.java:377)
	at org.springframework.orm.jpa.LocalContainerEntityManagerFactoryBean.afterPropertiesSet(LocalContainerEntityManagerFactoryBean.java:341)
	at rostem.configuration.JpaConfiguration.entityManagerFactory(JpaConfiguration.java:96)
	at rostem.configuration.JpaConfiguration$$EnhancerBySpringCGLIB$$7a5317fd.CGLIB$entityManagerFactory$1(<generated>)
	at rostem.configuration.JpaConfiguration$$EnhancerBySpringCGLIB$$7a5317fd$$FastClassBySpringCGLIB$$dffb08ca.invoke(<generated>)
	at org.springframework.cglib.proxy.MethodProxy.invokeSuper(MethodProxy.java:244)
	at org.springframework.context.annotation.ConfigurationClassEnhancer$BeanMethodInterceptor.intercept(ConfigurationClassEnhancer.java:363)
	at rostem.configuration.JpaConfiguration$$EnhancerBySpringCGLIB$$7a5317fd.entityManagerFactory(<generated>)
	at sun.reflect.NativeMethodAccessorImpl.invoke0(Native Method)
	at sun.reflect.NativeMethodAccessorImpl.invoke(NativeMethodAccessorImpl.java:62)
	at sun.reflect.DelegatingMethodAccessorImpl.invoke(DelegatingMethodAccessorImpl.java:43)
	at java.lang.reflect.Method.invoke(Method.java:498)
	at org.springframework.beans.factory.support.SimpleInstantiationStrategy.instantiate(SimpleInstantiationStrategy.java:154)
	at org.springframework.beans.factory.support.ConstructorResolver.instantiate(ConstructorResolver.java:622)
	at org.springframework.beans.factory.support.ConstructorResolver.instantiateUsingFactoryMethod(ConstructorResolver.java:456)
	at org.springframework.beans.factory.support.AbstractAutowireCapableBeanFactory.instantiateUsingFactoryMethod(AbstractAutowireCapableBeanFactory.java:1288)
	at org.springframework.beans.factory.support.AbstractAutowireCapableBeanFactory.createBeanInstance(AbstractAutowireCapableBeanFactory.java:1127)
	at org.springframework.beans.factory.support.AbstractAutowireCapableBeanFactory.doCreateBean(AbstractAutowireCapableBeanFactory.java:538)
	at org.springframework.beans.factory.support.AbstractAutowireCapableBeanFactory.createBean(AbstractAutowireCapableBeanFactory.java:498)
	at org.springframework.beans.factory.support.AbstractBeanFactory.lambda$doGetBean$0(AbstractBeanFactory.java:320)
	at org.springframework.beans.factory.support.DefaultSingletonBeanRegistry.getSingleton(DefaultSingletonBeanRegistry.java:222)
	at org.springframework.beans.factory.support.AbstractBeanFactory.doGetBean(AbstractBeanFactory.java:318)
	at org.springframework.beans.factory.support.AbstractBeanFactory.getBean(AbstractBeanFactory.java:199)
	at org.springframework.beans.factory.support.BeanDefinitionValueResolver.resolveReference(BeanDefinitionValueResolver.java:367)
	at org.springframework.beans.factory.support.BeanDefinitionValueResolver.resolveValueIfNecessary(BeanDefinitionValueResolver.java:110)
	at org.springframework.beans.factory.support.ConstructorResolver.resolveConstructorArguments(ConstructorResolver.java:662)
	at org.springframework.beans.factory.support.ConstructorResolver.instantiateUsingFactoryMethod(ConstructorResolver.java:479)
	at org.springframework.beans.factory.support.AbstractAutowireCapableBeanFactory.instantiateUsingFactoryMethod(AbstractAutowireCapableBeanFactory.java:1288)
	at org.springframework.beans.factory.support.AbstractAutowireCapableBeanFactory.createBeanInstance(AbstractAutowireCapableBeanFactory.java:1127)
	at org.springframework.beans.factory.support.AbstractAutowireCapableBeanFactory.doCreateBean(AbstractAutowireCapableBeanFactory.java:538)
	at org.springframework.beans.factory.support.AbstractAutowireCapableBeanFactory.createBean(AbstractAutowireCapableBeanFactory.java:498)
	at org.springframework.beans.factory.support.BeanDefinitionValueResolver.resolveInnerBean(BeanDefinitionValueResolver.java:312)
	at org.springframework.beans.factory.support.BeanDefinitionValueResolver.resolveValueIfNecessary(BeanDefinitionValueResolver.java:131)
	at org.springframework.beans.factory.support.AbstractAutowireCapableBeanFactory.applyPropertyValues(AbstractAutowireCapableBeanFactory.java:1648)
	at org.springframework.beans.factory.support.AbstractAutowireCapableBeanFactory.populateBean(AbstractAutowireCapableBeanFactory.java:1400)
	at org.springframework.beans.factory.support.AbstractAutowireCapableBeanFactory.doCreateBean(AbstractAutowireCapableBeanFactory.java:575)
	at org.springframework.beans.factory.support.AbstractAutowireCapableBeanFactory.createBean(AbstractAutowireCapableBeanFactory.java:498)
	at org.springframework.beans.factory.support.AbstractBeanFactory.lambda$doGetBean$0(AbstractBeanFactory.java:320)
	at org.springframework.beans.factory.support.DefaultSingletonBeanRegistry.getSingleton(DefaultSingletonBeanRegistry.java:222)
	at org.springframework.beans.factory.support.AbstractBeanFactory.doGetBean(AbstractBeanFactory.java:318)
	at org.springframework.beans.factory.support.AbstractBeanFactory.getBean(AbstractBeanFactory.java:199)
	at org.springframework.beans.factory.config.DependencyDescriptor.resolveCandidate(DependencyDescriptor.java:277)
	at org.springframework.beans.factory.support.DefaultListableBeanFactory.doResolveDependency(DefaultListableBeanFactory.java:1244)
	at org.springframework.beans.factory.support.DefaultListableBeanFactory.resolveDependency(DefaultListableBeanFactory.java:1164)
	at org.springframework.beans.factory.support.ConstructorResolver.resolveAutowiredArgument(ConstructorResolver.java:857)
	at org.springframework.beans.factory.support.ConstructorResolver.createArgumentArray(ConstructorResolver.java:760)
	at org.springframework.beans.factory.support.ConstructorResolver.autowireConstructor(ConstructorResolver.java:218)
	at org.springframework.beans.factory.support.AbstractAutowireCapableBeanFactory.autowireConstructor(AbstractAutowireCapableBeanFactory.java:1308)
	at org.springframework.beans.factory.support.AbstractAutowireCapableBeanFactory.createBeanInstance(AbstractAutowireCapableBeanFactory.java:1154)
	at org.springframework.beans.factory.support.AbstractAutowireCapableBeanFactory.doCreateBean(AbstractAutowireCapableBeanFactory.java:538)
	at org.springframework.beans.factory.support.AbstractAutowireCapableBeanFactory.createBean(AbstractAutowireCapableBeanFactory.java:498)
	at org.springframework.beans.factory.support.AbstractBeanFactory.lambda$doGetBean$0(AbstractBeanFactory.java:320)
	at org.springframework.beans.factory.support.DefaultSingletonBeanRegistry.getSingleton(DefaultSingletonBeanRegistry.java:222)
	at org.springframework.beans.factory.support.AbstractBeanFactory.doGetBean(AbstractBeanFactory.java:318)
	at org.springframework.beans.factory.support.AbstractBeanFactory.getBean(AbstractBeanFactory.java:199)
	at org.springframework.beans.factory.config.DependencyDescriptor.resolveCandidate(DependencyDescriptor.java:277)
	at org.springframework.beans.factory.support.DefaultListableBeanFactory.doResolveDependency(DefaultListableBeanFactory.java:1244)
	at org.springframework.beans.factory.support.DefaultListableBeanFactory.resolveDependency(DefaultListableBeanFactory.java:1164)
	at org.springframework.beans.factory.support.ConstructorResolver.resolveAutowiredArgument(ConstructorResolver.java:857)
	at org.springframework.beans.factory.support.ConstructorResolver.createArgumentArray(ConstructorResolver.java:760)
	at org.springframework.beans.factory.support.ConstructorResolver.autowireConstructor(ConstructorResolver.java:218)
	at org.springframework.beans.factory.support.AbstractAutowireCapableBeanFactory.autowireConstructor(AbstractAutowireCapableBeanFactory.java:1308)
	at org.springframework.beans.factory.support.AbstractAutowireCapableBeanFactory.createBeanInstance(AbstractAutowireCapableBeanFactory.java:1154)
	at org.springframework.beans.factory.support.AbstractAutowireCapableBeanFactory.doCreateBean(AbstractAutowireCapableBeanFactory.java:538)
	at org.springframework.beans.factory.support.AbstractAutowireCapableBeanFactory.createBean(AbstractAutowireCapableBeanFactory.java:498)
	at org.springframework.beans.factory.support.AbstractBeanFactory.lambda$doGetBean$0(AbstractBeanFactory.java:320)
	at org.springframework.beans.factory.support.DefaultSingletonBeanRegistry.getSingleton(DefaultSingletonBeanRegistry.java:222)
	at org.springframework.beans.factory.support.AbstractBeanFactory.doGetBean(AbstractBeanFactory.java:318)
	at org.springframework.beans.factory.support.AbstractBeanFactory.getBean(AbstractBeanFactory.java:199)
	at org.springframework.beans.factory.support.ConstructorResolver.instantiateUsingFactoryMethod(ConstructorResolver.java:392)
	at org.springframework.beans.factory.support.AbstractAutowireCapableBeanFactory.instantiateUsingFactoryMethod(AbstractAutowireCapableBeanFactory.java:1288)
	at org.springframework.beans.factory.support.AbstractAutowireCapableBeanFactory.createBeanInstance(AbstractAutowireCapableBeanFactory.java:1127)
	at org.springframework.beans.factory.support.AbstractAutowireCapableBeanFactory.doCreateBean(AbstractAutowireCapableBeanFactory.java:538)
	at org.springframework.beans.factory.support.AbstractAutowireCapableBeanFactory.createBean(AbstractAutowireCapableBeanFactory.java:498)
	at org.springframework.beans.factory.support.AbstractBeanFactory.lambda$doGetBean$0(AbstractBeanFactory.java:320)
	at org.springframework.beans.factory.support.DefaultSingletonBeanRegistry.getSingleton(DefaultSingletonBeanRegistry.java:222)
	at org.springframework.beans.factory.support.AbstractBeanFactory.doGetBean(AbstractBeanFactory.java:318)
	at org.springframework.beans.factory.support.AbstractBeanFactory.getBean(AbstractBeanFactory.java:204)
	at org.springframework.boot.web.servlet.ServletContextInitializerBeans.getOrderedBeansOfType(ServletContextInitializerBeans.java:235)
	at org.springframework.boot.web.servlet.ServletContextInitializerBeans.addAsRegistrationBean(ServletContextInitializerBeans.java:193)
	at org.springframework.boot.web.servlet.ServletContextInitializerBeans.addAsRegistrationBean(ServletContextInitializerBeans.java:188)
	at org.springframework.boot.web.servlet.ServletContextInitializerBeans.addAdaptableBeans(ServletContextInitializerBeans.java:170)
	at org.springframework.boot.web.servlet.ServletContextInitializerBeans.<init>(ServletContextInitializerBeans.java:89)
	at org.springframework.boot.web.servlet.context.ServletWebServerApplicationContext.getServletContextInitializerBeans(ServletWebServerApplicationContext.java:261)
	at org.springframework.boot.web.servlet.context.ServletWebServerApplicationContext.selfInitialize(ServletWebServerApplicationContext.java:234)
	at org.springframework.boot.web.embedded.tomcat.TomcatStarter.onStartup(TomcatStarter.java:54)
	at org.apache.catalina.core.StandardContext.startInternal(StandardContext.java:5120)
	at org.apache.catalina.util.LifecycleBase.start(LifecycleBase.java:183)
	at org.apache.catalina.core.ContainerBase$StartChild.call(ContainerBase.java:1382)
	at org.apache.catalina.core.ContainerBase$StartChild.call(ContainerBase.java:1372)
	at java.util.concurrent.FutureTask.run$$$capture(FutureTask.java:266)
	at java.util.concurrent.FutureTask.run(FutureTask.java)
	at org.apache.tomcat.util.threads.InlineExecutorService.execute(InlineExecutorService.java:75)
	at java.util.concurrent.AbstractExecutorService.submit(AbstractExecutorService.java:134)
	at org.apache.catalina.core.ContainerBase.startInternal(ContainerBase.java:907)
	at org.apache.catalina.core.StandardHost.startInternal(StandardHost.java:831)
	at org.apache.catalina.util.LifecycleBase.start(LifecycleBase.java:183)
	at org.apache.catalina.core.ContainerBase$StartChild.call(ContainerBase.java:1382)
	at org.apache.catalina.core.ContainerBase$StartChild.call(ContainerBase.java:1372)
	at java.util.concurrent.FutureTask.run$$$capture(FutureTask.java:266)
	at java.util.concurrent.FutureTask.run(FutureTask.java)
	at org.apache.tomcat.util.threads.InlineExecutorService.execute(InlineExecutorService.java:75)
	at java.util.concurrent.AbstractExecutorService.submit(AbstractExecutorService.java:134)
	at org.apache.catalina.core.ContainerBase.startInternal(ContainerBase.java:907)
	at org.apache.catalina.core.StandardEngine.startInternal(StandardEngine.java:262)
	at org.apache.catalina.util.LifecycleBase.start(LifecycleBase.java:183)
	at org.apache.catalina.core.StandardService.startInternal(StandardService.java:423)
	at org.apache.catalina.util.LifecycleBase.start(LifecycleBase.java:183)
	at org.apache.catalina.core.StandardServer.startInternal(StandardServer.java:933)
	at org.apache.catalina.util.LifecycleBase.start(LifecycleBase.java:183)
	at org.apache.catalina.startup.Tomcat.start(Tomcat.java:398)
	at org.springframework.boot.web.embedded.tomcat.TomcatWebServer.initialize(TomcatWebServer.java:106)
	at org.springframework.boot.web.embedded.tomcat.TomcatWebServer.<init>(TomcatWebServer.java:86)
	at org.springframework.boot.web.embedded.tomcat.TomcatServletWebServerFactory.getTomcatWebServer(TomcatServletWebServerFactory.java:415)
	at org.springframework.boot.web.embedded.tomcat.TomcatServletWebServerFactory.getWebServer(TomcatServletWebServerFactory.java:174)
	at org.springframework.boot.web.servlet.context.ServletWebServerApplicationContext.createWebServer(ServletWebServerApplicationContext.java:181)
	at org.springframework.boot.web.servlet.context.ServletWebServerApplicationContext.onRefresh(ServletWebServerApplicationContext.java:154)
	at org.springframework.context.support.AbstractApplicationContext.refresh(AbstractApplicationContext.java:540)
	at org.springframework.boot.web.servlet.context.ServletWebServerApplicationContext.refresh(ServletWebServerApplicationContext.java:142)
	at org.springframework.boot.SpringApplication.refresh(SpringApplication.java:775)
	at org.springframework.boot.SpringApplication.refreshContext(SpringApplication.java:397)
	at org.springframework.boot.SpringApplication.run(SpringApplication.java:316)
	at org.springframework.boot.SpringApplication.run(SpringApplication.java:1260)
	at org.springframework.boot.SpringApplication.run(SpringApplication.java:1248)
	at rostem.RostemApplication.main(RostemApplication.java:12)
Caused by: java.sql.SQLFeatureNotSupportedException: Method org.postgresql.jdbc.PgConnection.createClob() is not yet implemented.
	at org.postgresql.Driver.notImplemented(Driver.java:688)
	at org.postgresql.jdbc.PgConnection.createClob(PgConnection.java:1269)
	... 149 common frames omitted
2019-07-03 14:52:14,205 INFO org.hibernate.type.BasicTypeRegistry [main] HHH000270: Type registration [java.util.UUID] overrides previous : org.hibernate.type.UUIDBinaryType@674aa626
2019-07-03 14:52:15,419 INFO org.springframework.orm.jpa.AbstractEntityManagerFactoryBean [main] Initialized JPA EntityManagerFactory for persistence unit 'default'
2019-07-03 14:52:15,991 DEBUG org.springframework.web.filter.GenericFilterBean [main] Filter 'badRequestFilter' configured for use
2019-07-03 14:52:16,538 WARN org.springframework.boot.autoconfigure.orm.jpa.JpaBaseConfiguration$JpaWebConfiguration$JpaWebMvcConfiguration [main] spring.jpa.open-in-view is enabled by default. Therefore, database queries may be performed during view rendering. Explicitly configure spring.jpa.open-in-view to disable this warning
2019-07-03 14:52:16,731 INFO springfox.documentation.spring.web.PropertySourcedRequestMappingHandlerMapping [main] Mapped URL path [/v2/api-docs] onto method [public org.springframework.http.ResponseEntity<springfox.documentation.spring.web.json.Json> springfox.documentation.swagger2.web.Swagger2Controller.getDocumentation(java.lang.String,javax.servlet.http.HttpServletRequest)]
2019-07-03 14:52:16,935 INFO org.springframework.security.web.DefaultSecurityFilterChain [main] Creating filter chain: any request, [org.springframework.security.web.context.request.async.WebAsyncManagerIntegrationFilter@395c21ee, org.springframework.security.web.context.SecurityContextPersistenceFilter@62b0792, org.springframework.security.web.header.HeaderWriterFilter@65a3d7c9, org.springframework.web.filter.CorsFilter@1e733bb5, org.springframework.security.web.authentication.logout.LogoutFilter@325a781c, org.springframework.security.web.authentication.UsernamePasswordAuthenticationFilter@6491006, org.springframework.security.web.session.ConcurrentSessionFilter@2aeb3f3b, org.springframework.security.web.authentication.www.BasicAuthenticationFilter@54816d7a, org.springframework.security.web.savedrequest.RequestCacheAwareFilter@121c1a08, org.springframework.security.web.servletapi.SecurityContextHolderAwareRequestFilter@7d381eae, org.springframework.security.web.authentication.AnonymousAuthenticationFilter@669e730d, org.springframework.security.web.session.SessionManagementFilter@30cb489a, org.springframework.security.web.access.ExceptionTranslationFilter@6250d33c, org.springframework.security.web.access.intercept.FilterSecurityInterceptor@2cdd156b]
2019-07-03 14:52:17,059 INFO org.springframework.scheduling.concurrent.ExecutorConfigurationSupport [main] Initializing ExecutorService 'applicationTaskExecutor'
2019-07-03 14:52:17,544 INFO springfox.documentation.spring.web.plugins.DocumentationPluginsBootstrapper [main] Context refreshed
2019-07-03 14:52:17,570 INFO springfox.documentation.spring.web.plugins.DocumentationPluginsBootstrapper [main] Found 1 custom documentation plugin(s)
2019-07-03 14:52:17,619 INFO springfox.documentation.spring.web.scanners.ApiListingReferenceScanner [main] Scanning for api listing references
2019-07-03 14:52:17,907 INFO springfox.documentation.spring.web.readers.operation.CachingOperationNameGenerator [main] Generating unique operation named: updateUserUsingPUT_1
2019-07-03 14:52:17,928 INFO org.apache.juli.logging.DirectJDKLog [main] Starting ProtocolHandler ["http-nio-8080"]
2019-07-03 14:52:17,957 INFO org.springframework.boot.web.embedded.tomcat.TomcatWebServer [main] Tomcat started on port(s): 8080 (http) with context path ''
2019-07-03 14:52:17,959 INFO org.springframework.boot.StartupInfoLogger [main] Started RostemApplication in 9.182 seconds (JVM running for 10.461)
2019-07-03 14:52:22,754 INFO org.apache.juli.logging.DirectJDKLog [http-nio-8080-exec-1] Initializing Spring DispatcherServlet 'dispatcherServlet'
2019-07-03 14:52:22,754 INFO org.springframework.web.servlet.FrameworkServlet [http-nio-8080-exec-1] Initializing Servlet 'dispatcherServlet'
2019-07-03 14:52:22,774 INFO org.springframework.web.servlet.FrameworkServlet [http-nio-8080-exec-1] Completed initialization in 19 ms
2019-07-03 14:52:28,828 INFO rostem.service.authentication.AuthenticationService [http-nio-8080-exec-5] [loadUserByUsername] Searching for user admin@i.i in databases
2019-07-03 14:52:28,863 INFO org.hibernate.hql.internal.QueryTranslatorFactoryInitiator [http-nio-8080-exec-5] HHH000397: Using ASTQueryTranslatorFactory
2019-07-03 14:52:29,039 INFO rostem.service.authentication.AuthenticationService [http-nio-8080-exec-5] [loadUserByUsername] Found user, all ok
2019-07-03 14:52:29,158 DEBUG rostem.configuration.LoginHandlers.LoginSuccessHandler [http-nio-8080-exec-5] [INFO] A login request was successful
2019-07-03 14:52:36,792 INFO rostem.service.users.RostemUserService [http-nio-8080-exec-7] [ADMIN] Get all users
2019-07-03 14:52:40,118 INFO rostem.service.material.CategoryService [http-nio-8080-exec-8] [CATEGORY] Get all categories
2019-07-03 14:52:40,950 INFO rostem.service.material.CategoryService [http-nio-8080-exec-9] [CATEGORY] Get all categories
2019-07-03 14:52:40,958 INFO rostem.service.material.TutorialService [http-nio-8080-exec-10] [TUTORIAL] Get all tutorial
2019-07-03 14:52:42,262 INFO rostem.service.material.ChapterService [http-nio-8080-exec-1] [CHAPTER] Get all chapters.
2019-07-03 14:54:03,510 INFO rostem.service.users.RostemUserService [http-nio-8080-exec-9] [ADMIN] Get all users
2019-07-03 14:54:28,388 INFO rostem.service.users.RostemUserService [http-nio-8080-exec-3] [ADMIN] Get all users
2019-07-03 14:54:43,111 INFO rostem.service.users.RostemUserService [http-nio-8080-exec-7] [ADMIN] Get all users
2019-07-03 14:55:02,737 INFO rostem.service.users.RostemUserService [http-nio-8080-exec-9] [ADMIN] Get all users
2019-07-03 14:56:08,225 INFO rostem.service.users.RostemUserService [http-nio-8080-exec-5] [ADMIN] Get all users
2019-07-03 14:56:34,928 WARN org.springframework.web.servlet.handler.AbstractHandlerExceptionResolver [http-nio-8080-exec-6] Resolved [org.springframework.web.HttpRequestMethodNotSupportedException: Request method 'GET' not supported]
2019-07-03 14:56:44,665 INFO rostem.service.material.ChapterService [http-nio-8080-exec-7] [CHAPTER] Get all chapters.
2019-07-03 14:56:45,312 INFO rostem.service.material.CategoryService [http-nio-8080-exec-5] [CATEGORY] Get all categories
2019-07-03 14:56:45,314 INFO rostem.service.material.TutorialService [http-nio-8080-exec-9] [TUTORIAL] Get all tutorial
2019-07-03 14:56:45,791 INFO rostem.service.material.CategoryService [http-nio-8080-exec-10] [CATEGORY] Get all categories
2019-07-03 14:56:46,329 INFO rostem.service.users.RostemUserService [http-nio-8080-exec-2] [ADMIN] Get all users
2019-07-03 14:58:24,584 INFO rostem.service.users.RostemUserService [http-nio-8080-exec-10] [ADMIN] Get all users
2019-07-03 14:58:42,771 INFO rostem.service.users.RostemUserService [http-nio-8080-exec-3] [ADMIN] Get all users
2019-07-03 14:58:54,916 INFO rostem.service.users.RostemUserService [http-nio-8080-exec-4] [ADMIN] Get all users
2019-07-03 15:30:33,331 WARN com.zaxxer.hikari.pool.HikariPool$HouseKeeper [HikariPool-1 housekeeper] HikariPool-1 - Thread starvation or clock leap detected (housekeeper delta=30m50s63ms808µs823ns).
2019-07-03 17:12:09,746 WARN com.zaxxer.hikari.pool.HikariPool$HouseKeeper [HikariPool-1 housekeeper] HikariPool-1 - Thread starvation or clock leap detected (housekeeper delta=36m6s346ms689µs290ns).
2019-07-03 18:04:44,526 WARN com.zaxxer.hikari.pool.HikariPool$HouseKeeper [HikariPool-1 housekeeper] HikariPool-1 - Thread starvation or clock leap detected (housekeeper delta=8m34s746ms636µs726ns).
2019-07-03 18:55:57,060 WARN com.zaxxer.hikari.pool.HikariPool$HouseKeeper [HikariPool-1 housekeeper] HikariPool-1 - Thread starvation or clock leap detected (housekeeper delta=10m42s505ms68µs966ns).
2019-07-03 19:57:37,168 INFO rostem.service.authentication.AuthenticationService [http-nio-8080-exec-4] [loadUserByUsername] Searching for user admin@i.i in databases
2019-07-03 19:57:37,322 INFO rostem.service.authentication.AuthenticationService [http-nio-8080-exec-4] [loadUserByUsername] Found user, all ok
2019-07-03 19:57:37,432 DEBUG rostem.configuration.LoginHandlers.LoginSuccessHandler [http-nio-8080-exec-4] [INFO] A login request was successful
2019-07-03 19:57:37,652 INFO rostem.service.users.RostemUserService [http-nio-8080-exec-1] [ADMIN] Get all users
2019-07-03 19:57:43,188 INFO rostem.service.users.RostemUserService [http-nio-8080-exec-7] [ADMIN] Get all users
2019-07-03 19:57:50,549 INFO rostem.service.authentication.AuthenticationService [http-nio-8080-exec-4] [loadUserByUsername] Searching for user ionut@i.i in databases
2019-07-03 19:57:50,552 ERROR rostem.service.authentication.AuthenticationService [http-nio-8080-exec-4] [loadUserByUsername] Error finding user
2019-07-03 19:57:50,668 WARN rostem.configuration.LoginHandlers.LoginFailureHanlder [http-nio-8080-exec-4] [WARNING] A login request failed with exception: Bad credentials
2019-07-03 19:57:55,478 INFO rostem.service.authentication.AuthenticationService [http-nio-8080-exec-1] [loadUserByUsername] Searching for user ionut1@i.i in databases
2019-07-03 19:57:55,480 INFO rostem.service.authentication.AuthenticationService [http-nio-8080-exec-1] [loadUserByUsername] Found user, all ok
2019-07-03 19:57:55,579 DEBUG rostem.configuration.LoginHandlers.LoginSuccessHandler [http-nio-8080-exec-1] [INFO] A login request was successful
2019-07-03 19:57:55,685 INFO rostem.service.material.CategoryService [http-nio-8080-exec-3] [CATEGORY] Get all categories
2019-07-03 19:57:55,812 INFO rostem.service.material.ChapterService [http-nio-8080-exec-2] [CHAPTER] Getting latest created chapters..
2019-07-03 19:57:56,732 INFO rostem.service.material.TutorialService [http-nio-8080-exec-8] [TUTORIAL] Trying to get all tutorials for category Math2
2019-07-03 19:57:56,867 INFO rostem.service.material.ChapterService [http-nio-8080-exec-8] [CHAPTER] Trying to get all chapters for tutorial 35
2019-07-03 19:57:56,867 INFO rostem.service.material.ChapterService [http-nio-8080-exec-6] [CHAPTER] Trying to get all chapters for tutorial 31
2019-07-03 19:57:56,867 INFO rostem.service.material.ChapterService [http-nio-8080-exec-2] [CHAPTER] Trying to get all chapters for tutorial 30
2019-07-03 19:57:56,867 INFO rostem.service.material.ChapterService [http-nio-8080-exec-4] [CHAPTER] Trying to get all chapters for tutorial 34
2019-07-03 19:57:56,867 INFO rostem.service.material.ChapterService [http-nio-8080-exec-1] [CHAPTER] Trying to get all chapters for tutorial 36
2019-07-03 19:57:56,867 INFO rostem.service.material.ChapterService [http-nio-8080-exec-5] [CHAPTER] Trying to get all chapters for tutorial 37
2019-07-03 19:57:59,028 INFO rostem.service.material.ChapterService [http-nio-8080-exec-7] [CHAPTER] Trying to get all chapters for tutorial 30
2019-07-03 19:58:00,654 INFO rostem.service.material.ChapterService [http-nio-8080-exec-9] [CHAPTER] Trying to get all comments for chapter 20
2019-07-03 19:58:04,752 INFO rostem.service.material.ChapterService [http-nio-8080-exec-4] [CHAPTER] Trying to get all comments for chapter 20
2019-07-03 19:58:07,344 INFO rostem.service.material.ChapterService [http-nio-8080-exec-5] [CHAPTER] Trying to get all chapters for tutorial 30
2019-07-03 19:58:10,574 INFO rostem.service.material.ChapterService [http-nio-8080-exec-6] [CHAPTER] Trying to get all chapters for tutorial 30
2019-07-03 19:58:11,659 INFO rostem.service.material.ChapterService [http-nio-8080-exec-7] [CHAPTER] Trying to get all comments for chapter 20
2019-07-03 19:58:12,556 INFO rostem.service.material.ChapterService [http-nio-8080-exec-3] [CHAPTER] Trying to get all comments for chapter 20
2019-07-03 19:58:12,563 INFO rostem.service.material.ChapterService [http-nio-8080-exec-10] [USER_CHAPTER] Trying to set a chapter as done for user ionut1@i.i
2019-07-03 19:58:13,296 INFO rostem.service.material.ChapterService [http-nio-8080-exec-1] [CHAPTER] Trying to get all comments for chapter 22
2019-07-03 19:58:15,168 INFO rostem.service.material.ChapterService [http-nio-8080-exec-2] [USER_CHAPTER] Trying to set a chapter as done for user ionut1@i.i
2019-07-03 19:58:15,171 INFO rostem.service.material.ChapterService [http-nio-8080-exec-8] [CHAPTER] Trying to get all comments for chapter 22
2019-07-03 19:58:15,176 INFO rostem.service.material.ChapterService [http-nio-8080-exec-5] [USER_CHAPTER] Trying to unmark a todo chapter from user ionut1@i.i TODO list.
2019-07-03 19:58:16,652 INFO rostem.service.material.ChapterService [http-nio-8080-exec-7] [CHAPTER] Trying to get all chapters for tutorial 30
2019-07-03 19:58:17,074 INFO rostem.service.material.ChapterService [http-nio-8080-exec-9] [CHAPTER] Trying to get all chapters for tutorial 30
2019-07-03 20:04:02,104 INFO rostem.service.authentication.EmailService [http-nio-8080-exec-3] Mail has been sent successfully
2019-07-03 20:04:23,470 INFO rostem.service.authentication.AuthenticationService [http-nio-8080-exec-2] [loadUserByUsername] Searching for user ionutgrad101@gmail.com in databases
2019-07-03 20:04:23,474 INFO rostem.service.authentication.AuthenticationService [http-nio-8080-exec-2] [loadUserByUsername] Found user, all ok
2019-07-03 20:04:23,590 DEBUG rostem.configuration.LoginHandlers.LoginSuccessHandler [http-nio-8080-exec-2] [INFO] A login request was successful
2019-07-03 20:04:23,692 INFO rostem.service.material.CategoryService [http-nio-8080-exec-10] [CATEGORY] Get all categories
2019-07-03 20:04:23,724 INFO rostem.service.material.ChapterService [http-nio-8080-exec-1] [CHAPTER] Getting latest created chapters..
2019-07-03 20:04:51,660 INFO rostem.service.material.CategoryService [http-nio-8080-exec-5] [USER_CATEGORY] Trying to add set a category as favorite for user ionutgrad101@gmail.com
2019-07-03 20:04:56,411 INFO rostem.service.material.TutorialService [http-nio-8080-exec-6] [TUTORIAL] Trying to get all tutorials for category Math2
2019-07-03 20:04:56,510 INFO rostem.service.material.ChapterService [http-nio-8080-exec-5] [CHAPTER] Trying to get all chapters for tutorial 30
2019-07-03 20:04:56,513 INFO rostem.service.material.ChapterService [http-nio-8080-exec-8] [CHAPTER] Trying to get all chapters for tutorial 31
2019-07-03 20:04:56,515 INFO rostem.service.material.ChapterService [http-nio-8080-exec-2] [CHAPTER] Trying to get all chapters for tutorial 34
2019-07-03 20:04:56,522 INFO rostem.service.material.ChapterService [http-nio-8080-exec-7] [CHAPTER] Trying to get all chapters for tutorial 36
2019-07-03 20:04:56,522 INFO rostem.service.material.ChapterService [http-nio-8080-exec-6] [CHAPTER] Trying to get all chapters for tutorial 35
2019-07-03 20:04:56,528 INFO rostem.service.material.ChapterService [http-nio-8080-exec-5] [CHAPTER] Trying to get all chapters for tutorial 37
2019-07-03 20:05:03,445 INFO rostem.service.material.ChapterService [http-nio-8080-exec-10] [CHAPTER] Trying to get all chapters for tutorial 30
2019-07-03 20:05:08,886 INFO rostem.service.material.ChapterService [http-nio-8080-exec-1] [CHAPTER] Trying to get all comments for chapter 22
2019-07-03 20:05:27,721 INFO rostem.service.material.ChapterService [http-nio-8080-exec-8] [USER_CHAPTER] Trying to set a chapter as liked by user ionutgrad101@gmail.com
2019-07-03 20:05:27,774 INFO rostem.service.material.ChapterService [http-nio-8080-exec-2] [CHAPTER] Trying to get all comments for chapter 22
2019-07-03 20:05:37,447 INFO rostem.service.material.ChapterService [http-nio-8080-exec-7] [CHAPTER] Trying to get all comments for chapter 22
2019-07-03 20:05:37,451 INFO rostem.service.material.ChapterService [http-nio-8080-exec-5] [USER_CHAPTER] Trying to set a chapter as done for user ionutgrad101@gmail.com
2019-07-03 20:05:39,133 INFO rostem.service.material.ChapterService [http-nio-8080-exec-3] [CHAPTER] Trying to get all chapters for tutorial 30
2019-07-03 20:05:39,653 INFO rostem.service.material.ChapterService [http-nio-8080-exec-10] [CHAPTER] Trying to get all chapters for tutorial 30
2019-07-03 20:05:58,939 INFO rostem.service.material.ChapterService [http-nio-8080-exec-3] [CHAPTER] Trying to get all comments for chapter 22
2019-07-03 20:06:03,674 INFO rostem.service.material.ChapterService [http-nio-8080-exec-4] [CHAPTER] Trying to get all comments for chapter 20
2019-07-03 20:06:44,676 INFO rostem.service.material.MessageService [http-nio-8080-exec-2] [MESSAGE] Trying to add a new message.
2019-07-03 20:11:14,193 INFO rostem.service.authentication.AuthenticationService [http-nio-8080-exec-7] [loadUserByUsername] Searching for user admin@i.i in databases
2019-07-03 20:11:14,210 INFO rostem.service.authentication.AuthenticationService [http-nio-8080-exec-7] [loadUserByUsername] Found user, all ok
2019-07-03 20:11:14,311 DEBUG rostem.configuration.LoginHandlers.LoginSuccessHandler [http-nio-8080-exec-7] [INFO] A login request was successful
2019-07-03 20:11:14,530 INFO rostem.service.users.RostemUserService [http-nio-8080-exec-3] [ADMIN] Get all users
2019-07-03 20:11:24,420 INFO rostem.service.users.RostemUserService [http-nio-8080-exec-10] [ADMIN] Trying to delete user with email: ionut1@i.i
2019-07-03 20:11:24,429 INFO rostem.service.users.RostemUserService [http-nio-8080-exec-10] [ADMIN] User with email ionut1@i.i was deleted successfully
2019-07-03 20:11:24,429 INFO rostem.service.users.RostemUserService [http-nio-8080-exec-10] [ADMIN] Trying to delete user with email: ionutgrad101@gmail.com
2019-07-03 20:11:24,440 INFO rostem.service.users.RostemUserService [http-nio-8080-exec-10] [ADMIN] User with email ionutgrad101@gmail.com was deleted successfully
2019-07-03 20:11:24,511 INFO rostem.service.users.RostemUserService [http-nio-8080-exec-8] [ADMIN] Get all users
2019-07-03 20:11:25,968 INFO rostem.service.material.CategoryService [http-nio-8080-exec-1] [CATEGORY] Get all categories
2019-07-03 20:11:28,115 INFO rostem.service.material.CategoryService [http-nio-8080-exec-2] [CATEGORY] Trying to delete category 19
2019-07-03 20:11:28,124 INFO rostem.service.material.TutorialService [http-nio-8080-exec-2] [TUTORIAL] Trying to delete tutorial 30
2019-07-03 20:11:28,129 INFO rostem.service.material.ChapterService [http-nio-8080-exec-2] [CHAPTER] Trying to delete chapter 22
2019-07-03 20:11:28,142 INFO rostem.service.material.ChapterService [http-nio-8080-exec-2] [CHAPTER] Trying to delete chapter 20
2019-07-03 20:11:28,157 INFO rostem.service.material.TutorialService [http-nio-8080-exec-2] [TUTORIAL] Trying to delete tutorial 31
2019-07-03 20:11:28,163 INFO rostem.service.material.ChapterService [http-nio-8080-exec-2] [CHAPTER] Trying to delete chapter 23
2019-07-03 20:11:28,167 INFO rostem.service.material.ChapterService [http-nio-8080-exec-2] [CHAPTER] Trying to delete chapter 24
2019-07-03 20:11:28,171 INFO rostem.service.material.TutorialService [http-nio-8080-exec-2] [TUTORIAL] Trying to delete tutorial 34
2019-07-03 20:11:28,176 INFO rostem.service.material.ChapterService [http-nio-8080-exec-2] [CHAPTER] Trying to delete chapter 21
2019-07-03 20:11:28,179 INFO rostem.service.material.TutorialService [http-nio-8080-exec-2] [TUTORIAL] Trying to delete tutorial 35
2019-07-03 20:11:28,183 INFO rostem.service.material.ChapterService [http-nio-8080-exec-2] [CHAPTER] Trying to delete chapter 25
2019-07-03 20:11:28,186 INFO rostem.service.material.TutorialService [http-nio-8080-exec-2] [TUTORIAL] Trying to delete tutorial 36
2019-07-03 20:11:28,190 INFO rostem.service.material.TutorialService [http-nio-8080-exec-2] [TUTORIAL] Trying to delete tutorial 37
2019-07-03 20:11:28,193 INFO rostem.service.material.CategoryService [http-nio-8080-exec-2] [CATEGORY] Trying to delete category 24
2019-07-03 20:11:28,233 INFO rostem.service.material.CategoryService [http-nio-8080-exec-5] [CATEGORY] Get all categories
2019-07-03 20:11:28,951 INFO rostem.service.material.CategoryService [http-nio-8080-exec-7] [CATEGORY] Get all categories
2019-07-03 20:11:28,956 INFO rostem.service.material.TutorialService [http-nio-8080-exec-6] [TUTORIAL] Get all tutorial
2019-07-03 20:11:30,410 INFO rostem.service.material.ChapterService [http-nio-8080-exec-3] [CHAPTER] Get all chapters.
2019-07-03 20:11:32,429 INFO rostem.service.users.RostemUserService [http-nio-8080-exec-10] [ADMIN] Get all users
2019-07-03 20:11:40,601 INFO org.springframework.scheduling.concurrent.ExecutorConfigurationSupport [Thread-23] Shutting down ExecutorService 'applicationTaskExecutor'
2019-07-03 20:11:40,613 INFO com.zaxxer.hikari.HikariDataSource [Thread-23] HikariPool-1 - Shutdown initiated...
2019-07-03 20:11:40,618 INFO com.zaxxer.hikari.HikariDataSource [Thread-23] HikariPool-1 - Shutdown completed.
